<?xml version="1.0" encoding="UTF-8"?>
<robot generator="Robot 7.3.2 (Python 3.12.3 on linux)" generated="2025-07-31T07:18:36.990528" rpa="false" schemaversion="5">
<suite id="s1" name="Basic Pub Sub &amp; Multi Pub Sub &amp; Network Crash &amp; Pub Crash &amp; Rpc N To N Test &amp; Rpc Ping Test &amp; Rpc Reconnect Test &amp; Sub Crash &amp; Sub Send Crash">
<suite id="s1-s1" name="Basic Pub Sub" source="/home/runner/work/ECAL_Test_Framework/ECAL_Test_Framework/integration_tests/basic_pub_sub/robottests/basic_pub_sub.robot">
<kw name="Init Test Context" type="SETUP">
<kw name="Set Test Context" owner="GlobalPathsLibrary">
<arg>basic_pub_sub</arg>
<arg>basic_pub_sub</arg>
<doc>Sets the test folder and tag prefix if it's a valid test case.
The folder must exist under integration_tests/ and contain typical test structure.</doc>
<status status="PASS" start="2025-07-31T07:18:37.110664" elapsed="0.000204"/>
</kw>
<kw name="Get Build Script Path" owner="GlobalPathsLibrary">
<msg time="2025-07-31T07:18:37.111146" level="INFO">${build} = /home/runner/work/ECAL_Test_Framework/ECAL_Test_Framework/integration_tests/basic_pub_sub/scripts/build_images.sh</msg>
<var>${build}</var>
<status status="PASS" start="2025-07-31T07:18:37.111020" elapsed="0.000155"/>
</kw>
<kw name="Get Network Name" owner="GlobalPathsLibrary">
<msg time="2025-07-31T07:18:37.111344" level="INFO">${net} = ecal_test_net</msg>
<var>${net}</var>
<status status="PASS" start="2025-07-31T07:18:37.111255" elapsed="0.000109"/>
</kw>
<kw name="Get Build Script Args" owner="GlobalPathsLibrary">
<msg time="2025-07-31T07:18:37.111512" level="INFO">${args} = ['basic_pub_sub']</msg>
<var>${args}</var>
<status status="PASS" start="2025-07-31T07:18:37.111429" elapsed="0.000101"/>
</kw>
<kw name="Set Suite Variable" owner="BuiltIn">
<msg time="2025-07-31T07:18:37.111802" level="INFO">${BUILD_SCRIPT} = /home/runner/work/ECAL_Test_Framework/ECAL_Test_Framework/integration_tests/basic_pub_sub/scripts/build_images.sh</msg>
<arg>${BUILD_SCRIPT}</arg>
<arg>${build}</arg>
<doc>Makes a variable available everywhere within the scope of the current suite.</doc>
<status status="PASS" start="2025-07-31T07:18:37.111615" elapsed="0.000223"/>
</kw>
<kw name="Set Suite Variable" owner="BuiltIn">
<msg time="2025-07-31T07:18:37.112076" level="INFO">${NETWORK} = ecal_test_net</msg>
<arg>${NETWORK}</arg>
<arg>${net}</arg>
<doc>Makes a variable available everywhere within the scope of the current suite.</doc>
<status status="PASS" start="2025-07-31T07:18:37.111921" elapsed="0.000187"/>
</kw>
<kw name="Get Test Description" owner="GlobalPathsLibrary">
<msg time="2025-07-31T07:18:37.112330" level="INFO">${desc} = This test checks basic communication between a single publisher and a single subscriber.

Test Setup:
- The publisher sends 4 messages, each 0.2 MB in size, on a single topic.
- The subscriber listens...</msg>
<var>${desc}</var>
<doc>Reads the *** Comments *** section from the .robot file and returns it as a string.</doc>
<status status="PASS" start="2025-07-31T07:18:37.112177" elapsed="0.000174"/>
</kw>
<kw name="Log" owner="BuiltIn">
<msg time="2025-07-31T07:18:37.112523" level="INFO">This test checks basic communication between a single publisher and a single subscriber.

Test Setup:
- The publisher sends 4 messages, each 0.2 MB in size, on a single topic.
- The subscriber listens on that topic for 6 seconds and counts received messages.

Covered eCAL modes:
- local_shm
- local_udp
- local_tcp
- network_udp
- network_tcp

Goals:
- Ensure that basic 1:1 communication works reliably across all transport modes.
- Validate correct transmission of payloads (200 KB).

Success Criteria:
- The subscriber receives exactly 4 messages.
- If true, it exits with code 0.
- Otherwise, it exits with code 1.</msg>
<arg>${desc}</arg>
<doc>Logs the given message with the given level.</doc>
<status status="PASS" start="2025-07-31T07:18:37.112423" elapsed="0.000135"/>
</kw>
<kw name="Log To Console" owner="BuiltIn">
<arg>[SETUP] Building Docker image...</arg>
<doc>Logs the given message to the console.</doc>
<status status="PASS" start="2025-07-31T07:18:37.112628" elapsed="0.000105"/>
</kw>
<kw name="Run Process" owner="Process">
<msg time="2025-07-31T07:18:37.113021" level="INFO">Starting process:
/home/runner/work/ECAL_Test_Framework/ECAL_Test_Framework/integration_tests/basic_pub_sub/scripts/build_images.sh basic_pub_sub</msg>
<msg time="2025-07-31T07:18:37.113424" level="INFO">Waiting for process to complete.</msg>
<msg time="2025-07-31T07:18:51.382932" level="INFO">Process completed.</msg>
<msg time="2025-07-31T07:18:51.383146" level="INFO">${result} = &lt;result object with rc 0&gt;</msg>
<var>${result}</var>
<arg>${BUILD_SCRIPT}</arg>
<arg>@{args}</arg>
<doc>Runs a process and waits for it to complete.</doc>
<status status="PASS" start="2025-07-31T07:18:37.112827" elapsed="14.270346"/>
</kw>
<kw name="Should Be Equal As Integers" owner="BuiltIn">
<msg time="2025-07-31T07:18:51.384027" level="INFO">Argument types are:
&lt;class 'int'&gt;
&lt;class 'str'&gt;</msg>
<arg>${result.rc}</arg>
<arg>0</arg>
<arg>Failed to build Docker image!</arg>
<doc>Fails if objects are unequal after converting them to integers.</doc>
<status status="PASS" start="2025-07-31T07:18:51.383328" elapsed="0.000763"/>
</kw>
<kw name="Create Docker Network" owner="DockerLibrary">
<arg>${NETWORK}</arg>
<status status="PASS" start="2025-07-31T07:18:51.384199" elapsed="0.045018"/>
</kw>
<kw name="Sleep" owner="BuiltIn">
<msg time="2025-07-31T07:18:54.429701" level="INFO">Slept 3 seconds.</msg>
<arg>3s</arg>
<doc>Pauses the test executed for the given time.</doc>
<status status="PASS" start="2025-07-31T07:18:51.429387" elapsed="3.000429"/>
</kw>
<status status="PASS" start="2025-07-31T07:18:37.110185" elapsed="17.319733"/>
</kw>
<test id="s1-s1-t1" name="Basic Pub/Sub Local SHM" line="38">
<kw name="Run Local Pub Sub Test">
<kw name="Set Variable" owner="BuiltIn">
<msg time="2025-07-31T07:18:54.431019" level="INFO">${IMAGE} = basic_pub_sub_local_shm</msg>
<var>${IMAGE}</var>
<arg>${BASE_IMAGE}_${layer_tag}</arg>
<doc>Returns the given values which can then be assigned to a variables.</doc>
<status status="PASS" start="2025-07-31T07:18:54.430840" elapsed="0.000202"/>
</kw>
<kw name="Set Variable" owner="BuiltIn">
<msg time="2025-07-31T07:18:54.431238" level="INFO">${CONTAINER} = basic_local_local_shm</msg>
<var>${CONTAINER}</var>
<arg>basic_local_${layer_tag}</arg>
<doc>Returns the given values which can then be assigned to a variables.</doc>
<status status="PASS" start="2025-07-31T07:18:54.431125" elapsed="0.000131"/>
</kw>
<kw name="Log To Console" owner="BuiltIn">
<arg>\n[INFO] Running local pub/sub test in mode: ${layer_tag}</arg>
<doc>Logs the given message to the console.</doc>
<status status="PASS" start="2025-07-31T07:18:54.431325" elapsed="0.000137"/>
</kw>
<kw name="Start Container" owner="DockerLibrary">
<arg>${CONTAINER}</arg>
<arg>${IMAGE}</arg>
<arg>local</arg>
<arg>${layer_tag}</arg>
<arg>test_topic</arg>
<arg>${CONTAINER}</arg>
<status status="PASS" start="2025-07-31T07:18:54.431561" elapsed="0.121170"/>
</kw>
<kw name="Sleep" owner="BuiltIn">
<msg time="2025-07-31T07:19:03.553275" level="INFO">Slept 9 seconds.</msg>
<arg>9s</arg>
<doc>Pauses the test executed for the given time.</doc>
<status status="PASS" start="2025-07-31T07:18:54.552925" elapsed="9.000462"/>
</kw>
<kw name="Get Container Logs" owner="DockerLibrary">
<msg time="2025-07-31T07:19:03.557112" level="INFO">${logs} = [Entrypoint] Starting subscriber and publisher in mode local_shm
Shared memory monitoring is enabled (domain: ecal_mon - queue size: 1024)
[Publisher] Waiting for at least 1 subscriber(s) on topic: te...</msg>
<var>${logs}</var>
<arg>${CONTAINER}</arg>
<status status="PASS" start="2025-07-31T07:19:03.553553" elapsed="0.003591"/>
</kw>
<kw name="Log To Console" owner="BuiltIn">
<arg>\n[CONTAINER LOG: LOCAL PUB+SUB]\n${logs}</arg>
<doc>Logs the given message to the console.</doc>
<status status="PASS" start="2025-07-31T07:19:03.557242" elapsed="0.000165"/>
</kw>
<kw name="Log" owner="BuiltIn">
<msg time="2025-07-31T07:19:03.557632" level="INFO">
[CONTAINER LOG: LOCAL PUB+SUB]
[Entrypoint] Starting subscriber and publisher in mode local_shm
Shared memory monitoring is enabled (domain: ecal_mon - queue size: 1024)
[Publisher] Waiting for at least 1 subscriber(s) on topic: test_topic
[Publisher] Found 1 subscriber(s). Proceeding to send messages.
[Publisher] Send result: ✓, size: 209715 bytes
[Publisher] Send result: ✓, size: 209715 bytes
[Publisher] Send result: ✓, size: 209715 bytes
[Publisher] Send result: ✓, size: 209715 bytes
[Publisher] Finished sending.
Shared memory monitoring is enabled (domain: ecal_mon - queue size: 1024)


[Subscriber] Ready and waiting...

[Subscriber] Received 209715 bytes (message 1)
[Subscriber] Received 209715 bytes (message 2)
[Subscriber] Received 209715 bytes (message 3)
[Subscriber] Received 209715 bytes (message 4)
[Subscriber] Received 4 messages.
</msg>
<arg>\n[CONTAINER LOG: LOCAL PUB+SUB]\n${logs}</arg>
<doc>Logs the given message with the given level.</doc>
<status status="PASS" start="2025-07-31T07:19:03.557512" elapsed="0.000237"/>
</kw>
<kw name="Wait For Container Exit" owner="DockerLibrary">
<msg time="2025-07-31T07:19:03.558890" level="INFO">${exit_code} = 0</msg>
<var>${exit_code}</var>
<arg>${CONTAINER}</arg>
<status status="PASS" start="2025-07-31T07:19:03.557826" elapsed="0.001088"/>
</kw>
<kw name="Should Be Equal As Integers" owner="BuiltIn">
<msg time="2025-07-31T07:19:03.559180" level="INFO">Argument types are:
&lt;class 'int'&gt;
&lt;class 'str'&gt;</msg>
<arg>${exit_code}</arg>
<arg>0</arg>
<arg>Local communication test failed!</arg>
<doc>Fails if objects are unequal after converting them to integers.</doc>
<status status="PASS" start="2025-07-31T07:19:03.559028" elapsed="0.000200"/>
</kw>
<kw name="Log Test Summary" owner="DockerLibrary">
<arg>Basic Pub/Sub Local ${layer_tag}</arg>
<arg>${True}</arg>
<status status="PASS" start="2025-07-31T07:19:03.559305" elapsed="0.000151"/>
</kw>
<kw name="Stop Container" owner="DockerLibrary">
<arg>${CONTAINER}</arg>
<status status="PASS" start="2025-07-31T07:19:03.559542" elapsed="0.005487"/>
</kw>
<kw name="Sleep" owner="BuiltIn">
<msg time="2025-07-31T07:19:04.565339" level="INFO">Slept 1 second.</msg>
<arg>1s</arg>
<doc>Pauses the test executed for the given time.</doc>
<status status="PASS" start="2025-07-31T07:19:03.565117" elapsed="1.000332"/>
</kw>
<arg>local_shm</arg>
<status status="PASS" start="2025-07-31T07:18:54.430589" elapsed="10.134954"/>
</kw>
<tag>basic_pub_sub_local_shm</tag>
<status status="PASS" start="2025-07-31T07:18:54.430038" elapsed="10.135641"/>
</test>
<test id="s1-s1-t2" name="Basic Pub/Sub Local UDP" line="42">
<kw name="Run Local Pub Sub Test">
<kw name="Set Variable" owner="BuiltIn">
<msg time="2025-07-31T07:19:04.567271" level="INFO">${IMAGE} = basic_pub_sub_local_udp</msg>
<var>${IMAGE}</var>
<arg>${BASE_IMAGE}_${layer_tag}</arg>
<doc>Returns the given values which can then be assigned to a variables.</doc>
<status status="PASS" start="2025-07-31T07:19:04.567094" elapsed="0.000200"/>
</kw>
<kw name="Set Variable" owner="BuiltIn">
<msg time="2025-07-31T07:19:04.567496" level="INFO">${CONTAINER} = basic_local_local_udp</msg>
<var>${CONTAINER}</var>
<arg>basic_local_${layer_tag}</arg>
<doc>Returns the given values which can then be assigned to a variables.</doc>
<status status="PASS" start="2025-07-31T07:19:04.567376" elapsed="0.000138"/>
</kw>
<kw name="Log To Console" owner="BuiltIn">
<arg>\n[INFO] Running local pub/sub test in mode: ${layer_tag}</arg>
<doc>Logs the given message to the console.</doc>
<status status="PASS" start="2025-07-31T07:19:04.567584" elapsed="0.000128"/>
</kw>
<kw name="Start Container" owner="DockerLibrary">
<arg>${CONTAINER}</arg>
<arg>${IMAGE}</arg>
<arg>local</arg>
<arg>${layer_tag}</arg>
<arg>test_topic</arg>
<arg>${CONTAINER}</arg>
<status status="PASS" start="2025-07-31T07:19:04.567815" elapsed="0.118882"/>
</kw>
<kw name="Sleep" owner="BuiltIn">
<msg time="2025-07-31T07:19:13.687196" level="INFO">Slept 9 seconds.</msg>
<arg>9s</arg>
<doc>Pauses the test executed for the given time.</doc>
<status status="PASS" start="2025-07-31T07:19:04.686886" elapsed="9.000413"/>
</kw>
<kw name="Get Container Logs" owner="DockerLibrary">
<msg time="2025-07-31T07:19:13.690336" level="INFO">${logs} = [Entrypoint] Starting subscriber and publisher in mode local_udp
[Publisher] Waiting for at least 1 subscriber(s) on topic: test_topic
[Publisher] Found 1 subscriber(s). Proceeding to send messages.
[...</msg>
<var>${logs}</var>
<arg>${CONTAINER}</arg>
<status status="PASS" start="2025-07-31T07:19:13.687450" elapsed="0.002913"/>
</kw>
<kw name="Log To Console" owner="BuiltIn">
<arg>\n[CONTAINER LOG: LOCAL PUB+SUB]\n${logs}</arg>
<doc>Logs the given message to the console.</doc>
<status status="PASS" start="2025-07-31T07:19:13.690460" elapsed="0.000157"/>
</kw>
<kw name="Log" owner="BuiltIn">
<msg time="2025-07-31T07:19:13.690856" level="INFO">
[CONTAINER LOG: LOCAL PUB+SUB]
[Entrypoint] Starting subscriber and publisher in mode local_udp
[Publisher] Waiting for at least 1 subscriber(s) on topic: test_topic
[Publisher] Found 1 subscriber(s). Proceeding to send messages.
[Publisher] Send result: ✓, size: 209715 bytes
[Publisher] Send result: ✓, size: 209715 bytes
[Publisher] Send result: ✓, size: 209715 bytes
[Publisher] Send result: ✓, size: 209715 bytes
[Publisher] Finished sending.


[Subscriber] Ready and waiting...

[Subscriber] Received 209715 bytes (message 1)
[Subscriber] Received 209715 bytes (message 2)
[Subscriber] Received 209715 bytes (message 3)
[Subscriber] Received 209715 bytes (message 4)
[Subscriber] Received 4 messages.
</msg>
<arg>\n[CONTAINER LOG: LOCAL PUB+SUB]\n${logs}</arg>
<doc>Logs the given message with the given level.</doc>
<status status="PASS" start="2025-07-31T07:19:13.690716" elapsed="0.000194"/>
</kw>
<kw name="Wait For Container Exit" owner="DockerLibrary">
<msg time="2025-07-31T07:19:13.692363" level="INFO">${exit_code} = 0</msg>
<var>${exit_code}</var>
<arg>${CONTAINER}</arg>
<status status="PASS" start="2025-07-31T07:19:13.691033" elapsed="0.001353"/>
</kw>
<kw name="Should Be Equal As Integers" owner="BuiltIn">
<msg time="2025-07-31T07:19:13.692606" level="INFO">Argument types are:
&lt;class 'int'&gt;
&lt;class 'str'&gt;</msg>
<arg>${exit_code}</arg>
<arg>0</arg>
<arg>Local communication test failed!</arg>
<doc>Fails if objects are unequal after converting them to integers.</doc>
<status status="PASS" start="2025-07-31T07:19:13.692468" elapsed="0.000183"/>
</kw>
<kw name="Log Test Summary" owner="DockerLibrary">
<arg>Basic Pub/Sub Local ${layer_tag}</arg>
<arg>${True}</arg>
<status status="PASS" start="2025-07-31T07:19:13.692726" elapsed="0.000146"/>
</kw>
<kw name="Stop Container" owner="DockerLibrary">
<arg>${CONTAINER}</arg>
<status status="PASS" start="2025-07-31T07:19:13.692996" elapsed="0.005816"/>
</kw>
<kw name="Sleep" owner="BuiltIn">
<msg time="2025-07-31T07:19:14.699239" level="INFO">Slept 1 second.</msg>
<arg>1s</arg>
<doc>Pauses the test executed for the given time.</doc>
<status status="PASS" start="2025-07-31T07:19:13.698917" elapsed="1.000430"/>
</kw>
<arg>local_udp</arg>
<status status="PASS" start="2025-07-31T07:19:04.566783" elapsed="10.132658"/>
</kw>
<tag>basic_pub_sub_local_udp</tag>
<status status="PASS" start="2025-07-31T07:19:04.566368" elapsed="10.133218"/>
</test>
<test id="s1-s1-t3" name="Basic Pub/Sub Local TCP" line="46">
<kw name="Run Local Pub Sub Test">
<kw name="Set Variable" owner="BuiltIn">
<msg time="2025-07-31T07:19:14.701070" level="INFO">${IMAGE} = basic_pub_sub_local_tcp</msg>
<var>${IMAGE}</var>
<arg>${BASE_IMAGE}_${layer_tag}</arg>
<doc>Returns the given values which can then be assigned to a variables.</doc>
<status status="PASS" start="2025-07-31T07:19:14.700897" elapsed="0.000194"/>
</kw>
<kw name="Set Variable" owner="BuiltIn">
<msg time="2025-07-31T07:19:14.701271" level="INFO">${CONTAINER} = basic_local_local_tcp</msg>
<var>${CONTAINER}</var>
<arg>basic_local_${layer_tag}</arg>
<doc>Returns the given values which can then be assigned to a variables.</doc>
<status status="PASS" start="2025-07-31T07:19:14.701165" elapsed="0.000123"/>
</kw>
<kw name="Log To Console" owner="BuiltIn">
<arg>\n[INFO] Running local pub/sub test in mode: ${layer_tag}</arg>
<doc>Logs the given message to the console.</doc>
<status status="PASS" start="2025-07-31T07:19:14.701354" elapsed="0.000182"/>
</kw>
<kw name="Start Container" owner="DockerLibrary">
<arg>${CONTAINER}</arg>
<arg>${IMAGE}</arg>
<arg>local</arg>
<arg>${layer_tag}</arg>
<arg>test_topic</arg>
<arg>${CONTAINER}</arg>
<status status="PASS" start="2025-07-31T07:19:14.701630" elapsed="0.113714"/>
</kw>
<kw name="Sleep" owner="BuiltIn">
<msg time="2025-07-31T07:19:23.815818" level="INFO">Slept 9 seconds.</msg>
<arg>9s</arg>
<doc>Pauses the test executed for the given time.</doc>
<status status="PASS" start="2025-07-31T07:19:14.815511" elapsed="9.000425"/>
</kw>
<kw name="Get Container Logs" owner="DockerLibrary">
<msg time="2025-07-31T07:19:23.819017" level="INFO">${logs} = [Entrypoint] Starting subscriber and publisher in mode local_tcp
[Publisher] Waiting for at least 1 subscriber(s) on topic: test_topic
1753946356818 ms | 62084d119e6a | pub_test | 7 | info | CTCPReade...</msg>
<var>${logs}</var>
<arg>${CONTAINER}</arg>
<status status="PASS" start="2025-07-31T07:19:23.816159" elapsed="0.002884"/>
</kw>
<kw name="Log To Console" owner="BuiltIn">
<arg>\n[CONTAINER LOG: LOCAL PUB+SUB]\n${logs}</arg>
<doc>Logs the given message to the console.</doc>
<status status="PASS" start="2025-07-31T07:19:23.819134" elapsed="0.000164"/>
</kw>
<kw name="Log" owner="BuiltIn">
<msg time="2025-07-31T07:19:23.819558" level="INFO">
[CONTAINER LOG: LOCAL PUB+SUB]
[Entrypoint] Starting subscriber and publisher in mode local_tcp
[Publisher] Waiting for at least 1 subscriber(s) on topic: test_topic
1753946356818 ms | 62084d119e6a | pub_test | 7 | info | CTCPReaderLayer - TCPPubSub (Info) -Publisher :::0: Created publisher and waiting for clients.
[Publisher] Found 1 subscriber(s). Proceeding to send messages.
1753946356819 ms | 62084d119e6a | pub_test | 7 | info | CTCPReaderLayer - TCPPubSub (Info) -Publisher :::42385: Subscriber ::ffff:172.17.0.3:41686 has connected.
[Publisher] Send result: ✓, size: 209715 bytes
[Publisher] Send result: ✓, size: 209715 bytes
[Publisher] Send result: ✓, size: 209715 bytes
[Publisher] Send result: ✓, size: 209715 bytes
[Publisher] Finished sending.


[Subscriber] Ready and waiting...

[Subscriber] Received 209715 bytes (message 1)
[Subscriber] Received 209715 bytes (message 2)
[Subscriber] Received 209715 bytes (message 3)
[Subscriber] Received 209715 bytes (message 4)
1753946360321 ms | 62084d119e6a | sub_test | 13 | error | CTCPReaderLayer - TCPPubSub (Error) -SubscriberSession 172.17.0.3:41686-&gt;62084d119e6a:42385: Error reading header length: End of file
1753946360321 ms | 62084d119e6a | sub_test | 13 | warning | CTCPReaderLayer - TCPPubSub (Warning) -SubscriberSession 172.17.0.3:48790: Failed connecting to publisher 62084d119e6a:42385: Connection refused
1753946360321 ms | 62084d119e6a | sub_test | 13 | warning | CTCPReaderLayer - TCPPubSub (Warning) -SubscriberSession 172.17.0.3:48804: Failed connecting to publisher 62084d119e6a:42385: Connection refused
1753946360321 ms | 62084d119e6a | sub_test | 13 | warning | CTCPReaderLayer - TCPPubSub (Warning) -SubscriberSession 172.17.0.3:48810: Failed connecting to publisher 62084d119e6a:42385: Connection refused
1753946360321 ms | 62084d119e6a | sub_test | 13 | warning | CTCPReaderLayer - TCPPubSub (Warning) -SubscriberSession 172.17.0.3:48812: Failed connecting to publisher 62084d119e6a:42385: Connection refused
1753946360322 ms | 62084d119e6a | sub_test | 13 | warning | CTCPReaderLayer - TCPPubSub (Warning) -SubscriberSession 172.17.0.3:48826: Failed connecting to publisher 62084d119e6a:42385: Connection refused
[Subscriber] Received 4 messages.
</msg>
<arg>\n[CONTAINER LOG: LOCAL PUB+SUB]\n${logs}</arg>
<doc>Logs the given message with the given level.</doc>
<status status="PASS" start="2025-07-31T07:19:23.819405" elapsed="0.000226"/>
</kw>
<kw name="Wait For Container Exit" owner="DockerLibrary">
<msg time="2025-07-31T07:19:23.821142" level="INFO">${exit_code} = 0</msg>
<var>${exit_code}</var>
<arg>${CONTAINER}</arg>
<status status="PASS" start="2025-07-31T07:19:23.819761" elapsed="0.001406"/>
</kw>
<kw name="Should Be Equal As Integers" owner="BuiltIn">
<msg time="2025-07-31T07:19:23.821394" level="INFO">Argument types are:
&lt;class 'int'&gt;
&lt;class 'str'&gt;</msg>
<arg>${exit_code}</arg>
<arg>0</arg>
<arg>Local communication test failed!</arg>
<doc>Fails if objects are unequal after converting them to integers.</doc>
<status status="PASS" start="2025-07-31T07:19:23.821253" elapsed="0.000186"/>
</kw>
<kw name="Log Test Summary" owner="DockerLibrary">
<arg>Basic Pub/Sub Local ${layer_tag}</arg>
<arg>${True}</arg>
<status status="PASS" start="2025-07-31T07:19:23.821515" elapsed="0.000142"/>
</kw>
<kw name="Stop Container" owner="DockerLibrary">
<arg>${CONTAINER}</arg>
<status status="PASS" start="2025-07-31T07:19:23.821752" elapsed="0.005266"/>
</kw>
<kw name="Sleep" owner="BuiltIn">
<msg time="2025-07-31T07:19:24.827330" level="INFO">Slept 1 second.</msg>
<arg>1s</arg>
<doc>Pauses the test executed for the given time.</doc>
<status status="PASS" start="2025-07-31T07:19:23.827110" elapsed="1.000326"/>
</kw>
<arg>local_tcp</arg>
<status status="PASS" start="2025-07-31T07:19:14.700673" elapsed="10.126843"/>
</kw>
<tag>basic_pub_sub_local_tcp</tag>
<status status="PASS" start="2025-07-31T07:19:14.700281" elapsed="10.127348"/>
</test>
<test id="s1-s1-t4" name="Basic Pub/Sub Network UDP" line="50">
<kw name="Run Network Pub Sub Test">
<kw name="Set Variable" owner="BuiltIn">
<msg time="2025-07-31T07:19:24.829302" level="INFO">${IMAGE} = basic_pub_sub_network_udp</msg>
<var>${IMAGE}</var>
<arg>${BASE_IMAGE}_${layer_tag}</arg>
<doc>Returns the given values which can then be assigned to a variables.</doc>
<status status="PASS" start="2025-07-31T07:19:24.829122" elapsed="0.000202"/>
</kw>
<kw name="Set Variable" owner="BuiltIn">
<msg time="2025-07-31T07:19:24.829523" level="INFO">${TOPIC} = topic_network_udp</msg>
<var>${TOPIC}</var>
<arg>topic_${layer_tag}</arg>
<doc>Returns the given values which can then be assigned to a variables.</doc>
<status status="PASS" start="2025-07-31T07:19:24.829405" elapsed="0.000137"/>
</kw>
<kw name="Set Variable" owner="BuiltIn">
<msg time="2025-07-31T07:19:24.829720" level="INFO">${SUB_NAME} = sub_network_udp</msg>
<var>${SUB_NAME}</var>
<arg>sub_${layer_tag}</arg>
<doc>Returns the given values which can then be assigned to a variables.</doc>
<status status="PASS" start="2025-07-31T07:19:24.829613" elapsed="0.000124"/>
</kw>
<kw name="Set Variable" owner="BuiltIn">
<msg time="2025-07-31T07:19:24.829908" level="INFO">${PUB_NAME} = pub_network_udp</msg>
<var>${PUB_NAME}</var>
<arg>pub_${layer_tag}</arg>
<doc>Returns the given values which can then be assigned to a variables.</doc>
<status status="PASS" start="2025-07-31T07:19:24.829805" elapsed="0.000119"/>
</kw>
<kw name="Log To Console" owner="BuiltIn">
<arg>\n[INFO] Running network pub/sub test in mode: ${layer_tag}</arg>
<doc>Logs the given message to the console.</doc>
<status status="PASS" start="2025-07-31T07:19:24.830009" elapsed="0.000236"/>
</kw>
<kw name="Start Container" owner="DockerLibrary">
<arg>${SUB_NAME}</arg>
<arg>${IMAGE}</arg>
<arg>subscriber</arg>
<arg>${layer_tag}</arg>
<arg>${TOPIC}</arg>
<arg>${SUB_NAME}</arg>
<arg>network=${NETWORK}</arg>
<status status="PASS" start="2025-07-31T07:19:24.830351" elapsed="0.141633"/>
</kw>
<kw name="Start Container" owner="DockerLibrary">
<arg>${PUB_NAME}</arg>
<arg>${IMAGE}</arg>
<arg>publisher</arg>
<arg>${layer_tag}</arg>
<arg>${TOPIC}</arg>
<arg>${PUB_NAME}</arg>
<arg>network=${NETWORK}</arg>
<status status="PASS" start="2025-07-31T07:19:24.972164" elapsed="0.131454"/>
</kw>
<kw name="Sleep" owner="BuiltIn">
<msg time="2025-07-31T07:19:34.104170" level="INFO">Slept 9 seconds.</msg>
<arg>9s</arg>
<doc>Pauses the test executed for the given time.</doc>
<status status="PASS" start="2025-07-31T07:19:25.103835" elapsed="9.000456"/>
</kw>
<kw name="Get Container Logs" owner="DockerLibrary">
<msg time="2025-07-31T07:19:34.107216" level="INFO">${log_sub} = [Entrypoint] Starting subscriber in mode network_udp


[Subscriber] Ready and waiting...

[Subscriber] Received 209715 bytes (message 1)
[Subscriber] Received 209715 bytes (message 2)
[Subscriber] Rec...</msg>
<var>${log_sub}</var>
<arg>${SUB_NAME}</arg>
<status status="PASS" start="2025-07-31T07:19:34.104462" elapsed="0.002828"/>
</kw>
<kw name="Get Container Logs" owner="DockerLibrary">
<msg time="2025-07-31T07:19:34.109405" level="INFO">${log_pub} = [Entrypoint] Starting publisher in mode network_udp
[Publisher] Waiting for at least 1 subscriber(s) on topic: topic_network_udp
[Publisher] Found 1 subscriber(s). Proceeding to send messages.
[Publis...</msg>
<var>${log_pub}</var>
<arg>${PUB_NAME}</arg>
<status status="PASS" start="2025-07-31T07:19:34.107384" elapsed="0.002046"/>
</kw>
<kw name="Log To Console" owner="BuiltIn">
<arg>\n[CONTAINER LOG: PUBLISHER]\n${log_pub}</arg>
<doc>Logs the given message to the console.</doc>
<status status="PASS" start="2025-07-31T07:19:34.109514" elapsed="0.000153"/>
</kw>
<kw name="Log" owner="BuiltIn">
<msg time="2025-07-31T07:19:34.109894" level="INFO">
[CONTAINER LOG: PUBLISHER]
[Entrypoint] Starting publisher in mode network_udp
[Publisher] Waiting for at least 1 subscriber(s) on topic: topic_network_udp
[Publisher] Found 1 subscriber(s). Proceeding to send messages.
[Publisher] Send result: ✓, size: 209715 bytes
[Publisher] Send result: ✓, size: 209715 bytes
[Publisher] Send result: ✓, size: 209715 bytes
[Publisher] Send result: ✓, size: 209715 bytes
[Publisher] Finished sending.
</msg>
<arg>\n[CONTAINER LOG: PUBLISHER]\n${log_pub}</arg>
<doc>Logs the given message with the given level.</doc>
<status status="PASS" start="2025-07-31T07:19:34.109770" elapsed="0.000163"/>
</kw>
<kw name="Log To Console" owner="BuiltIn">
<arg>\n[CONTAINER LOG: SUBSCRIBER]\n${log_sub}</arg>
<doc>Logs the given message to the console.</doc>
<status status="PASS" start="2025-07-31T07:19:34.110035" elapsed="0.000129"/>
</kw>
<kw name="Log" owner="BuiltIn">
<msg time="2025-07-31T07:19:34.110367" level="INFO">
[CONTAINER LOG: SUBSCRIBER]
[Entrypoint] Starting subscriber in mode network_udp


[Subscriber] Ready and waiting...

[Subscriber] Received 209715 bytes (message 1)
[Subscriber] Received 209715 bytes (message 2)
[Subscriber] Received 209715 bytes (message 3)
[Subscriber] Received 209715 bytes (message 4)
[Subscriber] Received 4 messages.
</msg>
<arg>\n[CONTAINER LOG: SUBSCRIBER]\n${log_sub}</arg>
<doc>Logs the given message with the given level.</doc>
<status status="PASS" start="2025-07-31T07:19:34.110265" elapsed="0.000133"/>
</kw>
<kw name="Wait For Container Exit" owner="DockerLibrary">
<msg time="2025-07-31T07:19:34.111433" level="INFO">${exit_code} = 0</msg>
<var>${exit_code}</var>
<arg>${SUB_NAME}</arg>
<status status="PASS" start="2025-07-31T07:19:34.110468" elapsed="0.000988"/>
</kw>
<kw name="Should Be Equal As Integers" owner="BuiltIn">
<msg time="2025-07-31T07:19:34.111692" level="INFO">Argument types are:
&lt;class 'int'&gt;
&lt;class 'str'&gt;</msg>
<arg>${exit_code}</arg>
<arg>0</arg>
<arg>Subscriber failed in ${layer_tag}!</arg>
<doc>Fails if objects are unequal after converting them to integers.</doc>
<status status="PASS" start="2025-07-31T07:19:34.111537" elapsed="0.000198"/>
</kw>
<kw name="Log Test Summary" owner="DockerLibrary">
<arg>Basic Pub/Sub Network ${layer_tag}</arg>
<arg>${True}</arg>
<status status="PASS" start="2025-07-31T07:19:34.111810" elapsed="0.000135"/>
</kw>
<kw name="Stop Container" owner="DockerLibrary">
<arg>${SUB_NAME}</arg>
<status status="PASS" start="2025-07-31T07:19:34.112063" elapsed="0.005618"/>
</kw>
<kw name="Stop Container" owner="DockerLibrary">
<arg>${PUB_NAME}</arg>
<status status="PASS" start="2025-07-31T07:19:34.117765" elapsed="0.005589"/>
</kw>
<kw name="Sleep" owner="BuiltIn">
<msg time="2025-07-31T07:19:35.123652" level="INFO">Slept 1 second.</msg>
<arg>1s</arg>
<doc>Pauses the test executed for the given time.</doc>
<status status="PASS" start="2025-07-31T07:19:34.123441" elapsed="1.000325"/>
</kw>
<arg>network_udp</arg>
<arg>network</arg>
<status status="PASS" start="2025-07-31T07:19:24.828774" elapsed="10.295085"/>
</kw>
<tag>basic_pub_sub_network_udp</tag>
<status status="PASS" start="2025-07-31T07:19:24.828347" elapsed="10.295674"/>
</test>
<test id="s1-s1-t5" name="Basic Pub/Sub Network TCP" line="54">
<kw name="Run Network Pub Sub Test">
<kw name="Set Variable" owner="BuiltIn">
<msg time="2025-07-31T07:19:35.125709" level="INFO">${IMAGE} = basic_pub_sub_network_tcp</msg>
<var>${IMAGE}</var>
<arg>${BASE_IMAGE}_${layer_tag}</arg>
<doc>Returns the given values which can then be assigned to a variables.</doc>
<status status="PASS" start="2025-07-31T07:19:35.125548" elapsed="0.000182"/>
</kw>
<kw name="Set Variable" owner="BuiltIn">
<msg time="2025-07-31T07:19:35.125912" level="INFO">${TOPIC} = topic_network_tcp</msg>
<var>${TOPIC}</var>
<arg>topic_${layer_tag}</arg>
<doc>Returns the given values which can then be assigned to a variables.</doc>
<status status="PASS" start="2025-07-31T07:19:35.125805" elapsed="0.000124"/>
</kw>
<kw name="Set Variable" owner="BuiltIn">
<msg time="2025-07-31T07:19:35.126132" level="INFO">${SUB_NAME} = sub_network_tcp</msg>
<var>${SUB_NAME}</var>
<arg>sub_${layer_tag}</arg>
<doc>Returns the given values which can then be assigned to a variables.</doc>
<status status="PASS" start="2025-07-31T07:19:35.126022" elapsed="0.000128"/>
</kw>
<kw name="Set Variable" owner="BuiltIn">
<msg time="2025-07-31T07:19:35.126315" level="INFO">${PUB_NAME} = pub_network_tcp</msg>
<var>${PUB_NAME}</var>
<arg>pub_${layer_tag}</arg>
<doc>Returns the given values which can then be assigned to a variables.</doc>
<status status="PASS" start="2025-07-31T07:19:35.126216" elapsed="0.000115"/>
</kw>
<kw name="Log To Console" owner="BuiltIn">
<arg>\n[INFO] Running network pub/sub test in mode: ${layer_tag}</arg>
<doc>Logs the given message to the console.</doc>
<status status="PASS" start="2025-07-31T07:19:35.126398" elapsed="0.000118"/>
</kw>
<kw name="Start Container" owner="DockerLibrary">
<arg>${SUB_NAME}</arg>
<arg>${IMAGE}</arg>
<arg>subscriber</arg>
<arg>${layer_tag}</arg>
<arg>${TOPIC}</arg>
<arg>${SUB_NAME}</arg>
<arg>network=${NETWORK}</arg>
<status status="PASS" start="2025-07-31T07:19:35.126604" elapsed="0.133459"/>
</kw>
<kw name="Start Container" owner="DockerLibrary">
<arg>${PUB_NAME}</arg>
<arg>${IMAGE}</arg>
<arg>publisher</arg>
<arg>${layer_tag}</arg>
<arg>${TOPIC}</arg>
<arg>${PUB_NAME}</arg>
<arg>network=${NETWORK}</arg>
<status status="PASS" start="2025-07-31T07:19:35.260270" elapsed="0.128414"/>
</kw>
<kw name="Sleep" owner="BuiltIn">
<msg time="2025-07-31T07:19:44.389256" level="INFO">Slept 9 seconds.</msg>
<arg>9s</arg>
<doc>Pauses the test executed for the given time.</doc>
<status status="PASS" start="2025-07-31T07:19:35.388896" elapsed="9.000478"/>
</kw>
<kw name="Get Container Logs" owner="DockerLibrary">
<msg time="2025-07-31T07:19:44.392537" level="INFO">${log_sub} = [Entrypoint] Starting subscriber in mode network_tcp


[Subscriber] Ready and waiting...

[Subscriber] Received 209715 bytes (message 1)
[Subscriber] Received 209715 bytes (message 2)
[Subscriber] Rec...</msg>
<var>${log_sub}</var>
<arg>${SUB_NAME}</arg>
<status status="PASS" start="2025-07-31T07:19:44.389549" elapsed="0.003015"/>
</kw>
<kw name="Get Container Logs" owner="DockerLibrary">
<msg time="2025-07-31T07:19:44.394722" level="INFO">${log_pub} = [Entrypoint] Starting publisher in mode network_tcp
[Publisher] Waiting for at least 1 subscriber(s) on topic: topic_network_tcp
1753946376262 ms | 72a75abd03fc | pub_network_tcp | 7 | info | CTCPRead...</msg>
<var>${log_pub}</var>
<arg>${PUB_NAME}</arg>
<status status="PASS" start="2025-07-31T07:19:44.392656" elapsed="0.002091"/>
</kw>
<kw name="Log To Console" owner="BuiltIn">
<arg>\n[CONTAINER LOG: PUBLISHER]\n${log_pub}</arg>
<doc>Logs the given message to the console.</doc>
<status status="PASS" start="2025-07-31T07:19:44.394833" elapsed="0.000189"/>
</kw>
<kw name="Log" owner="BuiltIn">
<msg time="2025-07-31T07:19:44.395236" level="INFO">
[CONTAINER LOG: PUBLISHER]
[Entrypoint] Starting publisher in mode network_tcp
[Publisher] Waiting for at least 1 subscriber(s) on topic: topic_network_tcp
1753946376262 ms | 72a75abd03fc | pub_network_tcp | 7 | info | CTCPReaderLayer - TCPPubSub (Info) -Publisher :::0: Created publisher and waiting for clients.
1753946376263 ms | 72a75abd03fc | pub_network_tcp | 7 | info | CTCPReaderLayer - TCPPubSub (Info) -Publisher :::43943: Subscriber ::ffff:172.18.0.2:45998 has connected.
[Publisher] Found 1 subscriber(s). Proceeding to send messages.
[Publisher] Send result: ✓, size: 209715 bytes
[Publisher] Send result: ✓, size: 209715 bytes
[Publisher] Send result: ✓, size: 209715 bytes
[Publisher] Send result: ✓, size: 209715 bytes
[Publisher] Finished sending.
</msg>
<arg>\n[CONTAINER LOG: PUBLISHER]\n${log_pub}</arg>
<doc>Logs the given message with the given level.</doc>
<status status="PASS" start="2025-07-31T07:19:44.395124" elapsed="0.000200"/>
</kw>
<kw name="Log To Console" owner="BuiltIn">
<arg>\n[CONTAINER LOG: SUBSCRIBER]\n${log_sub}</arg>
<doc>Logs the given message to the console.</doc>
<status status="PASS" start="2025-07-31T07:19:44.395398" elapsed="0.000135"/>
</kw>
<kw name="Log" owner="BuiltIn">
<msg time="2025-07-31T07:19:44.395746" level="INFO">
[CONTAINER LOG: SUBSCRIBER]
[Entrypoint] Starting subscriber in mode network_tcp


[Subscriber] Ready and waiting...

[Subscriber] Received 209715 bytes (message 1)
[Subscriber] Received 209715 bytes (message 2)
[Subscriber] Received 209715 bytes (message 3)
[Subscriber] Received 209715 bytes (message 4)
1753946379793 ms | b19ee4af1cf6 | sub_network_tcp | 7 | error | CTCPReaderLayer - TCPPubSub (Error) -SubscriberSession 172.18.0.2:45998-&gt;72a75abd03fc:43943: Error reading header length: End of file
1753946379794 ms | b19ee4af1cf6 | sub_network_tcp | 7 | warning | CTCPReaderLayer - TCPPubSub (Warning) -SubscriberSession 172.18.0.2:56428: Failed connecting to publisher 72a75abd03fc:43943: Connection refused
1753946379794 ms | b19ee4af1cf6 | sub_network_tcp | 7 | warning | CTCPReaderLayer - TCPPubSub (Warning) -SubscriberSession 172.18.0.2:56432: Failed connecting to publisher 72a75abd03fc:43943: Connection refused
1753946379795 ms | b19ee4af1cf6 | sub_network_tcp | 7 | warning | CTCPReaderLayer - TCPPubSub (Warning) -SubscriberSession 172.18.0.2:56448: Failed connecting to publisher 72a75abd03fc:43943: Connection refused
1753946379795 ms | b19ee4af1cf6 | sub_network_tcp | 7 | warning | CTCPReaderLayer - TCPPubSub (Warning) -SubscriberSession 172.18.0.2:56462: Failed connecting to publisher 72a75abd03fc:43943: Connection refused
1753946379796 ms | b19ee4af1cf6 | sub_network_tcp | 7 | warning | CTCPReaderLayer - TCPPubSub (Warning) -SubscriberSession 172.18.0.2:56468: Failed connecting to publisher 72a75abd03fc:43943: Connection refused
[Subscriber] Received 4 messages.
</msg>
<arg>\n[CONTAINER LOG: SUBSCRIBER]\n${log_sub}</arg>
<doc>Logs the given message with the given level.</doc>
<status status="PASS" start="2025-07-31T07:19:44.395635" elapsed="0.000149"/>
</kw>
<kw name="Wait For Container Exit" owner="DockerLibrary">
<msg time="2025-07-31T07:19:44.396923" level="INFO">${exit_code} = 0</msg>
<var>${exit_code}</var>
<arg>${SUB_NAME}</arg>
<status status="PASS" start="2025-07-31T07:19:44.395854" elapsed="0.001092"/>
</kw>
<kw name="Should Be Equal As Integers" owner="BuiltIn">
<msg time="2025-07-31T07:19:44.397213" level="INFO">Argument types are:
&lt;class 'int'&gt;
&lt;class 'str'&gt;</msg>
<arg>${exit_code}</arg>
<arg>0</arg>
<arg>Subscriber failed in ${layer_tag}!</arg>
<doc>Fails if objects are unequal after converting them to integers.</doc>
<status status="PASS" start="2025-07-31T07:19:44.397054" elapsed="0.000204"/>
</kw>
<kw name="Log Test Summary" owner="DockerLibrary">
<arg>Basic Pub/Sub Network ${layer_tag}</arg>
<arg>${True}</arg>
<status status="PASS" start="2025-07-31T07:19:44.397332" elapsed="0.000144"/>
</kw>
<kw name="Stop Container" owner="DockerLibrary">
<arg>${SUB_NAME}</arg>
<status status="PASS" start="2025-07-31T07:19:44.397558" elapsed="0.005196"/>
</kw>
<kw name="Stop Container" owner="DockerLibrary">
<arg>${PUB_NAME}</arg>
<status status="PASS" start="2025-07-31T07:19:44.402837" elapsed="0.005183"/>
</kw>
<kw name="Sleep" owner="BuiltIn">
<msg time="2025-07-31T07:19:45.408346" level="INFO">Slept 1 second.</msg>
<arg>1s</arg>
<doc>Pauses the test executed for the given time.</doc>
<status status="PASS" start="2025-07-31T07:19:44.408109" elapsed="1.000347"/>
</kw>
<arg>network_tcp</arg>
<arg>network</arg>
<status status="PASS" start="2025-07-31T07:19:35.125308" elapsed="10.283230"/>
</kw>
<tag>basic_pub_sub_network_tcp</tag>
<status status="PASS" start="2025-07-31T07:19:35.124879" elapsed="10.283773"/>
</test>
<status status="PASS" start="2025-07-31T07:18:37.009997" elapsed="68.399744"/>
</suite>
<suite id="s1-s2" name="Multi Pub Sub" source="/home/runner/work/ECAL_Test_Framework/ECAL_Test_Framework/integration_tests/multi_pub_sub/robottests/multi_pub_sub.robot">
<kw name="Init Test Context" type="SETUP">
<kw name="Set Test Context" owner="GlobalPathsLibrary">
<arg>multi_pub_sub</arg>
<arg>multi_pub_sub</arg>
<doc>Sets the test folder and tag prefix if it's a valid test case.
The folder must exist under integration_tests/ and contain typical test structure.</doc>
<status status="PASS" start="2025-07-31T07:19:45.413214" elapsed="0.000142"/>
</kw>
<kw name="Get Build Script Path" owner="GlobalPathsLibrary">
<msg time="2025-07-31T07:19:45.413522" level="INFO">${build} = /home/runner/work/ECAL_Test_Framework/ECAL_Test_Framework/integration_tests/multi_pub_sub/scripts/build_images.sh</msg>
<var>${build}</var>
<status status="PASS" start="2025-07-31T07:19:45.413435" elapsed="0.000107"/>
</kw>
<kw name="Get Network Name" owner="GlobalPathsLibrary">
<msg time="2025-07-31T07:19:45.413689" level="INFO">${net} = ecal_test_net</msg>
<var>${net}</var>
<status status="PASS" start="2025-07-31T07:19:45.413606" elapsed="0.000100"/>
</kw>
<kw name="Get Build Script Args" owner="GlobalPathsLibrary">
<msg time="2025-07-31T07:19:45.413854" level="INFO">${args} = ['multi_pub_sub']</msg>
<var>${args}</var>
<status status="PASS" start="2025-07-31T07:19:45.413778" elapsed="0.000093"/>
</kw>
<kw name="Set Suite Variable" owner="BuiltIn">
<msg time="2025-07-31T07:19:45.414109" level="INFO">${BUILD_SCRIPT} = /home/runner/work/ECAL_Test_Framework/ECAL_Test_Framework/integration_tests/multi_pub_sub/scripts/build_images.sh</msg>
<arg>${BUILD_SCRIPT}</arg>
<arg>${build}</arg>
<doc>Makes a variable available everywhere within the scope of the current suite.</doc>
<status status="PASS" start="2025-07-31T07:19:45.413946" elapsed="0.000194"/>
</kw>
<kw name="Set Suite Variable" owner="BuiltIn">
<msg time="2025-07-31T07:19:45.414327" level="INFO">${NETWORK} = ecal_test_net</msg>
<arg>${NETWORK}</arg>
<arg>${net}</arg>
<doc>Makes a variable available everywhere within the scope of the current suite.</doc>
<status status="PASS" start="2025-07-31T07:19:45.414214" elapsed="0.000140"/>
</kw>
<kw name="Get Test Description" owner="GlobalPathsLibrary">
<msg time="2025-07-31T07:19:45.414586" level="INFO">${desc} = This test validates eCAL communication in a scenario involving multiple publishers and subscribers.

Test Setup:
- Two publishers run in parallel and publish messages on the **same topic**.
• Publishe...</msg>
<var>${desc}</var>
<doc>Reads the *** Comments *** section from the .robot file and returns it as a string.</doc>
<status status="PASS" start="2025-07-31T07:19:45.414419" elapsed="0.000189"/>
</kw>
<kw name="Log" owner="BuiltIn">
<msg time="2025-07-31T07:19:45.414764" level="INFO">This test validates eCAL communication in a scenario involving multiple publishers and subscribers.

Test Setup:
- Two publishers run in parallel and publish messages on the **same topic**.
• Publisher 1 sends messages containing the byte value **42**.
• Publisher 2 sends messages containing the byte value **43**.
- Two subscribers listen on that same topic and must receive all messages from both publishers.

Covered eCAL modes:
- local_shm
- local_udp
- (local_tcp)
- network_udp
- network_tcp

Goals:
- Ensure that eCAL correctly distributes messages from **multiple sources** to **multiple receivers**.
- Verify that **topic routing, message integrity, and delivery** work consistently across different transport modes.

Success Criteria:
- Each subscriber must receive **10 messages with value 42** and **10 with value 43**.
- If this condition is met, the subscriber exits with code **0**.
- If any expected messages are missing, the subscriber exits with code **1**.</msg>
<arg>${desc}</arg>
<doc>Logs the given message with the given level.</doc>
<status status="PASS" start="2025-07-31T07:19:45.414678" elapsed="0.000167"/>
</kw>
<kw name="Log To Console" owner="BuiltIn">
<arg>[SETUP] Building Docker image...</arg>
<doc>Logs the given message to the console.</doc>
<status status="PASS" start="2025-07-31T07:19:45.414916" elapsed="0.000123"/>
</kw>
<kw name="Run Process" owner="Process">
<msg time="2025-07-31T07:19:45.415296" level="INFO">Starting process:
/home/runner/work/ECAL_Test_Framework/ECAL_Test_Framework/integration_tests/multi_pub_sub/scripts/build_images.sh multi_pub_sub</msg>
<msg time="2025-07-31T07:19:45.415716" level="INFO">Waiting for process to complete.</msg>
<msg time="2025-07-31T07:19:54.513433" level="INFO">Process completed.</msg>
<msg time="2025-07-31T07:19:54.513608" level="INFO">${result} = &lt;result object with rc 0&gt;</msg>
<var>${result}</var>
<arg>${BUILD_SCRIPT}</arg>
<arg>@{args}</arg>
<doc>Runs a process and waits for it to complete.</doc>
<status status="PASS" start="2025-07-31T07:19:45.415138" elapsed="9.098495"/>
</kw>
<kw name="Should Be Equal As Integers" owner="BuiltIn">
<msg time="2025-07-31T07:19:54.514318" level="INFO">Argument types are:
&lt;class 'int'&gt;
&lt;class 'str'&gt;</msg>
<arg>${result.rc}</arg>
<arg>0</arg>
<arg>Failed to build Docker image!</arg>
<doc>Fails if objects are unequal after converting them to integers.</doc>
<status status="PASS" start="2025-07-31T07:19:54.513786" elapsed="0.000589"/>
</kw>
<kw name="Create Docker Network" owner="DockerLibrary">
<arg>${NETWORK}</arg>
<status status="PASS" start="2025-07-31T07:19:54.514462" elapsed="0.007409"/>
</kw>
<kw name="Sleep" owner="BuiltIn">
<msg time="2025-07-31T07:19:57.522237" level="INFO">Slept 3 seconds.</msg>
<arg>3s</arg>
<doc>Pauses the test executed for the given time.</doc>
<status status="PASS" start="2025-07-31T07:19:54.522001" elapsed="3.000353"/>
</kw>
<status status="PASS" start="2025-07-31T07:19:45.413066" elapsed="12.109374"/>
</kw>
<test id="s1-s2-t1" name="Multi Pub/Sub Local SHM Test" line="39">
<kw name="Run Multi Pub Sub Test Local">
<kw name="Set Variable" owner="BuiltIn">
<msg time="2025-07-31T07:19:57.524410" level="INFO">${IMAGE} = multi_pub_sub_local_shm</msg>
<var>${IMAGE}</var>
<arg>${BASE_IMAGE}_${layer_tag}</arg>
<doc>Returns the given values which can then be assigned to a variables.</doc>
<status status="PASS" start="2025-07-31T07:19:57.524245" elapsed="0.000186"/>
</kw>
<kw name="Set Variable" owner="BuiltIn">
<msg time="2025-07-31T07:19:57.524620" level="INFO">${CONTAINER} = multi_locallocal_shm</msg>
<var>${CONTAINER}</var>
<arg>multi_local${layer_tag}</arg>
<doc>Returns the given values which can then be assigned to a variables.</doc>
<status status="PASS" start="2025-07-31T07:19:57.524510" elapsed="0.000127"/>
</kw>
<kw name="Log To Console" owner="BuiltIn">
<arg>\n[INFO] Running local multi pub/sub test (all binarys in same Container) with ${layer_tag}</arg>
<doc>Logs the given message to the console.</doc>
<status status="PASS" start="2025-07-31T07:19:57.524706" elapsed="0.000122"/>
</kw>
<kw name="Start Container" owner="DockerLibrary">
<arg>${CONTAINER}</arg>
<arg>${IMAGE}</arg>
<arg>local_multi</arg>
<arg>${layer_tag}</arg>
<status status="PASS" start="2025-07-31T07:19:57.524913" elapsed="0.119779"/>
</kw>
<kw name="Sleep" owner="BuiltIn">
<msg time="2025-07-31T07:20:15.645338" level="INFO">Slept 18 seconds.</msg>
<arg>18s</arg>
<doc>Pauses the test executed for the given time.</doc>
<status status="PASS" start="2025-07-31T07:19:57.644933" elapsed="18.000532"/>
</kw>
<kw name="Get Container Logs" owner="DockerLibrary">
<msg time="2025-07-31T07:20:15.648410" level="INFO">${logs} = [Entrypoint] Starting local multi pub/sub test in mode local_shm
Shared memory monitoring is enabled (domain: ecal_mon - queue size: 1024)
[Publisher] Waiting for at least 2 subscriber(s) on topic: te...</msg>
<var>${logs}</var>
<arg>${CONTAINER}</arg>
<status status="PASS" start="2025-07-31T07:20:15.645638" elapsed="0.002801"/>
</kw>
<kw name="Log To Console" owner="BuiltIn">
<arg>\n[CONTAINER LOG: All Local Binarys Multi Pub/Sub]\n${logs}</arg>
<doc>Logs the given message to the console.</doc>
<status status="PASS" start="2025-07-31T07:20:15.648540" elapsed="0.000176"/>
</kw>
<kw name="Log" owner="BuiltIn">
<msg time="2025-07-31T07:20:15.648993" level="INFO">
[CONTAINER LOG: All Local Binarys Multi Pub/Sub]
[Entrypoint] Starting local multi pub/sub test in mode local_shm
Shared memory monitoring is enabled (domain: ecal_mon - queue size: 1024)
[Publisher] Waiting for at least 2 subscriber(s) on topic: test_topic
Shared memory monitoring is enabled (domain: ecal_mon - queue size: 1024)
[Publisher] Waiting for at least 2 subscriber(s) on topic: test_topic
Shared memory monitoring is enabled (domain: ecal_mon - queue size: 1024)
[Subscriber 1] Waiting for messages...

Shared memory monitoring is enabled (domain: ecal_mon - queue size: 1024)
[Subscriber 2] Waiting for messages...
[Publisher] Found 2 subscriber(s). Proceeding to send messages.
[Publisher] Found 2 subscriber(s). Proceeding to send messages.
[Publisher 1] Started with mode=local_shm, topic=test_topic, node=multi_publisher, count=10, delay=1000ms
[Publisher 2] Started with mode=local_shm, topic=test_topic, node=multi_publisher, count=10, delay=1000ms

[Publisher 1] Finished sending messages.

[Publisher 2] Finished sending messages.

=== [Subscriber 1] Received Message Summary ===
PUB1 messages (42):--------------&gt; 10/10
PUB2 messages (43):-------------&gt; 10/10
[Subscriber 1] [✓] Received messages from both publishers.


=== [Subscriber 2] Received Message Summary ===
PUB1 messages (42):--------------&gt; 10/10
PUB2 messages (43):-------------&gt; 10/10
[Subscriber 2] [✓] Received messages from both publishers.

</msg>
<arg>\n[CONTAINER LOG: All Local Binarys Multi Pub/Sub]\n${logs}</arg>
<doc>Logs the given message with the given level.</doc>
<status status="PASS" start="2025-07-31T07:20:15.648826" elapsed="0.000247"/>
</kw>
<kw name="Wait For Container Exit" owner="DockerLibrary">
<msg time="2025-07-31T07:20:15.650622" level="INFO">${exit_code} = 0</msg>
<var>${exit_code}</var>
<arg>${CONTAINER}</arg>
<status status="PASS" start="2025-07-31T07:20:15.649186" elapsed="0.001471"/>
</kw>
<kw name="Should Be Equal As Integers" owner="BuiltIn">
<msg time="2025-07-31T07:20:15.651026" level="INFO">Argument types are:
&lt;class 'int'&gt;
&lt;class 'str'&gt;</msg>
<arg>${exit_code}</arg>
<arg>0</arg>
<arg>Local Multi Pub/Sub Test test failed!</arg>
<doc>Fails if objects are unequal after converting them to integers.</doc>
<status status="PASS" start="2025-07-31T07:20:15.650786" elapsed="0.000296"/>
</kw>
<kw name="Stop Container" owner="DockerLibrary">
<arg>${CONTAINER}</arg>
<status status="PASS" start="2025-07-31T07:20:15.651164" elapsed="0.005560"/>
</kw>
<kw name="Sleep" owner="BuiltIn">
<msg time="2025-07-31T07:20:16.657053" level="INFO">Slept 1 second.</msg>
<arg>1s</arg>
<doc>Pauses the test executed for the given time.</doc>
<status status="PASS" start="2025-07-31T07:20:15.656816" elapsed="1.000342"/>
</kw>
<arg>local_shm</arg>
<status status="PASS" start="2025-07-31T07:19:57.523010" elapsed="19.134227"/>
</kw>
<tag>multi_pub_sub_local_shm</tag>
<status status="PASS" start="2025-07-31T07:19:57.522507" elapsed="19.134903"/>
</test>
<test id="s1-s2-t2" name="Multi Pub/Sub Local UDP Test" line="43">
<kw name="Run Multi Pub Sub Test Local">
<kw name="Set Variable" owner="BuiltIn">
<msg time="2025-07-31T07:20:16.658797" level="INFO">${IMAGE} = multi_pub_sub_local_udp</msg>
<var>${IMAGE}</var>
<arg>${BASE_IMAGE}_${layer_tag}</arg>
<doc>Returns the given values which can then be assigned to a variables.</doc>
<status status="PASS" start="2025-07-31T07:20:16.658647" elapsed="0.000171"/>
</kw>
<kw name="Set Variable" owner="BuiltIn">
<msg time="2025-07-31T07:20:16.659033" level="INFO">${CONTAINER} = multi_locallocal_udp</msg>
<var>${CONTAINER}</var>
<arg>multi_local${layer_tag}</arg>
<doc>Returns the given values which can then be assigned to a variables.</doc>
<status status="PASS" start="2025-07-31T07:20:16.658891" elapsed="0.000161"/>
</kw>
<kw name="Log To Console" owner="BuiltIn">
<arg>\n[INFO] Running local multi pub/sub test (all binarys in same Container) with ${layer_tag}</arg>
<doc>Logs the given message to the console.</doc>
<status status="PASS" start="2025-07-31T07:20:16.659123" elapsed="0.000131"/>
</kw>
<kw name="Start Container" owner="DockerLibrary">
<arg>${CONTAINER}</arg>
<arg>${IMAGE}</arg>
<arg>local_multi</arg>
<arg>${layer_tag}</arg>
<status status="PASS" start="2025-07-31T07:20:16.659350" elapsed="0.119893"/>
</kw>
<kw name="Sleep" owner="BuiltIn">
<msg time="2025-07-31T07:20:34.779714" level="INFO">Slept 18 seconds.</msg>
<arg>18s</arg>
<doc>Pauses the test executed for the given time.</doc>
<status status="PASS" start="2025-07-31T07:20:16.779430" elapsed="18.000389"/>
</kw>
<kw name="Get Container Logs" owner="DockerLibrary">
<msg time="2025-07-31T07:20:34.783040" level="INFO">${logs} = [Entrypoint] Starting local multi pub/sub test in mode local_udp
[Publisher] Waiting for at least 2 subscriber(s) on topic: test_topic
[Publisher] Waiting for at least 2 subscriber(s) on topic: test_t...</msg>
<var>${logs}</var>
<arg>${CONTAINER}</arg>
<status status="PASS" start="2025-07-31T07:20:34.780004" elapsed="0.003062"/>
</kw>
<kw name="Log To Console" owner="BuiltIn">
<arg>\n[CONTAINER LOG: All Local Binarys Multi Pub/Sub]\n${logs}</arg>
<doc>Logs the given message to the console.</doc>
<status status="PASS" start="2025-07-31T07:20:34.783155" elapsed="0.000219"/>
</kw>
<kw name="Log" owner="BuiltIn">
<msg time="2025-07-31T07:20:34.783702" level="INFO">
[CONTAINER LOG: All Local Binarys Multi Pub/Sub]
[Entrypoint] Starting local multi pub/sub test in mode local_udp
[Publisher] Waiting for at least 2 subscriber(s) on topic: test_topic
[Publisher] Waiting for at least 2 subscriber(s) on topic: test_topic
[Subscriber 2] Waiting for messages...
[Subscriber 1] Waiting for messages...

[Publisher] Found 2 subscriber(s). Proceeding to send messages.
[Publisher] Found 2 subscriber(s). Proceeding to send messages.
[Publisher 2] Started with mode=local_udp, topic=test_topic, node=multi_publisher, count=10, delay=1000ms
[Publisher 1] Started with mode=local_udp, topic=test_topic, node=multi_publisher, count=10, delay=1000ms

[Publisher 2] Finished sending messages.

[Publisher 1] Finished sending messages.

=== [Subscriber 2] Received Message Summary ===
PUB1 messages (42):--------------&gt; 10/10
PUB2 messages (43):-------------&gt; 10/10
[Subscriber 2] [✓] Received messages from both publishers.


=== [Subscriber 1] Received Message Summary ===
PUB1 messages (42):--------------&gt; 10/10
PUB2 messages (43):-------------&gt; 10/10
[Subscriber 1] [✓] Received messages from both publishers.

</msg>
<arg>\n[CONTAINER LOG: All Local Binarys Multi Pub/Sub]\n${logs}</arg>
<doc>Logs the given message with the given level.</doc>
<status status="PASS" start="2025-07-31T07:20:34.783532" elapsed="0.000230"/>
</kw>
<kw name="Wait For Container Exit" owner="DockerLibrary">
<msg time="2025-07-31T07:20:34.784921" level="INFO">${exit_code} = 0</msg>
<var>${exit_code}</var>
<arg>${CONTAINER}</arg>
<status status="PASS" start="2025-07-31T07:20:34.783856" elapsed="0.001089"/>
</kw>
<kw name="Should Be Equal As Integers" owner="BuiltIn">
<msg time="2025-07-31T07:20:34.785210" level="INFO">Argument types are:
&lt;class 'int'&gt;
&lt;class 'str'&gt;</msg>
<arg>${exit_code}</arg>
<arg>0</arg>
<arg>Local Multi Pub/Sub Test test failed!</arg>
<doc>Fails if objects are unequal after converting them to integers.</doc>
<status status="PASS" start="2025-07-31T07:20:34.785068" elapsed="0.000188"/>
</kw>
<kw name="Stop Container" owner="DockerLibrary">
<arg>${CONTAINER}</arg>
<status status="PASS" start="2025-07-31T07:20:34.785333" elapsed="0.004953"/>
</kw>
<kw name="Sleep" owner="BuiltIn">
<msg time="2025-07-31T07:20:35.790623" level="INFO">Slept 1 second.</msg>
<arg>1s</arg>
<doc>Pauses the test executed for the given time.</doc>
<status status="PASS" start="2025-07-31T07:20:34.790376" elapsed="1.000362"/>
</kw>
<arg>local_udp</arg>
<status status="PASS" start="2025-07-31T07:20:16.658418" elapsed="19.132403"/>
</kw>
<tag>multi_pub_sub_local_udp</tag>
<status status="PASS" start="2025-07-31T07:20:16.658028" elapsed="19.132903"/>
</test>
<test id="s1-s2-t3" name="Multi Pub/Sub Network UDP Test" line="47">
<kw name="Run Multi Pub Sub Test Network">
<kw name="Set Variable" owner="BuiltIn">
<msg time="2025-07-31T07:20:35.792485" level="INFO">${IMAGE} = multi_pub_sub_network_udp</msg>
<var>${IMAGE}</var>
<arg>${BASE_IMAGE}_${layer_tag}</arg>
<doc>Returns the given values which can then be assigned to a variables.</doc>
<status status="PASS" start="2025-07-31T07:20:35.792334" elapsed="0.000172"/>
</kw>
<kw name="Set Variable" owner="BuiltIn">
<msg time="2025-07-31T07:20:35.792662" level="INFO">${TOPIC} = test_topic</msg>
<var>${TOPIC}</var>
<arg>test_topic</arg>
<doc>Returns the given values which can then be assigned to a variables.</doc>
<status status="PASS" start="2025-07-31T07:20:35.792579" elapsed="0.000101"/>
</kw>
<kw name="Set Variable" owner="BuiltIn">
<msg time="2025-07-31T07:20:35.792848" level="INFO">${PUB1} = pub1_network_udp</msg>
<var>${PUB1}</var>
<arg>pub1_${layer_tag}</arg>
<doc>Returns the given values which can then be assigned to a variables.</doc>
<status status="PASS" start="2025-07-31T07:20:35.792745" elapsed="0.000120"/>
</kw>
<kw name="Set Variable" owner="BuiltIn">
<msg time="2025-07-31T07:20:35.793059" level="INFO">${PUB2} = pub2_network_udp</msg>
<var>${PUB2}</var>
<arg>pub2_${layer_tag}</arg>
<doc>Returns the given values which can then be assigned to a variables.</doc>
<status status="PASS" start="2025-07-31T07:20:35.792929" elapsed="0.000147"/>
</kw>
<kw name="Set Variable" owner="BuiltIn">
<msg time="2025-07-31T07:20:35.793252" level="INFO">${SUB1} = sub1_network_udp</msg>
<var>${SUB1}</var>
<arg>sub1_${layer_tag}</arg>
<doc>Returns the given values which can then be assigned to a variables.</doc>
<status status="PASS" start="2025-07-31T07:20:35.793143" elapsed="0.000125"/>
</kw>
<kw name="Set Variable" owner="BuiltIn">
<msg time="2025-07-31T07:20:35.793428" level="INFO">${SUB2} = sub2_network_udp</msg>
<var>${SUB2}</var>
<arg>sub2_${layer_tag}</arg>
<doc>Returns the given values which can then be assigned to a variables.</doc>
<status status="PASS" start="2025-07-31T07:20:35.793331" elapsed="0.000113"/>
</kw>
<kw name="Log To Console" owner="BuiltIn">
<arg>\n[INFO] Starting multi pub/sub test with ${layer_tag}</arg>
<doc>Logs the given message to the console.</doc>
<status status="PASS" start="2025-07-31T07:20:35.793505" elapsed="0.000126"/>
</kw>
<kw name="Start Container" owner="DockerLibrary">
<arg>${SUB1}</arg>
<arg>${IMAGE}</arg>
<arg>multi_subscriber</arg>
<arg>${layer_tag}</arg>
<arg>${TOPIC}</arg>
<arg>network=${NETWORK}</arg>
<status status="PASS" start="2025-07-31T07:20:35.793727" elapsed="0.134138"/>
</kw>
<kw name="Start Container" owner="DockerLibrary">
<arg>${SUB2}</arg>
<arg>${IMAGE}</arg>
<arg>multi_subscriber2</arg>
<arg>${layer_tag}</arg>
<arg>${TOPIC}</arg>
<arg>network=${NETWORK}</arg>
<status status="PASS" start="2025-07-31T07:20:35.928070" elapsed="0.120793"/>
</kw>
<kw name="Start Container" owner="DockerLibrary">
<arg>${PUB1}</arg>
<arg>${IMAGE}</arg>
<arg>multi_publisher</arg>
<arg>${layer_tag}</arg>
<arg>${TOPIC}</arg>
<arg>network=${NETWORK}</arg>
<status status="PASS" start="2025-07-31T07:20:36.049170" elapsed="0.124274"/>
</kw>
<kw name="Start Container" owner="DockerLibrary">
<arg>${PUB2}</arg>
<arg>${IMAGE}</arg>
<arg>multi_publisher2</arg>
<arg>${layer_tag}</arg>
<arg>${TOPIC}</arg>
<arg>network=${NETWORK}</arg>
<status status="PASS" start="2025-07-31T07:20:36.173651" elapsed="0.129025"/>
</kw>
<kw name="Sleep" owner="BuiltIn">
<msg time="2025-07-31T07:20:54.303153" level="INFO">Slept 18 seconds.</msg>
<arg>18s</arg>
<doc>Pauses the test executed for the given time.</doc>
<status status="PASS" start="2025-07-31T07:20:36.302837" elapsed="18.000432"/>
</kw>
<kw name="Get Container Logs" owner="DockerLibrary">
<msg time="2025-07-31T07:20:54.306254" level="INFO">${log1} = [Entrypoint] Starting multi_subscriber in mode network_udp
[Subscriber 1] Waiting for messages...


=== [Subscriber 1] Received Message Summary ===
PUB1 messages (42):--------------&gt; 10/10
PUB2 messag...</msg>
<var>${log1}</var>
<arg>${SUB1}</arg>
<status status="PASS" start="2025-07-31T07:20:54.303440" elapsed="0.002842"/>
</kw>
<kw name="Log To Console" owner="BuiltIn">
<arg>\n[CONTAINER LOG: SUBSCRIBER 1]\n${log1}</arg>
<doc>Logs the given message to the console.</doc>
<status status="PASS" start="2025-07-31T07:20:54.306375" elapsed="0.000156"/>
</kw>
<kw name="Log" owner="BuiltIn">
<msg time="2025-07-31T07:20:54.306759" level="INFO">
[CONTAINER LOG: SUBSCRIBER 1]
[Entrypoint] Starting multi_subscriber in mode network_udp
[Subscriber 1] Waiting for messages...


=== [Subscriber 1] Received Message Summary ===
PUB1 messages (42):--------------&gt; 10/10
PUB2 messages (43):-------------&gt; 10/10
[Subscriber 1] [✓] Received messages from both publishers.

</msg>
<arg>\n[CONTAINER LOG: SUBSCRIBER 1]\n${log1}</arg>
<doc>Logs the given message with the given level.</doc>
<status status="PASS" start="2025-07-31T07:20:54.306632" elapsed="0.000166"/>
</kw>
<kw name="Get Container Logs" owner="DockerLibrary">
<msg time="2025-07-31T07:20:54.308905" level="INFO">${log2} = [Entrypoint] Starting multi_subscriber2 in mode network_udp
[Subscriber 2] Waiting for messages...

=== [Subscriber 2] Received Message Summary ===
PUB1 messages (42):--------------&gt; 10/10
PUB2 messag...</msg>
<var>${log2}</var>
<arg>${SUB2}</arg>
<status status="PASS" start="2025-07-31T07:20:54.306868" elapsed="0.002062"/>
</kw>
<kw name="Log To Console" owner="BuiltIn">
<arg>\n[CONTAINER LOG: SUBSCRIBER 2]\n${log2}</arg>
<doc>Logs the given message to the console.</doc>
<status status="PASS" start="2025-07-31T07:20:54.309038" elapsed="0.000138"/>
</kw>
<kw name="Log" owner="BuiltIn">
<msg time="2025-07-31T07:20:54.309397" level="INFO">
[CONTAINER LOG: SUBSCRIBER 1]
[Entrypoint] Starting multi_subscriber2 in mode network_udp
[Subscriber 2] Waiting for messages...

=== [Subscriber 2] Received Message Summary ===
PUB1 messages (42):--------------&gt; 10/10
PUB2 messages (43):-------------&gt; 10/10
[Subscriber 2] [✓] Received messages from both publishers.

</msg>
<arg>\n[CONTAINER LOG: SUBSCRIBER 1]\n${log2}</arg>
<doc>Logs the given message with the given level.</doc>
<status status="PASS" start="2025-07-31T07:20:54.309280" elapsed="0.000155"/>
</kw>
<kw name="Wait For Container Exit" owner="DockerLibrary">
<arg>${SUB1}</arg>
<status status="PASS" start="2025-07-31T07:20:54.309503" elapsed="0.000980"/>
</kw>
<kw name="Wait For Container Exit" owner="DockerLibrary">
<arg>${SUB2}</arg>
<status status="PASS" start="2025-07-31T07:20:54.310564" elapsed="0.000963"/>
</kw>
<kw name="Wait For Container Exit" owner="DockerLibrary">
<arg>${PUB1}</arg>
<status status="PASS" start="2025-07-31T07:20:54.311610" elapsed="0.000925"/>
</kw>
<kw name="Wait For Container Exit" owner="DockerLibrary">
<arg>${PUB2}</arg>
<status status="PASS" start="2025-07-31T07:20:54.312614" elapsed="0.001026"/>
</kw>
<kw name="Wait For Container Exit" owner="DockerLibrary">
<msg time="2025-07-31T07:20:54.314584" level="INFO">${exit1} = 0</msg>
<var>${exit1}</var>
<arg>${SUB1}</arg>
<status status="PASS" start="2025-07-31T07:20:54.313721" elapsed="0.000887"/>
</kw>
<kw name="Wait For Container Exit" owner="DockerLibrary">
<msg time="2025-07-31T07:20:54.315577" level="INFO">${exit2} = 0</msg>
<var>${exit2}</var>
<arg>${SUB2}</arg>
<status status="PASS" start="2025-07-31T07:20:54.314686" elapsed="0.000916"/>
</kw>
<kw name="Should Be Equal As Integers" owner="BuiltIn">
<msg time="2025-07-31T07:20:54.315827" level="INFO">Argument types are:
&lt;class 'int'&gt;
&lt;class 'str'&gt;</msg>
<arg>${exit1}</arg>
<arg>0</arg>
<arg>Subscriber 1 failed!</arg>
<doc>Fails if objects are unequal after converting them to integers.</doc>
<status status="PASS" start="2025-07-31T07:20:54.315687" elapsed="0.000184"/>
</kw>
<kw name="Should Be Equal As Integers" owner="BuiltIn">
<msg time="2025-07-31T07:20:54.316108" level="INFO">Argument types are:
&lt;class 'int'&gt;
&lt;class 'str'&gt;</msg>
<arg>${exit2}</arg>
<arg>0</arg>
<arg>Subscriber 2 failed!</arg>
<doc>Fails if objects are unequal after converting them to integers.</doc>
<status status="PASS" start="2025-07-31T07:20:54.315985" elapsed="0.000162"/>
</kw>
<kw name="Log Test Summary" owner="DockerLibrary">
<arg>Multi Pub/Sub Test ${layer_tag}</arg>
<arg>${True}</arg>
<status status="PASS" start="2025-07-31T07:20:54.316220" elapsed="0.000146"/>
</kw>
<kw name="Stop Container" owner="DockerLibrary">
<arg>${SUB1}</arg>
<status status="PASS" start="2025-07-31T07:20:54.316473" elapsed="0.005435"/>
</kw>
<kw name="Stop Container" owner="DockerLibrary">
<arg>${SUB2}</arg>
<status status="PASS" start="2025-07-31T07:20:54.322019" elapsed="0.005154"/>
</kw>
<kw name="Stop Container" owner="DockerLibrary">
<arg>${PUB1}</arg>
<status status="PASS" start="2025-07-31T07:20:54.327255" elapsed="0.005194"/>
</kw>
<kw name="Stop Container" owner="DockerLibrary">
<arg>${PUB2}</arg>
<status status="PASS" start="2025-07-31T07:20:54.332534" elapsed="0.004890"/>
</kw>
<kw name="Sleep" owner="BuiltIn">
<msg time="2025-07-31T07:20:55.337745" level="INFO">Slept 1 second.</msg>
<arg>1s</arg>
<doc>Pauses the test executed for the given time.</doc>
<status status="PASS" start="2025-07-31T07:20:54.337519" elapsed="1.000345"/>
</kw>
<arg>network_udp</arg>
<arg>network</arg>
<status status="PASS" start="2025-07-31T07:20:35.792093" elapsed="19.545862"/>
</kw>
<tag>multi_pub_sub_network_udp</tag>
<status status="PASS" start="2025-07-31T07:20:35.791602" elapsed="19.546521"/>
</test>
<test id="s1-s2-t4" name="Multi Pub/Sub Network TCP Test" line="51">
<kw name="Run Multi Pub Sub Test Network">
<kw name="Set Variable" owner="BuiltIn">
<msg time="2025-07-31T07:20:55.340151" level="INFO">${IMAGE} = multi_pub_sub_network_tcp</msg>
<var>${IMAGE}</var>
<arg>${BASE_IMAGE}_${layer_tag}</arg>
<doc>Returns the given values which can then be assigned to a variables.</doc>
<status status="PASS" start="2025-07-31T07:20:55.339993" elapsed="0.000180"/>
</kw>
<kw name="Set Variable" owner="BuiltIn">
<msg time="2025-07-31T07:20:55.340333" level="INFO">${TOPIC} = test_topic</msg>
<var>${TOPIC}</var>
<arg>test_topic</arg>
<doc>Returns the given values which can then be assigned to a variables.</doc>
<status status="PASS" start="2025-07-31T07:20:55.340248" elapsed="0.000102"/>
</kw>
<kw name="Set Variable" owner="BuiltIn">
<msg time="2025-07-31T07:20:55.340522" level="INFO">${PUB1} = pub1_network_tcp</msg>
<var>${PUB1}</var>
<arg>pub1_${layer_tag}</arg>
<doc>Returns the given values which can then be assigned to a variables.</doc>
<status status="PASS" start="2025-07-31T07:20:55.340416" elapsed="0.000123"/>
</kw>
<kw name="Set Variable" owner="BuiltIn">
<msg time="2025-07-31T07:20:55.340706" level="INFO">${PUB2} = pub2_network_tcp</msg>
<var>${PUB2}</var>
<arg>pub2_${layer_tag}</arg>
<doc>Returns the given values which can then be assigned to a variables.</doc>
<status status="PASS" start="2025-07-31T07:20:55.340603" elapsed="0.000119"/>
</kw>
<kw name="Set Variable" owner="BuiltIn">
<msg time="2025-07-31T07:20:55.340986" level="INFO">${SUB1} = sub1_network_tcp</msg>
<var>${SUB1}</var>
<arg>sub1_${layer_tag}</arg>
<doc>Returns the given values which can then be assigned to a variables.</doc>
<status status="PASS" start="2025-07-31T07:20:55.340854" elapsed="0.000153"/>
</kw>
<kw name="Set Variable" owner="BuiltIn">
<msg time="2025-07-31T07:20:55.341185" level="INFO">${SUB2} = sub2_network_tcp</msg>
<var>${SUB2}</var>
<arg>sub2_${layer_tag}</arg>
<doc>Returns the given values which can then be assigned to a variables.</doc>
<status status="PASS" start="2025-07-31T07:20:55.341078" elapsed="0.000124"/>
</kw>
<kw name="Log To Console" owner="BuiltIn">
<arg>\n[INFO] Starting multi pub/sub test with ${layer_tag}</arg>
<doc>Logs the given message to the console.</doc>
<status status="PASS" start="2025-07-31T07:20:55.341271" elapsed="0.000133"/>
</kw>
<kw name="Start Container" owner="DockerLibrary">
<arg>${SUB1}</arg>
<arg>${IMAGE}</arg>
<arg>multi_subscriber</arg>
<arg>${layer_tag}</arg>
<arg>${TOPIC}</arg>
<arg>network=${NETWORK}</arg>
<status status="PASS" start="2025-07-31T07:20:55.341494" elapsed="0.134180"/>
</kw>
<kw name="Start Container" owner="DockerLibrary">
<arg>${SUB2}</arg>
<arg>${IMAGE}</arg>
<arg>multi_subscriber2</arg>
<arg>${layer_tag}</arg>
<arg>${TOPIC}</arg>
<arg>network=${NETWORK}</arg>
<status status="PASS" start="2025-07-31T07:20:55.475881" elapsed="0.127347"/>
</kw>
<kw name="Start Container" owner="DockerLibrary">
<arg>${PUB1}</arg>
<arg>${IMAGE}</arg>
<arg>multi_publisher</arg>
<arg>${layer_tag}</arg>
<arg>${TOPIC}</arg>
<arg>network=${NETWORK}</arg>
<status status="PASS" start="2025-07-31T07:20:55.603435" elapsed="0.121518"/>
</kw>
<kw name="Start Container" owner="DockerLibrary">
<arg>${PUB2}</arg>
<arg>${IMAGE}</arg>
<arg>multi_publisher2</arg>
<arg>${layer_tag}</arg>
<arg>${TOPIC}</arg>
<arg>network=${NETWORK}</arg>
<status status="PASS" start="2025-07-31T07:20:55.725192" elapsed="0.131466"/>
</kw>
<kw name="Sleep" owner="BuiltIn">
<msg time="2025-07-31T07:21:13.857180" level="INFO">Slept 18 seconds.</msg>
<arg>18s</arg>
<doc>Pauses the test executed for the given time.</doc>
<status status="PASS" start="2025-07-31T07:20:55.856824" elapsed="18.000472"/>
</kw>
<kw name="Get Container Logs" owner="DockerLibrary">
<msg time="2025-07-31T07:21:13.860269" level="INFO">${log1} = [Entrypoint] Starting multi_subscriber in mode network_tcp
[Subscriber 1] Waiting for messages...

1753946468631 ms | 10ebeb0f57c1 | multi_subscriber | 7 | error | CTCPReaderLayer - TCPPubSub (Error) ...</msg>
<var>${log1}</var>
<arg>${SUB1}</arg>
<status status="PASS" start="2025-07-31T07:21:13.857450" elapsed="0.002845"/>
</kw>
<kw name="Log To Console" owner="BuiltIn">
<arg>\n[CONTAINER LOG: SUBSCRIBER 1]\n${log1}</arg>
<doc>Logs the given message to the console.</doc>
<status status="PASS" start="2025-07-31T07:21:13.860388" elapsed="0.000183"/>
</kw>
<kw name="Log" owner="BuiltIn">
<msg time="2025-07-31T07:21:13.860800" level="INFO">
[CONTAINER LOG: SUBSCRIBER 1]
[Entrypoint] Starting multi_subscriber in mode network_tcp
[Subscriber 1] Waiting for messages...

1753946468631 ms | 10ebeb0f57c1 | multi_subscriber | 7 | error | CTCPReaderLayer - TCPPubSub (Error) -SubscriberSession 172.18.0.2:45434-&gt;b195916915f5:37333: Error reading header length: End of file
1753946468632 ms | 10ebeb0f57c1 | multi_subscriber | 7 | warning | CTCPReaderLayer - TCPPubSub (Warning) -SubscriberSession 172.18.0.2:41050: Failed connecting to publisher b195916915f5:37333: Connection refused
1753946468632 ms | 10ebeb0f57c1 | multi_subscriber | 7 | warning | CTCPReaderLayer - TCPPubSub (Warning) -SubscriberSession 172.18.0.2:41054: Failed connecting to publisher b195916915f5:37333: Connection refused
1753946468633 ms | 10ebeb0f57c1 | multi_subscriber | 7 | warning | CTCPReaderLayer - TCPPubSub (Warning) -SubscriberSession 172.18.0.2:41066: Failed connecting to publisher b195916915f5:37333: Connection refused
1753946468634 ms | 10ebeb0f57c1 | multi_subscriber | 7 | warning | CTCPReaderLayer - TCPPubSub (Warning) -SubscriberSession 172.18.0.2:41076: Failed connecting to publisher b195916915f5:37333: Connection refused
1753946468634 ms | 10ebeb0f57c1 | multi_subscriber | 7 | warning | CTCPReaderLayer - TCPPubSub (Warning) -SubscriberSession 172.18.0.2:41080: Failed connecting to publisher b195916915f5:37333: Connection refused
1753946468661 ms | 10ebeb0f57c1 | multi_subscriber | 7 | error | CTCPReaderLayer - TCPPubSub (Error) -SubscriberSession 172.18.0.2:59380-&gt;0ec150fd422d:41543: Error reading header length: End of file
1753946468662 ms | 10ebeb0f57c1 | multi_subscriber | 7 | warning | CTCPReaderLayer - TCPPubSub (Warning) -SubscriberSession 172.18.0.2:41892: Failed connecting to publisher 0ec150fd422d:41543: Connection refused
1753946468662 ms | 10ebeb0f57c1 | multi_subscriber | 7 | warning | CTCPReaderLayer - TCPPubSub (Warning) -SubscriberSession 172.18.0.2:41894: Failed connecting to publisher 0ec150fd422d:41543: Connection refused
1753946468663 ms | 10ebeb0f57c1 | multi_subscriber | 7 | warning | CTCPReaderLayer - TCPPubSub (Warning) -SubscriberSession 172.18.0.2:41900: Failed connecting to publisher 0ec150fd422d:41543: Connection refused
1753946468663 ms | 10ebeb0f57c1 | multi_subscriber | 7 | warning | CTCPReaderLayer - TCPPubSub (Warning) -SubscriberSession 172.18.0.2:41912: Failed connecting to publisher 0ec150fd422d:41543: Connection refused
1753946468663 ms | 10ebeb0f57c1 | multi_subscriber | 7 | warning | CTCPReaderLayer - TCPPubSub (Warning) -SubscriberSession 172.18.0.2:41928: Failed connecting to publisher 0ec150fd422d:41543: Connection refused

=== [Subscriber 1] Received Message Summary ===
PUB1 messages (42):--------------&gt; 10/10
PUB2 messages (43):-------------&gt; 10/10
[Subscriber 1] [✓] Received messages from both publishers.

</msg>
<arg>\n[CONTAINER LOG: SUBSCRIBER 1]\n${log1}</arg>
<doc>Logs the given message with the given level.</doc>
<status status="PASS" start="2025-07-31T07:21:13.860681" elapsed="0.000172"/>
</kw>
<kw name="Get Container Logs" owner="DockerLibrary">
<msg time="2025-07-31T07:21:13.863104" level="INFO">${log2} = [Entrypoint] Starting multi_subscriber2 in mode network_tcp
[Subscriber 2] Waiting for messages...
1753946468631 ms | 9006baf4ce0f | multi_subscriber | 7 | error | CTCPReaderLayer - TCPPubSub (Error) ...</msg>
<var>${log2}</var>
<arg>${SUB2}</arg>
<status status="PASS" start="2025-07-31T07:21:13.860926" elapsed="0.002203"/>
</kw>
<kw name="Log To Console" owner="BuiltIn">
<arg>\n[CONTAINER LOG: SUBSCRIBER 2]\n${log2}</arg>
<doc>Logs the given message to the console.</doc>
<status status="PASS" start="2025-07-31T07:21:13.863214" elapsed="0.000171"/>
</kw>
<kw name="Log" owner="BuiltIn">
<msg time="2025-07-31T07:21:13.863667" level="INFO">
[CONTAINER LOG: SUBSCRIBER 1]
[Entrypoint] Starting multi_subscriber2 in mode network_tcp
[Subscriber 2] Waiting for messages...
1753946468631 ms | 9006baf4ce0f | multi_subscriber | 7 | error | CTCPReaderLayer - TCPPubSub (Error) -SubscriberSession 172.18.0.3:35444-&gt;b195916915f5:37333: Error reading header length: End of file
1753946468632 ms | 9006baf4ce0f | multi_subscriber | 7 | warning | CTCPReaderLayer - TCPPubSub (Warning) -SubscriberSession 172.18.0.3:50222: Failed connecting to publisher b195916915f5:37333: Connection refused
1753946468632 ms | 9006baf4ce0f | multi_subscriber | 7 | warning | CTCPReaderLayer - TCPPubSub (Warning) -SubscriberSession 172.18.0.3:50238: Failed connecting to publisher b195916915f5:37333: Connection refused
1753946468633 ms | 9006baf4ce0f | multi_subscriber | 7 | warning | CTCPReaderLayer - TCPPubSub (Warning) -SubscriberSession 172.18.0.3:50246: Failed connecting to publisher b195916915f5:37333: Connection refused
1753946468634 ms | 9006baf4ce0f | multi_subscriber | 7 | warning | CTCPReaderLayer - TCPPubSub (Warning) -SubscriberSession 172.18.0.3:50256: Failed connecting to publisher b195916915f5:37333: Connection refused
1753946468634 ms | 9006baf4ce0f | multi_subscriber | 7 | warning | CTCPReaderLayer - TCPPubSub (Warning) -SubscriberSession 172.18.0.3:50258: Failed connecting to publisher b195916915f5:37333: Connection refused
1753946468661 ms | 9006baf4ce0f | multi_subscriber | 7 | error | CTCPReaderLayer - TCPPubSub (Error) -SubscriberSession 172.18.0.3:44174-&gt;0ec150fd422d:41543: Error reading header length: End of file
1753946468662 ms | 9006baf4ce0f | multi_subscriber | 7 | warning | CTCPReaderLayer - TCPPubSub (Warning) -SubscriberSession 172.18.0.3:50864: Failed connecting to publisher 0ec150fd422d:41543: Connection refused
1753946468662 ms | 9006baf4ce0f | multi_subscriber | 7 | warning | CTCPReaderLayer - TCPPubSub (Warning) -SubscriberSession 172.18.0.3:50874: Failed connecting to publisher 0ec150fd422d:41543: Connection refused
1753946468662 ms | 9006baf4ce0f | multi_subscriber | 7 | warning | CTCPReaderLayer - TCPPubSub (Warning) -SubscriberSession 172.18.0.3:50882: Failed connecting to publisher 0ec150fd422d:41543: Connection refused
1753946468663 ms | 9006baf4ce0f | multi_subscriber | 7 | warning | CTCPReaderLayer - TCPPubSub (Warning) -SubscriberSession 172.18.0.3:50886: Failed connecting to publisher 0ec150fd422d:41543: Connection refused
1753946468663 ms | 9006baf4ce0f | multi_subscriber | 7 | warning | CTCPReaderLayer - TCPPubSub (Warning) -SubscriberSession 172.18.0.3:50894: Failed connecting to publisher 0ec150fd422d:41543: Connection refused

=== [Subscriber 2] Received Message Summary ===
PUB1 messages (42):--------------&gt; 10/10
PUB2 messages (43):-------------&gt; 10/10
[Subscriber 2] [✓] Received messages from both publishers.

</msg>
<arg>\n[CONTAINER LOG: SUBSCRIBER 1]\n${log2}</arg>
<doc>Logs the given message with the given level.</doc>
<status status="PASS" start="2025-07-31T07:21:13.863497" elapsed="0.000312"/>
</kw>
<kw name="Wait For Container Exit" owner="DockerLibrary">
<arg>${SUB1}</arg>
<status status="PASS" start="2025-07-31T07:21:13.863919" elapsed="0.001123"/>
</kw>
<kw name="Wait For Container Exit" owner="DockerLibrary">
<arg>${SUB2}</arg>
<status status="PASS" start="2025-07-31T07:21:13.865127" elapsed="0.001077"/>
</kw>
<kw name="Wait For Container Exit" owner="DockerLibrary">
<arg>${PUB1}</arg>
<status status="PASS" start="2025-07-31T07:21:13.866286" elapsed="0.000993"/>
</kw>
<kw name="Wait For Container Exit" owner="DockerLibrary">
<arg>${PUB2}</arg>
<status status="PASS" start="2025-07-31T07:21:13.867363" elapsed="0.000957"/>
</kw>
<kw name="Wait For Container Exit" owner="DockerLibrary">
<msg time="2025-07-31T07:21:13.869259" level="INFO">${exit1} = 0</msg>
<var>${exit1}</var>
<arg>${SUB1}</arg>
<status status="PASS" start="2025-07-31T07:21:13.868404" elapsed="0.000879"/>
</kw>
<kw name="Wait For Container Exit" owner="DockerLibrary">
<msg time="2025-07-31T07:21:13.870351" level="INFO">${exit2} = 0</msg>
<var>${exit2}</var>
<arg>${SUB2}</arg>
<status status="PASS" start="2025-07-31T07:21:13.869362" elapsed="0.001012"/>
</kw>
<kw name="Should Be Equal As Integers" owner="BuiltIn">
<msg time="2025-07-31T07:21:13.870594" level="INFO">Argument types are:
&lt;class 'int'&gt;
&lt;class 'str'&gt;</msg>
<arg>${exit1}</arg>
<arg>0</arg>
<arg>Subscriber 1 failed!</arg>
<doc>Fails if objects are unequal after converting them to integers.</doc>
<status status="PASS" start="2025-07-31T07:21:13.870456" elapsed="0.000184"/>
</kw>
<kw name="Should Be Equal As Integers" owner="BuiltIn">
<msg time="2025-07-31T07:21:13.870825" level="INFO">Argument types are:
&lt;class 'int'&gt;
&lt;class 'str'&gt;</msg>
<arg>${exit2}</arg>
<arg>0</arg>
<arg>Subscriber 2 failed!</arg>
<doc>Fails if objects are unequal after converting them to integers.</doc>
<status status="PASS" start="2025-07-31T07:21:13.870717" elapsed="0.000145"/>
</kw>
<kw name="Log Test Summary" owner="DockerLibrary">
<arg>Multi Pub/Sub Test ${layer_tag}</arg>
<arg>${True}</arg>
<status status="PASS" start="2025-07-31T07:21:13.870931" elapsed="0.000173"/>
</kw>
<kw name="Stop Container" owner="DockerLibrary">
<arg>${SUB1}</arg>
<status status="PASS" start="2025-07-31T07:21:13.871208" elapsed="0.005276"/>
</kw>
<kw name="Stop Container" owner="DockerLibrary">
<arg>${SUB2}</arg>
<status status="PASS" start="2025-07-31T07:21:13.876592" elapsed="0.005588"/>
</kw>
<kw name="Stop Container" owner="DockerLibrary">
<arg>${PUB1}</arg>
<status status="PASS" start="2025-07-31T07:21:13.882288" elapsed="0.005023"/>
</kw>
<kw name="Stop Container" owner="DockerLibrary">
<arg>${PUB2}</arg>
<status status="PASS" start="2025-07-31T07:21:13.887401" elapsed="0.005039"/>
</kw>
<kw name="Sleep" owner="BuiltIn">
<msg time="2025-07-31T07:21:14.892751" level="INFO">Slept 1 second.</msg>
<arg>1s</arg>
<doc>Pauses the test executed for the given time.</doc>
<status status="PASS" start="2025-07-31T07:21:13.892529" elapsed="1.000327"/>
</kw>
<arg>network_tcp</arg>
<arg>network</arg>
<status status="PASS" start="2025-07-31T07:20:55.339729" elapsed="19.553208"/>
</kw>
<tag>multi_pub_sub_network_tcp</tag>
<status status="PASS" start="2025-07-31T07:20:55.339269" elapsed="19.553806"/>
</test>
<status status="PASS" start="2025-07-31T07:19:45.410510" elapsed="89.483669"/>
</suite>
<suite id="s1-s3" name="Network Crash" source="/home/runner/work/ECAL_Test_Framework/ECAL_Test_Framework/integration_tests/network_crash/robottests/network_crash.robot">
<kw name="Init Test Context" type="SETUP">
<kw name="Set Test Context" owner="GlobalPathsLibrary">
<arg>network_crash</arg>
<arg>network_crash</arg>
<doc>Sets the test folder and tag prefix if it's a valid test case.
The folder must exist under integration_tests/ and contain typical test structure.</doc>
<status status="PASS" start="2025-07-31T07:21:14.897981" elapsed="0.000147"/>
</kw>
<kw name="Get Build Script Path" owner="GlobalPathsLibrary">
<msg time="2025-07-31T07:21:14.898388" level="INFO">${build} = /home/runner/work/ECAL_Test_Framework/ECAL_Test_Framework/integration_tests/network_crash/scripts/build_images.sh</msg>
<var>${build}</var>
<status status="PASS" start="2025-07-31T07:21:14.898212" elapsed="0.000206"/>
</kw>
<kw name="Get Network Name" owner="GlobalPathsLibrary">
<msg time="2025-07-31T07:21:14.898589" level="INFO">${net} = ecal_test_net</msg>
<var>${net}</var>
<status status="PASS" start="2025-07-31T07:21:14.898497" elapsed="0.000112"/>
</kw>
<kw name="Get Build Script Args" owner="GlobalPathsLibrary">
<msg time="2025-07-31T07:21:14.898757" level="INFO">${args} = ['network_crash']</msg>
<var>${args}</var>
<status status="PASS" start="2025-07-31T07:21:14.898677" elapsed="0.000097"/>
</kw>
<kw name="Set Suite Variable" owner="BuiltIn">
<msg time="2025-07-31T07:21:14.899027" level="INFO">${BUILD_SCRIPT} = /home/runner/work/ECAL_Test_Framework/ECAL_Test_Framework/integration_tests/network_crash/scripts/build_images.sh</msg>
<arg>${BUILD_SCRIPT}</arg>
<arg>${build}</arg>
<doc>Makes a variable available everywhere within the scope of the current suite.</doc>
<status status="PASS" start="2025-07-31T07:21:14.898850" elapsed="0.000211"/>
</kw>
[...]
[Publisher] Prepared 50MB message.
[Publisher] Waiting for at least 2 subscriber(s) on topic: test_topic
[Publisher] Found 2 subscriber(s). Pr...</msg>
<var>${log3}</var>
<arg>${PUBLISHER}</arg>
<status status="PASS" start="2025-07-31T07:30:59.248643" elapsed="0.002202"/>
</kw>
<kw name="Log To Console" owner="BuiltIn">
<arg>\n[LOG: SUBSCRIBER]\n${log1}</arg>
<doc>Logs the given message to the console.</doc>
<status status="PASS" start="2025-07-31T07:30:59.250932" elapsed="0.000184"/>
</kw>
<kw name="Log To Console" owner="BuiltIn">
<arg>\n[LOG: CRASH_SUBSCRIBER]\n${log2}</arg>
<doc>Logs the given message to the console.</doc>
<status status="PASS" start="2025-07-31T07:30:59.251230" elapsed="0.000151"/>
</kw>
<kw name="Log To Console" owner="BuiltIn">
<arg>\n[LOG: PUBLISHER]\n${log3}</arg>
<doc>Logs the given message to the console.</doc>
<status status="PASS" start="2025-07-31T07:30:59.251492" elapsed="0.000173"/>
</kw>
<kw name="Log" owner="BuiltIn">
<msg time="2025-07-31T07:30:59.251907" level="INFO">
[LOG: SUBSCRIBER]
[Entrypoint] Starting stable subscriber in mode network_udp
[Test_Sub] Ready and waiting...
[Test_Sub] Received 52428800 bytes (message 1)
[Test_Sub] Received 52428800 bytes (message 2)
[Test_Sub] Received 52428800 bytes (message 3)
[✓] Received 3 messages.
</msg>
<arg>\n[LOG: SUBSCRIBER]\n${log1}</arg>
<doc>Logs the given message with the given level.</doc>
<status status="PASS" start="2025-07-31T07:30:59.251770" elapsed="0.000185"/>
</kw>
<kw name="Log" owner="BuiltIn">
<msg time="2025-07-31T07:30:59.252155" level="INFO">
[LOG: CRASH_SUBSCRIBER]
[Entrypoint] Starting crashing subscriber in mode network_udp
[Crash_Sub] Simulating crash after 2 seconds during active reception
[Crash_Sub] Listening to topic 'test_topic' in mode 'network_udp'
[Crash_Sub] Received 52428800 bytes
./entrypoint.sh: line 62:     7 Aborted                 (core dumped) ./crash_send_subscriber $ARGS $EXTRA
</msg>
<arg>\n[LOG: CRASH_SUBSCRIBER]\n${log2}</arg>
<doc>Logs the given message with the given level.</doc>
<status status="PASS" start="2025-07-31T07:30:59.252057" elapsed="0.000130"/>
</kw>
<kw name="Log" owner="BuiltIn">
<msg time="2025-07-31T07:30:59.252345" level="INFO">
[LOG: PUBLISHER]
[Entrypoint] Starting large publisher in mode network_udp
[Publisher] Prepared 50MB message.
[Publisher] Waiting for at least 2 subscriber(s) on topic: test_topic
[Publisher] Found 2 subscriber(s). Proceeding to send messages.
[Publisher] Subscriber detected. Starting to send.
[Publisher] Send result: ✓, size: 52428800 bytes
[Publisher] Send result: ✓, size: 52428800 bytes
[Publisher] Send result: ✓, size: 52428800 bytes
[Publisher] Finished sending.
</msg>
<arg>\n[LOG: PUBLISHER]\n${log3}</arg>
<doc>Logs the given message with the given level.</doc>
<status status="PASS" start="2025-07-31T07:30:59.252255" elapsed="0.000124"/>
</kw>
<kw name="Wait For Container Exit" owner="DockerLibrary">
<msg time="2025-07-31T07:30:59.253345" level="INFO">${exit1} = 0</msg>
<var>${exit1}</var>
<arg>${SUB_OK}</arg>
<status status="PASS" start="2025-07-31T07:30:59.252444" elapsed="0.000924"/>
</kw>
<kw name="Should Be Equal As Integers" owner="BuiltIn">
<msg time="2025-07-31T07:30:59.253586" level="INFO">Argument types are:
&lt;class 'int'&gt;
&lt;class 'str'&gt;</msg>
<arg>${exit1}</arg>
<arg>0</arg>
<arg>Stable subscriber failed unexpectedly!</arg>
<doc>Fails if objects are unequal after converting them to integers.</doc>
<status status="PASS" start="2025-07-31T07:30:59.253452" elapsed="0.000178"/>
</kw>
<kw name="Log Test Summary" owner="DockerLibrary">
<arg>Network Crash Receive Test ${layer_tag}</arg>
<arg>${True}</arg>
<status status="PASS" start="2025-07-31T07:30:59.253704" elapsed="0.000147"/>
</kw>
<kw name="Stop Container" owner="DockerLibrary">
<arg>${SUB_OK}</arg>
<status status="PASS" start="2025-07-31T07:30:59.253934" elapsed="0.004875"/>
</kw>
<kw name="Stop Container" owner="DockerLibrary">
<arg>${SUB_CRASH}</arg>
<status status="PASS" start="2025-07-31T07:30:59.258891" elapsed="0.005027"/>
</kw>
<kw name="Stop Container" owner="DockerLibrary">
<arg>${PUBLISHER}</arg>
<status status="PASS" start="2025-07-31T07:30:59.264028" elapsed="0.005169"/>
</kw>
<arg>network_udp</arg>
<arg>network</arg>
<status status="PASS" start="2025-07-31T07:30:28.038833" elapsed="31.230423"/>
</kw>
<tag>crash_receive_network_udp</tag>
<status status="PASS" start="2025-07-31T07:30:28.038427" elapsed="31.230920"/>
</test>
<test id="s1-s9-t4" name="Crash During Reception (Network TCP)" line="58">
<kw name="Run Network Crash Receive Test">
<kw name="Set Variable" owner="BuiltIn">
<msg time="2025-07-31T07:30:59.270994" level="INFO">${IMAGE} = sub_send_crash_network_tcp</msg>
<var>${IMAGE}</var>
<arg>${BASE_IMAGE}_${layer_tag}</arg>
<doc>Returns the given values which can then be assigned to a variables.</doc>
<status status="PASS" start="2025-07-31T07:30:59.270830" elapsed="0.000188"/>
</kw>
<kw name="Set Variable" owner="BuiltIn">
<msg time="2025-07-31T07:30:59.271186" level="INFO">${TOPIC} = test_topic</msg>
<var>${TOPIC}</var>
<arg>test_topic</arg>
<doc>Returns the given values which can then be assigned to a variables.</doc>
<status status="PASS" start="2025-07-31T07:30:59.271095" elapsed="0.000109"/>
</kw>
<kw name="Set Variable" owner="BuiltIn">
<msg time="2025-07-31T07:30:59.271379" level="INFO">${SUB_OK} = sub_ok_network_tcp</msg>
<var>${SUB_OK}</var>
<arg>sub_ok_${layer_tag}</arg>
<doc>Returns the given values which can then be assigned to a variables.</doc>
<status status="PASS" start="2025-07-31T07:30:59.271271" elapsed="0.000125"/>
</kw>
<kw name="Set Variable" owner="BuiltIn">
<msg time="2025-07-31T07:30:59.271574" level="INFO">${SUB_CRASH} = sub_crash_network_tcp</msg>
<var>${SUB_CRASH}</var>
<arg>sub_crash_${layer_tag}</arg>
<doc>Returns the given values which can then be assigned to a variables.</doc>
<status status="PASS" start="2025-07-31T07:30:59.271461" elapsed="0.000131"/>
</kw>
<kw name="Set Variable" owner="BuiltIn">
<msg time="2025-07-31T07:30:59.271758" level="INFO">${PUBLISHER} = pub_network_tcp</msg>
<var>${PUBLISHER}</var>
<arg>pub_${layer_tag}</arg>
<doc>Returns the given values which can then be assigned to a variables.</doc>
<status status="PASS" start="2025-07-31T07:30:59.271658" elapsed="0.000117"/>
</kw>
<kw name="Log To Console" owner="BuiltIn">
<arg>\n[INFO] Starting crash test in NETWORK mode: ${layer_tag}</arg>
<doc>Logs the given message to the console.</doc>
<status status="PASS" start="2025-07-31T07:30:59.271839" elapsed="0.000148"/>
</kw>
<kw name="Start Container" owner="DockerLibrary">
<arg>${SUB_OK}</arg>
<arg>${IMAGE}</arg>
<arg>test_subscriber</arg>
<arg>${layer_tag}</arg>
<arg>${TOPIC}</arg>
<arg>${SUB_OK}</arg>
<arg>network=${NETWORK}</arg>
<status status="PASS" start="2025-07-31T07:30:59.272076" elapsed="0.126594"/>
</kw>
<kw name="Start Container" owner="DockerLibrary">
<arg>${SUB_CRASH}</arg>
<arg>${IMAGE}</arg>
<arg>crash_subscriber</arg>
<arg>${layer_tag}</arg>
<arg>${TOPIC}</arg>
<arg>${SUB_CRASH}</arg>
<arg>network=${NETWORK}</arg>
<status status="PASS" start="2025-07-31T07:30:59.398854" elapsed="0.125374"/>
</kw>
<kw name="Start Container" owner="DockerLibrary">
<arg>${PUBLISHER}</arg>
<arg>${IMAGE}</arg>
<arg>large_publisher</arg>
<arg>${layer_tag}</arg>
<arg>${TOPIC}</arg>
<arg>${PUBLISHER}</arg>
<arg>network=${NETWORK}</arg>
<status status="PASS" start="2025-07-31T07:30:59.524469" elapsed="0.138454"/>
</kw>
<kw name="Wait For Container Exit" owner="DockerLibrary">
<arg>${SUB_OK}</arg>
<status status="PASS" start="2025-07-31T07:30:59.663112" elapsed="30.793619"/>
</kw>
<kw name="Wait For Container Exit" owner="DockerLibrary">
<arg>${SUB_CRASH}</arg>
<status status="PASS" start="2025-07-31T07:31:30.457013" elapsed="0.002007"/>
</kw>
<kw name="Wait For Container Exit" owner="DockerLibrary">
<arg>${PUBLISHER}</arg>
<status status="PASS" start="2025-07-31T07:31:30.459181" elapsed="0.001446"/>
</kw>
<kw name="Get Container Logs" owner="DockerLibrary">
<msg time="2025-07-31T07:31:30.463014" level="INFO">${log1} = [Entrypoint] Starting stable subscriber in mode network_tcp
[Test_Sub] Ready and waiting...
[Test_Sub] Received 52428800 bytes (message 1)
[Test_Sub] Received 52428800 bytes (message 2)
[Test_Sub] Rec...</msg>
<var>${log1}</var>
<arg>${SUB_OK}</arg>
<status status="PASS" start="2025-07-31T07:31:30.460730" elapsed="0.002313"/>
</kw>
<kw name="Get Container Logs" owner="DockerLibrary">
<msg time="2025-07-31T07:31:30.465177" level="INFO">${log2} = [Entrypoint] Starting crashing subscriber in mode network_tcp
[Crash_Sub] Simulating crash after 2 seconds during active reception
[Crash_Sub] Listening to topic 'test_topic' in mode 'network_tcp'
[Cr...</msg>
<var>${log2}</var>
<arg>${SUB_CRASH}</arg>
<status status="PASS" start="2025-07-31T07:31:30.463130" elapsed="0.002072"/>
</kw>
<kw name="Get Container Logs" owner="DockerLibrary">
<msg time="2025-07-31T07:31:30.467270" level="INFO">${log3} = [Entrypoint] Starting large publisher in mode network_tcp
[Publisher] Prepared 50MB message.
[Publisher] Waiting for at least 2 subscriber(s) on topic: test_topic
1753947060400 ms | 69743d10d989 | lar...</msg>
<var>${log3}</var>
<arg>${PUBLISHER}</arg>
<status status="PASS" start="2025-07-31T07:31:30.465286" elapsed="0.002009"/>
</kw>
<kw name="Log To Console" owner="BuiltIn">
<arg>\n[LOG: SUBSCRIBER]\n${log1}</arg>
<doc>Logs the given message to the console.</doc>
<status status="PASS" start="2025-07-31T07:31:30.467384" elapsed="0.000157"/>
</kw>
<kw name="Log To Console" owner="BuiltIn">
<arg>\n[LOG: CRASH_SUBSCRIBER]\n${log2}</arg>
<doc>Logs the given message to the console.</doc>
<status status="PASS" start="2025-07-31T07:31:30.467648" elapsed="0.000206"/>
</kw>
<kw name="Log To Console" owner="BuiltIn">
<arg>\n[LOG: PUBLISHER]\n${log3}</arg>
<doc>Logs the given message to the console.</doc>
<status status="PASS" start="2025-07-31T07:31:30.468005" elapsed="0.000180"/>
</kw>
<kw name="Log" owner="BuiltIn">
<msg time="2025-07-31T07:31:30.468397" level="INFO">
[LOG: SUBSCRIBER]
[Entrypoint] Starting stable subscriber in mode network_tcp
[Test_Sub] Ready and waiting...
[Test_Sub] Received 52428800 bytes (message 1)
[Test_Sub] Received 52428800 bytes (message 2)
[Test_Sub] Received 52428800 bytes (message 3)
1753947065136 ms | 395ff24eca63 | test_sub | 7 | error | CTCPReaderLayer - TCPPubSub (Error) -SubscriberSession 172.18.0.2:59050-&gt;69743d10d989:40103: Error reading header length: End of file
1753947065136 ms | 395ff24eca63 | test_sub | 7 | warning | CTCPReaderLayer - TCPPubSub (Warning) -SubscriberSession 172.18.0.2:59066: Failed connecting to publisher 69743d10d989:40103: Connection refused
1753947065137 ms | 395ff24eca63 | test_sub | 7 | warning | CTCPReaderLayer - TCPPubSub (Warning) -SubscriberSession 172.18.0.2:59082: Failed connecting to publisher 69743d10d989:40103: Connection refused
1753947065137 ms | 395ff24eca63 | test_sub | 7 | warning | CTCPReaderLayer - TCPPubSub (Warning) -SubscriberSession 172.18.0.2:59086: Failed connecting to publisher 69743d10d989:40103: Connection refused
1753947065138 ms | 395ff24eca63 | test_sub | 7 | warning | CTCPReaderLayer - TCPPubSub (Warning) -SubscriberSession 172.18.0.2:59094: Failed connecting to publisher 69743d10d989:40103: Connection refused
1753947065138 ms | 395ff24eca63 | test_sub | 7 | warning | CTCPReaderLayer - TCPPubSub (Warning) -SubscriberSession 172.18.0.2:59106: Failed connecting to publisher 69743d10d989:40103: Connection refused
[✓] Received 3 messages.
</msg>
<arg>\n[LOG: SUBSCRIBER]\n${log1}</arg>
<doc>Logs the given message with the given level.</doc>
<status status="PASS" start="2025-07-31T07:31:30.468283" elapsed="0.000158"/>
</kw>
<kw name="Log" owner="BuiltIn">
<msg time="2025-07-31T07:31:30.468604" level="INFO">
[LOG: CRASH_SUBSCRIBER]
[Entrypoint] Starting crashing subscriber in mode network_tcp
[Crash_Sub] Simulating crash after 2 seconds during active reception
[Crash_Sub] Listening to topic 'test_topic' in mode 'network_tcp'
[Crash_Sub] Received 52428800 bytes
./entrypoint.sh: line 62:     7 Aborted                 (core dumped) ./crash_send_subscriber $ARGS $EXTRA
</msg>
<arg>\n[LOG: CRASH_SUBSCRIBER]\n${log2}</arg>
<doc>Logs the given message with the given level.</doc>
<status status="PASS" start="2025-07-31T07:31:30.468512" elapsed="0.000124"/>
</kw>
<kw name="Log" owner="BuiltIn">
<msg time="2025-07-31T07:31:30.468817" level="INFO">
[LOG: PUBLISHER]
[Entrypoint] Starting large publisher in mode network_tcp
[Publisher] Prepared 50MB message.
[Publisher] Waiting for at least 2 subscriber(s) on topic: test_topic
1753947060400 ms | 69743d10d989 | large_publisher | 7 | info | CTCPReaderLayer - TCPPubSub (Info) -Publisher :::0: Created publisher and waiting for clients.
1753947060401 ms | 69743d10d989 | large_publisher | 7 | info | CTCPReaderLayer - TCPPubSub (Info) -Publisher :::40103: Subscriber ::ffff:172.18.0.3:57940 has connected.
1753947060401 ms | 69743d10d989 | large_publisher | 7 | info | CTCPReaderLayer - TCPPubSub (Info) -Publisher :::40103: Subscriber ::ffff:172.18.0.2:59050 has connected.
[Publisher] Found 2 subscriber(s). Proceeding to send messages.
[Publisher] Subscriber detected. Starting to send.
[Publisher] Send result: ✓, size: 52428800 bytes
1753947063116 ms | 69743d10d989 | large_publisher | 7 | warning | CTCPReaderLayer - TCPPubSub (Warning) -PublisherSession ::ffff:172.18.0.4:40103-&gt;?: Failed sending data: Broken pipe
[Publisher] Send result: ✓, size: 52428800 bytes
[Publisher] Send result: ✓, size: 52428800 bytes
[Publisher] Finished sending.
</msg>
<arg>\n[LOG: PUBLISHER]\n${log3}</arg>
<doc>Logs the given message with the given level.</doc>
<status status="PASS" start="2025-07-31T07:31:30.468706" elapsed="0.000150"/>
</kw>
<kw name="Wait For Container Exit" owner="DockerLibrary">
<msg time="2025-07-31T07:31:30.469844" level="INFO">${exit1} = 0</msg>
<var>${exit1}</var>
<arg>${SUB_OK}</arg>
<status status="PASS" start="2025-07-31T07:31:30.468921" elapsed="0.000947"/>
</kw>
<kw name="Should Be Equal As Integers" owner="BuiltIn">
<msg time="2025-07-31T07:31:30.470121" level="INFO">Argument types are:
&lt;class 'int'&gt;
&lt;class 'str'&gt;</msg>
<arg>${exit1}</arg>
<arg>0</arg>
<arg>Stable subscriber failed unexpectedly!</arg>
<doc>Fails if objects are unequal after converting them to integers.</doc>
<status status="PASS" start="2025-07-31T07:31:30.469950" elapsed="0.000217"/>
</kw>
<kw name="Log Test Summary" owner="DockerLibrary">
<arg>Network Crash Receive Test ${layer_tag}</arg>
<arg>${True}</arg>
<status status="PASS" start="2025-07-31T07:31:30.470243" elapsed="0.000148"/>
</kw>
<kw name="Stop Container" owner="DockerLibrary">
<arg>${SUB_OK}</arg>
<status status="PASS" start="2025-07-31T07:31:30.470474" elapsed="0.005085"/>
</kw>
<kw name="Stop Container" owner="DockerLibrary">
<arg>${SUB_CRASH}</arg>
<status status="PASS" start="2025-07-31T07:31:30.475646" elapsed="0.005008"/>
</kw>
<kw name="Stop Container" owner="DockerLibrary">
<arg>${PUBLISHER}</arg>
<status status="PASS" start="2025-07-31T07:31:30.480739" elapsed="0.005147"/>
</kw>
<arg>network_tcp</arg>
<arg>network</arg>
<status status="PASS" start="2025-07-31T07:30:59.270613" elapsed="31.215334"/>
</kw>
<tag>crash_receive_network_tcp</tag>
<status status="PASS" start="2025-07-31T07:30:59.270223" elapsed="31.215888"/>
</test>
<status status="PASS" start="2025-07-31T07:29:05.644997" elapsed="144.841925"/>
</suite>
<status status="PASS" start="2025-07-31T07:18:36.991290" elapsed="773.496394"/>
</suite>
<statistics>
<total>
<stat pass="26" fail="0" skip="0">All Tests</stat>
</total>
<tag>
<stat pass="1" fail="0" skip="0">basic_pub_sub_local_shm</stat>
<stat pass="1" fail="0" skip="0">basic_pub_sub_local_tcp</stat>
<stat pass="1" fail="0" skip="0">basic_pub_sub_local_udp</stat>
<stat pass="1" fail="0" skip="0">basic_pub_sub_network_tcp</stat>
<stat pass="1" fail="0" skip="0">basic_pub_sub_network_udp</stat>
<stat pass="1" fail="0" skip="0">crash_receive_local_shm</stat>
<stat pass="1" fail="0" skip="0">crash_receive_local_tcp</stat>
<stat pass="1" fail="0" skip="0">crash_receive_network_tcp</stat>
<stat pass="1" fail="0" skip="0">crash_receive_network_udp</stat>
<stat pass="1" fail="0" skip="0">multi_pub_sub_local_shm</stat>
<stat pass="1" fail="0" skip="0">multi_pub_sub_local_udp</stat>
<stat pass="1" fail="0" skip="0">multi_pub_sub_network_tcp</stat>
<stat pass="1" fail="0" skip="0">multi_pub_sub_network_udp</stat>
<stat pass="1" fail="0" skip="0">network_crash_test</stat>
<stat pass="1" fail="0" skip="0">pub_crash_local_shm</stat>
<stat pass="2" fail="0" skip="0">pub_crash_network_tcp</stat>
<stat pass="1" fail="0" skip="0">pub_crash_network_udp</stat>
<stat pass="1" fail="0" skip="0">rpc_n_to_n_test</stat>
<stat pass="2" fail="0" skip="0">rpc_reconnect</stat>
<stat pass="1" fail="0" skip="0">rpc_server_client_ping_test</stat>
<stat pass="1" fail="0" skip="0">sub_crash_local_shm</stat>
<stat pass="1" fail="0" skip="0">sub_crash_local_tcp</stat>
<stat pass="1" fail="0" skip="0">sub_crash_local_udp</stat>
<stat pass="1" fail="0" skip="0">sub_crash_network_udp</stat>
</tag>
<suite>
<stat name="Basic Pub Sub &amp; Multi Pub Sub &amp; Network Crash &amp; Pub Crash &amp; Rpc N To N Test &amp; Rpc Ping Test &amp; Rpc Reconnect Test &amp; Sub Crash &amp; Sub Send Crash" id="s1" pass="26" fail="0" skip="0">Basic Pub Sub &amp; Multi Pub Sub &amp; Network Crash &amp; Pub Crash &amp; Rpc N To N Test &amp; Rpc Ping Test &amp; Rpc Reconnect Test &amp; Sub Crash &amp; Sub Send Crash</stat>
<stat name="Basic Pub Sub" id="s1-s1" pass="5" fail="0" skip="0">Basic Pub Sub &amp; Multi Pub Sub &amp; Network Crash &amp; Pub Crash &amp; Rpc N To N Test &amp; Rpc Ping Test &amp; Rpc Reconnect Test &amp; Sub Crash &amp; Sub Send Crash.Basic Pub Sub</stat>
<stat name="Multi Pub Sub" id="s1-s2" pass="4" fail="0" skip="0">Basic Pub Sub &amp; Multi Pub Sub &amp; Network Crash &amp; Pub Crash &amp; Rpc N To N Test &amp; Rpc Ping Test &amp; Rpc Reconnect Test &amp; Sub Crash &amp; Sub Send Crash.Multi Pub Sub</stat>
<stat name="Network Crash" id="s1-s3" pass="1" fail="0" skip="0">Basic Pub Sub &amp; Multi Pub Sub &amp; Network Crash &amp; Pub Crash &amp; Rpc N To N Test &amp; Rpc Ping Test &amp; Rpc Reconnect Test &amp; Sub Crash &amp; Sub Send Crash.Network Crash</stat>
<stat name="Pub Crash" id="s1-s4" pass="3" fail="0" skip="0">Basic Pub Sub &amp; Multi Pub Sub &amp; Network Crash &amp; Pub Crash &amp; Rpc N To N Test &amp; Rpc Ping Test &amp; Rpc Reconnect Test &amp; Sub Crash &amp; Sub Send Crash.Pub Crash</stat>
<stat name="Rpc N To N Test" id="s1-s5" pass="1" fail="0" skip="0">Basic Pub Sub &amp; Multi Pub Sub &amp; Network Crash &amp; Pub Crash &amp; Rpc N To N Test &amp; Rpc Ping Test &amp; Rpc Reconnect Test &amp; Sub Crash &amp; Sub Send Crash.Rpc N To N Test</stat>
<stat name="Rpc Ping Test" id="s1-s6" pass="1" fail="0" skip="0">Basic Pub Sub &amp; Multi Pub Sub &amp; Network Crash &amp; Pub Crash &amp; Rpc N To N Test &amp; Rpc Ping Test &amp; Rpc Reconnect Test &amp; Sub Crash &amp; Sub Send Crash.Rpc Ping Test</stat>
<stat name="Rpc Reconnect Test" id="s1-s7" pass="2" fail="0" skip="0">Basic Pub Sub &amp; Multi Pub Sub &amp; Network Crash &amp; Pub Crash &amp; Rpc N To N Test &amp; Rpc Ping Test &amp; Rpc Reconnect Test &amp; Sub Crash &amp; Sub Send Crash.Rpc Reconnect Test</stat>
<stat name="Sub Crash" id="s1-s8" pass="5" fail="0" skip="0">Basic Pub Sub &amp; Multi Pub Sub &amp; Network Crash &amp; Pub Crash &amp; Rpc N To N Test &amp; Rpc Ping Test &amp; Rpc Reconnect Test &amp; Sub Crash &amp; Sub Send Crash.Sub Crash</stat>
<stat name="Sub Send Crash" id="s1-s9" pass="4" fail="0" skip="0">Basic Pub Sub &amp; Multi Pub Sub &amp; Network Crash &amp; Pub Crash &amp; Rpc N To N Test &amp; Rpc Ping Test &amp; Rpc Reconnect Test &amp; Sub Crash &amp; Sub Send Crash.Sub Send Crash</stat>
</suite>
</statistics>
<errors>
</errors>
</robot>
