<?xml version="1.0" encoding="UTF-8"?>
<robot generator="Robot 7.3 (Python 3.12.3 on linux)" generated="2025-06-12T12:40:47.877696" rpa="false" schemaversion="5">
<suite id="s1" name="Network Crash" source="/home/runner/work/ECAL_Test_Framework/ECAL_Test_Framework/integration_tests/network_crash/robottests/network_crash.robot">
<kw name="Init Test Context" type="SETUP">
<kw name="Set Test Context" owner="GlobalPathsLibrary">
<arg>network_crash</arg>
<arg>network_crash</arg>
<doc>Sets the test folder (e.g. basic_pub_sub or message_validation) and tag prefix (e.g. basic_pub_sub).
Should be called once in Suite Setup if you're using non-default test cases.</doc>
<status status="PASS" start="2025-06-12T12:40:47.974583" elapsed="0.000159"/>
</kw>
<kw name="Get Build Script Path" owner="GlobalPathsLibrary">
<msg time="2025-06-12T12:40:47.974987" level="INFO">${build} = /home/runner/work/ECAL_Test_Framework/ECAL_Test_Framework/integration_tests/network_crash/scripts/build_images.sh</msg>
<var>${build}</var>
<status status="PASS" start="2025-06-12T12:40:47.974854" elapsed="0.000161"/>
</kw>
<kw name="Get Network Name" owner="GlobalPathsLibrary">
<msg time="2025-06-12T12:40:47.975187" level="INFO">${net} = ecal_test_net</msg>
<var>${net}</var>
<status status="PASS" start="2025-06-12T12:40:47.975090" elapsed="0.000117"/>
</kw>
<kw name="Get Build Script Args" owner="GlobalPathsLibrary">
<msg time="2025-06-12T12:40:47.975362" level="INFO">${args} = ['network_crash']</msg>
<var>${args}</var>
<status status="PASS" start="2025-06-12T12:40:47.975272" elapsed="0.000108"/>
</kw>
<kw name="Set Suite Variable" owner="BuiltIn">
<msg time="2025-06-12T12:40:47.975629" level="INFO">${BUILD_SCRIPT} = /home/runner/work/ECAL_Test_Framework/ECAL_Test_Framework/integration_tests/network_crash/scripts/build_images.sh</msg>
<arg>${BUILD_SCRIPT}</arg>
<arg>${build}</arg>
<doc>Makes a variable available everywhere within the scope of the current suite.</doc>
<status status="PASS" start="2025-06-12T12:40:47.975466" elapsed="0.000195"/>
</kw>
<kw name="Set Suite Variable" owner="BuiltIn">
<msg time="2025-06-12T12:40:47.975865" level="INFO">${NETWORK} = ecal_test_net</msg>
<arg>${NETWORK}</arg>
<arg>${net}</arg>
<doc>Makes a variable available everywhere within the scope of the current suite.</doc>
<status status="PASS" start="2025-06-12T12:40:47.975739" elapsed="0.000159"/>
</kw>
<kw name="Log To Console" owner="BuiltIn">
<arg>[SETUP] Building image...</arg>
<doc>Logs the given message to the console.</doc>
<status status="PASS" start="2025-06-12T12:40:47.975987" elapsed="0.000101"/>
</kw>
<kw name="Run Process" owner="Process">
<msg time="2025-06-12T12:40:47.976401" level="INFO">Starting process:
/home/runner/work/ECAL_Test_Framework/ECAL_Test_Framework/integration_tests/network_crash/scripts/build_images.sh network_crash</msg>
<msg time="2025-06-12T12:40:47.976846" level="INFO">Waiting for process to complete.</msg>
<msg time="2025-06-12T12:40:57.526289" level="INFO">Process completed.</msg>
<msg time="2025-06-12T12:40:57.526469" level="INFO">${result} = &lt;result object with rc 0&gt;</msg>
<var>${result}</var>
<arg>${BUILD_SCRIPT}</arg>
<arg>@{args}</arg>
<doc>Runs a process and waits for it to complete.</doc>
<status status="PASS" start="2025-06-12T12:40:47.976211" elapsed="9.550283"/>
</kw>
<kw name="Should Be Equal As Integers" owner="BuiltIn">
<msg time="2025-06-12T12:40:57.527198" level="INFO">Argument types are:
&lt;class 'int'&gt;
&lt;class 'str'&gt;</msg>
<arg>${result.rc}</arg>
<arg>0</arg>
<arg>Docker image build failed!</arg>
<doc>Fails if objects are unequal after converting them to integers.</doc>
<status status="PASS" start="2025-06-12T12:40:57.526654" elapsed="0.000599"/>
</kw>
<kw name="Create Docker Network" owner="MyDockerLibrary">
<arg>${NETWORK}</arg>
<status status="PASS" start="2025-06-12T12:40:57.527340" elapsed="0.007792"/>
</kw>
<kw name="Sleep" owner="BuiltIn">
<msg time="2025-06-12T12:40:59.535535" level="INFO">Slept 2 seconds.</msg>
<arg>2s</arg>
<doc>Pauses the test executed for the given time.</doc>
<status status="PASS" start="2025-06-12T12:40:57.535258" elapsed="2.000387"/>
</kw>
<status status="PASS" start="2025-06-12T12:40:47.974112" elapsed="11.561625"/>
</kw>
<test id="s1-t1" name="Local communication survives Network crash" line="45">
<kw name="Run Network Crash Survival Test">
<kw name="Set Variable" owner="BuiltIn">
<msg time="2025-06-12T12:40:59.536918" level="INFO">${IMAGE} = network_crash_local_udp</msg>
<var>${IMAGE}</var>
<arg>${BASE_IMAGE}_local_udp</arg>
<doc>Returns the given values which can then be assigned to a variables.</doc>
<status status="PASS" start="2025-06-12T12:40:59.536768" elapsed="0.000171"/>
</kw>
<kw name="Set Variable" owner="BuiltIn">
<msg time="2025-06-12T12:40:59.537123" level="INFO">${TOPIC} = test_topic</msg>
<var>${TOPIC}</var>
<arg>test_topic</arg>
<doc>Returns the given values which can then be assigned to a variables.</doc>
<status status="PASS" start="2025-06-12T12:40:59.537035" elapsed="0.000105"/>
</kw>
<kw name="Set Variable" owner="BuiltIn">
<msg time="2025-06-12T12:40:59.537297" level="INFO">${NET_PUB} = udp_network_pub</msg>
<var>${NET_PUB}</var>
<arg>udp_network_pub</arg>
<doc>Returns the given values which can then be assigned to a variables.</doc>
<status status="PASS" start="2025-06-12T12:40:59.537213" elapsed="0.000101"/>
</kw>
<kw name="Set Variable" owner="BuiltIn">
<msg time="2025-06-12T12:40:59.537460" level="INFO">${LOCAL_ALL} = udp_local_all</msg>
<var>${LOCAL_ALL}</var>
<arg>udp_local_all</arg>
<doc>Returns the given values which can then be assigned to a variables.</doc>
<status status="PASS" start="2025-06-12T12:40:59.537381" elapsed="0.000096"/>
</kw>
<kw name="Log To Console" owner="BuiltIn">
<arg>\n\n[INFO] Starting "LOCAL UDP (PUB1 + SUB + PUB3)" in one container and "NETWORK UDP (PUB2)" separately...</arg>
<doc>Logs the given message to the console.</doc>
<status status="PASS" start="2025-06-12T12:40:59.537542" elapsed="0.000110"/>
</kw>
<kw name="Start Container" owner="MyDockerLibrary">
<arg>${LOCAL_ALL}</arg>
<arg>${IMAGE}</arg>
<arg>udp_local_all</arg>
<arg>${TOPIC}</arg>
<arg>${LOCAL_ALL}</arg>
<arg>network=${NETWORK}</arg>
<status status="PASS" start="2025-06-12T12:40:59.537743" elapsed="0.139349"/>
</kw>
<kw name="Start Container" owner="MyDockerLibrary">
<arg>${NET_PUB}</arg>
<arg>${IMAGE}</arg>
<arg>udp_network_pub</arg>
<arg>${TOPIC}</arg>
<arg>${NET_PUB}</arg>
<arg>network=${NETWORK}</arg>
<status status="PASS" start="2025-06-12T12:40:59.677322" elapsed="0.129513"/>
</kw>
<kw name="Log To Console" owner="BuiltIn">
<arg>\n[INFO] Letting PUB1 and PUB2 run in parallel for 7s...</arg>
<doc>Logs the given message to the console.</doc>
<status status="PASS" start="2025-06-12T12:40:59.807053" elapsed="0.000180"/>
</kw>
<kw name="Sleep" owner="BuiltIn">
<msg time="2025-06-12T12:41:06.807630" level="INFO">Slept 7 seconds.</msg>
<arg>7s</arg>
<doc>Pauses the test executed for the given time.</doc>
<status status="PASS" start="2025-06-12T12:40:59.807343" elapsed="7.000406"/>
</kw>
<kw name="Log To Console" owner="BuiltIn">
<arg>\n[SIMULATION] Disconnecting NETWORK UDP Publisher...</arg>
<doc>Logs the given message to the console.</doc>
<status status="PASS" start="2025-06-12T12:41:06.807921" elapsed="0.000233"/>
</kw>
<kw name="Disconnect Container From Network">
<kw name="Log To Console" owner="BuiltIn">
<arg>\n[SIMULATION] Disconnecting ${container} from ${network} (simulate network failure)...</arg>
<doc>Logs the given message to the console.</doc>
<status status="PASS" start="2025-06-12T12:41:06.808897" elapsed="0.000183"/>
</kw>
<kw name="Run Process" owner="Process">
<msg time="2025-06-12T12:41:06.809394" level="INFO">Starting process:
docker network disconnect ecal_test_net udp_network_pub</msg>
<msg time="2025-06-12T12:41:06.810071" level="INFO">Waiting for process to complete.</msg>
<msg time="2025-06-12T12:41:06.857453" level="INFO">Process completed.</msg>
<msg time="2025-06-12T12:41:06.857909" level="INFO">${result} = &lt;result object with rc 0&gt;</msg>
<var>${result}</var>
<arg>docker</arg>
<arg>network</arg>
<arg>disconnect</arg>
<arg>${network}</arg>
<arg>${container}</arg>
<doc>Runs a process and waits for it to complete.</doc>
<status status="PASS" start="2025-06-12T12:41:06.809199" elapsed="0.048795"/>
</kw>
<kw name="Should Be Equal As Integers" owner="BuiltIn">
<msg time="2025-06-12T12:41:06.859019" level="INFO">Argument types are:
&lt;class 'int'&gt;
&lt;class 'str'&gt;</msg>
<arg>${result.rc}</arg>
<arg>0</arg>
<arg>Failed to disconnect ${container} from ${network}</arg>
<doc>Fails if objects are unequal after converting them to integers.</doc>
<status status="PASS" start="2025-06-12T12:41:06.858259" elapsed="0.000834"/>
</kw>
<kw name="Sleep" owner="BuiltIn">
<msg time="2025-06-12T12:41:07.859478" level="INFO">Slept 1 second.</msg>
<arg>1s</arg>
<doc>Pauses the test executed for the given time.</doc>
<status status="PASS" start="2025-06-12T12:41:06.859214" elapsed="1.000374"/>
</kw>
<arg>${NET_PUB}</arg>
<arg>${NETWORK}</arg>
<status status="PASS" start="2025-06-12T12:41:06.808385" elapsed="1.051289"/>
</kw>
<kw name="Wait For Container Exit" owner="MyDockerLibrary">
<arg>${LOCAL_ALL}</arg>
<status status="PASS" start="2025-06-12T12:41:07.859802" elapsed="21.879220"/>
</kw>
<kw name="Get Container Logs" owner="MyDockerLibrary">
<msg time="2025-06-12T12:41:29.742126" level="INFO">${log_local} = [Entrypoint] Starting UDP subscriber, then UDP publisher...
[Publisher] Waiting for at least 1 subscriber(s) on topic: test_topic
[Publisher] Found 1 subscriber(s). Proceeding to send messages.
[Subsc...</msg>
<var>${log_local}</var>
<arg>${LOCAL_ALL}</arg>
<status status="PASS" start="2025-06-12T12:41:29.739201" elapsed="0.002953"/>
</kw>
<kw name="Log To Console" owner="BuiltIn">
<arg>\n[LOG: LOCAL UDP PUB + SUB + PUB3 CONTAINER]\n${log_local}</arg>
<doc>Logs the given message to the console.</doc>
<status status="PASS" start="2025-06-12T12:41:29.742247" elapsed="0.000169"/>
</kw>
<kw name="Wait For Container Exit" owner="MyDockerLibrary">
<msg time="2025-06-12T12:41:29.743593" level="INFO">${exit_code} = 0</msg>
<var>${exit_code}</var>
<arg>${LOCAL_ALL}</arg>
<status status="PASS" start="2025-06-12T12:41:29.742530" elapsed="0.001088"/>
</kw>
<kw name="Should Be Equal As Integers" owner="BuiltIn">
<msg time="2025-06-12T12:41:29.743842" level="INFO">Argument types are:
&lt;class 'int'&gt;
&lt;class 'str'&gt;</msg>
<arg>${exit_code}</arg>
<arg>0</arg>
<arg>LOCAL container (PUB + SUB + PUB3) failed unexpectedly!</arg>
<doc>Fails if objects are unequal after converting them to integers.</doc>
<status status="PASS" start="2025-06-12T12:41:29.743702" elapsed="0.000186"/>
</kw>
<kw name="Log Test Summary" owner="MyDockerLibrary">
<arg>Network Crash Test with Local Recovery Publisher</arg>
<arg>${True}</arg>
<status status="PASS" start="2025-06-12T12:41:29.743991" elapsed="0.000122"/>
</kw>
<status status="PASS" start="2025-06-12T12:40:59.536553" elapsed="30.207634"/>
</kw>
<tag>network_crash_test</tag>
<status status="PASS" start="2025-06-12T12:40:59.535821" elapsed="30.208472"/>
</test>
<status status="PASS" start="2025-06-12T12:40:47.878473" elapsed="41.866627"/>
</suite>
<statistics>
<total>
<stat pass="1" fail="0" skip="0">All Tests</stat>
</total>
<tag>
<stat pass="1" fail="0" skip="0">network_crash_test</stat>
</tag>
<suite>
<stat name="Network Crash" id="s1" pass="1" fail="0" skip="0">Network Crash</stat>
</suite>
</statistics>
<errors>
</errors>
</robot>
