<?xml version="1.0" encoding="UTF-8"?>
<robot generator="Robot 7.3.2 (Python 3.12.3 on linux)" generated="2025-07-10T10:24:36.370654" rpa="false" schemaversion="5">
<suite id="s1" name="Basic Pub Sub &amp; Multi Pub Sub &amp; Network Crash &amp; Pub Crash &amp; Rpc N To N Test &amp; Rpc Ping Test &amp; Rpc Reconnect Test &amp; Sub Crash &amp; Sub Send Crash">
<suite id="s1-s1" name="Basic Pub Sub" source="/home/runner/work/ECAL_Test_Framework/ECAL_Test_Framework/integration_tests/basic_pub_sub/robottests/basic_pub_sub.robot">
<kw name="Init Test Context" type="SETUP">
<kw name="Set Test Context" owner="GlobalPathsLibrary">
<arg>basic_pub_sub</arg>
<arg>basic_pub_sub</arg>
<doc>Sets the test folder and tag prefix if it's a valid test case.
The folder must exist under integration_tests/ and contain typical test structure.</doc>
<status status="PASS" start="2025-07-10T10:24:36.489096" elapsed="0.000188"/>
</kw>
<kw name="Get Build Script Path" owner="GlobalPathsLibrary">
<msg time="2025-07-10T10:24:36.489511" level="INFO">${build} = /home/runner/work/ECAL_Test_Framework/ECAL_Test_Framework/integration_tests/basic_pub_sub/scripts/build_images.sh</msg>
<var>${build}</var>
<status status="PASS" start="2025-07-10T10:24:36.489396" elapsed="0.000141"/>
</kw>
<kw name="Get Network Name" owner="GlobalPathsLibrary">
<msg time="2025-07-10T10:24:36.489698" level="INFO">${net} = ecal_test_net</msg>
<var>${net}</var>
<status status="PASS" start="2025-07-10T10:24:36.489611" elapsed="0.000106"/>
</kw>
<kw name="Get Build Script Args" owner="GlobalPathsLibrary">
<msg time="2025-07-10T10:24:36.489863" level="INFO">${args} = ['basic_pub_sub']</msg>
<var>${args}</var>
<status status="PASS" start="2025-07-10T10:24:36.489782" elapsed="0.000100"/>
</kw>
<kw name="Set Suite Variable" owner="BuiltIn">
<msg time="2025-07-10T10:24:36.490143" level="INFO">${BUILD_SCRIPT} = /home/runner/work/ECAL_Test_Framework/ECAL_Test_Framework/integration_tests/basic_pub_sub/scripts/build_images.sh</msg>
<arg>${BUILD_SCRIPT}</arg>
<arg>${build}</arg>
<doc>Makes a variable available everywhere within the scope of the current suite.</doc>
<status status="PASS" start="2025-07-10T10:24:36.489960" elapsed="0.000214"/>
</kw>
<kw name="Set Suite Variable" owner="BuiltIn">
<msg time="2025-07-10T10:24:36.490382" level="INFO">${NETWORK} = ecal_test_net</msg>
<arg>${NETWORK}</arg>
<arg>${net}</arg>
<doc>Makes a variable available everywhere within the scope of the current suite.</doc>
<status status="PASS" start="2025-07-10T10:24:36.490255" elapsed="0.000156"/>
</kw>
<kw name="Get Test Description" owner="GlobalPathsLibrary">
<msg time="2025-07-10T10:24:36.490625" level="INFO">${desc} = This test checks basic communication between a single publisher and a single subscriber.

Test Setup:
- The publisher sends 4 messages, each 0.2 MB in size, on a single topic.
- The subscriber listens...</msg>
<var>${desc}</var>
<doc>Reads the *** Comments *** section from the .robot file and returns it as a string.</doc>
<status status="PASS" start="2025-07-10T10:24:36.490478" elapsed="0.000167"/>
</kw>
<kw name="Log" owner="BuiltIn">
<msg time="2025-07-10T10:24:36.490805" level="INFO">This test checks basic communication between a single publisher and a single subscriber.

Test Setup:
- The publisher sends 4 messages, each 0.2 MB in size, on a single topic.
- The subscriber listens on that topic for 6 seconds and counts received messages.

Covered eCAL modes:
- local_shm
- local_udp
- local_tcp
- network_udp
- network_tcp

Goals:
- Ensure that basic 1:1 communication works reliably across all transport modes.
- Validate correct transmission of payloads (200 KB).

Success Criteria:
- The subscriber receives exactly 4 messages.
- If true, it exits with code 0.
- Otherwise, it exits with code 1.</msg>
<arg>${desc}</arg>
<doc>Logs the given message with the given level.</doc>
<status status="PASS" start="2025-07-10T10:24:36.490716" elapsed="0.000121"/>
</kw>
<kw name="Log To Console" owner="BuiltIn">
<arg>[SETUP] Building Docker image...</arg>
<doc>Logs the given message to the console.</doc>
<status status="PASS" start="2025-07-10T10:24:36.490903" elapsed="0.000122"/>
</kw>
<kw name="Run Process" owner="Process">
<msg time="2025-07-10T10:24:36.491331" level="INFO">Starting process:
/home/runner/work/ECAL_Test_Framework/ECAL_Test_Framework/integration_tests/basic_pub_sub/scripts/build_images.sh basic_pub_sub</msg>
<msg time="2025-07-10T10:24:36.491750" level="INFO">Waiting for process to complete.</msg>
<msg time="2025-07-10T10:24:51.187526" level="INFO">Process completed.</msg>
<msg time="2025-07-10T10:24:51.187692" level="INFO">${result} = &lt;result object with rc 0&gt;</msg>
<var>${result}</var>
<arg>${BUILD_SCRIPT}</arg>
<arg>@{args}</arg>
<doc>Runs a process and waits for it to complete.</doc>
<status status="PASS" start="2025-07-10T10:24:36.491138" elapsed="14.696579"/>
</kw>
<kw name="Should Be Equal As Integers" owner="BuiltIn">
<msg time="2025-07-10T10:24:51.188530" level="INFO">Argument types are:
&lt;class 'int'&gt;
&lt;class 'str'&gt;</msg>
<arg>${result.rc}</arg>
<arg>0</arg>
<arg>Failed to build Docker image!</arg>
<doc>Fails if objects are unequal after converting them to integers.</doc>
<status status="PASS" start="2025-07-10T10:24:51.187867" elapsed="0.000718"/>
</kw>
<kw name="Create Docker Network" owner="MyDockerLibrary">
<arg>${NETWORK}</arg>
<status status="PASS" start="2025-07-10T10:24:51.188670" elapsed="0.042174"/>
</kw>
<kw name="Sleep" owner="BuiltIn">
<msg time="2025-07-10T10:24:54.231341" level="INFO">Slept 3 seconds.</msg>
<arg>3s</arg>
<doc>Pauses the test executed for the given time.</doc>
<status status="PASS" start="2025-07-10T10:24:51.231033" elapsed="3.000415"/>
</kw>
<status status="PASS" start="2025-07-10T10:24:36.488620" elapsed="17.742917"/>
</kw>
<test id="s1-s1-t1" name="Basic Pub/Sub Local SHM" line="38">
<kw name="Run Local Pub Sub Test">
<kw name="Set Variable" owner="BuiltIn">
<msg time="2025-07-10T10:24:54.232567" level="INFO">${IMAGE} = basic_pub_sub_local_shm</msg>
<var>${IMAGE}</var>
<arg>${BASE_IMAGE}_${layer_tag}</arg>
<doc>Returns the given values which can then be assigned to a variables.</doc>
<status status="PASS" start="2025-07-10T10:24:54.232400" elapsed="0.000189"/>
</kw>
<kw name="Set Variable" owner="BuiltIn">
<msg time="2025-07-10T10:24:54.232777" level="INFO">${CONTAINER} = basic_local_local_shm</msg>
<var>${CONTAINER}</var>
<arg>basic_local_${layer_tag}</arg>
<doc>Returns the given values which can then be assigned to a variables.</doc>
<status status="PASS" start="2025-07-10T10:24:54.232664" elapsed="0.000130"/>
</kw>
<kw name="Log To Console" owner="BuiltIn">
<arg>\n[INFO] Running local pub/sub test in mode: ${layer_tag}</arg>
<doc>Logs the given message to the console.</doc>
<status status="PASS" start="2025-07-10T10:24:54.232862" elapsed="0.000146"/>
</kw>
<kw name="Start Container" owner="MyDockerLibrary">
<arg>${CONTAINER}</arg>
<arg>${IMAGE}</arg>
<arg>local</arg>
<arg>${layer_tag}</arg>
<arg>test_topic</arg>
<arg>${CONTAINER}</arg>
<status status="PASS" start="2025-07-10T10:24:54.233085" elapsed="0.114746"/>
</kw>
<kw name="Sleep" owner="BuiltIn">
<msg time="2025-07-10T10:25:03.348323" level="INFO">Slept 9 seconds.</msg>
<arg>9s</arg>
<doc>Pauses the test executed for the given time.</doc>
<status status="PASS" start="2025-07-10T10:24:54.348014" elapsed="9.000423"/>
</kw>
<kw name="Get Container Logs" owner="MyDockerLibrary">
<msg time="2025-07-10T10:25:03.352090" level="INFO">${logs} = [Entrypoint] Starting subscriber and publisher in mode local_shm
Shared memory monitoring is enabled (domain: ecal_mon - queue size: 1024)
[Publisher] Waiting for at least 1 subscriber(s) on topic: te...</msg>
<var>${logs}</var>
<arg>${CONTAINER}</arg>
<status status="PASS" start="2025-07-10T10:25:03.348602" elapsed="0.003521"/>
</kw>
<kw name="Log To Console" owner="BuiltIn">
<arg>\n[CONTAINER LOG: LOCAL PUB+SUB]\n${logs}</arg>
<doc>Logs the given message to the console.</doc>
<status status="PASS" start="2025-07-10T10:25:03.352231" elapsed="0.000172"/>
</kw>
<kw name="Log" owner="BuiltIn">
<msg time="2025-07-10T10:25:03.352630" level="INFO">
[CONTAINER LOG: LOCAL PUB+SUB]
[Entrypoint] Starting subscriber and publisher in mode local_shm
Shared memory monitoring is enabled (domain: ecal_mon - queue size: 1024)
[Publisher] Waiting for at least 1 subscriber(s) on topic: test_topic
[Publisher] Found 1 subscriber(s). Proceeding to send messages.
[Publisher] Send result: ✓, size: 209715 bytes
[Publisher] Send result: ✓, size: 209715 bytes
[Publisher] Send result: ✓, size: 209715 bytes
[Publisher] Send result: ✓, size: 209715 bytes
[Publisher] Finished sending.
Shared memory monitoring is enabled (domain: ecal_mon - queue size: 1024)


[Subscriber] Ready and waiting...

[Subscriber] Received 209715 bytes (message 1)
[Subscriber] Received 209715 bytes (message 2)
[Subscriber] Received 209715 bytes (message 3)
[Subscriber] Received 209715 bytes (message 4)
[Subscriber] Received 4 messages.
</msg>
<arg>\n[CONTAINER LOG: LOCAL PUB+SUB]\n${logs}</arg>
<doc>Logs the given message with the given level.</doc>
<status status="PASS" start="2025-07-10T10:25:03.352508" elapsed="0.000211"/>
</kw>
<kw name="Wait For Container Exit" owner="MyDockerLibrary">
<msg time="2025-07-10T10:25:03.353821" level="INFO">${exit_code} = 0</msg>
<var>${exit_code}</var>
<arg>${CONTAINER}</arg>
<status status="PASS" start="2025-07-10T10:25:03.352795" elapsed="0.001049"/>
</kw>
<kw name="Should Be Equal As Integers" owner="BuiltIn">
<msg time="2025-07-10T10:25:03.354098" level="INFO">Argument types are:
&lt;class 'int'&gt;
&lt;class 'str'&gt;</msg>
<arg>${exit_code}</arg>
<arg>0</arg>
<arg>Local communication test failed!</arg>
<doc>Fails if objects are unequal after converting them to integers.</doc>
<status status="PASS" start="2025-07-10T10:25:03.353925" elapsed="0.000219"/>
</kw>
<kw name="Log Test Summary" owner="MyDockerLibrary">
<arg>Basic Pub/Sub Local ${layer_tag}</arg>
<arg>${True}</arg>
<status status="PASS" start="2025-07-10T10:25:03.354220" elapsed="0.000136"/>
</kw>
<kw name="Stop Container" owner="MyDockerLibrary">
<arg>${CONTAINER}</arg>
<status status="PASS" start="2025-07-10T10:25:03.354448" elapsed="0.004820"/>
</kw>
<kw name="Sleep" owner="BuiltIn">
<msg time="2025-07-10T10:25:04.359602" level="INFO">Slept 1 second.</msg>
<arg>1s</arg>
<doc>Pauses the test executed for the given time.</doc>
<status status="PASS" start="2025-07-10T10:25:03.359353" elapsed="1.000370"/>
</kw>
<arg>local_shm</arg>
<status status="PASS" start="2025-07-10T10:24:54.232150" elapsed="10.127678"/>
</kw>
<tag>basic_pub_sub_local_shm</tag>
<status status="PASS" start="2025-07-10T10:24:54.231612" elapsed="10.128346"/>
</test>
<test id="s1-s1-t2" name="Basic Pub/Sub Local UDP" line="42">
<kw name="Run Local Pub Sub Test">
<kw name="Set Variable" owner="BuiltIn">
<msg time="2025-07-10T10:25:04.361370" level="INFO">${IMAGE} = basic_pub_sub_local_udp</msg>
<var>${IMAGE}</var>
<arg>${BASE_IMAGE}_${layer_tag}</arg>
<doc>Returns the given values which can then be assigned to a variables.</doc>
<status status="PASS" start="2025-07-10T10:25:04.361225" elapsed="0.000166"/>
</kw>
<kw name="Set Variable" owner="BuiltIn">
<msg time="2025-07-10T10:25:04.361577" level="INFO">${CONTAINER} = basic_local_local_udp</msg>
<var>${CONTAINER}</var>
<arg>basic_local_${layer_tag}</arg>
<doc>Returns the given values which can then be assigned to a variables.</doc>
<status status="PASS" start="2025-07-10T10:25:04.361471" elapsed="0.000123"/>
</kw>
<kw name="Log To Console" owner="BuiltIn">
<arg>\n[INFO] Running local pub/sub test in mode: ${layer_tag}</arg>
<doc>Logs the given message to the console.</doc>
<status status="PASS" start="2025-07-10T10:25:04.361659" elapsed="0.000120"/>
</kw>
<kw name="Start Container" owner="MyDockerLibrary">
<arg>${CONTAINER}</arg>
<arg>${IMAGE}</arg>
<arg>local</arg>
<arg>${layer_tag}</arg>
<arg>test_topic</arg>
<arg>${CONTAINER}</arg>
<status status="PASS" start="2025-07-10T10:25:04.361870" elapsed="0.119986"/>
</kw>
<kw name="Sleep" owner="BuiltIn">
<msg time="2025-07-10T10:25:13.482378" level="INFO">Slept 9 seconds.</msg>
<arg>9s</arg>
<doc>Pauses the test executed for the given time.</doc>
<status status="PASS" start="2025-07-10T10:25:04.482062" elapsed="9.000433"/>
</kw>
<kw name="Get Container Logs" owner="MyDockerLibrary">
<msg time="2025-07-10T10:25:13.485363" level="INFO">${logs} = [Entrypoint] Starting subscriber and publisher in mode local_udp
[Publisher] Waiting for at least 1 subscriber(s) on topic: test_topic
[Publisher] Found 1 subscriber(s). Proceeding to send messages.
[...</msg>
<var>${logs}</var>
<arg>${CONTAINER}</arg>
<status status="PASS" start="2025-07-10T10:25:13.482666" elapsed="0.002722"/>
</kw>
<kw name="Log To Console" owner="BuiltIn">
<arg>\n[CONTAINER LOG: LOCAL PUB+SUB]\n${logs}</arg>
<doc>Logs the given message to the console.</doc>
<status status="PASS" start="2025-07-10T10:25:13.485475" elapsed="0.000149"/>
</kw>
<kw name="Log" owner="BuiltIn">
<msg time="2025-07-10T10:25:13.485847" level="INFO">
[CONTAINER LOG: LOCAL PUB+SUB]
[Entrypoint] Starting subscriber and publisher in mode local_udp
[Publisher] Waiting for at least 1 subscriber(s) on topic: test_topic
[Publisher] Found 1 subscriber(s). Proceeding to send messages.
[Publisher] Send result: ✓, size: 209715 bytes
[Publisher] Send result: ✓, size: 209715 bytes
[Publisher] Send result: ✓, size: 209715 bytes
[Publisher] Send result: ✓, size: 209715 bytes
[Publisher] Finished sending.


[Subscriber] Ready and waiting...

[Subscriber] Received 209715 bytes (message 1)
[Subscriber] Received 209715 bytes (message 2)
[Subscriber] Received 209715 bytes (message 3)
[Subscriber] Received 209715 bytes (message 4)
[Subscriber] Received 4 messages.
</msg>
<arg>\n[CONTAINER LOG: LOCAL PUB+SUB]\n${logs}</arg>
<doc>Logs the given message with the given level.</doc>
<status status="PASS" start="2025-07-10T10:25:13.485727" elapsed="0.000158"/>
</kw>
<kw name="Wait For Container Exit" owner="MyDockerLibrary">
<msg time="2025-07-10T10:25:13.486948" level="INFO">${exit_code} = 0</msg>
<var>${exit_code}</var>
<arg>${CONTAINER}</arg>
<status status="PASS" start="2025-07-10T10:25:13.485955" elapsed="0.001042"/>
</kw>
<kw name="Should Be Equal As Integers" owner="BuiltIn">
<msg time="2025-07-10T10:25:13.487230" level="INFO">Argument types are:
&lt;class 'int'&gt;
&lt;class 'str'&gt;</msg>
<arg>${exit_code}</arg>
<arg>0</arg>
<arg>Local communication test failed!</arg>
<doc>Fails if objects are unequal after converting them to integers.</doc>
<status status="PASS" start="2025-07-10T10:25:13.487093" elapsed="0.000179"/>
</kw>
<kw name="Log Test Summary" owner="MyDockerLibrary">
<arg>Basic Pub/Sub Local ${layer_tag}</arg>
<arg>${True}</arg>
<status status="PASS" start="2025-07-10T10:25:13.487346" elapsed="0.000141"/>
</kw>
<kw name="Stop Container" owner="MyDockerLibrary">
<arg>${CONTAINER}</arg>
<status status="PASS" start="2025-07-10T10:25:13.487579" elapsed="0.005452"/>
</kw>
<kw name="Sleep" owner="BuiltIn">
<msg time="2025-07-10T10:25:14.493363" level="INFO">Slept 1 second.</msg>
<arg>1s</arg>
<doc>Pauses the test executed for the given time.</doc>
<status status="PASS" start="2025-07-10T10:25:13.493118" elapsed="1.000356"/>
</kw>
<arg>local_udp</arg>
<status status="PASS" start="2025-07-10T10:25:04.361002" elapsed="10.132561"/>
</kw>
<tag>basic_pub_sub_local_udp</tag>
<status status="PASS" start="2025-07-10T10:25:04.360569" elapsed="10.133135"/>
</test>
<test id="s1-s1-t3" name="Basic Pub/Sub Local TCP" line="46">
<kw name="Run Local Pub Sub Test">
<kw name="Set Variable" owner="BuiltIn">
<msg time="2025-07-10T10:25:14.495070" level="INFO">${IMAGE} = basic_pub_sub_local_tcp</msg>
<var>${IMAGE}</var>
<arg>${BASE_IMAGE}_${layer_tag}</arg>
<doc>Returns the given values which can then be assigned to a variables.</doc>
<status status="PASS" start="2025-07-10T10:25:14.494890" elapsed="0.000205"/>
</kw>
<kw name="Set Variable" owner="BuiltIn">
<msg time="2025-07-10T10:25:14.495278" level="INFO">${CONTAINER} = basic_local_local_tcp</msg>
<var>${CONTAINER}</var>
<arg>basic_local_${layer_tag}</arg>
<doc>Returns the given values which can then be assigned to a variables.</doc>
<status status="PASS" start="2025-07-10T10:25:14.495169" elapsed="0.000132"/>
</kw>
<kw name="Log To Console" owner="BuiltIn">
<arg>\n[INFO] Running local pub/sub test in mode: ${layer_tag}</arg>
<doc>Logs the given message to the console.</doc>
<status status="PASS" start="2025-07-10T10:25:14.495435" elapsed="0.000125"/>
</kw>
<kw name="Start Container" owner="MyDockerLibrary">
<arg>${CONTAINER}</arg>
<arg>${IMAGE}</arg>
<arg>local</arg>
<arg>${layer_tag}</arg>
<arg>test_topic</arg>
<arg>${CONTAINER}</arg>
<status status="PASS" start="2025-07-10T10:25:14.495654" elapsed="0.114615"/>
</kw>
<kw name="Sleep" owner="BuiltIn">
<msg time="2025-07-10T10:25:23.610810" level="INFO">Slept 9 seconds.</msg>
<arg>9s</arg>
<doc>Pauses the test executed for the given time.</doc>
<status status="PASS" start="2025-07-10T10:25:14.610484" elapsed="9.000441"/>
</kw>
<kw name="Get Container Logs" owner="MyDockerLibrary">
<msg time="2025-07-10T10:25:23.613963" level="INFO">${logs} = [Entrypoint] Starting subscriber and publisher in mode local_tcp
[Publisher] Waiting for at least 1 subscriber(s) on topic: test_topic
1752143116613 ms | 2fad11c9dbc1 | pub_test | 7 | info | CTCPReade...</msg>
<var>${logs}</var>
<arg>${CONTAINER}</arg>
<status status="PASS" start="2025-07-10T10:25:23.611126" elapsed="0.002890"/>
</kw>
<kw name="Log To Console" owner="BuiltIn">
<arg>\n[CONTAINER LOG: LOCAL PUB+SUB]\n${logs}</arg>
<doc>Logs the given message to the console.</doc>
<status status="PASS" start="2025-07-10T10:25:23.614106" elapsed="0.000160"/>
</kw>
<kw name="Log" owner="BuiltIn">
<msg time="2025-07-10T10:25:23.614522" level="INFO">
[CONTAINER LOG: LOCAL PUB+SUB]
[Entrypoint] Starting subscriber and publisher in mode local_tcp
[Publisher] Waiting for at least 1 subscriber(s) on topic: test_topic
1752143116613 ms | 2fad11c9dbc1 | pub_test | 7 | info | CTCPReaderLayer - TCPPubSub (Info) -Publisher :::0: Created publisher and waiting for clients.
[Publisher] Found 1 subscriber(s). Proceeding to send messages.
1752143116614 ms | 2fad11c9dbc1 | pub_test | 7 | info | CTCPReaderLayer - TCPPubSub (Info) -Publisher :::36283: Subscriber ::ffff:172.17.0.3:58970 has connected.
[Publisher] Send result: ✓, size: 209715 bytes
[Publisher] Send result: ✓, size: 209715 bytes
[Publisher] Send result: ✓, size: 209715 bytes
[Publisher] Send result: ✓, size: 209715 bytes
[Publisher] Finished sending.


[Subscriber] Ready and waiting...

[Subscriber] Received 209715 bytes (message 1)
[Subscriber] Received 209715 bytes (message 2)
[Subscriber] Received 209715 bytes (message 3)
[Subscriber] Received 209715 bytes (message 4)
1752143120115 ms | 2fad11c9dbc1 | sub_test | 13 | error | CTCPReaderLayer - TCPPubSub (Error) -SubscriberSession 172.17.0.3:58970-&gt;2fad11c9dbc1:36283: Error reading header length: End of file
1752143120116 ms | 2fad11c9dbc1 | sub_test | 13 | warning | CTCPReaderLayer - TCPPubSub (Warning) -SubscriberSession 172.17.0.3:58974: Failed connecting to publisher 2fad11c9dbc1:36283: Connection refused
1752143120116 ms | 2fad11c9dbc1 | sub_test | 13 | warning | CTCPReaderLayer - TCPPubSub (Warning) -SubscriberSession 172.17.0.3:58984: Failed connecting to publisher 2fad11c9dbc1:36283: Connection refused
1752143120116 ms | 2fad11c9dbc1 | sub_test | 13 | warning | CTCPReaderLayer - TCPPubSub (Warning) -SubscriberSession 172.17.0.3:58992: Failed connecting to publisher 2fad11c9dbc1:36283: Connection refused
1752143120116 ms | 2fad11c9dbc1 | sub_test | 13 | warning | CTCPReaderLayer - TCPPubSub (Warning) -SubscriberSession 172.17.0.3:58996: Failed connecting to publisher 2fad11c9dbc1:36283: Connection refused
1752143120117 ms | 2fad11c9dbc1 | sub_test | 13 | warning | CTCPReaderLayer - TCPPubSub (Warning) -SubscriberSession 172.17.0.3:59008: Failed connecting to publisher 2fad11c9dbc1:36283: Connection refused
[Subscriber] Received 4 messages.
</msg>
<arg>\n[CONTAINER LOG: LOCAL PUB+SUB]\n${logs}</arg>
<doc>Logs the given message with the given level.</doc>
<status status="PASS" start="2025-07-10T10:25:23.614373" elapsed="0.000220"/>
</kw>
<kw name="Wait For Container Exit" owner="MyDockerLibrary">
<msg time="2025-07-10T10:25:23.615926" level="INFO">${exit_code} = 0</msg>
<var>${exit_code}</var>
<arg>${CONTAINER}</arg>
<status status="PASS" start="2025-07-10T10:25:23.614688" elapsed="0.001268"/>
</kw>
<kw name="Should Be Equal As Integers" owner="BuiltIn">
<msg time="2025-07-10T10:25:23.616255" level="INFO">Argument types are:
&lt;class 'int'&gt;
&lt;class 'str'&gt;</msg>
<arg>${exit_code}</arg>
<arg>0</arg>
<arg>Local communication test failed!</arg>
<doc>Fails if objects are unequal after converting them to integers.</doc>
<status status="PASS" start="2025-07-10T10:25:23.616087" elapsed="0.000222"/>
</kw>
<kw name="Log Test Summary" owner="MyDockerLibrary">
<arg>Basic Pub/Sub Local ${layer_tag}</arg>
<arg>${True}</arg>
<status status="PASS" start="2025-07-10T10:25:23.616406" elapsed="0.000178"/>
</kw>
<kw name="Stop Container" owner="MyDockerLibrary">
<arg>${CONTAINER}</arg>
<status status="PASS" start="2025-07-10T10:25:23.616678" elapsed="0.004988"/>
</kw>
<kw name="Sleep" owner="BuiltIn">
<msg time="2025-07-10T10:25:24.622010" level="INFO">Slept 1 second.</msg>
<arg>1s</arg>
<doc>Pauses the test executed for the given time.</doc>
<status status="PASS" start="2025-07-10T10:25:23.621750" elapsed="1.000365"/>
</kw>
<arg>local_tcp</arg>
<status status="PASS" start="2025-07-10T10:25:14.494668" elapsed="10.127531"/>
</kw>
<tag>basic_pub_sub_local_tcp</tag>
<status status="PASS" start="2025-07-10T10:25:14.494278" elapsed="10.128034"/>
</test>
<test id="s1-s1-t4" name="Basic Pub/Sub Network UDP" line="50">
<kw name="Run Network Pub Sub Test">
<kw name="Set Variable" owner="BuiltIn">
<msg time="2025-07-10T10:25:24.623736" level="INFO">${IMAGE} = basic_pub_sub_network_udp</msg>
<var>${IMAGE}</var>
<arg>${BASE_IMAGE}_${layer_tag}</arg>
<doc>Returns the given values which can then be assigned to a variables.</doc>
<status status="PASS" start="2025-07-10T10:25:24.623589" elapsed="0.000168"/>
</kw>
<kw name="Set Variable" owner="BuiltIn">
<msg time="2025-07-10T10:25:24.623944" level="INFO">${TOPIC} = topic_network_udp</msg>
<var>${TOPIC}</var>
<arg>topic_${layer_tag}</arg>
<doc>Returns the given values which can then be assigned to a variables.</doc>
<status status="PASS" start="2025-07-10T10:25:24.623836" elapsed="0.000126"/>
</kw>
<kw name="Set Variable" owner="BuiltIn">
<msg time="2025-07-10T10:25:24.624169" level="INFO">${SUB_NAME} = sub_network_udp</msg>
<var>${SUB_NAME}</var>
<arg>sub_${layer_tag}</arg>
<doc>Returns the given values which can then be assigned to a variables.</doc>
<status status="PASS" start="2025-07-10T10:25:24.624060" elapsed="0.000127"/>
</kw>
<kw name="Set Variable" owner="BuiltIn">
<msg time="2025-07-10T10:25:24.624355" level="INFO">${PUB_NAME} = pub_network_udp</msg>
<var>${PUB_NAME}</var>
<arg>pub_${layer_tag}</arg>
<doc>Returns the given values which can then be assigned to a variables.</doc>
<status status="PASS" start="2025-07-10T10:25:24.624251" elapsed="0.000121"/>
</kw>
<kw name="Log To Console" owner="BuiltIn">
<arg>\n[INFO] Running network pub/sub test in mode: ${layer_tag}</arg>
<doc>Logs the given message to the console.</doc>
<status status="PASS" start="2025-07-10T10:25:24.624437" elapsed="0.000117"/>
</kw>
<kw name="Start Container" owner="MyDockerLibrary">
<arg>${SUB_NAME}</arg>
<arg>${IMAGE}</arg>
<arg>subscriber</arg>
<arg>${layer_tag}</arg>
<arg>${TOPIC}</arg>
<arg>${SUB_NAME}</arg>
<arg>network=${NETWORK}</arg>
<status status="PASS" start="2025-07-10T10:25:24.624645" elapsed="0.130980"/>
</kw>
<kw name="Start Container" owner="MyDockerLibrary">
<arg>${PUB_NAME}</arg>
<arg>${IMAGE}</arg>
<arg>publisher</arg>
<arg>${layer_tag}</arg>
<arg>${TOPIC}</arg>
<arg>${PUB_NAME}</arg>
<arg>network=${NETWORK}</arg>
<status status="PASS" start="2025-07-10T10:25:24.755845" elapsed="0.121217"/>
</kw>
<kw name="Sleep" owner="BuiltIn">
<msg time="2025-07-10T10:25:33.877549" level="INFO">Slept 9 seconds.</msg>
<arg>9s</arg>
<doc>Pauses the test executed for the given time.</doc>
<status status="PASS" start="2025-07-10T10:25:24.877248" elapsed="9.000415"/>
</kw>
<kw name="Get Container Logs" owner="MyDockerLibrary">
<msg time="2025-07-10T10:25:33.880668" level="INFO">${log_sub} = [Entrypoint] Starting subscriber in mode network_udp


[Subscriber] Ready and waiting...

[Subscriber] Received 209715 bytes (message 1)
[Subscriber] Received 209715 bytes (message 2)
[Subscriber] Rec...</msg>
<var>${log_sub}</var>
<arg>${SUB_NAME}</arg>
<status status="PASS" start="2025-07-10T10:25:33.877894" elapsed="0.002801"/>
</kw>
<kw name="Get Container Logs" owner="MyDockerLibrary">
<msg time="2025-07-10T10:25:33.882850" level="INFO">${log_pub} = [Entrypoint] Starting publisher in mode network_udp
[Publisher] Waiting for at least 1 subscriber(s) on topic: topic_network_udp
[Publisher] Found 1 subscriber(s). Proceeding to send messages.
[Publis...</msg>
<var>${log_pub}</var>
<arg>${PUB_NAME}</arg>
<status status="PASS" start="2025-07-10T10:25:33.880783" elapsed="0.002092"/>
</kw>
<kw name="Log To Console" owner="BuiltIn">
<arg>\n[CONTAINER LOG: PUBLISHER]\n${log_pub}</arg>
<doc>Logs the given message to the console.</doc>
<status status="PASS" start="2025-07-10T10:25:33.882960" elapsed="0.000187"/>
</kw>
<kw name="Log" owner="BuiltIn">
<msg time="2025-07-10T10:25:33.883390" level="INFO">
[CONTAINER LOG: PUBLISHER]
[Entrypoint] Starting publisher in mode network_udp
[Publisher] Waiting for at least 1 subscriber(s) on topic: topic_network_udp
[Publisher] Found 1 subscriber(s). Proceeding to send messages.
[Publisher] Send result: ✓, size: 209715 bytes
[Publisher] Send result: ✓, size: 209715 bytes
[Publisher] Send result: ✓, size: 209715 bytes
[Publisher] Send result: ✓, size: 209715 bytes
[Publisher] Finished sending.
</msg>
<arg>\n[CONTAINER LOG: PUBLISHER]\n${log_pub}</arg>
<doc>Logs the given message with the given level.</doc>
<status status="PASS" start="2025-07-10T10:25:33.883252" elapsed="0.000190"/>
</kw>
<kw name="Log To Console" owner="BuiltIn">
<arg>\n[CONTAINER LOG: SUBSCRIBER]\n${log_sub}</arg>
<doc>Logs the given message to the console.</doc>
<status status="PASS" start="2025-07-10T10:25:33.883538" elapsed="0.000160"/>
</kw>
<kw name="Log" owner="BuiltIn">
<msg time="2025-07-10T10:25:33.883939" level="INFO">
[CONTAINER LOG: SUBSCRIBER]
[Entrypoint] Starting subscriber in mode network_udp


[Subscriber] Ready and waiting...

[Subscriber] Received 209715 bytes (message 1)
[Subscriber] Received 209715 bytes (message 2)
[Subscriber] Received 209715 bytes (message 3)
[Subscriber] Received 209715 bytes (message 4)
[Subscriber] Received 4 messages.
</msg>
<arg>\n[CONTAINER LOG: SUBSCRIBER]\n${log_sub}</arg>
<doc>Logs the given message with the given level.</doc>
<status status="PASS" start="2025-07-10T10:25:33.883812" elapsed="0.000197"/>
</kw>
<kw name="Wait For Container Exit" owner="MyDockerLibrary">
<msg time="2025-07-10T10:25:33.885220" level="INFO">${exit_code} = 0</msg>
<var>${exit_code}</var>
<arg>${SUB_NAME}</arg>
<status status="PASS" start="2025-07-10T10:25:33.884108" elapsed="0.001135"/>
</kw>
<kw name="Should Be Equal As Integers" owner="BuiltIn">
<msg time="2025-07-10T10:25:33.885482" level="INFO">Argument types are:
&lt;class 'int'&gt;
&lt;class 'str'&gt;</msg>
<arg>${exit_code}</arg>
<arg>0</arg>
<arg>Subscriber failed in ${layer_tag}!</arg>
<doc>Fails if objects are unequal after converting them to integers.</doc>
<status status="PASS" start="2025-07-10T10:25:33.885324" elapsed="0.000200"/>
</kw>
<kw name="Log Test Summary" owner="MyDockerLibrary">
<arg>Basic Pub/Sub Network ${layer_tag}</arg>
<arg>${True}</arg>
<status status="PASS" start="2025-07-10T10:25:33.885598" elapsed="0.000140"/>
</kw>
<kw name="Stop Container" owner="MyDockerLibrary">
<arg>${SUB_NAME}</arg>
<status status="PASS" start="2025-07-10T10:25:33.885842" elapsed="0.005029"/>
</kw>
<kw name="Stop Container" owner="MyDockerLibrary">
<arg>${PUB_NAME}</arg>
<status status="PASS" start="2025-07-10T10:25:33.890954" elapsed="0.004945"/>
</kw>
<kw name="Sleep" owner="BuiltIn">
<msg time="2025-07-10T10:25:34.896258" level="INFO">Slept 1 second.</msg>
<arg>1s</arg>
<doc>Pauses the test executed for the given time.</doc>
<status status="PASS" start="2025-07-10T10:25:33.896012" elapsed="1.000359"/>
</kw>
<arg>network_udp</arg>
<arg>network</arg>
<status status="PASS" start="2025-07-10T10:25:24.623352" elapsed="10.273108"/>
</kw>
<tag>basic_pub_sub_network_udp</tag>
<status status="PASS" start="2025-07-10T10:25:24.622872" elapsed="10.273719"/>
</test>
<test id="s1-s1-t5" name="Basic Pub/Sub Network TCP" line="54">
<kw name="Run Network Pub Sub Test">
<kw name="Set Variable" owner="BuiltIn">
<msg time="2025-07-10T10:25:34.898253" level="INFO">${IMAGE} = basic_pub_sub_network_tcp</msg>
<var>${IMAGE}</var>
<arg>${BASE_IMAGE}_${layer_tag}</arg>
<doc>Returns the given values which can then be assigned to a variables.</doc>
<status status="PASS" start="2025-07-10T10:25:34.898106" elapsed="0.000178"/>
</kw>
<kw name="Set Variable" owner="BuiltIn">
<msg time="2025-07-10T10:25:34.898472" level="INFO">${TOPIC} = topic_network_tcp</msg>
<var>${TOPIC}</var>
<arg>topic_${layer_tag}</arg>
<doc>Returns the given values which can then be assigned to a variables.</doc>
<status status="PASS" start="2025-07-10T10:25:34.898357" elapsed="0.000131"/>
</kw>
<kw name="Set Variable" owner="BuiltIn">
<msg time="2025-07-10T10:25:34.898660" level="INFO">${SUB_NAME} = sub_network_tcp</msg>
<var>${SUB_NAME}</var>
<arg>sub_${layer_tag}</arg>
<doc>Returns the given values which can then be assigned to a variables.</doc>
<status status="PASS" start="2025-07-10T10:25:34.898554" elapsed="0.000123"/>
</kw>
<kw name="Set Variable" owner="BuiltIn">
<msg time="2025-07-10T10:25:34.898839" level="INFO">${PUB_NAME} = pub_network_tcp</msg>
<var>${PUB_NAME}</var>
<arg>pub_${layer_tag}</arg>
<doc>Returns the given values which can then be assigned to a variables.</doc>
<status status="PASS" start="2025-07-10T10:25:34.898740" elapsed="0.000114"/>
</kw>
<kw name="Log To Console" owner="BuiltIn">
<arg>\n[INFO] Running network pub/sub test in mode: ${layer_tag}</arg>
<doc>Logs the given message to the console.</doc>
<status status="PASS" start="2025-07-10T10:25:34.898918" elapsed="0.000149"/>
</kw>
<kw name="Start Container" owner="MyDockerLibrary">
<arg>${SUB_NAME}</arg>
<arg>${IMAGE}</arg>
<arg>subscriber</arg>
<arg>${layer_tag}</arg>
<arg>${TOPIC}</arg>
<arg>${SUB_NAME}</arg>
<arg>network=${NETWORK}</arg>
<status status="PASS" start="2025-07-10T10:25:34.899147" elapsed="0.126256"/>
</kw>
<kw name="Start Container" owner="MyDockerLibrary">
<arg>${PUB_NAME}</arg>
<arg>${IMAGE}</arg>
<arg>publisher</arg>
<arg>${layer_tag}</arg>
<arg>${TOPIC}</arg>
<arg>${PUB_NAME}</arg>
<arg>network=${NETWORK}</arg>
<status status="PASS" start="2025-07-10T10:25:35.025565" elapsed="0.120442"/>
</kw>
<kw name="Sleep" owner="BuiltIn">
<msg time="2025-07-10T10:25:44.146496" level="INFO">Slept 9 seconds.</msg>
<arg>9s</arg>
<doc>Pauses the test executed for the given time.</doc>
<status status="PASS" start="2025-07-10T10:25:35.146187" elapsed="9.000426"/>
</kw>
<kw name="Get Container Logs" owner="MyDockerLibrary">
<msg time="2025-07-10T10:25:44.149770" level="INFO">${log_sub} = [Entrypoint] Starting subscriber in mode network_tcp


[Subscriber] Ready and waiting...

[Subscriber] Received 209715 bytes (message 1)
[Subscriber] Received 209715 bytes (message 2)
[Subscriber] Rec...</msg>
<var>${log_sub}</var>
<arg>${SUB_NAME}</arg>
<status status="PASS" start="2025-07-10T10:25:44.146784" elapsed="0.003014"/>
</kw>
<kw name="Get Container Logs" owner="MyDockerLibrary">
<msg time="2025-07-10T10:25:44.151911" level="INFO">${log_pub} = [Entrypoint] Starting publisher in mode network_tcp
[Publisher] Waiting for at least 1 subscriber(s) on topic: topic_network_tcp
1752143136027 ms | 0e7317718b22 | pub_network_tcp | 7 | info | CTCPRead...</msg>
<var>${log_pub}</var>
<arg>${PUB_NAME}</arg>
<status status="PASS" start="2025-07-10T10:25:44.149887" elapsed="0.002049"/>
</kw>
<kw name="Log To Console" owner="BuiltIn">
<arg>\n[CONTAINER LOG: PUBLISHER]\n${log_pub}</arg>
<doc>Logs the given message to the console.</doc>
<status status="PASS" start="2025-07-10T10:25:44.152047" elapsed="0.000161"/>
</kw>
<kw name="Log" owner="BuiltIn">
<msg time="2025-07-10T10:25:44.152470" level="INFO">
[CONTAINER LOG: PUBLISHER]
[Entrypoint] Starting publisher in mode network_tcp
[Publisher] Waiting for at least 1 subscriber(s) on topic: topic_network_tcp
1752143136027 ms | 0e7317718b22 | pub_network_tcp | 7 | info | CTCPReaderLayer - TCPPubSub (Info) -Publisher :::0: Created publisher and waiting for clients.
1752143136029 ms | 0e7317718b22 | pub_network_tcp | 7 | info | CTCPReaderLayer - TCPPubSub (Info) -Publisher :::38719: Subscriber ::ffff:172.18.0.2:51448 has connected.
[Publisher] Found 1 subscriber(s). Proceeding to send messages.
[Publisher] Send result: ✓, size: 209715 bytes
[Publisher] Send result: ✓, size: 209715 bytes
[Publisher] Send result: ✓, size: 209715 bytes
[Publisher] Send result: ✓, size: 209715 bytes
[Publisher] Finished sending.
</msg>
<arg>\n[CONTAINER LOG: PUBLISHER]\n${log_pub}</arg>
<doc>Logs the given message with the given level.</doc>
<status status="PASS" start="2025-07-10T10:25:44.152311" elapsed="0.000199"/>
</kw>
<kw name="Log To Console" owner="BuiltIn">
<arg>\n[CONTAINER LOG: SUBSCRIBER]\n${log_sub}</arg>
<doc>Logs the given message to the console.</doc>
<status status="PASS" start="2025-07-10T10:25:44.152580" elapsed="0.000132"/>
</kw>
<kw name="Log" owner="BuiltIn">
<msg time="2025-07-10T10:25:44.152896" level="INFO">
[CONTAINER LOG: SUBSCRIBER]
[Entrypoint] Starting subscriber in mode network_tcp


[Subscriber] Ready and waiting...

[Subscriber] Received 209715 bytes (message 1)
[Subscriber] Received 209715 bytes (message 2)
[Subscriber] Received 209715 bytes (message 3)
[Subscriber] Received 209715 bytes (message 4)
1752143139550 ms | 10e71a021804 | sub_network_tcp | 7 | error | CTCPReaderLayer - TCPPubSub (Error) -SubscriberSession 172.18.0.2:51448-&gt;0e7317718b22:38719: Error reading header length: End of file
1752143139551 ms | 10e71a021804 | sub_network_tcp | 7 | warning | CTCPReaderLayer - TCPPubSub (Warning) -SubscriberSession 172.18.0.2:57020: Failed connecting to publisher 0e7317718b22:38719: Connection refused
1752143139552 ms | 10e71a021804 | sub_network_tcp | 7 | warning | CTCPReaderLayer - TCPPubSub (Warning) -SubscriberSession 172.18.0.2:57034: Failed connecting to publisher 0e7317718b22:38719: Connection refused
1752143139553 ms | 10e71a021804 | sub_network_tcp | 7 | warning | CTCPReaderLayer - TCPPubSub (Warning) -SubscriberSession 172.18.0.2:57050: Failed connecting to publisher 0e7317718b22:38719: Connection refused
1752143139553 ms | 10e71a021804 | sub_network_tcp | 7 | warning | CTCPReaderLayer - TCPPubSub (Warning) -SubscriberSession 172.18.0.2:57062: Failed connecting to publisher 0e7317718b22:38719: Connection refused
1752143139554 ms | 10e71a021804 | sub_network_tcp | 7 | warning | CTCPReaderLayer - TCPPubSub (Warning) -SubscriberSession 172.18.0.2:57070: Failed connecting to publisher 0e7317718b22:38719: Connection refused
[Subscriber] Received 4 messages.
</msg>
<arg>\n[CONTAINER LOG: SUBSCRIBER]\n${log_sub}</arg>
<doc>Logs the given message with the given level.</doc>
<status status="PASS" start="2025-07-10T10:25:44.152801" elapsed="0.000131"/>
</kw>
<kw name="Wait For Container Exit" owner="MyDockerLibrary">
<msg time="2025-07-10T10:25:44.154072" level="INFO">${exit_code} = 0</msg>
<var>${exit_code}</var>
<arg>${SUB_NAME}</arg>
<status status="PASS" start="2025-07-10T10:25:44.153027" elapsed="0.001069"/>
</kw>
<kw name="Should Be Equal As Integers" owner="BuiltIn">
<msg time="2025-07-10T10:25:44.154330" level="INFO">Argument types are:
&lt;class 'int'&gt;
&lt;class 'str'&gt;</msg>
<arg>${exit_code}</arg>
<arg>0</arg>
<arg>Subscriber failed in ${layer_tag}!</arg>
<doc>Fails if objects are unequal after converting them to integers.</doc>
<status status="PASS" start="2025-07-10T10:25:44.154177" elapsed="0.000195"/>
</kw>
<kw name="Log Test Summary" owner="MyDockerLibrary">
<arg>Basic Pub/Sub Network ${layer_tag}</arg>
<arg>${True}</arg>
<status status="PASS" start="2025-07-10T10:25:44.154447" elapsed="0.000137"/>
</kw>
<kw name="Stop Container" owner="MyDockerLibrary">
<arg>${SUB_NAME}</arg>
<status status="PASS" start="2025-07-10T10:25:44.154687" elapsed="0.005320"/>
</kw>
<kw name="Stop Container" owner="MyDockerLibrary">
<arg>${PUB_NAME}</arg>
<status status="PASS" start="2025-07-10T10:25:44.160090" elapsed="0.005079"/>
</kw>
<kw name="Sleep" owner="BuiltIn">
<msg time="2025-07-10T10:25:45.165489" level="INFO">Slept 1 second.</msg>
<arg>1s</arg>
<doc>Pauses the test executed for the given time.</doc>
<status status="PASS" start="2025-07-10T10:25:44.165254" elapsed="1.000336"/>
</kw>
<arg>network_tcp</arg>
<arg>network</arg>
<status status="PASS" start="2025-07-10T10:25:34.897822" elapsed="10.267848"/>
</kw>
<tag>basic_pub_sub_network_tcp</tag>
<status status="PASS" start="2025-07-10T10:25:34.897426" elapsed="10.268359"/>
</test>
<status status="PASS" start="2025-07-10T10:24:36.389847" elapsed="68.776892"/>
</suite>
<suite id="s1-s2" name="Multi Pub Sub" source="/home/runner/work/ECAL_Test_Framework/ECAL_Test_Framework/integration_tests/multi_pub_sub/robottests/multi_pub_sub.robot">
<kw name="Init Test Context" type="SETUP">
<kw name="Set Test Context" owner="GlobalPathsLibrary">
<arg>multi_pub_sub</arg>
<arg>multi_pub_sub</arg>
<doc>Sets the test folder and tag prefix if it's a valid test case.
The folder must exist under integration_tests/ and contain typical test structure.</doc>
<status status="PASS" start="2025-07-10T10:25:45.170240" elapsed="0.000141"/>
</kw>
<kw name="Get Build Script Path" owner="GlobalPathsLibrary">
<msg time="2025-07-10T10:25:45.170549" level="INFO">${build} = /home/runner/work/ECAL_Test_Framework/ECAL_Test_Framework/integration_tests/multi_pub_sub/scripts/build_images.sh</msg>
<var>${build}</var>
<status status="PASS" start="2025-07-10T10:25:45.170460" elapsed="0.000109"/>
</kw>
<kw name="Get Network Name" owner="GlobalPathsLibrary">
<msg time="2025-07-10T10:25:45.170712" level="INFO">${net} = ecal_test_net</msg>
<var>${net}</var>
<status status="PASS" start="2025-07-10T10:25:45.170632" elapsed="0.000097"/>
</kw>
<kw name="Get Build Script Args" owner="GlobalPathsLibrary">
<msg time="2025-07-10T10:25:45.170862" level="INFO">${args} = ['multi_pub_sub']</msg>
<var>${args}</var>
<status status="PASS" start="2025-07-10T10:25:45.170789" elapsed="0.000099"/>
</kw>
<kw name="Set Suite Variable" owner="BuiltIn">
<msg time="2025-07-10T10:25:45.171125" level="INFO">${BUILD_SCRIPT} = /home/runner/work/ECAL_Test_Framework/ECAL_Test_Framework/integration_tests/multi_pub_sub/scripts/build_images.sh</msg>
<arg>${BUILD_SCRIPT}</arg>
<arg>${build}</arg>
<doc>Makes a variable available everywhere within the scope of the current suite.</doc>
<status status="PASS" start="2025-07-10T10:25:45.170963" elapsed="0.000191"/>
</kw>
<kw name="Set Suite Variable" owner="BuiltIn">
<msg time="2025-07-10T10:25:45.171337" level="INFO">${NETWORK} = ecal_test_net</msg>
<arg>${NETWORK}</arg>
<arg>${net}</arg>
<doc>Makes a variable available everywhere within the scope of the current suite.</doc>
<status status="PASS" start="2025-07-10T10:25:45.171227" elapsed="0.000136"/>
</kw>
<kw name="Get Test Description" owner="GlobalPathsLibrary">
<msg time="2025-07-10T10:25:45.171590" level="INFO">${desc} = This test validates eCAL communication in a scenario involving multiple publishers and subscribers.

Test Setup:
- Two publishers run in parallel and publish messages on the **same topic**.
• Publishe...</msg>
<var>${desc}</var>
<doc>Reads the *** Comments *** section from the .robot file and returns it as a string.</doc>
<status status="PASS" start="2025-07-10T10:25:45.171427" elapsed="0.000185"/>
</kw>
<kw name="Log" owner="BuiltIn">
<msg time="2025-07-10T10:25:45.171765" level="INFO">This test validates eCAL communication in a scenario involving multiple publishers and subscribers.

Test Setup:
- Two publishers run in parallel and publish messages on the **same topic**.
• Publisher 1 sends messages containing the byte value **42**.
• Publisher 2 sends messages containing the byte value **43**.
- Two subscribers listen on that same topic and must receive all messages from both publishers.

Covered eCAL modes:
- local_shm
- local_udp
- (local_tcp)
- network_udp
- network_tcp

Goals:
- Ensure that eCAL correctly distributes messages from **multiple sources** to **multiple receivers**.
- Verify that **topic routing, message integrity, and delivery** work consistently across different transport modes.

Success Criteria:
- Each subscriber must receive **10 messages with value 42** and **10 with value 43**.
- If this condition is met, the subscriber exits with code **0**.
- If any expected messages are missing, the subscriber exits with code **1**.</msg>
<arg>${desc}</arg>
<doc>Logs the given message with the given level.</doc>
<status status="PASS" start="2025-07-10T10:25:45.171680" elapsed="0.000163"/>
</kw>
<kw name="Log To Console" owner="BuiltIn">
<arg>[SETUP] Building Docker image...</arg>
<doc>Logs the given message to the console.</doc>
<status status="PASS" start="2025-07-10T10:25:45.171912" elapsed="0.000102"/>
</kw>
<kw name="Run Process" owner="Process">
<msg time="2025-07-10T10:25:45.172302" level="INFO">Starting process:
/home/runner/work/ECAL_Test_Framework/ECAL_Test_Framework/integration_tests/multi_pub_sub/scripts/build_images.sh multi_pub_sub</msg>
<msg time="2025-07-10T10:25:45.172753" level="INFO">Waiting for process to complete.</msg>
<msg time="2025-07-10T10:25:54.114329" level="INFO">Process completed.</msg>
<msg time="2025-07-10T10:25:54.114490" level="INFO">${result} = &lt;result object with rc 0&gt;</msg>
<var>${result}</var>
<arg>${BUILD_SCRIPT}</arg>
<arg>@{args}</arg>
<doc>Runs a process and waits for it to complete.</doc>
<status status="PASS" start="2025-07-10T10:25:45.172121" elapsed="8.942393"/>
</kw>
<kw name="Should Be Equal As Integers" owner="BuiltIn">
<msg time="2025-07-10T10:25:54.115175" level="INFO">Argument types are:
&lt;class 'int'&gt;
&lt;class 'str'&gt;</msg>
<arg>${result.rc}</arg>
<arg>0</arg>
<arg>Failed to build Docker image!</arg>
<doc>Fails if objects are unequal after converting them to integers.</doc>
<status status="PASS" start="2025-07-10T10:25:54.114659" elapsed="0.000572"/>
</kw>
<kw name="Create Docker Network" owner="MyDockerLibrary">
<arg>${NETWORK}</arg>
<status status="PASS" start="2025-07-10T10:25:54.115322" elapsed="0.006819"/>
</kw>
<kw name="Sleep" owner="BuiltIn">
<msg time="2025-07-10T10:25:57.122493" level="INFO">Slept 3 seconds.</msg>
<arg>3s</arg>
<doc>Pauses the test executed for the given time.</doc>
<status status="PASS" start="2025-07-10T10:25:54.122255" elapsed="3.000341"/>
</kw>
<status status="PASS" start="2025-07-10T10:25:45.170078" elapsed="11.952598"/>
</kw>
<test id="s1-s2-t1" name="Multi Pub/Sub Local SHM Test" line="39">
<kw name="Run Multi Pub Sub Test Local">
<kw name="Set Variable" owner="BuiltIn">
<msg time="2025-07-10T10:25:57.124612" level="INFO">${IMAGE} = multi_pub_sub_local_shm</msg>
<var>${IMAGE}</var>
<arg>${BASE_IMAGE}_${layer_tag}</arg>
<doc>Returns the given values which can then be assigned to a variables.</doc>
<status status="PASS" start="2025-07-10T10:25:57.124445" elapsed="0.000189"/>
</kw>
<kw name="Set Variable" owner="BuiltIn">
<msg time="2025-07-10T10:25:57.124830" level="INFO">${CONTAINER} = multi_locallocal_shm</msg>
<var>${CONTAINER}</var>
<arg>multi_local${layer_tag}</arg>
<doc>Returns the given values which can then be assigned to a variables.</doc>
<status status="PASS" start="2025-07-10T10:25:57.124715" elapsed="0.000133"/>
</kw>
<kw name="Log To Console" owner="BuiltIn">
<arg>\n[INFO] Running local multi pub/sub test (all binarys in same Container) with ${layer_tag}</arg>
<doc>Logs the given message to the console.</doc>
<status status="PASS" start="2025-07-10T10:25:57.124918" elapsed="0.000156"/>
</kw>
<kw name="Start Container" owner="MyDockerLibrary">
<arg>${CONTAINER}</arg>
<arg>${IMAGE}</arg>
<arg>local_multi</arg>
<arg>${layer_tag}</arg>
<status status="PASS" start="2025-07-10T10:25:57.125165" elapsed="0.112097"/>
</kw>
<kw name="Sleep" owner="BuiltIn">
<msg time="2025-07-10T10:26:15.237805" level="INFO">Slept 18 seconds.</msg>
<arg>18s</arg>
<doc>Pauses the test executed for the given time.</doc>
<status status="PASS" start="2025-07-10T10:25:57.237471" elapsed="18.000443"/>
</kw>
<kw name="Get Container Logs" owner="MyDockerLibrary">
<msg time="2025-07-10T10:26:15.240892" level="INFO">${logs} = [Entrypoint] Starting local multi pub/sub test in mode local_shm
Shared memory monitoring is enabled (domain: ecal_mon - queue size: 1024)
[Publisher] Waiting for at least 2 subscriber(s) on topic: te...</msg>
<var>${logs}</var>
<arg>${CONTAINER}</arg>
<status status="PASS" start="2025-07-10T10:26:15.238094" elapsed="0.002825"/>
</kw>
<kw name="Log To Console" owner="BuiltIn">
<arg>\n[CONTAINER LOG: All Local Binarys Multi Pub/Sub]\n${logs}</arg>
<doc>Logs the given message to the console.</doc>
<status status="PASS" start="2025-07-10T10:26:15.241038" elapsed="0.000161"/>
</kw>
<kw name="Log" owner="BuiltIn">
<msg time="2025-07-10T10:26:15.241443" level="INFO">
[CONTAINER LOG: All Local Binarys Multi Pub/Sub]
[Entrypoint] Starting local multi pub/sub test in mode local_shm
Shared memory monitoring is enabled (domain: ecal_mon - queue size: 1024)
[Publisher] Waiting for at least 2 subscriber(s) on topic: test_topic
Shared memory monitoring is enabled (domain: ecal_mon - queue size: 1024)
[Publisher] Waiting for at least 2 subscriber(s) on topic: test_topic
Shared memory monitoring is enabled (domain: ecal_mon - queue size: 1024)
[Subscriber 1] Waiting for messages...

Shared memory monitoring is enabled (domain: ecal_mon - queue size: 1024)
[Subscriber 2] Waiting for messages...
[Publisher] Found 2 subscriber(s). Proceeding to send messages.
[Publisher] Found 2 subscriber(s). Proceeding to send messages.
[Publisher 1] Started with mode=local_shm, topic=test_topic, node=multi_publisher, count=10, delay=1000ms
[Publisher 2] Started with mode=local_shm, topic=test_topic, node=multi_publisher, count=10, delay=1000ms

[Publisher 1] Finished sending messages.

[Publisher 2] Finished sending messages.

=== [Subscriber 2] Received Message Summary ===
PUB1 messages (42):--------------&gt; 10/10
PUB2 messages (43):-------------&gt; 10/10
[Subscriber 2] [✓] Received messages from both publishers.


=== [Subscriber 1] Received Message Summary ===
PUB1 messages (42):--------------&gt; 10/10
PUB2 messages (43):-------------&gt; 10/10
[Subscriber 1] [✓] Received messages from both publishers.

[Entrypoint] All subscribers received messages from both publishers.
</msg>
<arg>\n[CONTAINER LOG: All Local Binarys Multi Pub/Sub]\n${logs}</arg>
<doc>Logs the given message with the given level.</doc>
<status status="PASS" start="2025-07-10T10:26:15.241308" elapsed="0.000179"/>
</kw>
<kw name="Wait For Container Exit" owner="MyDockerLibrary">
<msg time="2025-07-10T10:26:15.242601" level="INFO">${exit_code} = 0</msg>
<var>${exit_code}</var>
<arg>${CONTAINER}</arg>
<status status="PASS" start="2025-07-10T10:26:15.241559" elapsed="0.001065"/>
</kw>
<kw name="Should Be Equal As Integers" owner="BuiltIn">
<msg time="2025-07-10T10:26:15.242843" level="INFO">Argument types are:
&lt;class 'int'&gt;
&lt;class 'str'&gt;</msg>
<arg>${exit_code}</arg>
<arg>0</arg>
<arg>Local Multi Pub/Sub Test test failed!</arg>
<doc>Fails if objects are unequal after converting them to integers.</doc>
<status status="PASS" start="2025-07-10T10:26:15.242706" elapsed="0.000180"/>
</kw>
<kw name="Stop Container" owner="MyDockerLibrary">
<arg>${CONTAINER}</arg>
<status status="PASS" start="2025-07-10T10:26:15.242961" elapsed="0.005750"/>
</kw>
<kw name="Sleep" owner="BuiltIn">
<msg time="2025-07-10T10:26:16.249047" level="INFO">Slept 1 second.</msg>
<arg>1s</arg>
<doc>Pauses the test executed for the given time.</doc>
<status status="PASS" start="2025-07-10T10:26:15.248797" elapsed="1.000360"/>
</kw>
<arg>local_shm</arg>
<status status="PASS" start="2025-07-10T10:25:57.123225" elapsed="19.126088"/>
</kw>
<tag>multi_pub_sub_local_shm</tag>
<status status="PASS" start="2025-07-10T10:25:57.122742" elapsed="19.126709"/>
</test>
<test id="s1-s2-t2" name="Multi Pub/Sub Local UDP Test" line="43">
<kw name="Run Multi Pub Sub Test Local">
<kw name="Set Variable" owner="BuiltIn">
<msg time="2025-07-10T10:26:16.250887" level="INFO">${IMAGE} = multi_pub_sub_local_udp</msg>
<var>${IMAGE}</var>
<arg>${BASE_IMAGE}_${layer_tag}</arg>
<doc>Returns the given values which can then be assigned to a variables.</doc>
<status status="PASS" start="2025-07-10T10:26:16.250742" elapsed="0.000166"/>
</kw>
<kw name="Set Variable" owner="BuiltIn">
<msg time="2025-07-10T10:26:16.251130" level="INFO">${CONTAINER} = multi_locallocal_udp</msg>
<var>${CONTAINER}</var>
<arg>multi_local${layer_tag}</arg>
<doc>Returns the given values which can then be assigned to a variables.</doc>
<status status="PASS" start="2025-07-10T10:26:16.251008" elapsed="0.000140"/>
</kw>
<kw name="Log To Console" owner="BuiltIn">
<arg>\n[INFO] Running local multi pub/sub test (all binarys in same Container) with ${layer_tag}</arg>
<doc>Logs the given message to the console.</doc>
<status status="PASS" start="2025-07-10T10:26:16.251216" elapsed="0.000130"/>
</kw>
<kw name="Start Container" owner="MyDockerLibrary">
<arg>${CONTAINER}</arg>
<arg>${IMAGE}</arg>
<arg>local_multi</arg>
<arg>${layer_tag}</arg>
<status status="PASS" start="2025-07-10T10:26:16.251422" elapsed="0.119956"/>
</kw>
<kw name="Sleep" owner="BuiltIn">
<msg time="2025-07-10T10:26:34.371940" level="INFO">Slept 18 seconds.</msg>
<arg>18s</arg>
<doc>Pauses the test executed for the given time.</doc>
<status status="PASS" start="2025-07-10T10:26:16.371591" elapsed="18.000506"/>
</kw>
<kw name="Get Container Logs" owner="MyDockerLibrary">
<msg time="2025-07-10T10:26:34.375229" level="INFO">${logs} = [Entrypoint] Starting local multi pub/sub test in mode local_udp
[Publisher] Waiting for at least 2 subscriber(s) on topic: test_topic
[Publisher] Waiting for at least 2 subscriber(s) on topic: test_t...</msg>
<var>${logs}</var>
<arg>${CONTAINER}</arg>
<status status="PASS" start="2025-07-10T10:26:34.372269" elapsed="0.002986"/>
</kw>
<kw name="Log To Console" owner="BuiltIn">
<arg>\n[CONTAINER LOG: All Local Binarys Multi Pub/Sub]\n${logs}</arg>
<doc>Logs the given message to the console.</doc>
<status status="PASS" start="2025-07-10T10:26:34.375347" elapsed="0.000159"/>
</kw>
<kw name="Log" owner="BuiltIn">
<msg time="2025-07-10T10:26:34.375772" level="INFO">
[CONTAINER LOG: All Local Binarys Multi Pub/Sub]
[Entrypoint] Starting local multi pub/sub test in mode local_udp
[Publisher] Waiting for at least 2 subscriber(s) on topic: test_topic
[Publisher] Waiting for at least 2 subscriber(s) on topic: test_topic
[Subscriber 1] Waiting for messages...

[Subscriber 2] Waiting for messages...
[Publisher] Found 2 subscriber(s). Proceeding to send messages.
[Publisher] Found 2 subscriber(s). Proceeding to send messages.
[Publisher 1] Started with mode=local_udp, topic=test_topic, node=multi_publisher, count=10, delay=1000ms
[Publisher 2] Started with mode=local_udp, topic=test_topic, node=multi_publisher, count=10, delay=1000ms

[Publisher 2] Finished sending messages.

[Publisher 1] Finished sending messages.

=== [Subscriber 2] Received Message Summary ===
PUB1 messages (42):--------------&gt; 10/10
PUB2 messages (43):-------------&gt; 10/10
[Subscriber 2] [✓] Received messages from both publishers.


=== [Subscriber 1] Received Message Summary ===
PUB1 messages (42):--------------&gt; 10/10
PUB2 messages (43):-------------&gt; 10/10
[Subscriber 1] [✓] Received messages from both publishers.

[Entrypoint] All subscribers received messages from both publishers.
</msg>
<arg>\n[CONTAINER LOG: All Local Binarys Multi Pub/Sub]\n${logs}</arg>
<doc>Logs the given message with the given level.</doc>
<status status="PASS" start="2025-07-10T10:26:34.375625" elapsed="0.000209"/>
</kw>
<kw name="Wait For Container Exit" owner="MyDockerLibrary">
<msg time="2025-07-10T10:26:34.377211" level="INFO">${exit_code} = 0</msg>
<var>${exit_code}</var>
<arg>${CONTAINER}</arg>
<status status="PASS" start="2025-07-10T10:26:34.375930" elapsed="0.001306"/>
</kw>
<kw name="Should Be Equal As Integers" owner="BuiltIn">
<msg time="2025-07-10T10:26:34.377457" level="INFO">Argument types are:
&lt;class 'int'&gt;
&lt;class 'str'&gt;</msg>
<arg>${exit_code}</arg>
<arg>0</arg>
<arg>Local Multi Pub/Sub Test test failed!</arg>
<doc>Fails if objects are unequal after converting them to integers.</doc>
<status status="PASS" start="2025-07-10T10:26:34.377319" elapsed="0.000181"/>
</kw>
<kw name="Stop Container" owner="MyDockerLibrary">
<arg>${CONTAINER}</arg>
<status status="PASS" start="2025-07-10T10:26:34.377575" elapsed="0.005628"/>
</kw>
<kw name="Sleep" owner="BuiltIn">
<msg time="2025-07-10T10:26:35.383528" level="INFO">Slept 1 second.</msg>
<arg>1s</arg>
<doc>Pauses the test executed for the given time.</doc>
<status status="PASS" start="2025-07-10T10:26:34.383286" elapsed="1.000347"/>
</kw>
<arg>local_udp</arg>
<status status="PASS" start="2025-07-10T10:26:16.250522" elapsed="19.133190"/>
</kw>
<tag>multi_pub_sub_local_udp</tag>
<status status="PASS" start="2025-07-10T10:26:16.250127" elapsed="19.133696"/>
</test>
<test id="s1-s2-t3" name="Multi Pub/Sub Network UDP Test" line="56">
<kw name="Run Multi Pub Sub Test Network">
<kw name="Set Variable" owner="BuiltIn">
<msg time="2025-07-10T10:26:35.385283" level="INFO">${IMAGE} = multi_pub_sub_network_udp</msg>
<var>${IMAGE}</var>
<arg>${BASE_IMAGE}_${layer_tag}</arg>
<doc>Returns the given values which can then be assigned to a variables.</doc>
<status status="PASS" start="2025-07-10T10:26:35.385133" elapsed="0.000171"/>
</kw>
<kw name="Set Variable" owner="BuiltIn">
<msg time="2025-07-10T10:26:35.385457" level="INFO">${TOPIC} = test_topic</msg>
<var>${TOPIC}</var>
<arg>test_topic</arg>
<doc>Returns the given values which can then be assigned to a variables.</doc>
<status status="PASS" start="2025-07-10T10:26:35.385377" elapsed="0.000097"/>
</kw>
<kw name="Set Variable" owner="BuiltIn">
<msg time="2025-07-10T10:26:35.385638" level="INFO">${PUB1} = pub1_network_udp</msg>
<var>${PUB1}</var>
<arg>pub1_${layer_tag}</arg>
<doc>Returns the given values which can then be assigned to a variables.</doc>
<status status="PASS" start="2025-07-10T10:26:35.385536" elapsed="0.000118"/>
</kw>
<kw name="Set Variable" owner="BuiltIn">
<msg time="2025-07-10T10:26:35.385812" level="INFO">${PUB2} = pub2_network_udp</msg>
<var>${PUB2}</var>
<arg>pub2_${layer_tag}</arg>
<doc>Returns the given values which can then be assigned to a variables.</doc>
<status status="PASS" start="2025-07-10T10:26:35.385716" elapsed="0.000112"/>
</kw>
<kw name="Set Variable" owner="BuiltIn">
<msg time="2025-07-10T10:26:35.386015" level="INFO">${SUB1} = sub1_network_udp</msg>
<var>${SUB1}</var>
<arg>sub1_${layer_tag}</arg>
<doc>Returns the given values which can then be assigned to a variables.</doc>
<status status="PASS" start="2025-07-10T10:26:35.385890" elapsed="0.000143"/>
</kw>
<kw name="Set Variable" owner="BuiltIn">
<msg time="2025-07-10T10:26:35.386199" level="INFO">${SUB2} = sub2_network_udp</msg>
<var>${SUB2}</var>
<arg>sub2_${layer_tag}</arg>
<doc>Returns the given values which can then be assigned to a variables.</doc>
<status status="PASS" start="2025-07-10T10:26:35.386100" elapsed="0.000114"/>
</kw>
<kw name="Log To Console" owner="BuiltIn">
<arg>\n[INFO] Starting multi pub/sub test with ${layer_tag}</arg>
<doc>Logs the given message to the console.</doc>
<status status="PASS" start="2025-07-10T10:26:35.386278" elapsed="0.000127"/>
</kw>
<kw name="Start Container" owner="MyDockerLibrary">
<arg>${SUB1}</arg>
<arg>${IMAGE}</arg>
<arg>multi_subscriber</arg>
<arg>${layer_tag}</arg>
<arg>${TOPIC}</arg>
<arg>network=${NETWORK}</arg>
<status status="PASS" start="2025-07-10T10:26:35.386484" elapsed="0.132690"/>
</kw>
<kw name="Start Container" owner="MyDockerLibrary">
<arg>${SUB2}</arg>
<arg>${IMAGE}</arg>
<arg>multi_subscriber2</arg>
<arg>${layer_tag}</arg>
<arg>${TOPIC}</arg>
<arg>network=${NETWORK}</arg>
<status status="PASS" start="2025-07-10T10:26:35.519348" elapsed="0.112282"/>
</kw>
<kw name="Start Container" owner="MyDockerLibrary">
<arg>${PUB1}</arg>
<arg>${IMAGE}</arg>
<arg>multi_publisher</arg>
<arg>${layer_tag}</arg>
<arg>${TOPIC}</arg>
<arg>network=${NETWORK}</arg>
<status status="PASS" start="2025-07-10T10:26:35.631896" elapsed="0.122518"/>
</kw>
<kw name="Start Container" owner="MyDockerLibrary">
<arg>${PUB2}</arg>
<arg>${IMAGE}</arg>
<arg>multi_publisher2</arg>
<arg>${layer_tag}</arg>
<arg>${TOPIC}</arg>
<arg>network=${NETWORK}</arg>
<status status="PASS" start="2025-07-10T10:26:35.754627" elapsed="0.128503"/>
</kw>
<kw name="Sleep" owner="BuiltIn">
<msg time="2025-07-10T10:26:53.883661" level="INFO">Slept 18 seconds.</msg>
<arg>18s</arg>
<doc>Pauses the test executed for the given time.</doc>
<status status="PASS" start="2025-07-10T10:26:35.883342" elapsed="18.000433"/>
</kw>
<kw name="Get Container Logs" owner="MyDockerLibrary">
<msg time="2025-07-10T10:26:53.886581" level="INFO">${log1} = [Entrypoint] Starting multi_subscriber in mode network_udp
[Subscriber 1] Waiting for messages...


=== [Subscriber 1] Received Message Summary ===
PUB1 messages (42):--------------&gt; 10/10
PUB2 messag...</msg>
<var>${log1}</var>
<arg>${SUB1}</arg>
<status status="PASS" start="2025-07-10T10:26:53.883938" elapsed="0.002672"/>
</kw>
<kw name="Log To Console" owner="BuiltIn">
<arg>\n[CONTAINER LOG: SUBSCRIBER 1]\n${log1}</arg>
<doc>Logs the given message to the console.</doc>
<status status="PASS" start="2025-07-10T10:26:53.886699" elapsed="0.000158"/>
</kw>
<kw name="Log" owner="BuiltIn">
<msg time="2025-07-10T10:26:53.887099" level="INFO">
[CONTAINER LOG: SUBSCRIBER 1]
[Entrypoint] Starting multi_subscriber in mode network_udp
[Subscriber 1] Waiting for messages...


=== [Subscriber 1] Received Message Summary ===
PUB1 messages (42):--------------&gt; 10/10
PUB2 messages (43):-------------&gt; 10/10
[Subscriber 1] [✓] Received messages from both publishers.

</msg>
<arg>\n[CONTAINER LOG: SUBSCRIBER 1]\n${log1}</arg>
<doc>Logs the given message with the given level.</doc>
<status status="PASS" start="2025-07-10T10:26:53.886961" elapsed="0.000177"/>
</kw>
<kw name="Get Container Logs" owner="MyDockerLibrary">
<msg time="2025-07-10T10:26:53.889209" level="INFO">${log2} = [Entrypoint] Starting multi_subscriber2 in mode network_udp
[Subscriber 2] Waiting for messages...

=== [Subscriber 2] Received Message Summary ===
PUB1 messages (42):--------------&gt; 10/10
PUB2 messag...</msg>
<var>${log2}</var>
<arg>${SUB2}</arg>
<status status="PASS" start="2025-07-10T10:26:53.887210" elapsed="0.002026"/>
</kw>
<kw name="Log To Console" owner="BuiltIn">
<arg>\n[CONTAINER LOG: SUBSCRIBER 2]\n${log2}</arg>
<doc>Logs the given message to the console.</doc>
<status status="PASS" start="2025-07-10T10:26:53.889320" elapsed="0.000148"/>
</kw>
<kw name="Log" owner="BuiltIn">
<msg time="2025-07-10T10:26:53.889662" level="INFO">
[CONTAINER LOG: SUBSCRIBER 1]
[Entrypoint] Starting multi_subscriber2 in mode network_udp
[Subscriber 2] Waiting for messages...

=== [Subscriber 2] Received Message Summary ===
PUB1 messages (42):--------------&gt; 10/10
PUB2 messages (43):-------------&gt; 10/10
[Subscriber 2] [✓] Received messages from both publishers.

</msg>
<arg>\n[CONTAINER LOG: SUBSCRIBER 1]\n${log2}</arg>
<doc>Logs the given message with the given level.</doc>
<status status="PASS" start="2025-07-10T10:26:53.889558" elapsed="0.000141"/>
</kw>
<kw name="Wait For Container Exit" owner="MyDockerLibrary">
<arg>${SUB1}</arg>
<status status="PASS" start="2025-07-10T10:26:53.889767" elapsed="0.000979"/>
</kw>
<kw name="Wait For Container Exit" owner="MyDockerLibrary">
<arg>${SUB2}</arg>
<status status="PASS" start="2025-07-10T10:26:53.890828" elapsed="0.000981"/>
</kw>
<kw name="Wait For Container Exit" owner="MyDockerLibrary">
<arg>${PUB1}</arg>
<status status="PASS" start="2025-07-10T10:26:53.891891" elapsed="0.000944"/>
</kw>
<kw name="Wait For Container Exit" owner="MyDockerLibrary">
<arg>${PUB2}</arg>
<status status="PASS" start="2025-07-10T10:26:53.892915" elapsed="0.001114"/>
</kw>
<kw name="Wait For Container Exit" owner="MyDockerLibrary">
<msg time="2025-07-10T10:26:53.894929" level="INFO">${exit1} = 0</msg>
<var>${exit1}</var>
<arg>${SUB1}</arg>
<status status="PASS" start="2025-07-10T10:26:53.894113" elapsed="0.000839"/>
</kw>
<kw name="Wait For Container Exit" owner="MyDockerLibrary">
<msg time="2025-07-10T10:26:53.895883" level="INFO">${exit2} = 0</msg>
<var>${exit2}</var>
<arg>${SUB2}</arg>
<status status="PASS" start="2025-07-10T10:26:53.895062" elapsed="0.000844"/>
</kw>
<kw name="Should Be Equal As Integers" owner="BuiltIn">
<msg time="2025-07-10T10:26:53.896137" level="INFO">Argument types are:
&lt;class 'int'&gt;
&lt;class 'str'&gt;</msg>
<arg>${exit1}</arg>
<arg>0</arg>
<arg>Subscriber 1 failed!</arg>
<doc>Fails if objects are unequal after converting them to integers.</doc>
<status status="PASS" start="2025-07-10T10:26:53.896005" elapsed="0.000176"/>
</kw>
<kw name="Should Be Equal As Integers" owner="BuiltIn">
<msg time="2025-07-10T10:26:53.896360" level="INFO">Argument types are:
&lt;class 'int'&gt;
&lt;class 'str'&gt;</msg>
<arg>${exit2}</arg>
<arg>0</arg>
<arg>Subscriber 2 failed!</arg>
<doc>Fails if objects are unequal after converting them to integers.</doc>
<status status="PASS" start="2025-07-10T10:26:53.896255" elapsed="0.000142"/>
</kw>
<kw name="Log Test Summary" owner="MyDockerLibrary">
<arg>Multi Pub/Sub Test ${layer_tag}</arg>
<arg>${True}</arg>
<status status="PASS" start="2025-07-10T10:26:53.896466" elapsed="0.000151"/>
</kw>
<kw name="Stop Container" owner="MyDockerLibrary">
<arg>${SUB1}</arg>
<status status="PASS" start="2025-07-10T10:26:53.896703" elapsed="0.004941"/>
</kw>
<kw name="Stop Container" owner="MyDockerLibrary">
<arg>${SUB2}</arg>
<status status="PASS" start="2025-07-10T10:26:53.901727" elapsed="0.005144"/>
</kw>
<kw name="Stop Container" owner="MyDockerLibrary">
<arg>${PUB1}</arg>
<status status="PASS" start="2025-07-10T10:26:53.906956" elapsed="0.005221"/>
</kw>
<kw name="Stop Container" owner="MyDockerLibrary">
<arg>${PUB2}</arg>
<status status="PASS" start="2025-07-10T10:26:53.912260" elapsed="0.005625"/>
</kw>
<kw name="Sleep" owner="BuiltIn">
<msg time="2025-07-10T10:26:54.918238" level="INFO">Slept 1 second.</msg>
<arg>1s</arg>
<doc>Pauses the test executed for the given time.</doc>
<status status="PASS" start="2025-07-10T10:26:53.917991" elapsed="1.000360"/>
</kw>
<arg>network_udp</arg>
<arg>network</arg>
<status status="PASS" start="2025-07-10T10:26:35.384859" elapsed="19.533585"/>
</kw>
<tag>multi_pub_sub_network_udp</tag>
<status status="PASS" start="2025-07-10T10:26:35.384419" elapsed="19.534159"/>
</test>
<test id="s1-s2-t4" name="Multi Pub/Sub Network TCP Test" line="60">
<kw name="Run Multi Pub Sub Test Network">
<kw name="Set Variable" owner="BuiltIn">
<msg time="2025-07-10T10:26:54.920445" level="INFO">${IMAGE} = multi_pub_sub_network_tcp</msg>
<var>${IMAGE}</var>
<arg>${BASE_IMAGE}_${layer_tag}</arg>
<doc>Returns the given values which can then be assigned to a variables.</doc>
<status status="PASS" start="2025-07-10T10:26:54.920296" elapsed="0.000180"/>
</kw>
<kw name="Set Variable" owner="BuiltIn">
<msg time="2025-07-10T10:26:54.920633" level="INFO">${TOPIC} = test_topic</msg>
<var>${TOPIC}</var>
<arg>test_topic</arg>
<doc>Returns the given values which can then be assigned to a variables.</doc>
<status status="PASS" start="2025-07-10T10:26:54.920550" elapsed="0.000100"/>
</kw>
<kw name="Set Variable" owner="BuiltIn">
<msg time="2025-07-10T10:26:54.920814" level="INFO">${PUB1} = pub1_network_tcp</msg>
<var>${PUB1}</var>
<arg>pub1_${layer_tag}</arg>
<doc>Returns the given values which can then be assigned to a variables.</doc>
<status status="PASS" start="2025-07-10T10:26:54.920714" elapsed="0.000117"/>
</kw>
<kw name="Set Variable" owner="BuiltIn">
<msg time="2025-07-10T10:26:54.921012" level="INFO">${PUB2} = pub2_network_tcp</msg>
<var>${PUB2}</var>
<arg>pub2_${layer_tag}</arg>
<doc>Returns the given values which can then be assigned to a variables.</doc>
<status status="PASS" start="2025-07-10T10:26:54.920893" elapsed="0.000135"/>
</kw>
<kw name="Set Variable" owner="BuiltIn">
<msg time="2025-07-10T10:26:54.921259" level="INFO">${SUB1} = sub1_network_tcp</msg>
<var>${SUB1}</var>
<arg>sub1_${layer_tag}</arg>
<doc>Returns the given values which can then be assigned to a variables.</doc>
<status status="PASS" start="2025-07-10T10:26:54.921152" elapsed="0.000124"/>
</kw>
<kw name="Set Variable" owner="BuiltIn">
<msg time="2025-07-10T10:26:54.921449" level="INFO">${SUB2} = sub2_network_tcp</msg>
<var>${SUB2}</var>
<arg>sub2_${layer_tag}</arg>
<doc>Returns the given values which can then be assigned to a variables.</doc>
<status status="PASS" start="2025-07-10T10:26:54.921350" elapsed="0.000115"/>
</kw>
<kw name="Log To Console" owner="BuiltIn">
<arg>\n[INFO] Starting multi pub/sub test with ${layer_tag}</arg>
<doc>Logs the given message to the console.</doc>
<status status="PASS" start="2025-07-10T10:26:54.921529" elapsed="0.000128"/>
</kw>
<kw name="Start Container" owner="MyDockerLibrary">
<arg>${SUB1}</arg>
<arg>${IMAGE}</arg>
<arg>multi_subscriber</arg>
<arg>${layer_tag}</arg>
<arg>${TOPIC}</arg>
<arg>network=${NETWORK}</arg>
<status status="PASS" start="2025-07-10T10:26:54.921756" elapsed="0.139354"/>
</kw>
<kw name="Start Container" owner="MyDockerLibrary">
<arg>${SUB2}</arg>
<arg>${IMAGE}</arg>
<arg>multi_subscriber2</arg>
<arg>${layer_tag}</arg>
<arg>${TOPIC}</arg>
<arg>network=${NETWORK}</arg>
<status status="PASS" start="2025-07-10T10:26:55.061328" elapsed="0.121896"/>
</kw>
<kw name="Start Container" owner="MyDockerLibrary">
<arg>${PUB1}</arg>
<arg>${IMAGE}</arg>
<arg>multi_publisher</arg>
<arg>${layer_tag}</arg>
<arg>${TOPIC}</arg>
<arg>network=${NETWORK}</arg>
<status status="PASS" start="2025-07-10T10:26:55.183383" elapsed="0.122336"/>
</kw>
<kw name="Start Container" owner="MyDockerLibrary">
<arg>${PUB2}</arg>
<arg>${IMAGE}</arg>
<arg>multi_publisher2</arg>
<arg>${layer_tag}</arg>
<arg>${TOPIC}</arg>
<arg>network=${NETWORK}</arg>
<status status="PASS" start="2025-07-10T10:26:55.305900" elapsed="0.122789"/>
</kw>
<kw name="Sleep" owner="BuiltIn">
<msg time="2025-07-10T10:27:13.429170" level="INFO">Slept 18 seconds.</msg>
<arg>18s</arg>
<doc>Pauses the test executed for the given time.</doc>
<status status="PASS" start="2025-07-10T10:26:55.428863" elapsed="18.000407"/>
</kw>
<kw name="Get Container Logs" owner="MyDockerLibrary">
<msg time="2025-07-10T10:27:13.432153" level="INFO">${log1} = [Entrypoint] Starting multi_subscriber in mode network_tcp
[Subscriber 1] Waiting for messages...

1752143228210 ms | d54080857d0e | multi_subscriber | 7 | error | CTCPReaderLayer - TCPPubSub (Error) ...</msg>
<var>${log1}</var>
<arg>${SUB1}</arg>
<status status="PASS" start="2025-07-10T10:27:13.429428" elapsed="0.002751"/>
</kw>
<kw name="Log To Console" owner="BuiltIn">
<arg>\n[CONTAINER LOG: SUBSCRIBER 1]\n${log1}</arg>
<doc>Logs the given message to the console.</doc>
<status status="PASS" start="2025-07-10T10:27:13.432269" elapsed="0.000176"/>
</kw>
<kw name="Log" owner="BuiltIn">
<msg time="2025-07-10T10:27:13.432732" level="INFO">
[CONTAINER LOG: SUBSCRIBER 1]
[Entrypoint] Starting multi_subscriber in mode network_tcp
[Subscriber 1] Waiting for messages...

1752143228210 ms | d54080857d0e | multi_subscriber | 7 | error | CTCPReaderLayer - TCPPubSub (Error) -SubscriberSession 172.18.0.2:49978-&gt;862817c7c5ba:40157: Error reading header length: End of file
1752143228211 ms | d54080857d0e | multi_subscriber | 7 | warning | CTCPReaderLayer - TCPPubSub (Warning) -SubscriberSession 172.18.0.2:33848: Failed connecting to publisher 862817c7c5ba:40157: Connection refused
1752143228212 ms | d54080857d0e | multi_subscriber | 7 | warning | CTCPReaderLayer - TCPPubSub (Warning) -SubscriberSession 172.18.0.2:33850: Failed connecting to publisher 862817c7c5ba:40157: Connection refused
1752143228212 ms | d54080857d0e | multi_subscriber | 7 | warning | CTCPReaderLayer - TCPPubSub (Warning) -SubscriberSession 172.18.0.2:33862: Failed connecting to publisher 862817c7c5ba:40157: Connection refused
1752143228213 ms | d54080857d0e | multi_subscriber | 7 | warning | CTCPReaderLayer - TCPPubSub (Warning) -SubscriberSession 172.18.0.2:33874: Failed connecting to publisher 862817c7c5ba:40157: Connection refused
1752143228213 ms | d54080857d0e | multi_subscriber | 7 | warning | CTCPReaderLayer - TCPPubSub (Warning) -SubscriberSession 172.18.0.2:33878: Failed connecting to publisher 862817c7c5ba:40157: Connection refused
1752143228234 ms | d54080857d0e | multi_subscriber | 7 | error | CTCPReaderLayer - TCPPubSub (Error) -SubscriberSession 172.18.0.2:48550-&gt;8815527dabf5:37779: Error reading header length: End of file
1752143228235 ms | d54080857d0e | multi_subscriber | 7 | warning | CTCPReaderLayer - TCPPubSub (Warning) -SubscriberSession 172.18.0.2:35804: Failed connecting to publisher 8815527dabf5:37779: Connection refused
1752143228235 ms | d54080857d0e | multi_subscriber | 7 | warning | CTCPReaderLayer - TCPPubSub (Warning) -SubscriberSession 172.18.0.2:35816: Failed connecting to publisher 8815527dabf5:37779: Connection refused
1752143228236 ms | d54080857d0e | multi_subscriber | 7 | warning | CTCPReaderLayer - TCPPubSub (Warning) -SubscriberSession 172.18.0.2:35820: Failed connecting to publisher 8815527dabf5:37779: Connection refused
1752143228237 ms | d54080857d0e | multi_subscriber | 7 | warning | CTCPReaderLayer - TCPPubSub (Warning) -SubscriberSession 172.18.0.2:35830: Failed connecting to publisher 8815527dabf5:37779: Connection refused
1752143228237 ms | d54080857d0e | multi_subscriber | 7 | warning | CTCPReaderLayer - TCPPubSub (Warning) -SubscriberSession 172.18.0.2:35836: Failed connecting to publisher 8815527dabf5:37779: Connection refused

=== [Subscriber 1] Received Message Summary ===
PUB1 messages (42):--------------&gt; 10/10
PUB2 messages (43):-------------&gt; 10/10
[Subscriber 1] [✓] Received messages from both publishers.

</msg>
<arg>\n[CONTAINER LOG: SUBSCRIBER 1]\n${log1}</arg>
<doc>Logs the given message with the given level.</doc>
<status status="PASS" start="2025-07-10T10:27:13.432561" elapsed="0.000261"/>
</kw>
<kw name="Get Container Logs" owner="MyDockerLibrary">
<msg time="2025-07-10T10:27:13.435311" level="INFO">${log2} = [Entrypoint] Starting multi_subscriber2 in mode network_tcp
[Subscriber 2] Waiting for messages...
1752143228210 ms | 9c156a2d05db | multi_subscriber | 7 | error | CTCPReaderLayer - TCPPubSub (Error) ...</msg>
<var>${log2}</var>
<arg>${SUB2}</arg>
<status status="PASS" start="2025-07-10T10:27:13.432932" elapsed="0.002405"/>
</kw>
<kw name="Log To Console" owner="BuiltIn">
<arg>\n[CONTAINER LOG: SUBSCRIBER 2]\n${log2}</arg>
<doc>Logs the given message to the console.</doc>
<status status="PASS" start="2025-07-10T10:27:13.435422" elapsed="0.000156"/>
</kw>
<kw name="Log" owner="BuiltIn">
<msg time="2025-07-10T10:27:13.435864" level="INFO">
[CONTAINER LOG: SUBSCRIBER 1]
[Entrypoint] Starting multi_subscriber2 in mode network_tcp
[Subscriber 2] Waiting for messages...
1752143228210 ms | 9c156a2d05db | multi_subscriber | 7 | error | CTCPReaderLayer - TCPPubSub (Error) -SubscriberSession 172.18.0.3:46570-&gt;862817c7c5ba:40157: Error reading header length: End of file
1752143228211 ms | 9c156a2d05db | multi_subscriber | 7 | warning | CTCPReaderLayer - TCPPubSub (Warning) -SubscriberSession 172.18.0.3:59424: Failed connecting to publisher 862817c7c5ba:40157: Connection refused
1752143228212 ms | 9c156a2d05db | multi_subscriber | 7 | warning | CTCPReaderLayer - TCPPubSub (Warning) -SubscriberSession 172.18.0.3:59434: Failed connecting to publisher 862817c7c5ba:40157: Connection refused
1752143228212 ms | 9c156a2d05db | multi_subscriber | 7 | warning | CTCPReaderLayer - TCPPubSub (Warning) -SubscriberSession 172.18.0.3:59436: Failed connecting to publisher 862817c7c5ba:40157: Connection refused
1752143228213 ms | 9c156a2d05db | multi_subscriber | 7 | warning | CTCPReaderLayer - TCPPubSub (Warning) -SubscriberSession 172.18.0.3:59442: Failed connecting to publisher 862817c7c5ba:40157: Connection refused
1752143228214 ms | 9c156a2d05db | multi_subscriber | 7 | warning | CTCPReaderLayer - TCPPubSub (Warning) -SubscriberSession 172.18.0.3:59458: Failed connecting to publisher 862817c7c5ba:40157: Connection refused
1752143228234 ms | 9c156a2d05db | multi_subscriber | 7 | error | CTCPReaderLayer - TCPPubSub (Error) -SubscriberSession 172.18.0.3:50660-&gt;8815527dabf5:37779: Error reading header length: End of file
1752143228235 ms | 9c156a2d05db | multi_subscriber | 7 | warning | CTCPReaderLayer - TCPPubSub (Warning) -SubscriberSession 172.18.0.3:35640: Failed connecting to publisher 8815527dabf5:37779: Connection refused
1752143228236 ms | 9c156a2d05db | multi_subscriber | 7 | warning | CTCPReaderLayer - TCPPubSub (Warning) -SubscriberSession 172.18.0.3:35656: Failed connecting to publisher 8815527dabf5:37779: Connection refused
1752143228236 ms | 9c156a2d05db | multi_subscriber | 7 | warning | CTCPReaderLayer - TCPPubSub (Warning) -SubscriberSession 172.18.0.3:35658: Failed connecting to publisher 8815527dabf5:37779: Connection refused
1752143228236 ms | 9c156a2d05db | multi_subscriber | 7 | warning | CTCPReaderLayer - TCPPubSub (Warning) -SubscriberSession 172.18.0.3:35666: Failed connecting to publisher 8815527dabf5:37779: Connection refused
1752143228237 ms | 9c156a2d05db | multi_subscriber | 7 | warning | CTCPReaderLayer - TCPPubSub (Warning) -SubscriberSession 172.18.0.3:35676: Failed connecting to publisher 8815527dabf5:37779: Connection refused

=== [Subscriber 2] Received Message Summary ===
PUB1 messages (42):--------------&gt; 10/10
PUB2 messages (43):-------------&gt; 10/10
[Subscriber 2] [✓] Received messages from both publishers.

</msg>
<arg>\n[CONTAINER LOG: SUBSCRIBER 1]\n${log2}</arg>
<doc>Logs the given message with the given level.</doc>
<status status="PASS" start="2025-07-10T10:27:13.435694" elapsed="0.000312"/>
</kw>
<kw name="Wait For Container Exit" owner="MyDockerLibrary">
<arg>${SUB1}</arg>
<status status="PASS" start="2025-07-10T10:27:13.436116" elapsed="0.001207"/>
</kw>
<kw name="Wait For Container Exit" owner="MyDockerLibrary">
<arg>${SUB2}</arg>
<status status="PASS" start="2025-07-10T10:27:13.437427" elapsed="0.001161"/>
</kw>
<kw name="Wait For Container Exit" owner="MyDockerLibrary">
<arg>${PUB1}</arg>
<status status="PASS" start="2025-07-10T10:27:13.438697" elapsed="0.001040"/>
</kw>
<kw name="Wait For Container Exit" owner="MyDockerLibrary">
<arg>${PUB2}</arg>
<status status="PASS" start="2025-07-10T10:27:13.439821" elapsed="0.000973"/>
</kw>
<kw name="Wait For Container Exit" owner="MyDockerLibrary">
<msg time="2025-07-10T10:27:13.441780" level="INFO">${exit1} = 0</msg>
<var>${exit1}</var>
<arg>${SUB1}</arg>
<status status="PASS" start="2025-07-10T10:27:13.440878" elapsed="0.000926"/>
</kw>
<kw name="Wait For Container Exit" owner="MyDockerLibrary">
<msg time="2025-07-10T10:27:13.442876" level="INFO">${exit2} = 0</msg>
<var>${exit2}</var>
<arg>${SUB2}</arg>
<status status="PASS" start="2025-07-10T10:27:13.441887" elapsed="0.001013"/>
</kw>
<kw name="Should Be Equal As Integers" owner="BuiltIn">
<msg time="2025-07-10T10:27:13.443146" level="INFO">Argument types are:
&lt;class 'int'&gt;
&lt;class 'str'&gt;</msg>
<arg>${exit1}</arg>
<arg>0</arg>
<arg>Subscriber 1 failed!</arg>
<doc>Fails if objects are unequal after converting them to integers.</doc>
<status status="PASS" start="2025-07-10T10:27:13.443009" elapsed="0.000181"/>
</kw>
<kw name="Should Be Equal As Integers" owner="BuiltIn">
<msg time="2025-07-10T10:27:13.443378" level="INFO">Argument types are:
&lt;class 'int'&gt;
&lt;class 'str'&gt;</msg>
<arg>${exit2}</arg>
<arg>0</arg>
<arg>Subscriber 2 failed!</arg>
<doc>Fails if objects are unequal after converting them to integers.</doc>
<status status="PASS" start="2025-07-10T10:27:13.443269" elapsed="0.000147"/>
</kw>
<kw name="Log Test Summary" owner="MyDockerLibrary">
<arg>Multi Pub/Sub Test ${layer_tag}</arg>
<arg>${True}</arg>
<status status="PASS" start="2025-07-10T10:27:13.443488" elapsed="0.000141"/>
</kw>
<kw name="Stop Container" owner="MyDockerLibrary">
<arg>${SUB1}</arg>
<status status="PASS" start="2025-07-10T10:27:13.443713" elapsed="0.005090"/>
</kw>
<kw name="Stop Container" owner="MyDockerLibrary">
<arg>${SUB2}</arg>
<status status="PASS" start="2025-07-10T10:27:13.448886" elapsed="0.004898"/>
</kw>
<kw name="Stop Container" owner="MyDockerLibrary">
<arg>${PUB1}</arg>
<status status="PASS" start="2025-07-10T10:27:13.453902" elapsed="0.005438"/>
</kw>
<kw name="Stop Container" owner="MyDockerLibrary">
<arg>${PUB2}</arg>
<status status="PASS" start="2025-07-10T10:27:13.459421" elapsed="0.004878"/>
</kw>
<kw name="Sleep" owner="BuiltIn">
<msg time="2025-07-10T10:27:14.464628" level="INFO">Slept 1 second.</msg>
<arg>1s</arg>
<doc>Pauses the test executed for the given time.</doc>
<status status="PASS" start="2025-07-10T10:27:13.464382" elapsed="1.000360"/>
</kw>
<arg>network_tcp</arg>
<arg>network</arg>
<status status="PASS" start="2025-07-10T10:26:54.920052" elapsed="19.544783"/>
</kw>
<tag>multi_pub_sub_network_tcp</tag>
<status status="PASS" start="2025-07-10T10:26:54.919585" elapsed="19.545410"/>
</test>
<status status="PASS" start="2025-07-10T10:25:45.167524" elapsed="89.298721"/>
</suite>
<suite id="s1-s3" name="Network Crash" source="/home/runner/work/ECAL_Test_Framework/ECAL_Test_Framework/integration_tests/network_crash/robottests/network_crash.robot">
<kw name="Init Test Context" type="SETUP">
<kw name="Set Test Context" owner="GlobalPathsLibrary">
<arg>network_crash</arg>
<arg>network_crash</arg>
<doc>Sets the test folder and tag prefix if it's a valid test case.
The folder must exist under integration_tests/ and contain typical test structure.</doc>
<status status="PASS" start="2025-07-10T10:27:14.469480" elapsed="0.000131"/>
</kw>
<kw name="Get Build Script Path" owner="GlobalPathsLibrary">
<msg time="2025-07-10T10:27:14.469776" level="INFO">${build} = /home/runner/work/ECAL_Test_Framework/ECAL_Test_Framework/integration_tests/network_crash/scripts/build_images.sh</msg>
<var>${build}</var>
<status status="PASS" start="2025-07-10T10:27:14.469688" elapsed="0.000108"/>
</kw>
<kw name="Get Network Name" owner="GlobalPathsLibrary">
<msg time="2025-07-10T10:27:14.469934" level="INFO">${net} = ecal_test_net</msg>
<var>${net}</var>
<status status="PASS" start="2025-07-10T10:27:14.469858" elapsed="0.000093"/>
</kw>
<kw name="Get Build Script Args" owner="GlobalPathsLibrary">
<msg time="2025-07-10T10:27:14.470132" level="INFO">${args} = ['network_crash']</msg>
<var>${args}</var>
<status status="PASS" start="2025-07-10T10:27:14.470047" elapsed="0.000103"/>
</kw>
<kw name="Set Suite Variable" owner="BuiltIn">
[...]
[Publisher] Waiting for at least 2 subscriber(s) on topic: test_topic
[Publisher] Found 2 subscriber(s). Pr...</msg>
<var>${log3}</var>
<arg>${PUBLISHER}</arg>
<status status="PASS" start="2025-07-10T10:35:06.126383" elapsed="0.002112"/>
</kw>
<kw name="Log To Console" owner="BuiltIn">
<arg>\n[LOG: SUBSCRIBER]\n${log1}</arg>
<doc>Logs the given message to the console.</doc>
<status status="PASS" start="2025-07-10T10:35:06.128596" elapsed="0.000154"/>
</kw>
<kw name="Log To Console" owner="BuiltIn">
<arg>\n[LOG: CRASH_SUBSCRIBER]\n${log2}</arg>
<doc>Logs the given message to the console.</doc>
<status status="PASS" start="2025-07-10T10:35:06.128856" elapsed="0.000181"/>
</kw>
<kw name="Log To Console" owner="BuiltIn">
<arg>\n[LOG: PUBLISHER]\n${log3}</arg>
<doc>Logs the given message to the console.</doc>
<status status="PASS" start="2025-07-10T10:35:06.129145" elapsed="0.000137"/>
</kw>
<kw name="Log" owner="BuiltIn">
<msg time="2025-07-10T10:35:06.129516" level="INFO">
[LOG: SUBSCRIBER]
[Entrypoint] Starting stable subscriber in mode network_udp
[Test_Sub] Ready and waiting...
[Test_Sub] Received 52428800 bytes (message 1)
[Test_Sub] Received 52428800 bytes (message 2)
[Test_Sub] Received 52428800 bytes (message 3)
[✓] Received 3 messages.
</msg>
<arg>\n[LOG: SUBSCRIBER]\n${log1}</arg>
<doc>Logs the given message with the given level.</doc>
<status status="PASS" start="2025-07-10T10:35:06.129401" elapsed="0.000162"/>
</kw>
<kw name="Log" owner="BuiltIn">
<msg time="2025-07-10T10:35:06.129723" level="INFO">
[LOG: CRASH_SUBSCRIBER]
[Entrypoint] Starting crashing subscriber in mode network_udp
[Crash_Sub] Simulating crash after 2 seconds during active reception
[Crash_Sub] Listening to topic 'test_topic' in mode 'network_udp'
[Crash_Sub] Received 52428800 bytes
./entrypoint.sh: line 62:     7 Aborted                 (core dumped) ./crash_send_subscriber $ARGS $EXTRA
</msg>
<arg>\n[LOG: CRASH_SUBSCRIBER]\n${log2}</arg>
<doc>Logs the given message with the given level.</doc>
<status status="PASS" start="2025-07-10T10:35:06.129632" elapsed="0.000121"/>
</kw>
<kw name="Log" owner="BuiltIn">
<msg time="2025-07-10T10:35:06.129905" level="INFO">
[LOG: PUBLISHER]
[Entrypoint] Starting large publisher in mode network_udp
[Publisher] Prepared 50MB message.
[Publisher] Waiting for at least 2 subscriber(s) on topic: test_topic
[Publisher] Found 2 subscriber(s). Proceeding to send messages.
[Publisher] Subscriber detected. Starting to send.
[Publisher] Send result: ✓, size: 52428800 bytes
[Publisher] Send result: ✓, size: 52428800 bytes
[Publisher] Send result: ✓, size: 52428800 bytes
[Publisher] Finished sending.
</msg>
<arg>\n[LOG: PUBLISHER]\n${log3}</arg>
<doc>Logs the given message with the given level.</doc>
<status status="PASS" start="2025-07-10T10:35:06.129817" elapsed="0.000120"/>
</kw>
<kw name="Wait For Container Exit" owner="MyDockerLibrary">
<msg time="2025-07-10T10:35:06.130867" level="INFO">${exit1} = 0</msg>
<var>${exit1}</var>
<arg>${SUB_OK}</arg>
<status status="PASS" start="2025-07-10T10:35:06.130030" elapsed="0.000859"/>
</kw>
<kw name="Should Be Equal As Integers" owner="BuiltIn">
<msg time="2025-07-10T10:35:06.131128" level="INFO">Argument types are:
&lt;class 'int'&gt;
&lt;class 'str'&gt;</msg>
<arg>${exit1}</arg>
<arg>0</arg>
<arg>Stable subscriber failed unexpectedly!</arg>
<doc>Fails if objects are unequal after converting them to integers.</doc>
<status status="PASS" start="2025-07-10T10:35:06.130990" elapsed="0.000182"/>
</kw>
<kw name="Log Test Summary" owner="MyDockerLibrary">
<arg>Network Crash Receive Test ${layer_tag}</arg>
<arg>${True}</arg>
<status status="PASS" start="2025-07-10T10:35:06.131246" elapsed="0.000137"/>
</kw>
<kw name="Stop Container" owner="MyDockerLibrary">
<arg>${SUB_OK}</arg>
<status status="PASS" start="2025-07-10T10:35:06.131476" elapsed="0.005081"/>
</kw>
<kw name="Stop Container" owner="MyDockerLibrary">
<arg>${SUB_CRASH}</arg>
<status status="PASS" start="2025-07-10T10:35:06.136640" elapsed="0.004844"/>
</kw>
<kw name="Stop Container" owner="MyDockerLibrary">
<arg>${PUBLISHER}</arg>
<status status="PASS" start="2025-07-10T10:35:06.141605" elapsed="0.005199"/>
</kw>
<arg>network_udp</arg>
<arg>network</arg>
<status status="PASS" start="2025-07-10T10:34:34.911406" elapsed="31.235457"/>
</kw>
<tag>crash_receive_network_udp</tag>
<status status="PASS" start="2025-07-10T10:34:34.911011" elapsed="31.235946"/>
</test>
<test id="s1-s9-t4" name="Crash During Reception (Network TCP)" line="58">
<kw name="Run Network Crash Receive Test">
<kw name="Set Variable" owner="BuiltIn">
<msg time="2025-07-10T10:35:06.148829" level="INFO">${IMAGE} = sub_send_crash_network_tcp</msg>
<var>${IMAGE}</var>
<arg>${BASE_IMAGE}_${layer_tag}</arg>
<doc>Returns the given values which can then be assigned to a variables.</doc>
<status status="PASS" start="2025-07-10T10:35:06.148682" elapsed="0.000168"/>
</kw>
<kw name="Set Variable" owner="BuiltIn">
<msg time="2025-07-10T10:35:06.149043" level="INFO">${TOPIC} = test_topic</msg>
<var>${TOPIC}</var>
<arg>test_topic</arg>
<doc>Returns the given values which can then be assigned to a variables.</doc>
<status status="PASS" start="2025-07-10T10:35:06.148934" elapsed="0.000129"/>
</kw>
<kw name="Set Variable" owner="BuiltIn">
<msg time="2025-07-10T10:35:06.149239" level="INFO">${SUB_OK} = sub_ok_network_tcp</msg>
<var>${SUB_OK}</var>
<arg>sub_ok_${layer_tag}</arg>
<doc>Returns the given values which can then be assigned to a variables.</doc>
<status status="PASS" start="2025-07-10T10:35:06.149132" elapsed="0.000124"/>
</kw>
<kw name="Set Variable" owner="BuiltIn">
<msg time="2025-07-10T10:35:06.149439" level="INFO">${SUB_CRASH} = sub_crash_network_tcp</msg>
<var>${SUB_CRASH}</var>
<arg>sub_crash_${layer_tag}</arg>
<doc>Returns the given values which can then be assigned to a variables.</doc>
<status status="PASS" start="2025-07-10T10:35:06.149321" elapsed="0.000137"/>
</kw>
<kw name="Set Variable" owner="BuiltIn">
<msg time="2025-07-10T10:35:06.149663" level="INFO">${PUBLISHER} = pub_network_tcp</msg>
<var>${PUBLISHER}</var>
<arg>pub_${layer_tag}</arg>
<doc>Returns the given values which can then be assigned to a variables.</doc>
<status status="PASS" start="2025-07-10T10:35:06.149537" elapsed="0.000151"/>
</kw>
<kw name="Log To Console" owner="BuiltIn">
<arg>\n[INFO] Starting crash test in NETWORK mode: ${layer_tag}</arg>
<doc>Logs the given message to the console.</doc>
<status status="PASS" start="2025-07-10T10:35:06.149766" elapsed="0.000139"/>
</kw>
<kw name="Start Container" owner="MyDockerLibrary">
<arg>${SUB_OK}</arg>
<arg>${IMAGE}</arg>
<arg>test_subscriber</arg>
<arg>${layer_tag}</arg>
<arg>${TOPIC}</arg>
<arg>${SUB_OK}</arg>
<arg>network=${NETWORK}</arg>
<status status="PASS" start="2025-07-10T10:35:06.150024" elapsed="0.126700"/>
</kw>
<kw name="Start Container" owner="MyDockerLibrary">
<arg>${SUB_CRASH}</arg>
<arg>${IMAGE}</arg>
<arg>crash_subscriber</arg>
<arg>${layer_tag}</arg>
<arg>${TOPIC}</arg>
<arg>${SUB_CRASH}</arg>
<arg>network=${NETWORK}</arg>
<status status="PASS" start="2025-07-10T10:35:06.276911" elapsed="0.121653"/>
</kw>
<kw name="Start Container" owner="MyDockerLibrary">
<arg>${PUBLISHER}</arg>
<arg>${IMAGE}</arg>
<arg>large_publisher</arg>
<arg>${layer_tag}</arg>
<arg>${TOPIC}</arg>
<arg>${PUBLISHER}</arg>
<arg>network=${NETWORK}</arg>
<status status="PASS" start="2025-07-10T10:35:06.398780" elapsed="0.120644"/>
</kw>
<kw name="Wait For Container Exit" owner="MyDockerLibrary">
<arg>${SUB_OK}</arg>
<status status="PASS" start="2025-07-10T10:35:06.519604" elapsed="30.823682"/>
</kw>
<kw name="Wait For Container Exit" owner="MyDockerLibrary">
<arg>${SUB_CRASH}</arg>
<status status="PASS" start="2025-07-10T10:35:37.343446" elapsed="0.001479"/>
</kw>
<kw name="Wait For Container Exit" owner="MyDockerLibrary">
<arg>${PUBLISHER}</arg>
<status status="PASS" start="2025-07-10T10:35:37.345047" elapsed="0.001055"/>
</kw>
<kw name="Get Container Logs" owner="MyDockerLibrary">
<msg time="2025-07-10T10:35:37.348382" level="INFO">${log1} = [Entrypoint] Starting stable subscriber in mode network_tcp
[Test_Sub] Ready and waiting...
[Test_Sub] Received 52428800 bytes (message 1)
[Test_Sub] Received 52428800 bytes (message 2)
[Test_Sub] Rec...</msg>
<var>${log1}</var>
<arg>${SUB_OK}</arg>
<status status="PASS" start="2025-07-10T10:35:37.346195" elapsed="0.002214"/>
</kw>
<kw name="Get Container Logs" owner="MyDockerLibrary">
<msg time="2025-07-10T10:35:37.350504" level="INFO">${log2} = [Entrypoint] Starting crashing subscriber in mode network_tcp
[Crash_Sub] Listening to topic 'test_topic' in mode 'network_tcp'
[Crash_Sub] Received 52428800 bytes
[Crash_Sub] Simulating crash after 2...</msg>
<var>${log2}</var>
<arg>${SUB_CRASH}</arg>
<status status="PASS" start="2025-07-10T10:35:37.348493" elapsed="0.002036"/>
</kw>
<kw name="Get Container Logs" owner="MyDockerLibrary">
<msg time="2025-07-10T10:35:37.352692" level="INFO">${log3} = [Entrypoint] Starting large publisher in mode network_tcp
[Publisher] Prepared 50MB message.
[Publisher] Waiting for at least 2 subscriber(s) on topic: test_topic
1752143707278 ms | 0074fd9f17cd | lar...</msg>
<var>${log3}</var>
<arg>${PUBLISHER}</arg>
<status status="PASS" start="2025-07-10T10:35:37.350611" elapsed="0.002106"/>
</kw>
<kw name="Log To Console" owner="BuiltIn">
<arg>\n[LOG: SUBSCRIBER]\n${log1}</arg>
<doc>Logs the given message to the console.</doc>
<status status="PASS" start="2025-07-10T10:35:37.352805" elapsed="0.000157"/>
</kw>
<kw name="Log To Console" owner="BuiltIn">
<arg>\n[LOG: CRASH_SUBSCRIBER]\n${log2}</arg>
<doc>Logs the given message to the console.</doc>
<status status="PASS" start="2025-07-10T10:35:37.353102" elapsed="0.000167"/>
</kw>
<kw name="Log To Console" owner="BuiltIn">
<arg>\n[LOG: PUBLISHER]\n${log3}</arg>
<doc>Logs the given message to the console.</doc>
<status status="PASS" start="2025-07-10T10:35:37.353373" elapsed="0.000159"/>
</kw>
<kw name="Log" owner="BuiltIn">
<msg time="2025-07-10T10:35:37.353768" level="INFO">
[LOG: SUBSCRIBER]
[Entrypoint] Starting stable subscriber in mode network_tcp
[Test_Sub] Ready and waiting...
[Test_Sub] Received 52428800 bytes (message 1)
[Test_Sub] Received 52428800 bytes (message 2)
[Test_Sub] Received 52428800 bytes (message 3)
1752143711992 ms | a33bd634009b | test_sub | 7 | error | CTCPReaderLayer - TCPPubSub (Error) -SubscriberSession 172.18.0.2:56440-&gt;0074fd9f17cd:43701: Error reading header length: End of file
1752143711992 ms | a33bd634009b | test_sub | 7 | warning | CTCPReaderLayer - TCPPubSub (Warning) -SubscriberSession 172.18.0.2:56442: Failed connecting to publisher 0074fd9f17cd:43701: Connection refused
1752143711993 ms | a33bd634009b | test_sub | 7 | warning | CTCPReaderLayer - TCPPubSub (Warning) -SubscriberSession 172.18.0.2:56450: Failed connecting to publisher 0074fd9f17cd:43701: Connection refused
1752143711993 ms | a33bd634009b | test_sub | 7 | warning | CTCPReaderLayer - TCPPubSub (Warning) -SubscriberSession 172.18.0.2:56462: Failed connecting to publisher 0074fd9f17cd:43701: Connection refused
1752143711994 ms | a33bd634009b | test_sub | 7 | warning | CTCPReaderLayer - TCPPubSub (Warning) -SubscriberSession 172.18.0.2:56472: Failed connecting to publisher 0074fd9f17cd:43701: Connection refused
1752143711994 ms | a33bd634009b | test_sub | 7 | warning | CTCPReaderLayer - TCPPubSub (Warning) -SubscriberSession 172.18.0.2:56480: Failed connecting to publisher 0074fd9f17cd:43701: Connection refused
[✓] Received 3 messages.
</msg>
<arg>\n[LOG: SUBSCRIBER]\n${log1}</arg>
<doc>Logs the given message with the given level.</doc>
<status status="PASS" start="2025-07-10T10:35:37.353628" elapsed="0.000202"/>
</kw>
<kw name="Log" owner="BuiltIn">
<msg time="2025-07-10T10:35:37.354065" level="INFO">
[LOG: CRASH_SUBSCRIBER]
[Entrypoint] Starting crashing subscriber in mode network_tcp
[Crash_Sub] Listening to topic 'test_topic' in mode 'network_tcp'
[Crash_Sub] Received 52428800 bytes
[Crash_Sub] Simulating crash after 2 seconds during active reception
./entrypoint.sh: line 62:     7 Aborted                 (core dumped) ./crash_send_subscriber $ARGS $EXTRA
</msg>
<arg>\n[LOG: CRASH_SUBSCRIBER]\n${log2}</arg>
<doc>Logs the given message with the given level.</doc>
<status status="PASS" start="2025-07-10T10:35:37.353924" elapsed="0.000236"/>
</kw>
<kw name="Log" owner="BuiltIn">
<msg time="2025-07-10T10:35:37.354381" level="INFO">
[LOG: PUBLISHER]
[Entrypoint] Starting large publisher in mode network_tcp
[Publisher] Prepared 50MB message.
[Publisher] Waiting for at least 2 subscriber(s) on topic: test_topic
1752143707278 ms | 0074fd9f17cd | large_publisher | 7 | info | CTCPReaderLayer - TCPPubSub (Info) -Publisher :::0: Created publisher and waiting for clients.
1752143707279 ms | 0074fd9f17cd | large_publisher | 7 | info | CTCPReaderLayer - TCPPubSub (Info) -Publisher :::43701: Subscriber ::ffff:172.18.0.3:34302 has connected.
1752143707279 ms | 0074fd9f17cd | large_publisher | 7 | info | CTCPReaderLayer - TCPPubSub (Info) -Publisher :::43701: Subscriber ::ffff:172.18.0.2:56440 has connected.
[Publisher] Found 2 subscriber(s). Proceeding to send messages.
[Publisher] Subscriber detected. Starting to send.
[Publisher] Send result: ✓, size: 52428800 bytes
1752143709974 ms | 0074fd9f17cd | large_publisher | 7 | warning | CTCPReaderLayer - TCPPubSub (Warning) -PublisherSession ::ffff:172.18.0.4:43701-&gt;?: Failed sending data: Broken pipe
[Publisher] Send result: ✓, size: 52428800 bytes
[Publisher] Send result: ✓, size: 52428800 bytes
[Publisher] Finished sending.
</msg>
<arg>\n[LOG: PUBLISHER]\n${log3}</arg>
<doc>Logs the given message with the given level.</doc>
<status status="PASS" start="2025-07-10T10:35:37.354256" elapsed="0.000181"/>
</kw>
<kw name="Wait For Container Exit" owner="MyDockerLibrary">
<msg time="2025-07-10T10:35:37.355594" level="INFO">${exit1} = 0</msg>
<var>${exit1}</var>
<arg>${SUB_OK}</arg>
<status status="PASS" start="2025-07-10T10:35:37.354525" elapsed="0.001093"/>
</kw>
<kw name="Should Be Equal As Integers" owner="BuiltIn">
<msg time="2025-07-10T10:35:37.355836" level="INFO">Argument types are:
&lt;class 'int'&gt;
&lt;class 'str'&gt;</msg>
<arg>${exit1}</arg>
<arg>0</arg>
<arg>Stable subscriber failed unexpectedly!</arg>
<doc>Fails if objects are unequal after converting them to integers.</doc>
<status status="PASS" start="2025-07-10T10:35:37.355703" elapsed="0.000178"/>
</kw>
<kw name="Log Test Summary" owner="MyDockerLibrary">
<arg>Network Crash Receive Test ${layer_tag}</arg>
<arg>${True}</arg>
<status status="PASS" start="2025-07-10T10:35:37.355958" elapsed="0.000182"/>
</kw>
<kw name="Stop Container" owner="MyDockerLibrary">
<arg>${SUB_OK}</arg>
<status status="PASS" start="2025-07-10T10:35:37.356226" elapsed="0.005206"/>
</kw>
<kw name="Stop Container" owner="MyDockerLibrary">
<arg>${SUB_CRASH}</arg>
<status status="PASS" start="2025-07-10T10:35:37.361513" elapsed="0.005111"/>
</kw>
<kw name="Stop Container" owner="MyDockerLibrary">
<arg>${PUBLISHER}</arg>
<status status="PASS" start="2025-07-10T10:35:37.366705" elapsed="0.005365"/>
</kw>
<arg>network_tcp</arg>
<arg>network</arg>
<status status="PASS" start="2025-07-10T10:35:06.148478" elapsed="31.223651"/>
</kw>
<tag>crash_receive_network_tcp</tag>
<status status="PASS" start="2025-07-10T10:35:06.148076" elapsed="31.224147"/>
</test>
<status status="PASS" start="2025-07-10T10:33:12.643189" elapsed="144.730082"/>
</suite>
<status status="FAIL" start="2025-07-10T10:24:36.371370" elapsed="661.002638"/>
</suite>
<statistics>
<total>
<stat pass="22" fail="3" skip="0">All Tests</stat>
</total>
<tag>
<stat pass="1" fail="0" skip="0">basic_pub_sub_local_shm</stat>
<stat pass="1" fail="0" skip="0">basic_pub_sub_local_tcp</stat>
<stat pass="1" fail="0" skip="0">basic_pub_sub_local_udp</stat>
<stat pass="1" fail="0" skip="0">basic_pub_sub_network_tcp</stat>
<stat pass="1" fail="0" skip="0">basic_pub_sub_network_udp</stat>
<stat pass="1" fail="0" skip="0">crash_receive_local_shm</stat>
<stat pass="1" fail="0" skip="0">crash_receive_local_tcp</stat>
<stat pass="1" fail="0" skip="0">crash_receive_network_tcp</stat>
<stat pass="1" fail="0" skip="0">crash_receive_network_udp</stat>
<stat pass="1" fail="0" skip="0">multi_pub_sub_local_shm</stat>
<stat pass="1" fail="0" skip="0">multi_pub_sub_local_udp</stat>
<stat pass="1" fail="0" skip="0">multi_pub_sub_network_tcp</stat>
<stat pass="1" fail="0" skip="0">multi_pub_sub_network_udp</stat>
<stat pass="1" fail="0" skip="0">network_crash_test</stat>
<stat pass="1" fail="0" skip="0">pub_crash_local_shm</stat>
<stat pass="2" fail="0" skip="0">pub_crash_network_tcp</stat>
<stat pass="1" fail="0" skip="0">pub_crash_network_udp</stat>
<stat pass="0" fail="1" skip="0">rpc_n_to_n_test</stat>
<stat pass="0" fail="1" skip="0">rpc_reconnect</stat>
<stat pass="0" fail="1" skip="0">rpc_server_client_ping_test</stat>
<stat pass="1" fail="0" skip="0">sub_crash_local_shm</stat>
<stat pass="1" fail="0" skip="0">sub_crash_local_tcp</stat>
<stat pass="1" fail="0" skip="0">sub_crash_local_udp</stat>
<stat pass="1" fail="0" skip="0">sub_crash_network_udp</stat>
</tag>
<suite>
<stat name="Basic Pub Sub &amp; Multi Pub Sub &amp; Network Crash &amp; Pub Crash &amp; Rpc N To N Test &amp; Rpc Ping Test &amp; Rpc Reconnect Test &amp; Sub Crash &amp; Sub Send Crash" id="s1" pass="22" fail="3" skip="0">Basic Pub Sub &amp; Multi Pub Sub &amp; Network Crash &amp; Pub Crash &amp; Rpc N To N Test &amp; Rpc Ping Test &amp; Rpc Reconnect Test &amp; Sub Crash &amp; Sub Send Crash</stat>
<stat name="Basic Pub Sub" id="s1-s1" pass="5" fail="0" skip="0">Basic Pub Sub &amp; Multi Pub Sub &amp; Network Crash &amp; Pub Crash &amp; Rpc N To N Test &amp; Rpc Ping Test &amp; Rpc Reconnect Test &amp; Sub Crash &amp; Sub Send Crash.Basic Pub Sub</stat>
<stat name="Multi Pub Sub" id="s1-s2" pass="4" fail="0" skip="0">Basic Pub Sub &amp; Multi Pub Sub &amp; Network Crash &amp; Pub Crash &amp; Rpc N To N Test &amp; Rpc Ping Test &amp; Rpc Reconnect Test &amp; Sub Crash &amp; Sub Send Crash.Multi Pub Sub</stat>
<stat name="Network Crash" id="s1-s3" pass="1" fail="0" skip="0">Basic Pub Sub &amp; Multi Pub Sub &amp; Network Crash &amp; Pub Crash &amp; Rpc N To N Test &amp; Rpc Ping Test &amp; Rpc Reconnect Test &amp; Sub Crash &amp; Sub Send Crash.Network Crash</stat>
<stat name="Pub Crash" id="s1-s4" pass="3" fail="0" skip="0">Basic Pub Sub &amp; Multi Pub Sub &amp; Network Crash &amp; Pub Crash &amp; Rpc N To N Test &amp; Rpc Ping Test &amp; Rpc Reconnect Test &amp; Sub Crash &amp; Sub Send Crash.Pub Crash</stat>
<stat name="Rpc N To N Test" id="s1-s5" pass="0" fail="1" skip="0">Basic Pub Sub &amp; Multi Pub Sub &amp; Network Crash &amp; Pub Crash &amp; Rpc N To N Test &amp; Rpc Ping Test &amp; Rpc Reconnect Test &amp; Sub Crash &amp; Sub Send Crash.Rpc N To N Test</stat>
<stat name="Rpc Ping Test" id="s1-s6" pass="0" fail="1" skip="0">Basic Pub Sub &amp; Multi Pub Sub &amp; Network Crash &amp; Pub Crash &amp; Rpc N To N Test &amp; Rpc Ping Test &amp; Rpc Reconnect Test &amp; Sub Crash &amp; Sub Send Crash.Rpc Ping Test</stat>
<stat name="Rpc Reconnect Test" id="s1-s7" pass="0" fail="1" skip="0">Basic Pub Sub &amp; Multi Pub Sub &amp; Network Crash &amp; Pub Crash &amp; Rpc N To N Test &amp; Rpc Ping Test &amp; Rpc Reconnect Test &amp; Sub Crash &amp; Sub Send Crash.Rpc Reconnect Test</stat>
<stat name="Sub Crash" id="s1-s8" pass="5" fail="0" skip="0">Basic Pub Sub &amp; Multi Pub Sub &amp; Network Crash &amp; Pub Crash &amp; Rpc N To N Test &amp; Rpc Ping Test &amp; Rpc Reconnect Test &amp; Sub Crash &amp; Sub Send Crash.Sub Crash</stat>
<stat name="Sub Send Crash" id="s1-s9" pass="4" fail="0" skip="0">Basic Pub Sub &amp; Multi Pub Sub &amp; Network Crash &amp; Pub Crash &amp; Rpc N To N Test &amp; Rpc Ping Test &amp; Rpc Reconnect Test &amp; Sub Crash &amp; Sub Send Crash.Sub Send Crash</stat>
</suite>
</statistics>
<errors>
</errors>
</robot>
