<?xml version="1.0" encoding="UTF-8"?>
<robot generator="Robot 7.3.2 (Python 3.12.3 on linux)" generated="2025-07-24T15:19:12.159051" rpa="false" schemaversion="5">
<suite id="s1" name="Basic Pub Sub &amp; Multi Pub Sub &amp; Network Crash &amp; Pub Crash &amp; Rpc N To N Test &amp; Rpc Ping Test &amp; Rpc Reconnect Test &amp; Sub Crash &amp; Sub Send Crash">
<suite id="s1-s1" name="Basic Pub Sub" source="/home/runner/work/ECAL_Test_Framework/ECAL_Test_Framework/integration_tests/basic_pub_sub/robottests/basic_pub_sub.robot">
<kw name="Init Test Context" type="SETUP">
<kw name="Set Test Context" owner="GlobalPathsLibrary">
<arg>basic_pub_sub</arg>
<arg>basic_pub_sub</arg>
<doc>Sets the test folder and tag prefix if it's a valid test case.
The folder must exist under integration_tests/ and contain typical test structure.</doc>
<status status="PASS" start="2025-07-24T15:19:12.280375" elapsed="0.000245"/>
</kw>
<kw name="Get Build Script Path" owner="GlobalPathsLibrary">
<msg time="2025-07-24T15:19:12.280868" level="INFO">${build} = /home/runner/work/ECAL_Test_Framework/ECAL_Test_Framework/integration_tests/basic_pub_sub/scripts/build_images.sh</msg>
<var>${build}</var>
<status status="PASS" start="2025-07-24T15:19:12.280743" elapsed="0.000154"/>
</kw>
<kw name="Get Network Name" owner="GlobalPathsLibrary">
<msg time="2025-07-24T15:19:12.281064" level="INFO">${net} = ecal_test_net</msg>
<var>${net}</var>
<status status="PASS" start="2025-07-24T15:19:12.280974" elapsed="0.000111"/>
</kw>
<kw name="Get Build Script Args" owner="GlobalPathsLibrary">
<msg time="2025-07-24T15:19:12.281233" level="INFO">${args} = ['basic_pub_sub']</msg>
<var>${args}</var>
<status status="PASS" start="2025-07-24T15:19:12.281150" elapsed="0.000102"/>
</kw>
<kw name="Set Suite Variable" owner="BuiltIn">
<msg time="2025-07-24T15:19:12.281530" level="INFO">${BUILD_SCRIPT} = /home/runner/work/ECAL_Test_Framework/ECAL_Test_Framework/integration_tests/basic_pub_sub/scripts/build_images.sh</msg>
<arg>${BUILD_SCRIPT}</arg>
<arg>${build}</arg>
<doc>Makes a variable available everywhere within the scope of the current suite.</doc>
<status status="PASS" start="2025-07-24T15:19:12.281336" elapsed="0.000231"/>
</kw>
<kw name="Set Suite Variable" owner="BuiltIn">
<msg time="2025-07-24T15:19:12.281784" level="INFO">${NETWORK} = ecal_test_net</msg>
<arg>${NETWORK}</arg>
<arg>${net}</arg>
<doc>Makes a variable available everywhere within the scope of the current suite.</doc>
<status status="PASS" start="2025-07-24T15:19:12.281650" elapsed="0.000164"/>
</kw>
<kw name="Get Test Description" owner="GlobalPathsLibrary">
<msg time="2025-07-24T15:19:12.282033" level="INFO">${desc} = This test checks basic communication between a single publisher and a single subscriber.

Test Setup:
- The publisher sends 4 messages, each 0.2 MB in size, on a single topic.
- The subscriber listens...</msg>
<var>${desc}</var>
<doc>Reads the *** Comments *** section from the .robot file and returns it as a string.</doc>
<status status="PASS" start="2025-07-24T15:19:12.281881" elapsed="0.000174"/>
</kw>
<kw name="Log" owner="BuiltIn">
<msg time="2025-07-24T15:19:12.282231" level="INFO">This test checks basic communication between a single publisher and a single subscriber.

Test Setup:
- The publisher sends 4 messages, each 0.2 MB in size, on a single topic.
- The subscriber listens on that topic for 6 seconds and counts received messages.

Covered eCAL modes:
- local_shm
- local_udp
- local_tcp
- network_udp
- network_tcp

Goals:
- Ensure that basic 1:1 communication works reliably across all transport modes.
- Validate correct transmission of payloads (200 KB).

Success Criteria:
- The subscriber receives exactly 4 messages.
- If true, it exits with code 0.
- Otherwise, it exits with code 1.</msg>
<arg>${desc}</arg>
<doc>Logs the given message with the given level.</doc>
<status status="PASS" start="2025-07-24T15:19:12.282127" elapsed="0.000138"/>
</kw>
<kw name="Log To Console" owner="BuiltIn">
<arg>[SETUP] Building Docker image...</arg>
<doc>Logs the given message to the console.</doc>
<status status="PASS" start="2025-07-24T15:19:12.282332" elapsed="0.000093"/>
</kw>
<kw name="Run Process" owner="Process">
<msg time="2025-07-24T15:19:12.282723" level="INFO">Starting process:
/home/runner/work/ECAL_Test_Framework/ECAL_Test_Framework/integration_tests/basic_pub_sub/scripts/build_images.sh basic_pub_sub</msg>
<msg time="2025-07-24T15:19:12.283121" level="INFO">Waiting for process to complete.</msg>
<msg time="2025-07-24T15:19:26.414846" level="INFO">Process completed.</msg>
<msg time="2025-07-24T15:19:26.415014" level="INFO">${result} = &lt;result object with rc 0&gt;</msg>
<var>${result}</var>
<arg>${BUILD_SCRIPT}</arg>
<arg>@{args}</arg>
<doc>Runs a process and waits for it to complete.</doc>
<status status="PASS" start="2025-07-24T15:19:12.282545" elapsed="14.132494"/>
</kw>
<kw name="Should Be Equal As Integers" owner="BuiltIn">
<msg time="2025-07-24T15:19:26.415854" level="INFO">Argument types are:
&lt;class 'int'&gt;
&lt;class 'str'&gt;</msg>
<arg>${result.rc}</arg>
<arg>0</arg>
<arg>Failed to build Docker image!</arg>
<doc>Fails if objects are unequal after converting them to integers.</doc>
<status status="PASS" start="2025-07-24T15:19:26.415187" elapsed="0.000722"/>
</kw>
<kw name="Create Docker Network" owner="DockerLibrary">
<arg>${NETWORK}</arg>
<status status="PASS" start="2025-07-24T15:19:26.415993" elapsed="0.042954"/>
</kw>
<kw name="Sleep" owner="BuiltIn">
<msg time="2025-07-24T15:19:29.459353" level="INFO">Slept 3 seconds.</msg>
<arg>3s</arg>
<doc>Pauses the test executed for the given time.</doc>
<status status="PASS" start="2025-07-24T15:19:26.459094" elapsed="3.000367"/>
</kw>
<status status="PASS" start="2025-07-24T15:19:12.279910" elapsed="17.179682"/>
</kw>
<test id="s1-s1-t1" name="Basic Pub/Sub Local SHM" line="38">
<kw name="Run Local Pub Sub Test">
<kw name="Set Variable" owner="BuiltIn">
<msg time="2025-07-24T15:19:29.460616" level="INFO">${IMAGE} = basic_pub_sub_local_shm</msg>
<var>${IMAGE}</var>
<arg>${BASE_IMAGE}_${layer_tag}</arg>
<doc>Returns the given values which can then be assigned to a variables.</doc>
<status status="PASS" start="2025-07-24T15:19:29.460436" elapsed="0.000201"/>
</kw>
<kw name="Set Variable" owner="BuiltIn">
<msg time="2025-07-24T15:19:29.460829" level="INFO">${CONTAINER} = basic_local_local_shm</msg>
<var>${CONTAINER}</var>
<arg>basic_local_${layer_tag}</arg>
<doc>Returns the given values which can then be assigned to a variables.</doc>
<status status="PASS" start="2025-07-24T15:19:29.460714" elapsed="0.000133"/>
</kw>
<kw name="Log To Console" owner="BuiltIn">
<arg>\n[INFO] Running local pub/sub test in mode: ${layer_tag}</arg>
<doc>Logs the given message to the console.</doc>
<status status="PASS" start="2025-07-24T15:19:29.460916" elapsed="0.000124"/>
</kw>
<kw name="Start Container" owner="DockerLibrary">
<arg>${CONTAINER}</arg>
<arg>${IMAGE}</arg>
<arg>local</arg>
<arg>${layer_tag}</arg>
<arg>test_topic</arg>
<arg>${CONTAINER}</arg>
<status status="PASS" start="2025-07-24T15:19:29.461132" elapsed="0.119456"/>
</kw>
<kw name="Sleep" owner="BuiltIn">
<msg time="2025-07-24T15:19:38.581140" level="INFO">Slept 9 seconds.</msg>
<arg>9s</arg>
<doc>Pauses the test executed for the given time.</doc>
<status status="PASS" start="2025-07-24T15:19:29.580797" elapsed="9.000457"/>
</kw>
<kw name="Get Container Logs" owner="DockerLibrary">
<msg time="2025-07-24T15:19:38.584665" level="INFO">${logs} = [Entrypoint] Starting subscriber and publisher in mode local_shm
Shared memory monitoring is enabled (domain: ecal_mon - queue size: 1024)
[Publisher] Waiting for at least 1 subscriber(s) on topic: te...</msg>
<var>${logs}</var>
<arg>${CONTAINER}</arg>
<status status="PASS" start="2025-07-24T15:19:38.581418" elapsed="0.003278"/>
</kw>
<kw name="Log To Console" owner="BuiltIn">
<arg>\n[CONTAINER LOG: LOCAL PUB+SUB]\n${logs}</arg>
<doc>Logs the given message to the console.</doc>
<status status="PASS" start="2025-07-24T15:19:38.584795" elapsed="0.000162"/>
</kw>
<kw name="Log" owner="BuiltIn">
<msg time="2025-07-24T15:19:38.585190" level="INFO">
[CONTAINER LOG: LOCAL PUB+SUB]
[Entrypoint] Starting subscriber and publisher in mode local_shm
Shared memory monitoring is enabled (domain: ecal_mon - queue size: 1024)
[Publisher] Waiting for at least 1 subscriber(s) on topic: test_topic
[Publisher] Found 1 subscriber(s). Proceeding to send messages.
[Publisher] Send result: ✓, size: 209715 bytes
[Publisher] Send result: ✓, size: 209715 bytes
[Publisher] Send result: ✓, size: 209715 bytes
[Publisher] Send result: ✓, size: 209715 bytes
[Publisher] Finished sending.
Shared memory monitoring is enabled (domain: ecal_mon - queue size: 1024)


[Subscriber] Ready and waiting...

[Subscriber] Received 209715 bytes (message 1)
[Subscriber] Received 209715 bytes (message 2)
[Subscriber] Received 209715 bytes (message 3)
[Subscriber] Received 209715 bytes (message 4)
[Subscriber] Received 4 messages.
</msg>
<arg>\n[CONTAINER LOG: LOCAL PUB+SUB]\n${logs}</arg>
<doc>Logs the given message with the given level.</doc>
<status status="PASS" start="2025-07-24T15:19:38.585064" elapsed="0.000214"/>
</kw>
<kw name="Wait For Container Exit" owner="DockerLibrary">
<msg time="2025-07-24T15:19:38.586390" level="INFO">${exit_code} = 0</msg>
<var>${exit_code}</var>
<arg>${CONTAINER}</arg>
<status status="PASS" start="2025-07-24T15:19:38.585355" elapsed="0.001057"/>
</kw>
<kw name="Should Be Equal As Integers" owner="BuiltIn">
<msg time="2025-07-24T15:19:38.586662" level="INFO">Argument types are:
&lt;class 'int'&gt;
&lt;class 'str'&gt;</msg>
<arg>${exit_code}</arg>
<arg>0</arg>
<arg>Local communication test failed!</arg>
<doc>Fails if objects are unequal after converting them to integers.</doc>
<status status="PASS" start="2025-07-24T15:19:38.586519" elapsed="0.000188"/>
</kw>
<kw name="Log Test Summary" owner="DockerLibrary">
<arg>Basic Pub/Sub Local ${layer_tag}</arg>
<arg>${True}</arg>
<status status="PASS" start="2025-07-24T15:19:38.586782" elapsed="0.000137"/>
</kw>
<kw name="Stop Container" owner="DockerLibrary">
<arg>${CONTAINER}</arg>
<status status="PASS" start="2025-07-24T15:19:38.587011" elapsed="0.004723"/>
</kw>
<kw name="Sleep" owner="BuiltIn">
<msg time="2025-07-24T15:19:39.592055" level="INFO">Slept 1 second.</msg>
<arg>1s</arg>
<doc>Pauses the test executed for the given time.</doc>
<status status="PASS" start="2025-07-24T15:19:38.591819" elapsed="1.000342"/>
</kw>
<arg>local_shm</arg>
<status status="PASS" start="2025-07-24T15:19:29.460176" elapsed="10.132074"/>
</kw>
<tag>basic_pub_sub_local_shm</tag>
<status status="PASS" start="2025-07-24T15:19:29.459680" elapsed="10.132701"/>
</test>
<test id="s1-s1-t2" name="Basic Pub/Sub Local UDP" line="42">
<kw name="Run Local Pub Sub Test">
<kw name="Set Variable" owner="BuiltIn">
<msg time="2025-07-24T15:19:39.593772" level="INFO">${IMAGE} = basic_pub_sub_local_udp</msg>
<var>${IMAGE}</var>
<arg>${BASE_IMAGE}_${layer_tag}</arg>
<doc>Returns the given values which can then be assigned to a variables.</doc>
<status status="PASS" start="2025-07-24T15:19:39.593626" elapsed="0.000167"/>
</kw>
<kw name="Set Variable" owner="BuiltIn">
<msg time="2025-07-24T15:19:39.593971" level="INFO">${CONTAINER} = basic_local_local_udp</msg>
<var>${CONTAINER}</var>
<arg>basic_local_${layer_tag}</arg>
<doc>Returns the given values which can then be assigned to a variables.</doc>
<status status="PASS" start="2025-07-24T15:19:39.593865" elapsed="0.000123"/>
</kw>
<kw name="Log To Console" owner="BuiltIn">
<arg>\n[INFO] Running local pub/sub test in mode: ${layer_tag}</arg>
<doc>Logs the given message to the console.</doc>
<status status="PASS" start="2025-07-24T15:19:39.594053" elapsed="0.000120"/>
</kw>
<kw name="Start Container" owner="DockerLibrary">
<arg>${CONTAINER}</arg>
<arg>${IMAGE}</arg>
<arg>local</arg>
<arg>${layer_tag}</arg>
<arg>test_topic</arg>
<arg>${CONTAINER}</arg>
<status status="PASS" start="2025-07-24T15:19:39.594272" elapsed="0.120188"/>
</kw>
<kw name="Sleep" owner="BuiltIn">
<msg time="2025-07-24T15:19:48.714944" level="INFO">Slept 9 seconds.</msg>
<arg>9s</arg>
<doc>Pauses the test executed for the given time.</doc>
<status status="PASS" start="2025-07-24T15:19:39.714660" elapsed="9.000399"/>
</kw>
<kw name="Get Container Logs" owner="DockerLibrary">
<msg time="2025-07-24T15:19:48.718315" level="INFO">${logs} = [Entrypoint] Starting subscriber and publisher in mode local_udp
[Publisher] Waiting for at least 1 subscriber(s) on topic: test_topic
[Publisher] Found 1 subscriber(s). Proceeding to send messages.
[...</msg>
<var>${logs}</var>
<arg>${CONTAINER}</arg>
<status status="PASS" start="2025-07-24T15:19:48.715230" elapsed="0.003112"/>
</kw>
<kw name="Log To Console" owner="BuiltIn">
<arg>\n[CONTAINER LOG: LOCAL PUB+SUB]\n${logs}</arg>
<doc>Logs the given message to the console.</doc>
<status status="PASS" start="2025-07-24T15:19:48.718566" elapsed="0.000168"/>
</kw>
<kw name="Log" owner="BuiltIn">
<msg time="2025-07-24T15:19:48.719016" level="INFO">
[CONTAINER LOG: LOCAL PUB+SUB]
[Entrypoint] Starting subscriber and publisher in mode local_udp
[Publisher] Waiting for at least 1 subscriber(s) on topic: test_topic
[Publisher] Found 1 subscriber(s). Proceeding to send messages.
[Publisher] Send result: ✓, size: 209715 bytes
[Publisher] Send result: ✓, size: 209715 bytes
[Publisher] Send result: ✓, size: 209715 bytes
[Publisher] Send result: ✓, size: 209715 bytes
[Publisher] Finished sending.


[Subscriber] Ready and waiting...

[Subscriber] Received 209715 bytes (message 1)
[Subscriber] Received 209715 bytes (message 2)
[Subscriber] Received 209715 bytes (message 3)
[Subscriber] Received 209715 bytes (message 4)
[Subscriber] Received 4 messages.
</msg>
<arg>\n[CONTAINER LOG: LOCAL PUB+SUB]\n${logs}</arg>
<doc>Logs the given message with the given level.</doc>
<status status="PASS" start="2025-07-24T15:19:48.718845" elapsed="0.000214"/>
</kw>
<kw name="Wait For Container Exit" owner="DockerLibrary">
<msg time="2025-07-24T15:19:48.720474" level="INFO">${exit_code} = 0</msg>
<var>${exit_code}</var>
<arg>${CONTAINER}</arg>
<status status="PASS" start="2025-07-24T15:19:48.719137" elapsed="0.001432"/>
</kw>
<kw name="Should Be Equal As Integers" owner="BuiltIn">
<msg time="2025-07-24T15:19:48.720887" level="INFO">Argument types are:
&lt;class 'int'&gt;
&lt;class 'str'&gt;</msg>
<arg>${exit_code}</arg>
<arg>0</arg>
<arg>Local communication test failed!</arg>
<doc>Fails if objects are unequal after converting them to integers.</doc>
<status status="PASS" start="2025-07-24T15:19:48.720737" elapsed="0.000197"/>
</kw>
<kw name="Log Test Summary" owner="DockerLibrary">
<arg>Basic Pub/Sub Local ${layer_tag}</arg>
<arg>${True}</arg>
<status status="PASS" start="2025-07-24T15:19:48.721061" elapsed="0.000152"/>
</kw>
<kw name="Stop Container" owner="DockerLibrary">
<arg>${CONTAINER}</arg>
<status status="PASS" start="2025-07-24T15:19:48.721310" elapsed="0.007023"/>
</kw>
<kw name="Sleep" owner="BuiltIn">
<msg time="2025-07-24T15:19:49.728861" level="INFO">Slept 1 second.</msg>
<arg>1s</arg>
<doc>Pauses the test executed for the given time.</doc>
<status status="PASS" start="2025-07-24T15:19:48.728533" elapsed="1.000439"/>
</kw>
<arg>local_udp</arg>
<status status="PASS" start="2025-07-24T15:19:39.593363" elapsed="10.135693"/>
</kw>
<tag>basic_pub_sub_local_udp</tag>
<status status="PASS" start="2025-07-24T15:19:39.592973" elapsed="10.136254"/>
</test>
<test id="s1-s1-t3" name="Basic Pub/Sub Local TCP" line="46">
<kw name="Run Local Pub Sub Test">
<kw name="Set Variable" owner="BuiltIn">
<msg time="2025-07-24T15:19:49.731060" level="INFO">${IMAGE} = basic_pub_sub_local_tcp</msg>
<var>${IMAGE}</var>
<arg>${BASE_IMAGE}_${layer_tag}</arg>
<doc>Returns the given values which can then be assigned to a variables.</doc>
<status status="PASS" start="2025-07-24T15:19:49.730907" elapsed="0.000174"/>
</kw>
<kw name="Set Variable" owner="BuiltIn">
<msg time="2025-07-24T15:19:49.731320" level="INFO">${CONTAINER} = basic_local_local_tcp</msg>
<var>${CONTAINER}</var>
<arg>basic_local_${layer_tag}</arg>
<doc>Returns the given values which can then be assigned to a variables.</doc>
<status status="PASS" start="2025-07-24T15:19:49.731155" elapsed="0.000185"/>
</kw>
<kw name="Log To Console" owner="BuiltIn">
<arg>\n[INFO] Running local pub/sub test in mode: ${layer_tag}</arg>
<doc>Logs the given message to the console.</doc>
<status status="PASS" start="2025-07-24T15:19:49.731449" elapsed="0.000269"/>
</kw>
<kw name="Start Container" owner="DockerLibrary">
<arg>${CONTAINER}</arg>
<arg>${IMAGE}</arg>
<arg>local</arg>
<arg>${layer_tag}</arg>
<arg>test_topic</arg>
<arg>${CONTAINER}</arg>
<status status="PASS" start="2025-07-24T15:19:49.731814" elapsed="0.121755"/>
</kw>
<kw name="Sleep" owner="BuiltIn">
<msg time="2025-07-24T15:19:58.854068" level="INFO">Slept 9 seconds.</msg>
<arg>9s</arg>
<doc>Pauses the test executed for the given time.</doc>
<status status="PASS" start="2025-07-24T15:19:49.853777" elapsed="9.000397"/>
</kw>
<kw name="Get Container Logs" owner="DockerLibrary">
<msg time="2025-07-24T15:19:58.857257" level="INFO">${logs} = [Entrypoint] Starting subscriber and publisher in mode local_tcp
[Publisher] Waiting for at least 1 subscriber(s) on topic: test_topic
1753370391856 ms | 41d41dfb2af7 | pub_test | 7 | info | CTCPReade...</msg>
<var>${logs}</var>
<arg>${CONTAINER}</arg>
<status status="PASS" start="2025-07-24T15:19:58.854324" elapsed="0.002958"/>
</kw>
<kw name="Log To Console" owner="BuiltIn">
<arg>\n[CONTAINER LOG: LOCAL PUB+SUB]\n${logs}</arg>
<doc>Logs the given message to the console.</doc>
<status status="PASS" start="2025-07-24T15:19:58.857377" elapsed="0.000194"/>
</kw>
<kw name="Log" owner="BuiltIn">
<msg time="2025-07-24T15:19:58.857820" level="INFO">
[CONTAINER LOG: LOCAL PUB+SUB]
[Entrypoint] Starting subscriber and publisher in mode local_tcp
[Publisher] Waiting for at least 1 subscriber(s) on topic: test_topic
1753370391856 ms | 41d41dfb2af7 | pub_test | 7 | info | CTCPReaderLayer - TCPPubSub (Info) -Publisher :::0: Created publisher and waiting for clients.
[Publisher] Found 1 subscriber(s). Proceeding to send messages.
1753370391857 ms | 41d41dfb2af7 | pub_test | 7 | info | CTCPReaderLayer - TCPPubSub (Info) -Publisher :::36659: Subscriber ::ffff:172.17.0.3:42086 has connected.
[Publisher] Send result: ✓, size: 209715 bytes
[Publisher] Send result: ✓, size: 209715 bytes
[Publisher] Send result: ✓, size: 209715 bytes
[Publisher] Send result: ✓, size: 209715 bytes
[Publisher] Finished sending.


[Subscriber] Ready and waiting...

[Subscriber] Received 209715 bytes (message 1)
[Subscriber] Received 209715 bytes (message 2)
[Subscriber] Received 209715 bytes (message 3)
[Subscriber] Received 209715 bytes (message 4)
1753370395359 ms | 41d41dfb2af7 | sub_test | 13 | error | CTCPReaderLayer - TCPPubSub (Error) -SubscriberSession 172.17.0.3:42086-&gt;41d41dfb2af7:36659: Error reading header length: End of file
1753370395359 ms | 41d41dfb2af7 | sub_test | 13 | warning | CTCPReaderLayer - TCPPubSub (Warning) -SubscriberSession 172.17.0.3:42102: Failed connecting to publisher 41d41dfb2af7:36659: Connection refused
1753370395359 ms | 41d41dfb2af7 | sub_test | 13 | warning | CTCPReaderLayer - TCPPubSub (Warning) -SubscriberSession 172.17.0.3:42106: Failed connecting to publisher 41d41dfb2af7:36659: Connection refused
1753370395359 ms | 41d41dfb2af7 | sub_test | 13 | warning | CTCPReaderLayer - TCPPubSub (Warning) -SubscriberSession 172.17.0.3:42118: Failed connecting to publisher 41d41dfb2af7:36659: Connection refused
1753370395359 ms | 41d41dfb2af7 | sub_test | 13 | warning | CTCPReaderLayer - TCPPubSub (Warning) -SubscriberSession 172.17.0.3:42120: Failed connecting to publisher 41d41dfb2af7:36659: Connection refused
1753370395360 ms | 41d41dfb2af7 | sub_test | 13 | warning | CTCPReaderLayer - TCPPubSub (Warning) -SubscriberSession 172.17.0.3:42126: Failed connecting to publisher 41d41dfb2af7:36659: Connection refused
[Subscriber] Received 4 messages.
</msg>
<arg>\n[CONTAINER LOG: LOCAL PUB+SUB]\n${logs}</arg>
<doc>Logs the given message with the given level.</doc>
<status status="PASS" start="2025-07-24T15:19:58.857678" elapsed="0.000192"/>
</kw>
<kw name="Wait For Container Exit" owner="DockerLibrary">
<msg time="2025-07-24T15:19:58.859049" level="INFO">${exit_code} = 0</msg>
<var>${exit_code}</var>
<arg>${CONTAINER}</arg>
<status status="PASS" start="2025-07-24T15:19:58.857945" elapsed="0.001137"/>
</kw>
<kw name="Should Be Equal As Integers" owner="BuiltIn">
<msg time="2025-07-24T15:19:58.859365" level="INFO">Argument types are:
&lt;class 'int'&gt;
&lt;class 'str'&gt;</msg>
<arg>${exit_code}</arg>
<arg>0</arg>
<arg>Local communication test failed!</arg>
<doc>Fails if objects are unequal after converting them to integers.</doc>
<status status="PASS" start="2025-07-24T15:19:58.859193" elapsed="0.000232"/>
</kw>
<kw name="Log Test Summary" owner="DockerLibrary">
<arg>Basic Pub/Sub Local ${layer_tag}</arg>
<arg>${True}</arg>
<status status="PASS" start="2025-07-24T15:19:58.859550" elapsed="0.000148"/>
</kw>
<kw name="Stop Container" owner="DockerLibrary">
<arg>${CONTAINER}</arg>
<status status="PASS" start="2025-07-24T15:19:58.859815" elapsed="0.005365"/>
</kw>
<kw name="Sleep" owner="BuiltIn">
<msg time="2025-07-24T15:19:59.865523" level="INFO">Slept 1 second.</msg>
<arg>1s</arg>
<doc>Pauses the test executed for the given time.</doc>
<status status="PASS" start="2025-07-24T15:19:58.865265" elapsed="1.000369"/>
</kw>
<arg>local_tcp</arg>
<status status="PASS" start="2025-07-24T15:19:49.730658" elapsed="10.135067"/>
</kw>
<tag>basic_pub_sub_local_tcp</tag>
<status status="PASS" start="2025-07-24T15:19:49.730122" elapsed="10.135728"/>
</test>
<test id="s1-s1-t4" name="Basic Pub/Sub Network UDP" line="50">
<kw name="Run Network Pub Sub Test">
<kw name="Set Variable" owner="BuiltIn">
<msg time="2025-07-24T15:19:59.867274" level="INFO">${IMAGE} = basic_pub_sub_network_udp</msg>
<var>${IMAGE}</var>
<arg>${BASE_IMAGE}_${layer_tag}</arg>
<doc>Returns the given values which can then be assigned to a variables.</doc>
<status status="PASS" start="2025-07-24T15:19:59.867129" elapsed="0.000165"/>
</kw>
<kw name="Set Variable" owner="BuiltIn">
<msg time="2025-07-24T15:19:59.867472" level="INFO">${TOPIC} = topic_network_udp</msg>
<var>${TOPIC}</var>
<arg>topic_${layer_tag}</arg>
<doc>Returns the given values which can then be assigned to a variables.</doc>
<status status="PASS" start="2025-07-24T15:19:59.867367" elapsed="0.000144"/>
</kw>
<kw name="Set Variable" owner="BuiltIn">
<msg time="2025-07-24T15:19:59.867690" level="INFO">${SUB_NAME} = sub_network_udp</msg>
<var>${SUB_NAME}</var>
<arg>sub_${layer_tag}</arg>
<doc>Returns the given values which can then be assigned to a variables.</doc>
<status status="PASS" start="2025-07-24T15:19:59.867583" elapsed="0.000123"/>
</kw>
<kw name="Set Variable" owner="BuiltIn">
<msg time="2025-07-24T15:19:59.867865" level="INFO">${PUB_NAME} = pub_network_udp</msg>
<var>${PUB_NAME}</var>
<arg>pub_${layer_tag}</arg>
<doc>Returns the given values which can then be assigned to a variables.</doc>
<status status="PASS" start="2025-07-24T15:19:59.867769" elapsed="0.000112"/>
</kw>
<kw name="Log To Console" owner="BuiltIn">
<arg>\n[INFO] Running network pub/sub test in mode: ${layer_tag}</arg>
<doc>Logs the given message to the console.</doc>
<status status="PASS" start="2025-07-24T15:19:59.867944" elapsed="0.000116"/>
</kw>
<kw name="Start Container" owner="DockerLibrary">
<arg>${SUB_NAME}</arg>
<arg>${IMAGE}</arg>
<arg>subscriber</arg>
<arg>${layer_tag}</arg>
<arg>${TOPIC}</arg>
<arg>${SUB_NAME}</arg>
<arg>network=${NETWORK}</arg>
<status status="PASS" start="2025-07-24T15:19:59.868135" elapsed="0.136071"/>
</kw>
<kw name="Start Container" owner="DockerLibrary">
<arg>${PUB_NAME}</arg>
<arg>${IMAGE}</arg>
<arg>publisher</arg>
<arg>${layer_tag}</arg>
<arg>${TOPIC}</arg>
<arg>${PUB_NAME}</arg>
<arg>network=${NETWORK}</arg>
<status status="PASS" start="2025-07-24T15:20:00.004415" elapsed="0.124791"/>
</kw>
<kw name="Sleep" owner="BuiltIn">
<msg time="2025-07-24T15:20:09.129723" level="INFO">Slept 9 seconds.</msg>
<arg>9s</arg>
<doc>Pauses the test executed for the given time.</doc>
<status status="PASS" start="2025-07-24T15:20:00.129366" elapsed="9.000472"/>
</kw>
<kw name="Get Container Logs" owner="DockerLibrary">
<msg time="2025-07-24T15:20:09.132938" level="INFO">${log_sub} = [Entrypoint] Starting subscriber in mode network_udp


[Subscriber] Ready and waiting...

[Subscriber] Received 209715 bytes (message 1)
[Subscriber] Received 209715 bytes (message 2)
[Subscriber] Rec...</msg>
<var>${log_sub}</var>
<arg>${SUB_NAME}</arg>
<status status="PASS" start="2025-07-24T15:20:09.130006" elapsed="0.003004"/>
</kw>
<kw name="Get Container Logs" owner="DockerLibrary">
<msg time="2025-07-24T15:20:09.135175" level="INFO">${log_pub} = [Entrypoint] Starting publisher in mode network_udp
[Publisher] Waiting for at least 1 subscriber(s) on topic: topic_network_udp
[Publisher] Found 1 subscriber(s). Proceeding to send messages.
[Publis...</msg>
<var>${log_pub}</var>
<arg>${PUB_NAME}</arg>
<status status="PASS" start="2025-07-24T15:20:09.133104" elapsed="0.002096"/>
</kw>
<kw name="Log To Console" owner="BuiltIn">
<arg>\n[CONTAINER LOG: PUBLISHER]\n${log_pub}</arg>
<doc>Logs the given message to the console.</doc>
<status status="PASS" start="2025-07-24T15:20:09.135284" elapsed="0.000161"/>
</kw>
<kw name="Log" owner="BuiltIn">
<msg time="2025-07-24T15:20:09.135693" level="INFO">
[CONTAINER LOG: PUBLISHER]
[Entrypoint] Starting publisher in mode network_udp
[Publisher] Waiting for at least 1 subscriber(s) on topic: topic_network_udp
[Publisher] Found 1 subscriber(s). Proceeding to send messages.
[Publisher] Send result: ✓, size: 209715 bytes
[Publisher] Send result: ✓, size: 209715 bytes
[Publisher] Send result: ✓, size: 209715 bytes
[Publisher] Send result: ✓, size: 209715 bytes
[Publisher] Finished sending.
</msg>
<arg>\n[CONTAINER LOG: PUBLISHER]\n${log_pub}</arg>
<doc>Logs the given message with the given level.</doc>
<status status="PASS" start="2025-07-24T15:20:09.135580" elapsed="0.000152"/>
</kw>
<kw name="Log To Console" owner="BuiltIn">
<arg>\n[CONTAINER LOG: SUBSCRIBER]\n${log_sub}</arg>
<doc>Logs the given message to the console.</doc>
<status status="PASS" start="2025-07-24T15:20:09.135804" elapsed="0.000132"/>
</kw>
<kw name="Log" owner="BuiltIn">
<msg time="2025-07-24T15:20:09.136129" level="INFO">
[CONTAINER LOG: SUBSCRIBER]
[Entrypoint] Starting subscriber in mode network_udp


[Subscriber] Ready and waiting...

[Subscriber] Received 209715 bytes (message 1)
[Subscriber] Received 209715 bytes (message 2)
[Subscriber] Received 209715 bytes (message 3)
[Subscriber] Received 209715 bytes (message 4)
[Subscriber] Received 4 messages.
</msg>
<arg>\n[CONTAINER LOG: SUBSCRIBER]\n${log_sub}</arg>
<doc>Logs the given message with the given level.</doc>
<status status="PASS" start="2025-07-24T15:20:09.136032" elapsed="0.000128"/>
</kw>
<kw name="Wait For Container Exit" owner="DockerLibrary">
<msg time="2025-07-24T15:20:09.137237" level="INFO">${exit_code} = 0</msg>
<var>${exit_code}</var>
<arg>${SUB_NAME}</arg>
<status status="PASS" start="2025-07-24T15:20:09.136227" elapsed="0.001033"/>
</kw>
<kw name="Should Be Equal As Integers" owner="BuiltIn">
<msg time="2025-07-24T15:20:09.137518" level="INFO">Argument types are:
&lt;class 'int'&gt;
&lt;class 'str'&gt;</msg>
<arg>${exit_code}</arg>
<arg>0</arg>
<arg>Subscriber failed in ${layer_tag}!</arg>
<doc>Fails if objects are unequal after converting them to integers.</doc>
<status status="PASS" start="2025-07-24T15:20:09.137339" elapsed="0.000228"/>
</kw>
<kw name="Log Test Summary" owner="DockerLibrary">
<arg>Basic Pub/Sub Network ${layer_tag}</arg>
<arg>${True}</arg>
<status status="PASS" start="2025-07-24T15:20:09.137643" elapsed="0.000145"/>
</kw>
<kw name="Stop Container" owner="DockerLibrary">
<arg>${SUB_NAME}</arg>
<status status="PASS" start="2025-07-24T15:20:09.137874" elapsed="0.005180"/>
</kw>
<kw name="Stop Container" owner="DockerLibrary">
<arg>${PUB_NAME}</arg>
<status status="PASS" start="2025-07-24T15:20:09.143137" elapsed="0.005398"/>
</kw>
<kw name="Sleep" owner="BuiltIn">
<msg time="2025-07-24T15:20:10.148806" level="INFO">Slept 1 second.</msg>
<arg>1s</arg>
<doc>Pauses the test executed for the given time.</doc>
<status status="PASS" start="2025-07-24T15:20:09.148624" elapsed="1.000300"/>
</kw>
<arg>network_udp</arg>
<arg>network</arg>
<status status="PASS" start="2025-07-24T15:19:59.866884" elapsed="10.282132"/>
</kw>
<tag>basic_pub_sub_network_udp</tag>
<status status="PASS" start="2025-07-24T15:19:59.866443" elapsed="10.282703"/>
</test>
<test id="s1-s1-t5" name="Basic Pub/Sub Network TCP" line="54">
<kw name="Run Network Pub Sub Test">
<kw name="Set Variable" owner="BuiltIn">
<msg time="2025-07-24T15:20:10.150834" level="INFO">${IMAGE} = basic_pub_sub_network_tcp</msg>
<var>${IMAGE}</var>
<arg>${BASE_IMAGE}_${layer_tag}</arg>
<doc>Returns the given values which can then be assigned to a variables.</doc>
<status status="PASS" start="2025-07-24T15:20:10.150674" elapsed="0.000180"/>
</kw>
<kw name="Set Variable" owner="BuiltIn">
<msg time="2025-07-24T15:20:10.151034" level="INFO">${TOPIC} = topic_network_tcp</msg>
<var>${TOPIC}</var>
<arg>topic_${layer_tag}</arg>
<doc>Returns the given values which can then be assigned to a variables.</doc>
<status status="PASS" start="2025-07-24T15:20:10.150927" elapsed="0.000125"/>
</kw>
<kw name="Set Variable" owner="BuiltIn">
<msg time="2025-07-24T15:20:10.151220" level="INFO">${SUB_NAME} = sub_network_tcp</msg>
<var>${SUB_NAME}</var>
<arg>sub_${layer_tag}</arg>
<doc>Returns the given values which can then be assigned to a variables.</doc>
<status status="PASS" start="2025-07-24T15:20:10.151118" elapsed="0.000118"/>
</kw>
<kw name="Set Variable" owner="BuiltIn">
<msg time="2025-07-24T15:20:10.151396" level="INFO">${PUB_NAME} = pub_network_tcp</msg>
<var>${PUB_NAME}</var>
<arg>pub_${layer_tag}</arg>
<doc>Returns the given values which can then be assigned to a variables.</doc>
<status status="PASS" start="2025-07-24T15:20:10.151299" elapsed="0.000113"/>
</kw>
<kw name="Log To Console" owner="BuiltIn">
<arg>\n[INFO] Running network pub/sub test in mode: ${layer_tag}</arg>
<doc>Logs the given message to the console.</doc>
<status status="PASS" start="2025-07-24T15:20:10.151475" elapsed="0.000157"/>
</kw>
<kw name="Start Container" owner="DockerLibrary">
<arg>${SUB_NAME}</arg>
<arg>${IMAGE}</arg>
<arg>subscriber</arg>
<arg>${layer_tag}</arg>
<arg>${TOPIC}</arg>
<arg>${SUB_NAME}</arg>
<arg>network=${NETWORK}</arg>
<status status="PASS" start="2025-07-24T15:20:10.151720" elapsed="0.134491"/>
</kw>
<kw name="Start Container" owner="DockerLibrary">
<arg>${PUB_NAME}</arg>
<arg>${IMAGE}</arg>
<arg>publisher</arg>
<arg>${layer_tag}</arg>
<arg>${TOPIC}</arg>
<arg>${PUB_NAME}</arg>
<arg>network=${NETWORK}</arg>
<status status="PASS" start="2025-07-24T15:20:10.286410" elapsed="0.132192"/>
</kw>
<kw name="Sleep" owner="BuiltIn">
<msg time="2025-07-24T15:20:19.419091" level="INFO">Slept 9 seconds.</msg>
<arg>9s</arg>
<doc>Pauses the test executed for the given time.</doc>
<status status="PASS" start="2025-07-24T15:20:10.418796" elapsed="9.000416"/>
</kw>
<kw name="Get Container Logs" owner="DockerLibrary">
<msg time="2025-07-24T15:20:19.422439" level="INFO">${log_sub} = [Entrypoint] Starting subscriber in mode network_tcp


[Subscriber] Ready and waiting...

[Subscriber] Received 209715 bytes (message 1)
[Subscriber] Received 209715 bytes (message 2)
[Subscriber] Rec...</msg>
<var>${log_sub}</var>
<arg>${SUB_NAME}</arg>
<status status="PASS" start="2025-07-24T15:20:19.419385" elapsed="0.003081"/>
</kw>
<kw name="Get Container Logs" owner="DockerLibrary">
<msg time="2025-07-24T15:20:19.424728" level="INFO">${log_pub} = [Entrypoint] Starting publisher in mode network_tcp
[Publisher] Waiting for at least 1 subscriber(s) on topic: topic_network_tcp
1753370411288 ms | 5ef5a11025a9 | pub_network_tcp | 7 | info | CTCPRead...</msg>
<var>${log_pub}</var>
<arg>${PUB_NAME}</arg>
<status status="PASS" start="2025-07-24T15:20:19.422592" elapsed="0.002161"/>
</kw>
<kw name="Log To Console" owner="BuiltIn">
<arg>\n[CONTAINER LOG: PUBLISHER]\n${log_pub}</arg>
<doc>Logs the given message to the console.</doc>
<status status="PASS" start="2025-07-24T15:20:19.424839" elapsed="0.000161"/>
</kw>
<kw name="Log" owner="BuiltIn">
<msg time="2025-07-24T15:20:19.425258" level="INFO">
[CONTAINER LOG: PUBLISHER]
[Entrypoint] Starting publisher in mode network_tcp
[Publisher] Waiting for at least 1 subscriber(s) on topic: topic_network_tcp
1753370411288 ms | 5ef5a11025a9 | pub_network_tcp | 7 | info | CTCPReaderLayer - TCPPubSub (Info) -Publisher :::0: Created publisher and waiting for clients.
1753370411289 ms | 5ef5a11025a9 | pub_network_tcp | 7 | info | CTCPReaderLayer - TCPPubSub (Info) -Publisher :::45803: Subscriber ::ffff:172.18.0.2:42678 has connected.
[Publisher] Found 1 subscriber(s). Proceeding to send messages.
[Publisher] Send result: ✓, size: 209715 bytes
[Publisher] Send result: ✓, size: 209715 bytes
[Publisher] Send result: ✓, size: 209715 bytes
[Publisher] Send result: ✓, size: 209715 bytes
[Publisher] Finished sending.
</msg>
<arg>\n[CONTAINER LOG: PUBLISHER]\n${log_pub}</arg>
<doc>Logs the given message with the given level.</doc>
<status status="PASS" start="2025-07-24T15:20:19.425110" elapsed="0.000268"/>
</kw>
<kw name="Log To Console" owner="BuiltIn">
<arg>\n[CONTAINER LOG: SUBSCRIBER]\n${log_sub}</arg>
<doc>Logs the given message to the console.</doc>
<status status="PASS" start="2025-07-24T15:20:19.425481" elapsed="0.000202"/>
</kw>
<kw name="Log" owner="BuiltIn">
<msg time="2025-07-24T15:20:19.425921" level="INFO">
[CONTAINER LOG: SUBSCRIBER]
[Entrypoint] Starting subscriber in mode network_tcp


[Subscriber] Ready and waiting...

[Subscriber] Received 209715 bytes (message 1)
[Subscriber] Received 209715 bytes (message 2)
[Subscriber] Received 209715 bytes (message 3)
[Subscriber] Received 209715 bytes (message 4)
1753370414823 ms | 35ff2ad8f5f3 | sub_network_tcp | 7 | error | CTCPReaderLayer - TCPPubSub (Error) -SubscriberSession 172.18.0.2:42678-&gt;5ef5a11025a9:45803: Error reading header length: End of file
1753370414824 ms | 35ff2ad8f5f3 | sub_network_tcp | 7 | warning | CTCPReaderLayer - TCPPubSub (Warning) -SubscriberSession 172.18.0.2:42682: Failed connecting to publisher 5ef5a11025a9:45803: Connection refused
1753370414825 ms | 35ff2ad8f5f3 | sub_network_tcp | 7 | warning | CTCPReaderLayer - TCPPubSub (Warning) -SubscriberSession 172.18.0.2:42686: Failed connecting to publisher 5ef5a11025a9:45803: Connection refused
1753370414825 ms | 35ff2ad8f5f3 | sub_network_tcp | 7 | warning | CTCPReaderLayer - TCPPubSub (Warning) -SubscriberSession 172.18.0.2:42690: Failed connecting to publisher 5ef5a11025a9:45803: Connection refused
1753370414826 ms | 35ff2ad8f5f3 | sub_network_tcp | 7 | warning | CTCPReaderLayer - TCPPubSub (Warning) -SubscriberSession 172.18.0.2:42706: Failed connecting to publisher 5ef5a11025a9:45803: Connection refused
1753370414826 ms | 35ff2ad8f5f3 | sub_network_tcp | 7 | warning | CTCPReaderLayer - TCPPubSub (Warning) -SubscriberSession 172.18.0.2:42708: Failed connecting to publisher 5ef5a11025a9:45803: Connection refused
[Subscriber] Received 4 messages.
</msg>
<arg>\n[CONTAINER LOG: SUBSCRIBER]\n${log_sub}</arg>
<doc>Logs the given message with the given level.</doc>
<status status="PASS" start="2025-07-24T15:20:19.425790" elapsed="0.000190"/>
</kw>
<kw name="Wait For Container Exit" owner="DockerLibrary">
<msg time="2025-07-24T15:20:19.427344" level="INFO">${exit_code} = 0</msg>
<var>${exit_code}</var>
<arg>${SUB_NAME}</arg>
<status status="PASS" start="2025-07-24T15:20:19.426077" elapsed="0.001297"/>
</kw>
<kw name="Should Be Equal As Integers" owner="BuiltIn">
<msg time="2025-07-24T15:20:19.427706" level="INFO">Argument types are:
&lt;class 'int'&gt;
&lt;class 'str'&gt;</msg>
<arg>${exit_code}</arg>
<arg>0</arg>
<arg>Subscriber failed in ${layer_tag}!</arg>
<doc>Fails if objects are unequal after converting them to integers.</doc>
<status status="PASS" start="2025-07-24T15:20:19.427478" elapsed="0.000289"/>
</kw>
<kw name="Log Test Summary" owner="DockerLibrary">
<arg>Basic Pub/Sub Network ${layer_tag}</arg>
<arg>${True}</arg>
<status status="PASS" start="2025-07-24T15:20:19.427869" elapsed="0.000139"/>
</kw>
<kw name="Stop Container" owner="DockerLibrary">
<arg>${SUB_NAME}</arg>
<status status="PASS" start="2025-07-24T15:20:19.428113" elapsed="0.005435"/>
</kw>
<kw name="Stop Container" owner="DockerLibrary">
<arg>${PUB_NAME}</arg>
<status status="PASS" start="2025-07-24T15:20:19.433649" elapsed="0.005010"/>
</kw>
<kw name="Sleep" owner="BuiltIn">
<msg time="2025-07-24T15:20:20.438984" level="INFO">Slept 1 second.</msg>
<arg>1s</arg>
<doc>Pauses the test executed for the given time.</doc>
<status status="PASS" start="2025-07-24T15:20:19.438755" elapsed="1.000333"/>
</kw>
<arg>network_tcp</arg>
<arg>network</arg>
<status status="PASS" start="2025-07-24T15:20:10.150405" elapsed="10.288767"/>
</kw>
<tag>basic_pub_sub_network_tcp</tag>
<status status="PASS" start="2025-07-24T15:20:10.149996" elapsed="10.289295"/>
</test>
<status status="PASS" start="2025-07-24T15:19:12.178871" elapsed="68.261545"/>
</suite>
<suite id="s1-s2" name="Multi Pub Sub" source="/home/runner/work/ECAL_Test_Framework/ECAL_Test_Framework/integration_tests/multi_pub_sub/robottests/multi_pub_sub.robot">
<kw name="Init Test Context" type="SETUP">
<kw name="Set Test Context" owner="GlobalPathsLibrary">
<arg>multi_pub_sub</arg>
<arg>multi_pub_sub</arg>
<doc>Sets the test folder and tag prefix if it's a valid test case.
The folder must exist under integration_tests/ and contain typical test structure.</doc>
<status status="PASS" start="2025-07-24T15:20:20.444082" elapsed="0.000144"/>
</kw>
<kw name="Get Build Script Path" owner="GlobalPathsLibrary">
<msg time="2025-07-24T15:20:20.444394" level="INFO">${build} = /home/runner/work/ECAL_Test_Framework/ECAL_Test_Framework/integration_tests/multi_pub_sub/scripts/build_images.sh</msg>
<var>${build}</var>
<status status="PASS" start="2025-07-24T15:20:20.444304" elapsed="0.000110"/>
</kw>
<kw name="Get Network Name" owner="GlobalPathsLibrary">
<msg time="2025-07-24T15:20:20.444593" level="INFO">${net} = ecal_test_net</msg>
<var>${net}</var>
<status status="PASS" start="2025-07-24T15:20:20.444477" elapsed="0.000135"/>
</kw>
<kw name="Get Build Script Args" owner="GlobalPathsLibrary">
<msg time="2025-07-24T15:20:20.444754" level="INFO">${args} = ['multi_pub_sub']</msg>
<var>${args}</var>
<status status="PASS" start="2025-07-24T15:20:20.444676" elapsed="0.000094"/>
</kw>
<kw name="Set Suite Variable" owner="BuiltIn">
<msg time="2025-07-24T15:20:20.444981" level="INFO">${BUILD_SCRIPT} = /home/runner/work/ECAL_Test_Framework/ECAL_Test_Framework/integration_tests/multi_pub_sub/scripts/build_images.sh</msg>
<arg>${BUILD_SCRIPT}</arg>
<arg>${build}</arg>
<doc>Makes a variable available everywhere within the scope of the current suite.</doc>
<status status="PASS" start="2025-07-24T15:20:20.444845" elapsed="0.000164"/>
</kw>
<kw name="Set Suite Variable" owner="BuiltIn">
<msg time="2025-07-24T15:20:20.445192" level="INFO">${NETWORK} = ecal_test_net</msg>
<arg>${NETWORK}</arg>
<arg>${net}</arg>
<doc>Makes a variable available everywhere within the scope of the current suite.</doc>
<status status="PASS" start="2025-07-24T15:20:20.445080" elapsed="0.000138"/>
</kw>
<kw name="Get Test Description" owner="GlobalPathsLibrary">
<msg time="2025-07-24T15:20:20.445457" level="INFO">${desc} = This test validates eCAL communication in a scenario involving multiple publishers and subscribers.

Test Setup:
- Two publishers run in parallel and publish messages on the **same topic**.
• Publishe...</msg>
<var>${desc}</var>
<doc>Reads the *** Comments *** section from the .robot file and returns it as a string.</doc>
<status status="PASS" start="2025-07-24T15:20:20.445291" elapsed="0.000188"/>
</kw>
<kw name="Log" owner="BuiltIn">
<msg time="2025-07-24T15:20:20.445674" level="INFO">This test validates eCAL communication in a scenario involving multiple publishers and subscribers.

Test Setup:
- Two publishers run in parallel and publish messages on the **same topic**.
• Publisher 1 sends messages containing the byte value **42**.
• Publisher 2 sends messages containing the byte value **43**.
- Two subscribers listen on that same topic and must receive all messages from both publishers.

Covered eCAL modes:
- local_shm
- local_udp
- (local_tcp)
- network_udp
- network_tcp

Goals:
- Ensure that eCAL correctly distributes messages from **multiple sources** to **multiple receivers**.
- Verify that **topic routing, message integrity, and delivery** work consistently across different transport modes.

Success Criteria:
- Each subscriber must receive **10 messages with value 42** and **10 with value 43**.
- If this condition is met, the subscriber exits with code **0**.
- If any expected messages are missing, the subscriber exits with code **1**.</msg>
<arg>${desc}</arg>
<doc>Logs the given message with the given level.</doc>
<status status="PASS" start="2025-07-24T15:20:20.445583" elapsed="0.000171"/>
</kw>
<kw name="Log To Console" owner="BuiltIn">
<arg>[SETUP] Building Docker image...</arg>
<doc>Logs the given message to the console.</doc>
<status status="PASS" start="2025-07-24T15:20:20.445825" elapsed="0.000090"/>
</kw>
<kw name="Run Process" owner="Process">
<msg time="2025-07-24T15:20:20.446199" level="INFO">Starting process:
/home/runner/work/ECAL_Test_Framework/ECAL_Test_Framework/integration_tests/multi_pub_sub/scripts/build_images.sh multi_pub_sub</msg>
<msg time="2025-07-24T15:20:20.446625" level="INFO">Waiting for process to complete.</msg>
<msg time="2025-07-24T15:20:29.672554" level="INFO">Process completed.</msg>
<msg time="2025-07-24T15:20:29.672729" level="INFO">${result} = &lt;result object with rc 0&gt;</msg>
<var>${result}</var>
<arg>${BUILD_SCRIPT}</arg>
<arg>@{args}</arg>
<doc>Runs a process and waits for it to complete.</doc>
<status status="PASS" start="2025-07-24T15:20:20.446023" elapsed="9.226731"/>
</kw>
<kw name="Should Be Equal As Integers" owner="BuiltIn">
<msg time="2025-07-24T15:20:29.673410" level="INFO">Argument types are:
&lt;class 'int'&gt;
&lt;class 'str'&gt;</msg>
<arg>${result.rc}</arg>
<arg>0</arg>
<arg>Failed to build Docker image!</arg>
<doc>Fails if objects are unequal after converting them to integers.</doc>
<status status="PASS" start="2025-07-24T15:20:29.672914" elapsed="0.000550"/>
</kw>
<kw name="Create Docker Network" owner="DockerLibrary">
<arg>${NETWORK}</arg>
<status status="PASS" start="2025-07-24T15:20:29.673578" elapsed="0.007707"/>
</kw>
<kw name="Sleep" owner="BuiltIn">
<msg time="2025-07-24T15:20:32.681739" level="INFO">Slept 3 seconds.</msg>
<arg>3s</arg>
<doc>Pauses the test executed for the given time.</doc>
<status status="PASS" start="2025-07-24T15:20:29.681438" elapsed="3.000415"/>
</kw>
<status status="PASS" start="2025-07-24T15:20:20.443893" elapsed="12.238043"/>
</kw>
<test id="s1-s2-t1" name="Multi Pub/Sub Local SHM Test" line="39">
<kw name="Run Multi Pub Sub Test Local">
<kw name="Set Variable" owner="BuiltIn">
<msg time="2025-07-24T15:20:32.683891" level="INFO">${IMAGE} = multi_pub_sub_local_shm</msg>
<var>${IMAGE}</var>
<arg>${BASE_IMAGE}_${layer_tag}</arg>
<doc>Returns the given values which can then be assigned to a variables.</doc>
<status status="PASS" start="2025-07-24T15:20:32.683726" elapsed="0.000186"/>
</kw>
<kw name="Set Variable" owner="BuiltIn">
<msg time="2025-07-24T15:20:32.684101" level="INFO">${CONTAINER} = multi_locallocal_shm</msg>
<var>${CONTAINER}</var>
<arg>multi_local${layer_tag}</arg>
<doc>Returns the given values which can then be assigned to a variables.</doc>
<status status="PASS" start="2025-07-24T15:20:32.683990" elapsed="0.000129"/>
</kw>
<kw name="Log To Console" owner="BuiltIn">
<arg>\n[INFO] Running local multi pub/sub test (all binarys in same Container) with ${layer_tag}</arg>
<doc>Logs the given message to the console.</doc>
<status status="PASS" start="2025-07-24T15:20:32.684188" elapsed="0.000122"/>
</kw>
<kw name="Start Container" owner="DockerLibrary">
<arg>${CONTAINER}</arg>
<arg>${IMAGE}</arg>
<arg>local_multi</arg>
<arg>${layer_tag}</arg>
<status status="PASS" start="2025-07-24T15:20:32.684405" elapsed="0.121377"/>
</kw>
<kw name="Sleep" owner="BuiltIn">
<msg time="2025-07-24T15:20:50.806327" level="INFO">Slept 18 seconds.</msg>
<arg>18s</arg>
<doc>Pauses the test executed for the given time.</doc>
<status status="PASS" start="2025-07-24T15:20:32.805991" elapsed="18.000454"/>
</kw>
<kw name="Get Container Logs" owner="DockerLibrary">
<msg time="2025-07-24T15:20:50.809328" level="INFO">${logs} = [Entrypoint] Starting local multi pub/sub test in mode local_shm
Shared memory monitoring is enabled (domain: ecal_mon - queue size: 1024)
[Publisher] Waiting for at least 2 subscriber(s) on topic: te...</msg>
<var>${logs}</var>
<arg>${CONTAINER}</arg>
<status status="PASS" start="2025-07-24T15:20:50.806639" elapsed="0.002715"/>
</kw>
<kw name="Log To Console" owner="BuiltIn">
<arg>\n[CONTAINER LOG: All Local Binarys Multi Pub/Sub]\n${logs}</arg>
<doc>Logs the given message to the console.</doc>
<status status="PASS" start="2025-07-24T15:20:50.809446" elapsed="0.000181"/>
</kw>
<kw name="Log" owner="BuiltIn">
<msg time="2025-07-24T15:20:50.809874" level="INFO">
[CONTAINER LOG: All Local Binarys Multi Pub/Sub]
[Entrypoint] Starting local multi pub/sub test in mode local_shm
Shared memory monitoring is enabled (domain: ecal_mon - queue size: 1024)
[Publisher] Waiting for at least 2 subscriber(s) on topic: test_topic
Shared memory monitoring is enabled (domain: ecal_mon - queue size: 1024)
[Publisher] Waiting for at least 2 subscriber(s) on topic: test_topic
Shared memory monitoring is enabled (domain: ecal_mon - queue size: 1024)
[Subscriber 2] Waiting for messages...
Shared memory monitoring is enabled (domain: ecal_mon - queue size: 1024)
[Subscriber 1] Waiting for messages...

[Publisher] Found 2 subscriber(s). Proceeding to send messages.
[Publisher] Found 2 subscriber(s). Proceeding to send messages.
[Publisher 1] Started with mode=local_shm, topic=test_topic, node=multi_publisher, count=10, delay=1000ms
[Publisher 2] Started with mode=local_shm, topic=test_topic, node=multi_publisher, count=10, delay=1000ms

[Publisher 1] Finished sending messages.

[Publisher 2] Finished sending messages.
[Subscriber 1] [✗] Missing messages from one or both publishers.
[Subscriber 2] [✗] Missing messages from one or both publishers.



=== [Subscriber 1] Received Message Summary ===
PUB1 messages (42):--------------&gt; 10/10
PUB2 messages (43):-------------&gt; 0/10

=== [Subscriber 2] Received Message Summary ===
PUB1 messages (42):--------------&gt; 10/10
PUB2 messages (43):-------------&gt; 0/10
</msg>
<arg>\n[CONTAINER LOG: All Local Binarys Multi Pub/Sub]\n${logs}</arg>
<doc>Logs the given message with the given level.</doc>
<status status="PASS" start="2025-07-24T15:20:50.809732" elapsed="0.000187"/>
</kw>
<kw name="Wait For Container Exit" owner="DockerLibrary">
<msg time="2025-07-24T15:20:50.811003" level="INFO">${exit_code} = 1</msg>
<var>${exit_code}</var>
<arg>${CONTAINER}</arg>
<status status="PASS" start="2025-07-24T15:20:50.809993" elapsed="0.001033"/>
</kw>
<kw name="Should Be Equal As Integers" owner="BuiltIn">
<msg time="2025-07-24T15:20:50.811249" level="INFO">Argument types are:
&lt;class 'int'&gt;
&lt;class 'str'&gt;</msg>
<msg time="2025-07-24T15:20:50.811360" level="FAIL">Local Multi Pub/Sub Test test failed!: 1 != 0</msg>
<arg>${exit_code}</arg>
<arg>0</arg>
<arg>Local Multi Pub/Sub Test test failed!</arg>
<doc>Fails if objects are unequal after converting them to integers.</doc>
<status status="FAIL" start="2025-07-24T15:20:50.811108" elapsed="0.000410">Local Multi Pub/Sub Test test failed!: 1 != 0</status>
</kw>
<kw name="Stop Container" owner="DockerLibrary">
<arg>${CONTAINER}</arg>
<status status="NOT RUN" start="2025-07-24T15:20:50.811617" elapsed="0.000016"/>
</kw>
<kw name="Sleep" owner="BuiltIn">
<arg>1s</arg>
<doc>Pauses the test executed for the given time.</doc>
<status status="NOT RUN" start="2025-07-24T15:20:50.811694" elapsed="0.000014"/>
</kw>
<arg>local_shm</arg>
<status status="FAIL" start="2025-07-24T15:20:32.682475" elapsed="18.129363">Local Multi Pub/Sub Test test failed!: 1 != 0</status>
</kw>
<tag>multi_pub_sub_local_shm</tag>
<status status="FAIL" start="2025-07-24T15:20:32.682000" elapsed="18.129960">Local Multi Pub/Sub Test test failed!: 1 != 0</status>
</test>
<test id="s1-s2-t2" name="Multi Pub/Sub Local UDP Test" line="43">
<kw name="Run Multi Pub Sub Test Local">
<kw name="Set Variable" owner="BuiltIn">
<msg time="2025-07-24T15:20:50.813040" level="INFO">${IMAGE} = multi_pub_sub_local_udp</msg>
<var>${IMAGE}</var>
<arg>${BASE_IMAGE}_${layer_tag}</arg>
<doc>Returns the given values which can then be assigned to a variables.</doc>
<status status="PASS" start="2025-07-24T15:20:50.812902" elapsed="0.000159"/>
</kw>
<kw name="Set Variable" owner="BuiltIn">
<msg time="2025-07-24T15:20:50.813242" level="INFO">${CONTAINER} = multi_locallocal_udp</msg>
<var>${CONTAINER}</var>
<arg>multi_local${layer_tag}</arg>
<doc>Returns the given values which can then be assigned to a variables.</doc>
<status status="PASS" start="2025-07-24T15:20:50.813132" elapsed="0.000127"/>
</kw>
<kw name="Log To Console" owner="BuiltIn">
<arg>\n[INFO] Running local multi pub/sub test (all binarys in same Container) with ${layer_tag}</arg>
<doc>Logs the given message to the console.</doc>
<status status="PASS" start="2025-07-24T15:20:50.813324" elapsed="0.000114"/>
</kw>
<kw name="Start Container" owner="DockerLibrary">
<arg>${CONTAINER}</arg>
<arg>${IMAGE}</arg>
<arg>local_multi</arg>
<arg>${layer_tag}</arg>
<status status="PASS" start="2025-07-24T15:20:50.813547" elapsed="0.117275"/>
</kw>
<kw name="Sleep" owner="BuiltIn">
<msg time="2025-07-24T15:21:08.931269" level="INFO">Slept 18 seconds.</msg>
<arg>18s</arg>
<doc>Pauses the test executed for the given time.</doc>
<status status="PASS" start="2025-07-24T15:20:50.930979" elapsed="18.000405"/>
</kw>
<kw name="Get Container Logs" owner="DockerLibrary">
<msg time="2025-07-24T15:21:08.934308" level="INFO">${logs} = [Entrypoint] Starting local multi pub/sub test in mode local_udp
[Publisher] Waiting for at least 2 subscriber(s) on topic: test_topic
[Publisher] Waiting for at least 2 subscriber(s) on topic: test_t...</msg>
<var>${logs}</var>
<arg>${CONTAINER}</arg>
<status status="PASS" start="2025-07-24T15:21:08.931574" elapsed="0.002759"/>
</kw>
<kw name="Log To Console" owner="BuiltIn">
<arg>\n[CONTAINER LOG: All Local Binarys Multi Pub/Sub]\n${logs}</arg>
<doc>Logs the given message to the console.</doc>
<status status="PASS" start="2025-07-24T15:21:08.934421" elapsed="0.000175"/>
</kw>
<kw name="Log" owner="BuiltIn">
<msg time="2025-07-24T15:21:08.934835" level="INFO">
[CONTAINER LOG: All Local Binarys Multi Pub/Sub]
[Entrypoint] Starting local multi pub/sub test in mode local_udp
[Publisher] Waiting for at least 2 subscriber(s) on topic: test_topic
[Publisher] Waiting for at least 2 subscriber(s) on topic: test_topic
[Subscriber 2] Waiting for messages...
[Subscriber 1] Waiting for messages...

[Publisher] Found 2 subscriber(s). Proceeding to send messages.
[Publisher] Found 2 subscriber(s). Proceeding to send messages.
[Publisher 2] Started with mode=local_udp, topic=test_topic, node=multi_publisher, count=10, delay=1000ms
[Publisher 1] Started with mode=local_udp, topic=test_topic, node=multi_publisher, count=10, delay=1000ms

[Publisher 2] Finished sending messages.

[Publisher 1] Finished sending messages.

=== [Subscriber 2] Received Message Summary ===
PUB1 messages (42):--------------&gt; 10/10
PUB2 messages (43):-------------&gt; 10/10
[Subscriber 2] [✓] Received messages from both publishers.


=== [Subscriber 1] Received Message Summary ===
PUB1 messages (42):--------------&gt; 10/10
PUB2 messages (43):-------------&gt; 10/10
[Subscriber 1] [✓] Received messages from both publishers.

</msg>
<arg>\n[CONTAINER LOG: All Local Binarys Multi Pub/Sub]\n${logs}</arg>
<doc>Logs the given message with the given level.</doc>
<status status="PASS" start="2025-07-24T15:21:08.934708" elapsed="0.000170"/>
</kw>
<kw name="Wait For Container Exit" owner="DockerLibrary">
<msg time="2025-07-24T15:21:08.935996" level="INFO">${exit_code} = 0</msg>
<var>${exit_code}</var>
<arg>${CONTAINER}</arg>
<status status="PASS" start="2025-07-24T15:21:08.934950" elapsed="0.001070"/>
</kw>
<kw name="Should Be Equal As Integers" owner="BuiltIn">
<msg time="2025-07-24T15:21:08.936239" level="INFO">Argument types are:
&lt;class 'int'&gt;
&lt;class 'str'&gt;</msg>
<arg>${exit_code}</arg>
<arg>0</arg>
<arg>Local Multi Pub/Sub Test test failed!</arg>
<doc>Fails if objects are unequal after converting them to integers.</doc>
<status status="PASS" start="2025-07-24T15:21:08.936104" elapsed="0.000179"/>
</kw>
<kw name="Stop Container" owner="DockerLibrary">
<arg>${CONTAINER}</arg>
<status status="PASS" start="2025-07-24T15:21:08.936357" elapsed="0.005398"/>
</kw>
<kw name="Sleep" owner="BuiltIn">
<msg time="2025-07-24T15:21:09.942053" level="INFO">Slept 1 second.</msg>
<arg>1s</arg>
<doc>Pauses the test executed for the given time.</doc>
<status status="PASS" start="2025-07-24T15:21:08.941841" elapsed="1.000323"/>
</kw>
<arg>local_udp</arg>
<status status="PASS" start="2025-07-24T15:20:50.812714" elapsed="19.129532"/>
</kw>
<tag>multi_pub_sub_local_udp</tag>
<status status="PASS" start="2025-07-24T15:20:50.812362" elapsed="19.129996"/>
</test>
<test id="s1-s2-t3" name="Multi Pub/Sub Network UDP Test" line="47">
<kw name="Run Multi Pub Sub Test Network">
<kw name="Set Variable" owner="BuiltIn">
<msg time="2025-07-24T15:21:09.943870" level="INFO">${IMAGE} = multi_pub_sub_network_udp</msg>
<var>${IMAGE}</var>
<arg>${BASE_IMAGE}_${layer_tag}</arg>
<doc>Returns the given values which can then be assigned to a variables.</doc>
<status status="PASS" start="2025-07-24T15:21:09.943714" elapsed="0.000177"/>
</kw>
<kw name="Set Variable" owner="BuiltIn">
<msg time="2025-07-24T15:21:09.944054" level="INFO">${TOPIC} = test_topic</msg>
<var>${TOPIC}</var>
<arg>test_topic</arg>
<doc>Returns the given values which can then be assigned to a variables.</doc>
<status status="PASS" start="2025-07-24T15:21:09.943965" elapsed="0.000106"/>
</kw>
<kw name="Set Variable" owner="BuiltIn">
<msg time="2025-07-24T15:21:09.944246" level="INFO">${PUB1} = pub1_network_udp</msg>
<var>${PUB1}</var>
<arg>pub1_${layer_tag}</arg>
<doc>Returns the given values which can then be assigned to a variables.</doc>
<status status="PASS" start="2025-07-24T15:21:09.944139" elapsed="0.000124"/>
</kw>
<kw name="Set Variable" owner="BuiltIn">
<msg time="2025-07-24T15:21:09.944427" level="INFO">${PUB2} = pub2_network_udp</msg>
<var>${PUB2}</var>
<arg>pub2_${layer_tag}</arg>
<doc>Returns the given values which can then be assigned to a variables.</doc>
<status status="PASS" start="2025-07-24T15:21:09.944328" elapsed="0.000116"/>
</kw>
<kw name="Set Variable" owner="BuiltIn">
<msg time="2025-07-24T15:21:09.944645" level="INFO">${SUB1} = sub1_network_udp</msg>
<var>${SUB1}</var>
<arg>sub1_${layer_tag}</arg>
<doc>Returns the given values which can then be assigned to a variables.</doc>
<status status="PASS" start="2025-07-24T15:21:09.944537" elapsed="0.000125"/>
</kw>
<kw name="Set Variable" owner="BuiltIn">
<msg time="2025-07-24T15:21:09.944827" level="INFO">${SUB2} = sub2_network_udp</msg>
<var>${SUB2}</var>
<arg>sub2_${layer_tag}</arg>
<doc>Returns the given values which can then be assigned to a variables.</doc>
<status status="PASS" start="2025-07-24T15:21:09.944727" elapsed="0.000116"/>
</kw>
<kw name="Log To Console" owner="BuiltIn">
<arg>\n[INFO] Starting multi pub/sub test with ${layer_tag}</arg>
<doc>Logs the given message to the console.</doc>
<status status="PASS" start="2025-07-24T15:21:09.944906" elapsed="0.000120"/>
</kw>
<kw name="Start Container" owner="DockerLibrary">
<arg>${SUB1}</arg>
<arg>${IMAGE}</arg>
<arg>multi_subscriber</arg>
<arg>${layer_tag}</arg>
<arg>${TOPIC}</arg>
<arg>network=${NETWORK}</arg>
<status status="PASS" start="2025-07-24T15:21:09.945125" elapsed="0.136628"/>
</kw>
<kw name="Start Container" owner="DockerLibrary">
<arg>${SUB2}</arg>
<arg>${IMAGE}</arg>
<arg>multi_subscriber2</arg>
<arg>${layer_tag}</arg>
<arg>${TOPIC}</arg>
<arg>network=${NETWORK}</arg>
<status status="PASS" start="2025-07-24T15:21:10.081950" elapsed="0.131499"/>
</kw>
<kw name="Start Container" owner="DockerLibrary">
<arg>${PUB1}</arg>
<arg>${IMAGE}</arg>
<arg>multi_publisher</arg>
<arg>${layer_tag}</arg>
<arg>${TOPIC}</arg>
<arg>network=${NETWORK}</arg>
<status status="PASS" start="2025-07-24T15:21:10.213667" elapsed="0.130503"/>
</kw>
<kw name="Start Container" owner="DockerLibrary">
<arg>${PUB2}</arg>
<arg>${IMAGE}</arg>
<arg>multi_publisher2</arg>
<arg>${layer_tag}</arg>
<arg>${TOPIC}</arg>
<arg>network=${NETWORK}</arg>
<status status="PASS" start="2025-07-24T15:21:10.344334" elapsed="0.116319"/>
</kw>
<kw name="Sleep" owner="BuiltIn">
<msg time="2025-07-24T15:21:28.461165" level="INFO">Slept 18 seconds.</msg>
<arg>18s</arg>
<doc>Pauses the test executed for the given time.</doc>
<status status="PASS" start="2025-07-24T15:21:10.460837" elapsed="18.000447"/>
</kw>
<kw name="Get Container Logs" owner="DockerLibrary">
<msg time="2025-07-24T15:21:28.464162" level="INFO">${log1} = [Entrypoint] Starting multi_subscriber in mode network_udp
[Subscriber 1] Waiting for messages...


=== [Subscriber 1] Received Message Summary ===
PUB1 messages (42):--------------&gt; 10/10
PUB2 messag...</msg>
<var>${log1}</var>
<arg>${SUB1}</arg>
<status status="PASS" start="2025-07-24T15:21:28.461453" elapsed="0.002735"/>
</kw>
<kw name="Log To Console" owner="BuiltIn">
<arg>\n[CONTAINER LOG: SUBSCRIBER 1]\n${log1}</arg>
<doc>Logs the given message to the console.</doc>
<status status="PASS" start="2025-07-24T15:21:28.464275" elapsed="0.000160"/>
</kw>
<kw name="Log" owner="BuiltIn">
<msg time="2025-07-24T15:21:28.464696" level="INFO">
[CONTAINER LOG: SUBSCRIBER 1]
[Entrypoint] Starting multi_subscriber in mode network_udp
[Subscriber 1] Waiting for messages...


=== [Subscriber 1] Received Message Summary ===
PUB1 messages (42):--------------&gt; 10/10
PUB2 messages (43):-------------&gt; 10/10
[Subscriber 1] [✓] Received messages from both publishers.

</msg>
<arg>\n[CONTAINER LOG: SUBSCRIBER 1]\n${log1}</arg>
<doc>Logs the given message with the given level.</doc>
<status status="PASS" start="2025-07-24T15:21:28.464562" elapsed="0.000194"/>
</kw>
<kw name="Get Container Logs" owner="DockerLibrary">
<msg time="2025-07-24T15:21:28.466963" level="INFO">${log2} = [Entrypoint] Starting multi_subscriber2 in mode network_udp
[Subscriber 2] Waiting for messages...

=== [Subscriber 2] Received Message Summary ===
PUB1 messages (42):--------------&gt; 10/10
PUB2 messag...</msg>
<var>${log2}</var>
<arg>${SUB2}</arg>
<status status="PASS" start="2025-07-24T15:21:28.464864" elapsed="0.002125"/>
</kw>
<kw name="Log To Console" owner="BuiltIn">
<arg>\n[CONTAINER LOG: SUBSCRIBER 2]\n${log2}</arg>
<doc>Logs the given message to the console.</doc>
<status status="PASS" start="2025-07-24T15:21:28.467076" elapsed="0.000142"/>
</kw>
<kw name="Log" owner="BuiltIn">
<msg time="2025-07-24T15:21:28.467452" level="INFO">
[CONTAINER LOG: SUBSCRIBER 1]
[Entrypoint] Starting multi_subscriber2 in mode network_udp
[Subscriber 2] Waiting for messages...

=== [Subscriber 2] Received Message Summary ===
PUB1 messages (42):--------------&gt; 10/10
PUB2 messages (43):-------------&gt; 10/10
[Subscriber 2] [✓] Received messages from both publishers.

</msg>
<arg>\n[CONTAINER LOG: SUBSCRIBER 1]\n${log2}</arg>
<doc>Logs the given message with the given level.</doc>
<status status="PASS" start="2025-07-24T15:21:28.467318" elapsed="0.000216"/>
</kw>
<kw name="Wait For Container Exit" owner="DockerLibrary">
<arg>${SUB1}</arg>
<status status="PASS" start="2025-07-24T15:21:28.467634" elapsed="0.001005"/>
</kw>
<kw name="Wait For Container Exit" owner="DockerLibrary">
<arg>${SUB2}</arg>
<status status="PASS" start="2025-07-24T15:21:28.468720" elapsed="0.000925"/>
</kw>
<kw name="Wait For Container Exit" owner="DockerLibrary">
<arg>${PUB1}</arg>
<status status="PASS" start="2025-07-24T15:21:28.469724" elapsed="0.000918"/>
</kw>
<kw name="Wait For Container Exit" owner="DockerLibrary">
<arg>${PUB2}</arg>
<status status="PASS" start="2025-07-24T15:21:28.470720" elapsed="0.001077"/>
</kw>
<kw name="Wait For Container Exit" owner="DockerLibrary">
<msg time="2025-07-24T15:21:28.472742" level="INFO">${exit1} = 0</msg>
<var>${exit1}</var>
<arg>${SUB1}</arg>
<status status="PASS" start="2025-07-24T15:21:28.471879" elapsed="0.000887"/>
</kw>
<kw name="Wait For Container Exit" owner="DockerLibrary">
<msg time="2025-07-24T15:21:28.473694" level="INFO">${exit2} = 0</msg>
<var>${exit2}</var>
<arg>${SUB2}</arg>
<status status="PASS" start="2025-07-24T15:21:28.472845" elapsed="0.000873"/>
</kw>
<kw name="Should Be Equal As Integers" owner="BuiltIn">
<msg time="2025-07-24T15:21:28.473934" level="INFO">Argument types are:
&lt;class 'int'&gt;
&lt;class 'str'&gt;</msg>
<arg>${exit1}</arg>
<arg>0</arg>
<arg>Subscriber 1 failed!</arg>
<doc>Fails if objects are unequal after converting them to integers.</doc>
<status status="PASS" start="2025-07-24T15:21:28.473799" elapsed="0.000182"/>
</kw>
<kw name="Should Be Equal As Integers" owner="BuiltIn">
<msg time="2025-07-24T15:21:28.474165" level="INFO">Argument types are:
&lt;class 'int'&gt;
&lt;class 'str'&gt;</msg>
<arg>${exit2}</arg>
<arg>0</arg>
<arg>Subscriber 2 failed!</arg>
<doc>Fails if objects are unequal after converting them to integers.</doc>
<status status="PASS" start="2025-07-24T15:21:28.474057" elapsed="0.000145"/>
</kw>
<kw name="Log Test Summary" owner="DockerLibrary">
<arg>Multi Pub/Sub Test ${layer_tag}</arg>
<arg>${True}</arg>
<status status="PASS" start="2025-07-24T15:21:28.474272" elapsed="0.000140"/>
</kw>
<kw name="Stop Container" owner="DockerLibrary">
<arg>${SUB1}</arg>
<status status="PASS" start="2025-07-24T15:21:28.474532" elapsed="0.005298"/>
</kw>
<kw name="Stop Container" owner="DockerLibrary">
<arg>${SUB2}</arg>
<status status="PASS" start="2025-07-24T15:21:28.479918" elapsed="0.005171"/>
</kw>
<kw name="Stop Container" owner="DockerLibrary">
<arg>${PUB1}</arg>
<status status="PASS" start="2025-07-24T15:21:28.485176" elapsed="0.004705"/>
</kw>
<kw name="Stop Container" owner="DockerLibrary">
<arg>${PUB2}</arg>
<status status="PASS" start="2025-07-24T15:21:28.489965" elapsed="0.005783"/>
</kw>
<kw name="Sleep" owner="BuiltIn">
<msg time="2025-07-24T15:21:29.496257" level="INFO">Slept 1 second.</msg>
<arg>1s</arg>
<doc>Pauses the test executed for the given time.</doc>
<status status="PASS" start="2025-07-24T15:21:28.495948" elapsed="1.000415"/>
</kw>
<arg>network_udp</arg>
<arg>network</arg>
<status status="PASS" start="2025-07-24T15:21:09.943435" elapsed="19.553027"/>
</kw>
<tag>multi_pub_sub_network_udp</tag>
<status status="PASS" start="2025-07-24T15:21:09.942970" elapsed="19.553629"/>
</test>
<test id="s1-s2-t4" name="Multi Pub/Sub Network TCP Test" line="51">
<kw name="Run Multi Pub Sub Test Network">
<kw name="Set Variable" owner="BuiltIn">
<msg time="2025-07-24T15:21:29.498308" level="INFO">${IMAGE} = multi_pub_sub_network_tcp</msg>
<var>${IMAGE}</var>
<arg>${BASE_IMAGE}_${layer_tag}</arg>
<doc>Returns the given values which can then be assigned to a variables.</doc>
<status status="PASS" start="2025-07-24T15:21:29.498161" elapsed="0.000167"/>
</kw>
<kw name="Set Variable" owner="BuiltIn">
<msg time="2025-07-24T15:21:29.498479" level="INFO">${TOPIC} = test_topic</msg>
<var>${TOPIC}</var>
<arg>test_topic</arg>
<doc>Returns the given values which can then be assigned to a variables.</doc>
<status status="PASS" start="2025-07-24T15:21:29.498398" elapsed="0.000126"/>
</kw>
<kw name="Set Variable" owner="BuiltIn">
<msg time="2025-07-24T15:21:29.498697" level="INFO">${PUB1} = pub1_network_tcp</msg>
<var>${PUB1}</var>
<arg>pub1_${layer_tag}</arg>
<doc>Returns the given values which can then be assigned to a variables.</doc>
<status status="PASS" start="2025-07-24T15:21:29.498593" elapsed="0.000120"/>
</kw>
<kw name="Set Variable" owner="BuiltIn">
<msg time="2025-07-24T15:21:29.498873" level="INFO">${PUB2} = pub2_network_tcp</msg>
<var>${PUB2}</var>
<arg>pub2_${layer_tag}</arg>
<doc>Returns the given values which can then be assigned to a variables.</doc>
<status status="PASS" start="2025-07-24T15:21:29.498775" elapsed="0.000114"/>
</kw>
<kw name="Set Variable" owner="BuiltIn">
<msg time="2025-07-24T15:21:29.499125" level="INFO">${SUB1} = sub1_network_tcp</msg>
<var>${SUB1}</var>
<arg>sub1_${layer_tag}</arg>
<doc>Returns the given values which can then be assigned to a variables.</doc>
<status status="PASS" start="2025-07-24T15:21:29.499018" elapsed="0.000123"/>
</kw>
<kw name="Set Variable" owner="BuiltIn">
<msg time="2025-07-24T15:21:29.499301" level="INFO">${SUB2} = sub2_network_tcp</msg>
<var>${SUB2}</var>
<arg>sub2_${layer_tag}</arg>
<doc>Returns the given values which can then be assigned to a variables.</doc>
<status status="PASS" start="2025-07-24T15:21:29.499205" elapsed="0.000113"/>
</kw>
<kw name="Log To Console" owner="BuiltIn">
<arg>\n[INFO] Starting multi pub/sub test with ${layer_tag}</arg>
<doc>Logs the given message to the console.</doc>
<status status="PASS" start="2025-07-24T15:21:29.499381" elapsed="0.000135"/>
</kw>
<kw name="Start Container" owner="DockerLibrary">
<arg>${SUB1}</arg>
<arg>${IMAGE}</arg>
<arg>multi_subscriber</arg>
<arg>${layer_tag}</arg>
<arg>${TOPIC}</arg>
<arg>network=${NETWORK}</arg>
<status status="PASS" start="2025-07-24T15:21:29.499617" elapsed="0.127805"/>
</kw>
<kw name="Start Container" owner="DockerLibrary">
<arg>${SUB2}</arg>
<arg>${IMAGE}</arg>
<arg>multi_subscriber2</arg>
<arg>${layer_tag}</arg>
<arg>${TOPIC}</arg>
<arg>network=${NETWORK}</arg>
<status status="PASS" start="2025-07-24T15:21:29.627673" elapsed="0.120558"/>
</kw>
<kw name="Start Container" owner="DockerLibrary">
<arg>${PUB1}</arg>
<arg>${IMAGE}</arg>
<arg>multi_publisher</arg>
<arg>${layer_tag}</arg>
<arg>${TOPIC}</arg>
<arg>network=${NETWORK}</arg>
<status status="PASS" start="2025-07-24T15:21:29.748413" elapsed="0.120970"/>
</kw>
<kw name="Start Container" owner="DockerLibrary">
<arg>${PUB2}</arg>
<arg>${IMAGE}</arg>
<arg>multi_publisher2</arg>
<arg>${layer_tag}</arg>
<arg>${TOPIC}</arg>
<arg>network=${NETWORK}</arg>
<status status="PASS" start="2025-07-24T15:21:29.869581" elapsed="0.116699"/>
</kw>
<kw name="Sleep" owner="BuiltIn">
<msg time="2025-07-24T15:21:47.986843" level="INFO">Slept 18 seconds.</msg>
<arg>18s</arg>
<doc>Pauses the test executed for the given time.</doc>
<status status="PASS" start="2025-07-24T15:21:29.986526" elapsed="18.000426"/>
</kw>
<kw name="Get Container Logs" owner="DockerLibrary">
<msg time="2025-07-24T15:21:47.989882" level="INFO">${log1} = [Entrypoint] Starting multi_subscriber in mode network_tcp
[Subscriber 1] Waiting for messages...

1753370502775 ms | a52d9e01814f | multi_subscriber | 7 | error | CTCPReaderLayer - TCPPubSub (Error) ...</msg>
<var>${log1}</var>
<arg>${SUB1}</arg>
<status status="PASS" start="2025-07-24T15:21:47.987123" elapsed="0.002786"/>
</kw>
<kw name="Log To Console" owner="BuiltIn">
<arg>\n[CONTAINER LOG: SUBSCRIBER 1]\n${log1}</arg>
<doc>Logs the given message to the console.</doc>
<status status="PASS" start="2025-07-24T15:21:47.990019" elapsed="0.000178"/>
</kw>
<kw name="Log" owner="BuiltIn">
<msg time="2025-07-24T15:21:47.990460" level="INFO">
[CONTAINER LOG: SUBSCRIBER 1]
[Entrypoint] Starting multi_subscriber in mode network_tcp
[Subscriber 1] Waiting for messages...

1753370502775 ms | a52d9e01814f | multi_subscriber | 7 | error | CTCPReaderLayer - TCPPubSub (Error) -SubscriberSession 172.18.0.2:48820-&gt;dbae6a921c68:36419: Error reading header length: End of file
1753370502776 ms | a52d9e01814f | multi_subscriber | 7 | warning | CTCPReaderLayer - TCPPubSub (Warning) -SubscriberSession 172.18.0.2:54240: Failed connecting to publisher dbae6a921c68:36419: Connection refused
1753370502776 ms | a52d9e01814f | multi_subscriber | 7 | warning | CTCPReaderLayer - TCPPubSub (Warning) -SubscriberSession 172.18.0.2:54256: Failed connecting to publisher dbae6a921c68:36419: Connection refused
1753370502778 ms | a52d9e01814f | multi_subscriber | 7 | warning | CTCPReaderLayer - TCPPubSub (Warning) -SubscriberSession 172.18.0.2:54264: Failed connecting to publisher dbae6a921c68:36419: Connection refused
1753370502778 ms | a52d9e01814f | multi_subscriber | 7 | warning | CTCPReaderLayer - TCPPubSub (Warning) -SubscriberSession 172.18.0.2:54266: Failed connecting to publisher dbae6a921c68:36419: Connection refused
1753370502778 ms | a52d9e01814f | multi_subscriber | 7 | warning | CTCPReaderLayer - TCPPubSub (Warning) -SubscriberSession 172.18.0.2:54274: Failed connecting to publisher dbae6a921c68:36419: Connection refused
1753370502791 ms | a52d9e01814f | multi_subscriber | 7 | error | CTCPReaderLayer - TCPPubSub (Error) -SubscriberSession 172.18.0.2:45306-&gt;be40c6ce1e03:37487: Error reading header length: End of file
1753370502792 ms | a52d9e01814f | multi_subscriber | 7 | warning | CTCPReaderLayer - TCPPubSub (Warning) -SubscriberSession 172.18.0.2:56584: Failed connecting to publisher be40c6ce1e03:37487: Connection refused
1753370502792 ms | a52d9e01814f | multi_subscriber | 7 | warning | CTCPReaderLayer - TCPPubSub (Warning) -SubscriberSession 172.18.0.2:56590: Failed connecting to publisher be40c6ce1e03:37487: Connection refused
1753370502793 ms | a52d9e01814f | multi_subscriber | 7 | warning | CTCPReaderLayer - TCPPubSub (Warning) -SubscriberSession 172.18.0.2:56602: Failed connecting to publisher be40c6ce1e03:37487: Connection refused
1753370502794 ms | a52d9e01814f | multi_subscriber | 7 | warning | CTCPReaderLayer - TCPPubSub (Warning) -SubscriberSession 172.18.0.2:56612: Failed connecting to publisher be40c6ce1e03:37487: Connection refused
1753370502794 ms | a52d9e01814f | multi_subscriber | 7 | warning | CTCPReaderLayer - TCPPubSub (Warning) -SubscriberSession 172.18.0.2:56622: Failed connecting to publisher be40c6ce1e03:37487: Connection refused

=== [Subscriber 1] Received Message Summary ===
PUB1 messages (42):--------------&gt; 10/10
PUB2 messages (43):-------------&gt; 10/10
[Subscriber 1] [✓] Received messages from both publishers.

</msg>
<arg>\n[CONTAINER LOG: SUBSCRIBER 1]\n${log1}</arg>
<doc>Logs the given message with the given level.</doc>
<status status="PASS" start="2025-07-24T15:21:47.990302" elapsed="0.000262"/>
</kw>
<kw name="Get Container Logs" owner="DockerLibrary">
<msg time="2025-07-24T15:21:47.993477" level="INFO">${log2} = [Entrypoint] Starting multi_subscriber2 in mode network_tcp
[Subscriber 2] Waiting for messages...
1753370502775 ms | 299ffc1d9dd3 | multi_subscriber | 7 | error | CTCPReaderLayer - TCPPubSub (Error) ...</msg>
<var>${log2}</var>
<arg>${SUB2}</arg>
<status status="PASS" start="2025-07-24T15:21:47.990661" elapsed="0.002871"/>
</kw>
<kw name="Log To Console" owner="BuiltIn">
<arg>\n[CONTAINER LOG: SUBSCRIBER 2]\n${log2}</arg>
<doc>Logs the given message to the console.</doc>
<status status="PASS" start="2025-07-24T15:21:47.993624" elapsed="0.000171"/>
</kw>
<kw name="Log" owner="BuiltIn">
<msg time="2025-07-24T15:21:47.994165" level="INFO">
[CONTAINER LOG: SUBSCRIBER 1]
[Entrypoint] Starting multi_subscriber2 in mode network_tcp
[Subscriber 2] Waiting for messages...
1753370502775 ms | 299ffc1d9dd3 | multi_subscriber | 7 | error | CTCPReaderLayer - TCPPubSub (Error) -SubscriberSession 172.18.0.3:44246-&gt;dbae6a921c68:36419: Error reading header length: End of file
1753370502775 ms | 299ffc1d9dd3 | multi_subscriber | 7 | warning | CTCPReaderLayer - TCPPubSub (Warning) -SubscriberSession 172.18.0.3:60400: Failed connecting to publisher dbae6a921c68:36419: Connection refused
1753370502776 ms | 299ffc1d9dd3 | multi_subscriber | 7 | warning | CTCPReaderLayer - TCPPubSub (Warning) -SubscriberSession 172.18.0.3:60412: Failed connecting to publisher dbae6a921c68:36419: Connection refused
1753370502776 ms | 299ffc1d9dd3 | multi_subscriber | 7 | warning | CTCPReaderLayer - TCPPubSub (Warning) -SubscriberSession 172.18.0.3:60418: Failed connecting to publisher dbae6a921c68:36419: Connection refused
1753370502777 ms | 299ffc1d9dd3 | multi_subscriber | 7 | warning | CTCPReaderLayer - TCPPubSub (Warning) -SubscriberSession 172.18.0.3:60426: Failed connecting to publisher dbae6a921c68:36419: Connection refused
1753370502777 ms | 299ffc1d9dd3 | multi_subscriber | 7 | warning | CTCPReaderLayer - TCPPubSub (Warning) -SubscriberSession 172.18.0.3:60440: Failed connecting to publisher dbae6a921c68:36419: Connection refused
1753370502791 ms | 299ffc1d9dd3 | multi_subscriber | 7 | error | CTCPReaderLayer - TCPPubSub (Error) -SubscriberSession 172.18.0.3:35418-&gt;be40c6ce1e03:37487: Error reading header length: End of file
1753370502792 ms | 299ffc1d9dd3 | multi_subscriber | 7 | warning | CTCPReaderLayer - TCPPubSub (Warning) -SubscriberSession 172.18.0.3:41330: Failed connecting to publisher be40c6ce1e03:37487: Connection refused
1753370502793 ms | 299ffc1d9dd3 | multi_subscriber | 7 | warning | CTCPReaderLayer - TCPPubSub (Warning) -SubscriberSession 172.18.0.3:41336: Failed connecting to publisher be40c6ce1e03:37487: Connection refused
1753370502793 ms | 299ffc1d9dd3 | multi_subscriber | 7 | warning | CTCPReaderLayer - TCPPubSub (Warning) -SubscriberSession 172.18.0.3:41344: Failed connecting to publisher be40c6ce1e03:37487: Connection refused
1753370502795 ms | 299ffc1d9dd3 | multi_subscriber | 7 | warning | CTCPReaderLayer - TCPPubSub (Warning) -SubscriberSession 172.18.0.3:41348: Failed connecting to publisher be40c6ce1e03:37487: Connection refused
1753370502795 ms | 299ffc1d9dd3 | multi_subscriber | 7 | warning | CTCPReaderLayer - TCPPubSub (Warning) -SubscriberSession 172.18.0.3:41352: Failed connecting to publisher be40c6ce1e03:37487: Connection refused

=== [Subscriber 2] Received Message Summary ===
PUB1 messages (42):--------------&gt; 10/10
PUB2 messages (43):-------------&gt; 10/10
[Subscriber 2] [✓] Received messages from both publishers.

</msg>
<arg>\n[CONTAINER LOG: SUBSCRIBER 1]\n${log2}</arg>
<doc>Logs the given message with the given level.</doc>
<status status="PASS" start="2025-07-24T15:21:47.993958" elapsed="0.000314"/>
</kw>
<kw name="Wait For Container Exit" owner="DockerLibrary">
<arg>${SUB1}</arg>
<status status="PASS" start="2025-07-24T15:21:47.994431" elapsed="0.001304"/>
</kw>
<kw name="Wait For Container Exit" owner="DockerLibrary">
<arg>${SUB2}</arg>
<status status="PASS" start="2025-07-24T15:21:47.995820" elapsed="0.001070"/>
</kw>
<kw name="Wait For Container Exit" owner="DockerLibrary">
<arg>${PUB1}</arg>
<status status="PASS" start="2025-07-24T15:21:47.996972" elapsed="0.001043"/>
</kw>
<kw name="Wait For Container Exit" owner="DockerLibrary">
<arg>${PUB2}</arg>
<status status="PASS" start="2025-07-24T15:21:47.998098" elapsed="0.001183"/>
</kw>
<kw name="Wait For Container Exit" owner="DockerLibrary">
<msg time="2025-07-24T15:21:48.000267" level="INFO">${exit1} = 0</msg>
<var>${exit1}</var>
<arg>${SUB1}</arg>
<status status="PASS" start="2025-07-24T15:21:47.999366" elapsed="0.000926"/>
</kw>
<kw name="Wait For Container Exit" owner="DockerLibrary">
<msg time="2025-07-24T15:21:48.001545" level="INFO">${exit2} = 0</msg>
<var>${exit2}</var>
<arg>${SUB2}</arg>
<status status="PASS" start="2025-07-24T15:21:48.000373" elapsed="0.001198"/>
</kw>
<kw name="Should Be Equal As Integers" owner="BuiltIn">
<msg time="2025-07-24T15:21:48.001796" level="INFO">Argument types are:
&lt;class 'int'&gt;
&lt;class 'str'&gt;</msg>
<arg>${exit1}</arg>
<arg>0</arg>
<arg>Subscriber 1 failed!</arg>
<doc>Fails if objects are unequal after converting them to integers.</doc>
<status status="PASS" start="2025-07-24T15:21:48.001655" elapsed="0.000187"/>
</kw>
<kw name="Should Be Equal As Integers" owner="BuiltIn">
<msg time="2025-07-24T15:21:48.002032" level="INFO">Argument types are:
&lt;class 'int'&gt;
&lt;class 'str'&gt;</msg>
<arg>${exit2}</arg>
<arg>0</arg>
<arg>Subscriber 2 failed!</arg>
<doc>Fails if objects are unequal after converting them to integers.</doc>
<status status="PASS" start="2025-07-24T15:21:48.001921" elapsed="0.000150"/>
</kw>
<kw name="Log Test Summary" owner="DockerLibrary">
<arg>Multi Pub/Sub Test ${layer_tag}</arg>
<arg>${True}</arg>
<status status="PASS" start="2025-07-24T15:21:48.002142" elapsed="0.000137"/>
</kw>
<kw name="Stop Container" owner="DockerLibrary">
<arg>${SUB1}</arg>
<status status="PASS" start="2025-07-24T15:21:48.002382" elapsed="0.005081"/>
</kw>
<kw name="Stop Container" owner="DockerLibrary">
<arg>${SUB2}</arg>
<status status="PASS" start="2025-07-24T15:21:48.007661" elapsed="0.005481"/>
</kw>
<kw name="Stop Container" owner="DockerLibrary">
<arg>${PUB1}</arg>
<status status="PASS" start="2025-07-24T15:21:48.013248" elapsed="0.005331"/>
</kw>
<kw name="Stop Container" owner="DockerLibrary">
<arg>${PUB2}</arg>
<status status="PASS" start="2025-07-24T15:21:48.018683" elapsed="0.005004"/>
</kw>
<kw name="Sleep" owner="BuiltIn">
<msg time="2025-07-24T15:21:49.024048" level="INFO">Slept 1 second.</msg>
<arg>1s</arg>
<doc>Pauses the test executed for the given time.</doc>
<status status="PASS" start="2025-07-24T15:21:48.023790" elapsed="1.000373"/>
</kw>
<arg>network_tcp</arg>
<arg>network</arg>
<status status="PASS" start="2025-07-24T15:21:29.497926" elapsed="19.526329"/>
</kw>
<tag>multi_pub_sub_network_tcp</tag>
<status status="PASS" start="2025-07-24T15:21:29.497469" elapsed="19.526918"/>
</test>
<status status="FAIL" start="2025-07-24T15:20:20.441156" elapsed="88.584601"/>
</suite>
<suite id="s1-s3" name="Network Crash" source="/home/runner/work/ECAL_Test_Framework/ECAL_Test_Framework/integration_tests/network_crash/robottests/network_crash.robot">
<kw name="Init Test Context" type="SETUP">
<kw name="Set Test Context" owner="GlobalPathsLibrary">
<arg>network_crash</arg>
<arg>network_crash</arg>
<doc>Sets the test folder and tag prefix if it's a valid test case.
The folder must exist under integration_tests/ and contain typical test structure.</doc>
<status status="PASS" start="2025-07-24T15:21:49.029069" elapsed="0.000135"/>
</kw>
<kw name="Get Build Script Path" owner="GlobalPathsLibrary">
<msg time="2025-07-24T15:21:49.029371" level="INFO">${build} = /home/runner/work/ECAL_Test_Framework/ECAL_Test_Framework/integration_tests/network_crash/scripts/build_images.sh</msg>
<var>${build}</var>
<status status="PASS" start="2025-07-24T15:21:49.029282" elapsed="0.000109"/>
</kw>
<kw name="Get Network Name" owner="GlobalPathsLibrary">
<msg time="2025-07-24T15:21:49.029563" level="INFO">${net} = ecal_test_net</msg>
<var>${net}</var>
<status status="PASS" start="2025-07-24T15:21:49.029453" elapsed="0.000128"/>
</kw>
<kw name="Get Build Script Args" owner="GlobalPathsLibrary">
<msg time="2025-07-24T15:21:49.029724" level="INFO">${args} = ['network_crash']</msg>
<var>${args}</var>
<status status="PASS" start="2025-07-24T15:21:49.029647" elapsed="0.000094"/>
</kw>
<kw name="Set Suite Variable" owner="BuiltIn">
<msg time="2025-07-24T15:21:49.029942" level="INFO">${BUILD_SCRIPT} = /home/runner/work/ECAL_Test_Framework/ECAL_Test_Framework/integration_tests/network_crash/scripts/build_images.sh</msg>
<arg>${BUILD_SCRIPT}</arg>
[...]
[Publisher] Prepared 50MB message.
[Publisher] Waiting for at least 2 subscriber(s) on topic: test_topic
[Publisher] Found 2 subscriber(s). Pr...</msg>
<var>${log3}</var>
<arg>${PUBLISHER}</arg>
<status status="PASS" start="2025-07-24T15:31:33.191975" elapsed="0.002287"/>
</kw>
<kw name="Log To Console" owner="BuiltIn">
<arg>\n[LOG: SUBSCRIBER]\n${log1}</arg>
<doc>Logs the given message to the console.</doc>
<status status="PASS" start="2025-07-24T15:31:33.194350" elapsed="0.000179"/>
</kw>
<kw name="Log To Console" owner="BuiltIn">
<arg>\n[LOG: CRASH_SUBSCRIBER]\n${log2}</arg>
<doc>Logs the given message to the console.</doc>
<status status="PASS" start="2025-07-24T15:31:33.194636" elapsed="0.000150"/>
</kw>
<kw name="Log To Console" owner="BuiltIn">
<arg>\n[LOG: PUBLISHER]\n${log3}</arg>
<doc>Logs the given message to the console.</doc>
<status status="PASS" start="2025-07-24T15:31:33.194892" elapsed="0.000188"/>
</kw>
<kw name="Log" owner="BuiltIn">
<msg time="2025-07-24T15:31:33.195351" level="INFO">
[LOG: SUBSCRIBER]
[Entrypoint] Starting stable subscriber in mode network_udp
[Test_Sub] Ready and waiting...
[Test_Sub] Received 52428800 bytes (message 1)
[Test_Sub] Received 52428800 bytes (message 2)
[Test_Sub] Received 52428800 bytes (message 3)
[✓] Received 3 messages.
</msg>
<arg>\n[LOG: SUBSCRIBER]\n${log1}</arg>
<doc>Logs the given message with the given level.</doc>
<status status="PASS" start="2025-07-24T15:31:33.195191" elapsed="0.000218"/>
</kw>
<kw name="Log" owner="BuiltIn">
<msg time="2025-07-24T15:31:33.195677" level="INFO">
[LOG: CRASH_SUBSCRIBER]
[Entrypoint] Starting crashing subscriber in mode network_udp
[Crash_Sub] Listening to topic 'test_topic' in mode 'network_udp'
[Crash_Sub] Received 52428800 bytes
[Crash_Sub] Simulating crash after 2 seconds during active reception
./entrypoint.sh: line 62:     7 Aborted                 (core dumped) ./crash_send_subscriber $ARGS $EXTRA
</msg>
<arg>\n[LOG: CRASH_SUBSCRIBER]\n${log2}</arg>
<doc>Logs the given message with the given level.</doc>
<status status="PASS" start="2025-07-24T15:31:33.195539" elapsed="0.000184"/>
</kw>
<kw name="Log" owner="BuiltIn">
<msg time="2025-07-24T15:31:33.195935" level="INFO">
[LOG: PUBLISHER]
[Entrypoint] Starting large publisher in mode network_udp
[Publisher] Prepared 50MB message.
[Publisher] Waiting for at least 2 subscriber(s) on topic: test_topic
[Publisher] Found 2 subscriber(s). Proceeding to send messages.
[Publisher] Subscriber detected. Starting to send.
[Publisher] Send result: ✓, size: 52428800 bytes
[Publisher] Send result: ✓, size: 52428800 bytes
[Publisher] Send result: ✓, size: 52428800 bytes
[Publisher] Finished sending.
</msg>
<arg>\n[LOG: PUBLISHER]\n${log3}</arg>
<doc>Logs the given message with the given level.</doc>
<status status="PASS" start="2025-07-24T15:31:33.195823" elapsed="0.000147"/>
</kw>
<kw name="Wait For Container Exit" owner="DockerLibrary">
<msg time="2025-07-24T15:31:33.196948" level="INFO">${exit1} = 0</msg>
<var>${exit1}</var>
<arg>${SUB_OK}</arg>
<status status="PASS" start="2025-07-24T15:31:33.196038" elapsed="0.000934"/>
</kw>
<kw name="Should Be Equal As Integers" owner="BuiltIn">
<msg time="2025-07-24T15:31:33.197197" level="INFO">Argument types are:
&lt;class 'int'&gt;
&lt;class 'str'&gt;</msg>
<arg>${exit1}</arg>
<arg>0</arg>
<arg>Stable subscriber failed unexpectedly!</arg>
<doc>Fails if objects are unequal after converting them to integers.</doc>
<status status="PASS" start="2025-07-24T15:31:33.197059" elapsed="0.000184"/>
</kw>
<kw name="Log Test Summary" owner="DockerLibrary">
<arg>Network Crash Receive Test ${layer_tag}</arg>
<arg>${True}</arg>
<status status="PASS" start="2025-07-24T15:31:33.197321" elapsed="0.000141"/>
</kw>
<kw name="Stop Container" owner="DockerLibrary">
<arg>${SUB_OK}</arg>
<status status="PASS" start="2025-07-24T15:31:33.197583" elapsed="0.004770"/>
</kw>
<kw name="Stop Container" owner="DockerLibrary">
<arg>${SUB_CRASH}</arg>
<status status="PASS" start="2025-07-24T15:31:33.202439" elapsed="0.005195"/>
</kw>
<kw name="Stop Container" owner="DockerLibrary">
<arg>${PUBLISHER}</arg>
<status status="PASS" start="2025-07-24T15:31:33.207721" elapsed="0.005006"/>
</kw>
<arg>network_udp</arg>
<arg>network</arg>
<status status="PASS" start="2025-07-24T15:31:01.972280" elapsed="31.240507"/>
</kw>
<tag>crash_receive_network_udp</tag>
<status status="PASS" start="2025-07-24T15:31:01.971896" elapsed="31.240986"/>
</test>
<test id="s1-s9-t4" name="Crash During Reception (Network TCP)" line="58">
<kw name="Run Network Crash Receive Test">
<kw name="Set Variable" owner="BuiltIn">
<msg time="2025-07-24T15:31:33.214401" level="INFO">${IMAGE} = sub_send_crash_network_tcp</msg>
<var>${IMAGE}</var>
<arg>${BASE_IMAGE}_${layer_tag}</arg>
<doc>Returns the given values which can then be assigned to a variables.</doc>
<status status="PASS" start="2025-07-24T15:31:33.214264" elapsed="0.000158"/>
</kw>
<kw name="Set Variable" owner="BuiltIn">
<msg time="2025-07-24T15:31:33.214617" level="INFO">${TOPIC} = test_topic</msg>
<var>${TOPIC}</var>
<arg>test_topic</arg>
<doc>Returns the given values which can then be assigned to a variables.</doc>
<status status="PASS" start="2025-07-24T15:31:33.214523" elapsed="0.000113"/>
</kw>
<kw name="Set Variable" owner="BuiltIn">
<msg time="2025-07-24T15:31:33.214814" level="INFO">${SUB_OK} = sub_ok_network_tcp</msg>
<var>${SUB_OK}</var>
<arg>sub_ok_${layer_tag}</arg>
<doc>Returns the given values which can then be assigned to a variables.</doc>
<status status="PASS" start="2025-07-24T15:31:33.214705" elapsed="0.000126"/>
</kw>
<kw name="Set Variable" owner="BuiltIn">
<msg time="2025-07-24T15:31:33.214998" level="INFO">${SUB_CRASH} = sub_crash_network_tcp</msg>
<var>${SUB_CRASH}</var>
<arg>sub_crash_${layer_tag}</arg>
<doc>Returns the given values which can then be assigned to a variables.</doc>
<status status="PASS" start="2025-07-24T15:31:33.214895" elapsed="0.000120"/>
</kw>
<kw name="Set Variable" owner="BuiltIn">
<msg time="2025-07-24T15:31:33.215182" level="INFO">${PUBLISHER} = pub_network_tcp</msg>
<var>${PUBLISHER}</var>
<arg>pub_${layer_tag}</arg>
<doc>Returns the given values which can then be assigned to a variables.</doc>
<status status="PASS" start="2025-07-24T15:31:33.215080" elapsed="0.000118"/>
</kw>
<kw name="Log To Console" owner="BuiltIn">
<arg>\n[INFO] Starting crash test in NETWORK mode: ${layer_tag}</arg>
<doc>Logs the given message to the console.</doc>
<status status="PASS" start="2025-07-24T15:31:33.215262" elapsed="0.000114"/>
</kw>
<kw name="Start Container" owner="DockerLibrary">
<arg>${SUB_OK}</arg>
<arg>${IMAGE}</arg>
<arg>test_subscriber</arg>
<arg>${layer_tag}</arg>
<arg>${TOPIC}</arg>
<arg>${SUB_OK}</arg>
<arg>network=${NETWORK}</arg>
<status status="PASS" start="2025-07-24T15:31:33.215475" elapsed="0.132622"/>
</kw>
<kw name="Start Container" owner="DockerLibrary">
<arg>${SUB_CRASH}</arg>
<arg>${IMAGE}</arg>
<arg>crash_subscriber</arg>
<arg>${layer_tag}</arg>
<arg>${TOPIC}</arg>
<arg>${SUB_CRASH}</arg>
<arg>network=${NETWORK}</arg>
<status status="PASS" start="2025-07-24T15:31:33.348337" elapsed="0.133812"/>
</kw>
<kw name="Start Container" owner="DockerLibrary">
<arg>${PUBLISHER}</arg>
<arg>${IMAGE}</arg>
<arg>large_publisher</arg>
<arg>${layer_tag}</arg>
<arg>${TOPIC}</arg>
<arg>${PUBLISHER}</arg>
<arg>network=${NETWORK}</arg>
<status status="PASS" start="2025-07-24T15:31:33.482373" elapsed="0.128682"/>
</kw>
<kw name="Wait For Container Exit" owner="DockerLibrary">
<arg>${SUB_OK}</arg>
<status status="PASS" start="2025-07-24T15:31:33.611246" elapsed="30.803775"/>
</kw>
<kw name="Wait For Container Exit" owner="DockerLibrary">
<arg>${SUB_CRASH}</arg>
<status status="PASS" start="2025-07-24T15:32:04.415242" elapsed="0.001605"/>
</kw>
<kw name="Wait For Container Exit" owner="DockerLibrary">
<arg>${PUBLISHER}</arg>
<status status="PASS" start="2025-07-24T15:32:04.416944" elapsed="0.000992"/>
</kw>
<kw name="Get Container Logs" owner="DockerLibrary">
<msg time="2025-07-24T15:32:04.420292" level="INFO">${log1} = [Entrypoint] Starting stable subscriber in mode network_tcp
[Test_Sub] Ready and waiting...
[Test_Sub] Received 52428800 bytes (message 1)
[Test_Sub] Received 52428800 bytes (message 2)
[Test_Sub] Rec...</msg>
<var>${log1}</var>
<arg>${SUB_OK}</arg>
<status status="PASS" start="2025-07-24T15:32:04.418026" elapsed="0.002293"/>
</kw>
<kw name="Get Container Logs" owner="DockerLibrary">
<msg time="2025-07-24T15:32:04.422412" level="INFO">${log2} = [Entrypoint] Starting crashing subscriber in mode network_tcp
[Crash_Sub] Listening to topic 'test_topic' in mode 'network_tcp'
[Crash_Sub] Received 52428800 bytes
[Crash_Sub] Simulating crash after 2...</msg>
<var>${log2}</var>
<arg>${SUB_CRASH}</arg>
<status status="PASS" start="2025-07-24T15:32:04.420403" elapsed="0.002033"/>
</kw>
<kw name="Get Container Logs" owner="DockerLibrary">
<msg time="2025-07-24T15:32:04.424674" level="INFO">${log3} = [Entrypoint] Starting large publisher in mode network_tcp
[Publisher] Prepared 50MB message.
[Publisher] Waiting for at least 2 subscriber(s) on topic: test_topic
1753371094350 ms | 91b3cd0c1189 | lar...</msg>
<var>${log3}</var>
<arg>${PUBLISHER}</arg>
<status status="PASS" start="2025-07-24T15:32:04.422552" elapsed="0.002147"/>
</kw>
<kw name="Log To Console" owner="BuiltIn">
<arg>\n[LOG: SUBSCRIBER]\n${log1}</arg>
<doc>Logs the given message to the console.</doc>
<status status="PASS" start="2025-07-24T15:32:04.424787" elapsed="0.000171"/>
</kw>
<kw name="Log To Console" owner="BuiltIn">
<arg>\n[LOG: CRASH_SUBSCRIBER]\n${log2}</arg>
<doc>Logs the given message to the console.</doc>
<status status="PASS" start="2025-07-24T15:32:04.425063" elapsed="0.000152"/>
</kw>
<kw name="Log To Console" owner="BuiltIn">
<arg>\n[LOG: PUBLISHER]\n${log3}</arg>
<doc>Logs the given message to the console.</doc>
<status status="PASS" start="2025-07-24T15:32:04.425307" elapsed="0.000141"/>
</kw>
<kw name="Log" owner="BuiltIn">
<msg time="2025-07-24T15:32:04.425683" level="INFO">
[LOG: SUBSCRIBER]
[Entrypoint] Starting stable subscriber in mode network_tcp
[Test_Sub] Ready and waiting...
[Test_Sub] Received 52428800 bytes (message 1)
[Test_Sub] Received 52428800 bytes (message 2)
[Test_Sub] Received 52428800 bytes (message 3)
1753371099083 ms | 661022b2bfd8 | test_sub | 7 | error | CTCPReaderLayer - TCPPubSub (Error) -SubscriberSession 172.18.0.2:34080-&gt;91b3cd0c1189:35491: Error reading header length: End of file
1753371099083 ms | 661022b2bfd8 | test_sub | 7 | warning | CTCPReaderLayer - TCPPubSub (Warning) -SubscriberSession 172.18.0.2:39126: Failed connecting to publisher 91b3cd0c1189:35491: Connection refused
1753371099084 ms | 661022b2bfd8 | test_sub | 7 | warning | CTCPReaderLayer - TCPPubSub (Warning) -SubscriberSession 172.18.0.2:39128: Failed connecting to publisher 91b3cd0c1189:35491: Connection refused
1753371099084 ms | 661022b2bfd8 | test_sub | 7 | warning | CTCPReaderLayer - TCPPubSub (Warning) -SubscriberSession 172.18.0.2:39132: Failed connecting to publisher 91b3cd0c1189:35491: Connection refused
1753371099084 ms | 661022b2bfd8 | test_sub | 7 | warning | CTCPReaderLayer - TCPPubSub (Warning) -SubscriberSession 172.18.0.2:39142: Failed connecting to publisher 91b3cd0c1189:35491: Connection refused
1753371099085 ms | 661022b2bfd8 | test_sub | 7 | warning | CTCPReaderLayer - TCPPubSub (Warning) -SubscriberSession 172.18.0.2:39152: Failed connecting to publisher 91b3cd0c1189:35491: Connection refused
[✓] Received 3 messages.
</msg>
<arg>\n[LOG: SUBSCRIBER]\n${log1}</arg>
<doc>Logs the given message with the given level.</doc>
<status status="PASS" start="2025-07-24T15:32:04.425570" elapsed="0.000161"/>
</kw>
<kw name="Log" owner="BuiltIn">
<msg time="2025-07-24T15:32:04.425892" level="INFO">
[LOG: CRASH_SUBSCRIBER]
[Entrypoint] Starting crashing subscriber in mode network_tcp
[Crash_Sub] Listening to topic 'test_topic' in mode 'network_tcp'
[Crash_Sub] Received 52428800 bytes
[Crash_Sub] Simulating crash after 2 seconds during active reception
./entrypoint.sh: line 62:     7 Aborted                 (core dumped) ./crash_send_subscriber $ARGS $EXTRA
</msg>
<arg>\n[LOG: CRASH_SUBSCRIBER]\n${log2}</arg>
<doc>Logs the given message with the given level.</doc>
<status status="PASS" start="2025-07-24T15:32:04.425802" elapsed="0.000121"/>
</kw>
<kw name="Log" owner="BuiltIn">
<msg time="2025-07-24T15:32:04.426080" level="INFO">
[LOG: PUBLISHER]
[Entrypoint] Starting large publisher in mode network_tcp
[Publisher] Prepared 50MB message.
[Publisher] Waiting for at least 2 subscriber(s) on topic: test_topic
1753371094350 ms | 91b3cd0c1189 | large_publisher | 7 | info | CTCPReaderLayer - TCPPubSub (Info) -Publisher :::0: Created publisher and waiting for clients.
1753371094351 ms | 91b3cd0c1189 | large_publisher | 7 | info | CTCPReaderLayer - TCPPubSub (Info) -Publisher :::35491: Subscriber ::ffff:172.18.0.2:34080 has connected.
1753371094351 ms | 91b3cd0c1189 | large_publisher | 7 | info | CTCPReaderLayer - TCPPubSub (Info) -Publisher :::35491: Subscriber ::ffff:172.18.0.3:38444 has connected.
[Publisher] Found 2 subscriber(s). Proceeding to send messages.
[Publisher] Subscriber detected. Starting to send.
[Publisher] Send result: ✓, size: 52428800 bytes
[Publisher] Send result: ✓, size: 52428800 bytes
1753371097066 ms | 91b3cd0c1189 | large_publisher | 7 | warning | CTCPReaderLayer - TCPPubSub (Warning) -PublisherSession ::ffff:172.18.0.4:35491-&gt;?: Failed sending data: Broken pipe
[Publisher] Send result: ✓, size: 52428800 bytes
[Publisher] Finished sending.
</msg>
<arg>\n[LOG: PUBLISHER]\n${log3}</arg>
<doc>Logs the given message with the given level.</doc>
<status status="PASS" start="2025-07-24T15:32:04.425989" elapsed="0.000130"/>
</kw>
<kw name="Wait For Container Exit" owner="DockerLibrary">
<msg time="2025-07-24T15:32:04.427244" level="INFO">${exit1} = 0</msg>
<var>${exit1}</var>
<arg>${SUB_OK}</arg>
<status status="PASS" start="2025-07-24T15:32:04.426187" elapsed="0.001080"/>
</kw>
<kw name="Should Be Equal As Integers" owner="BuiltIn">
<msg time="2025-07-24T15:32:04.427514" level="INFO">Argument types are:
&lt;class 'int'&gt;
&lt;class 'str'&gt;</msg>
<arg>${exit1}</arg>
<arg>0</arg>
<arg>Stable subscriber failed unexpectedly!</arg>
<doc>Fails if objects are unequal after converting them to integers.</doc>
<status status="PASS" start="2025-07-24T15:32:04.427350" elapsed="0.000221"/>
</kw>
<kw name="Log Test Summary" owner="DockerLibrary">
<arg>Network Crash Receive Test ${layer_tag}</arg>
<arg>${True}</arg>
<status status="PASS" start="2025-07-24T15:32:04.427650" elapsed="0.000149"/>
</kw>
<kw name="Stop Container" owner="DockerLibrary">
<arg>${SUB_OK}</arg>
<status status="PASS" start="2025-07-24T15:32:04.427888" elapsed="0.005891"/>
</kw>
<kw name="Stop Container" owner="DockerLibrary">
<arg>${SUB_CRASH}</arg>
<status status="PASS" start="2025-07-24T15:32:04.433944" elapsed="0.005775"/>
</kw>
<kw name="Stop Container" owner="DockerLibrary">
<arg>${PUBLISHER}</arg>
<status status="PASS" start="2025-07-24T15:32:04.439870" elapsed="0.005450"/>
</kw>
<arg>network_tcp</arg>
<arg>network</arg>
<status status="PASS" start="2025-07-24T15:31:33.214042" elapsed="31.231356"/>
</kw>
<tag>crash_receive_network_tcp</tag>
<status status="PASS" start="2025-07-24T15:31:33.213641" elapsed="31.231942"/>
</test>
<status status="PASS" start="2025-07-24T15:29:39.486275" elapsed="144.960402"/>
</suite>
<status status="FAIL" start="2025-07-24T15:19:12.159885" elapsed="772.287534"/>
</suite>
<statistics>
<total>
<stat pass="25" fail="1" skip="0">All Tests</stat>
</total>
<tag>
<stat pass="1" fail="0" skip="0">basic_pub_sub_local_shm</stat>
<stat pass="1" fail="0" skip="0">basic_pub_sub_local_tcp</stat>
<stat pass="1" fail="0" skip="0">basic_pub_sub_local_udp</stat>
<stat pass="1" fail="0" skip="0">basic_pub_sub_network_tcp</stat>
<stat pass="1" fail="0" skip="0">basic_pub_sub_network_udp</stat>
<stat pass="1" fail="0" skip="0">crash_receive_local_shm</stat>
<stat pass="1" fail="0" skip="0">crash_receive_local_tcp</stat>
<stat pass="1" fail="0" skip="0">crash_receive_network_tcp</stat>
<stat pass="1" fail="0" skip="0">crash_receive_network_udp</stat>
<stat pass="0" fail="1" skip="0">multi_pub_sub_local_shm</stat>
<stat pass="1" fail="0" skip="0">multi_pub_sub_local_udp</stat>
<stat pass="1" fail="0" skip="0">multi_pub_sub_network_tcp</stat>
<stat pass="1" fail="0" skip="0">multi_pub_sub_network_udp</stat>
<stat pass="1" fail="0" skip="0">network_crash_test</stat>
<stat pass="1" fail="0" skip="0">pub_crash_local_shm</stat>
<stat pass="2" fail="0" skip="0">pub_crash_network_tcp</stat>
<stat pass="1" fail="0" skip="0">pub_crash_network_udp</stat>
<stat pass="1" fail="0" skip="0">rpc_n_to_n_test</stat>
<stat pass="2" fail="0" skip="0">rpc_reconnect</stat>
<stat pass="1" fail="0" skip="0">rpc_server_client_ping_test</stat>
<stat pass="1" fail="0" skip="0">sub_crash_local_shm</stat>
<stat pass="1" fail="0" skip="0">sub_crash_local_tcp</stat>
<stat pass="1" fail="0" skip="0">sub_crash_local_udp</stat>
<stat pass="1" fail="0" skip="0">sub_crash_network_udp</stat>
</tag>
<suite>
<stat name="Basic Pub Sub &amp; Multi Pub Sub &amp; Network Crash &amp; Pub Crash &amp; Rpc N To N Test &amp; Rpc Ping Test &amp; Rpc Reconnect Test &amp; Sub Crash &amp; Sub Send Crash" id="s1" pass="25" fail="1" skip="0">Basic Pub Sub &amp; Multi Pub Sub &amp; Network Crash &amp; Pub Crash &amp; Rpc N To N Test &amp; Rpc Ping Test &amp; Rpc Reconnect Test &amp; Sub Crash &amp; Sub Send Crash</stat>
<stat name="Basic Pub Sub" id="s1-s1" pass="5" fail="0" skip="0">Basic Pub Sub &amp; Multi Pub Sub &amp; Network Crash &amp; Pub Crash &amp; Rpc N To N Test &amp; Rpc Ping Test &amp; Rpc Reconnect Test &amp; Sub Crash &amp; Sub Send Crash.Basic Pub Sub</stat>
<stat name="Multi Pub Sub" id="s1-s2" pass="3" fail="1" skip="0">Basic Pub Sub &amp; Multi Pub Sub &amp; Network Crash &amp; Pub Crash &amp; Rpc N To N Test &amp; Rpc Ping Test &amp; Rpc Reconnect Test &amp; Sub Crash &amp; Sub Send Crash.Multi Pub Sub</stat>
<stat name="Network Crash" id="s1-s3" pass="1" fail="0" skip="0">Basic Pub Sub &amp; Multi Pub Sub &amp; Network Crash &amp; Pub Crash &amp; Rpc N To N Test &amp; Rpc Ping Test &amp; Rpc Reconnect Test &amp; Sub Crash &amp; Sub Send Crash.Network Crash</stat>
<stat name="Pub Crash" id="s1-s4" pass="3" fail="0" skip="0">Basic Pub Sub &amp; Multi Pub Sub &amp; Network Crash &amp; Pub Crash &amp; Rpc N To N Test &amp; Rpc Ping Test &amp; Rpc Reconnect Test &amp; Sub Crash &amp; Sub Send Crash.Pub Crash</stat>
<stat name="Rpc N To N Test" id="s1-s5" pass="1" fail="0" skip="0">Basic Pub Sub &amp; Multi Pub Sub &amp; Network Crash &amp; Pub Crash &amp; Rpc N To N Test &amp; Rpc Ping Test &amp; Rpc Reconnect Test &amp; Sub Crash &amp; Sub Send Crash.Rpc N To N Test</stat>
<stat name="Rpc Ping Test" id="s1-s6" pass="1" fail="0" skip="0">Basic Pub Sub &amp; Multi Pub Sub &amp; Network Crash &amp; Pub Crash &amp; Rpc N To N Test &amp; Rpc Ping Test &amp; Rpc Reconnect Test &amp; Sub Crash &amp; Sub Send Crash.Rpc Ping Test</stat>
<stat name="Rpc Reconnect Test" id="s1-s7" pass="2" fail="0" skip="0">Basic Pub Sub &amp; Multi Pub Sub &amp; Network Crash &amp; Pub Crash &amp; Rpc N To N Test &amp; Rpc Ping Test &amp; Rpc Reconnect Test &amp; Sub Crash &amp; Sub Send Crash.Rpc Reconnect Test</stat>
<stat name="Sub Crash" id="s1-s8" pass="5" fail="0" skip="0">Basic Pub Sub &amp; Multi Pub Sub &amp; Network Crash &amp; Pub Crash &amp; Rpc N To N Test &amp; Rpc Ping Test &amp; Rpc Reconnect Test &amp; Sub Crash &amp; Sub Send Crash.Sub Crash</stat>
<stat name="Sub Send Crash" id="s1-s9" pass="4" fail="0" skip="0">Basic Pub Sub &amp; Multi Pub Sub &amp; Network Crash &amp; Pub Crash &amp; Rpc N To N Test &amp; Rpc Ping Test &amp; Rpc Reconnect Test &amp; Sub Crash &amp; Sub Send Crash.Sub Send Crash</stat>
</suite>
</statistics>
<errors>
</errors>
</robot>
