<?xml version="1.0" encoding="UTF-8"?>
<robot generator="Robot 7.3.2 (Python 3.12.3 on linux)" generated="2025-07-10T10:46:34.839679" rpa="false" schemaversion="5">
<suite id="s1" name="Basic Pub Sub &amp; Multi Pub Sub &amp; Network Crash &amp; Pub Crash &amp; Rpc N To N Test &amp; Rpc Ping Test &amp; Rpc Reconnect Test &amp; Sub Crash &amp; Sub Send Crash">
<suite id="s1-s1" name="Basic Pub Sub" source="/home/runner/work/ECAL_Test_Framework/ECAL_Test_Framework/integration_tests/basic_pub_sub/robottests/basic_pub_sub.robot">
<kw name="Init Test Context" type="SETUP">
<kw name="Set Test Context" owner="GlobalPathsLibrary">
<arg>basic_pub_sub</arg>
<arg>basic_pub_sub</arg>
<doc>Sets the test folder and tag prefix if it's a valid test case.
The folder must exist under integration_tests/ and contain typical test structure.</doc>
<status status="PASS" start="2025-07-10T10:46:34.961623" elapsed="0.000188"/>
</kw>
<kw name="Get Build Script Path" owner="GlobalPathsLibrary">
<msg time="2025-07-10T10:46:34.962038" level="INFO">${build} = /home/runner/work/ECAL_Test_Framework/ECAL_Test_Framework/integration_tests/basic_pub_sub/scripts/build_images.sh</msg>
<var>${build}</var>
<status status="PASS" start="2025-07-10T10:46:34.961923" elapsed="0.000143"/>
</kw>
<kw name="Get Network Name" owner="GlobalPathsLibrary">
<msg time="2025-07-10T10:46:34.962222" level="INFO">${net} = ecal_test_net</msg>
<var>${net}</var>
<status status="PASS" start="2025-07-10T10:46:34.962138" elapsed="0.000103"/>
</kw>
<kw name="Get Build Script Args" owner="GlobalPathsLibrary">
<msg time="2025-07-10T10:46:34.962411" level="INFO">${args} = ['basic_pub_sub']</msg>
<var>${args}</var>
<status status="PASS" start="2025-07-10T10:46:34.962304" elapsed="0.000126"/>
</kw>
<kw name="Set Suite Variable" owner="BuiltIn">
<msg time="2025-07-10T10:46:34.962676" level="INFO">${BUILD_SCRIPT} = /home/runner/work/ECAL_Test_Framework/ECAL_Test_Framework/integration_tests/basic_pub_sub/scripts/build_images.sh</msg>
<arg>${BUILD_SCRIPT}</arg>
<arg>${build}</arg>
<doc>Makes a variable available everywhere within the scope of the current suite.</doc>
<status status="PASS" start="2025-07-10T10:46:34.962510" elapsed="0.000197"/>
</kw>
<kw name="Set Suite Variable" owner="BuiltIn">
<msg time="2025-07-10T10:46:34.962910" level="INFO">${NETWORK} = ecal_test_net</msg>
<arg>${NETWORK}</arg>
<arg>${net}</arg>
<doc>Makes a variable available everywhere within the scope of the current suite.</doc>
<status status="PASS" start="2025-07-10T10:46:34.962784" elapsed="0.000154"/>
</kw>
<kw name="Get Test Description" owner="GlobalPathsLibrary">
<msg time="2025-07-10T10:46:34.963152" level="INFO">${desc} = This test checks basic communication between a single publisher and a single subscriber.

Test Setup:
- The publisher sends 4 messages, each 0.2 MB in size, on a single topic.
- The subscriber listens...</msg>
<var>${desc}</var>
<doc>Reads the *** Comments *** section from the .robot file and returns it as a string.</doc>
<status status="PASS" start="2025-07-10T10:46:34.963004" elapsed="0.000169"/>
</kw>
<kw name="Log" owner="BuiltIn">
<msg time="2025-07-10T10:46:34.963354" level="INFO">This test checks basic communication between a single publisher and a single subscriber.

Test Setup:
- The publisher sends 4 messages, each 0.2 MB in size, on a single topic.
- The subscriber listens on that topic for 6 seconds and counts received messages.

Covered eCAL modes:
- local_shm
- local_udp
- local_tcp
- network_udp
- network_tcp

Goals:
- Ensure that basic 1:1 communication works reliably across all transport modes.
- Validate correct transmission of payloads (200 KB).

Success Criteria:
- The subscriber receives exactly 4 messages.
- If true, it exits with code 0.
- Otherwise, it exits with code 1.</msg>
<arg>${desc}</arg>
<doc>Logs the given message with the given level.</doc>
<status status="PASS" start="2025-07-10T10:46:34.963243" elapsed="0.000147"/>
</kw>
<kw name="Log To Console" owner="BuiltIn">
<arg>[SETUP] Building Docker image...</arg>
<doc>Logs the given message to the console.</doc>
<status status="PASS" start="2025-07-10T10:46:34.963457" elapsed="0.000090"/>
</kw>
<kw name="Run Process" owner="Process">
<msg time="2025-07-10T10:46:34.963818" level="INFO">Starting process:
/home/runner/work/ECAL_Test_Framework/ECAL_Test_Framework/integration_tests/basic_pub_sub/scripts/build_images.sh basic_pub_sub</msg>
<msg time="2025-07-10T10:46:34.964194" level="INFO">Waiting for process to complete.</msg>
<msg time="2025-07-10T10:46:49.822411" level="INFO">Process completed.</msg>
<msg time="2025-07-10T10:46:49.822587" level="INFO">${result} = &lt;result object with rc 0&gt;</msg>
<var>${result}</var>
<arg>${BUILD_SCRIPT}</arg>
<arg>@{args}</arg>
<doc>Runs a process and waits for it to complete.</doc>
<status status="PASS" start="2025-07-10T10:46:34.963643" elapsed="14.858969"/>
</kw>
<kw name="Should Be Equal As Integers" owner="BuiltIn">
<msg time="2025-07-10T10:46:49.823425" level="INFO">Argument types are:
&lt;class 'int'&gt;
&lt;class 'str'&gt;</msg>
<arg>${result.rc}</arg>
<arg>0</arg>
<arg>Failed to build Docker image!</arg>
<doc>Fails if objects are unequal after converting them to integers.</doc>
<status status="PASS" start="2025-07-10T10:46:49.822767" elapsed="0.000715"/>
</kw>
<kw name="Create Docker Network" owner="MyDockerLibrary">
<arg>${NETWORK}</arg>
<status status="PASS" start="2025-07-10T10:46:49.823568" elapsed="0.042855"/>
</kw>
<kw name="Sleep" owner="BuiltIn">
<msg time="2025-07-10T10:46:52.866931" level="INFO">Slept 3 seconds.</msg>
<arg>3s</arg>
<doc>Pauses the test executed for the given time.</doc>
<status status="PASS" start="2025-07-10T10:46:49.866600" elapsed="3.000456"/>
</kw>
<status status="PASS" start="2025-07-10T10:46:34.961131" elapsed="17.906035"/>
</kw>
<test id="s1-s1-t1" name="Basic Pub/Sub Local SHM" line="38">
<kw name="Run Local Pub Sub Test">
<kw name="Set Variable" owner="BuiltIn">
<msg time="2025-07-10T10:46:52.868347" level="INFO">${IMAGE} = basic_pub_sub_local_shm</msg>
<var>${IMAGE}</var>
<arg>${BASE_IMAGE}_${layer_tag}</arg>
<doc>Returns the given values which can then be assigned to a variables.</doc>
<status status="PASS" start="2025-07-10T10:46:52.868157" elapsed="0.000213"/>
</kw>
<kw name="Set Variable" owner="BuiltIn">
<msg time="2025-07-10T10:46:52.868560" level="INFO">${CONTAINER} = basic_local_local_shm</msg>
<var>${CONTAINER}</var>
<arg>basic_local_${layer_tag}</arg>
<doc>Returns the given values which can then be assigned to a variables.</doc>
<status status="PASS" start="2025-07-10T10:46:52.868448" elapsed="0.000129"/>
</kw>
<kw name="Log To Console" owner="BuiltIn">
<arg>\n[INFO] Running local pub/sub test in mode: ${layer_tag}</arg>
<doc>Logs the given message to the console.</doc>
<status status="PASS" start="2025-07-10T10:46:52.868647" elapsed="0.000130"/>
</kw>
<kw name="Start Container" owner="MyDockerLibrary">
<arg>${CONTAINER}</arg>
<arg>${IMAGE}</arg>
<arg>local</arg>
<arg>${layer_tag}</arg>
<arg>test_topic</arg>
<arg>${CONTAINER}</arg>
<status status="PASS" start="2025-07-10T10:46:52.868854" elapsed="0.119880"/>
</kw>
<kw name="Sleep" owner="BuiltIn">
<msg time="2025-07-10T10:47:01.989311" level="INFO">Slept 9 seconds.</msg>
<arg>9s</arg>
<doc>Pauses the test executed for the given time.</doc>
<status status="PASS" start="2025-07-10T10:46:52.988959" elapsed="9.000502"/>
</kw>
<kw name="Get Container Logs" owner="MyDockerLibrary">
<msg time="2025-07-10T10:47:01.993110" level="INFO">${logs} = [Entrypoint] Starting subscriber and publisher in mode local_shm
Shared memory monitoring is enabled (domain: ecal_mon - queue size: 1024)
[Publisher] Waiting for at least 1 subscriber(s) on topic: te...</msg>
<var>${logs}</var>
<arg>${CONTAINER}</arg>
<status status="PASS" start="2025-07-10T10:47:01.989632" elapsed="0.003509"/>
</kw>
<kw name="Log To Console" owner="BuiltIn">
<arg>\n[CONTAINER LOG: LOCAL PUB+SUB]\n${logs}</arg>
<doc>Logs the given message to the console.</doc>
<status status="PASS" start="2025-07-10T10:47:01.993243" elapsed="0.000190"/>
</kw>
<kw name="Log" owner="BuiltIn">
<msg time="2025-07-10T10:47:01.993666" level="INFO">
[CONTAINER LOG: LOCAL PUB+SUB]
[Entrypoint] Starting subscriber and publisher in mode local_shm
Shared memory monitoring is enabled (domain: ecal_mon - queue size: 1024)
[Publisher] Waiting for at least 1 subscriber(s) on topic: test_topic
[Publisher] Found 1 subscriber(s). Proceeding to send messages.
[Publisher] Send result: ✓, size: 209715 bytes
[Publisher] Send result: ✓, size: 209715 bytes
[Publisher] Send result: ✓, size: 209715 bytes
[Publisher] Send result: ✓, size: 209715 bytes
[Publisher] Finished sending.
Shared memory monitoring is enabled (domain: ecal_mon - queue size: 1024)


[Subscriber] Ready and waiting...

[Subscriber] Received 209715 bytes (message 1)
[Subscriber] Received 209715 bytes (message 2)
[Subscriber] Received 209715 bytes (message 3)
[Subscriber] Received 209715 bytes (message 4)
[Subscriber] Received 4 messages.
</msg>
<arg>\n[CONTAINER LOG: LOCAL PUB+SUB]\n${logs}</arg>
<doc>Logs the given message with the given level.</doc>
<status status="PASS" start="2025-07-10T10:47:01.993541" elapsed="0.000217"/>
</kw>
<kw name="Wait For Container Exit" owner="MyDockerLibrary">
<msg time="2025-07-10T10:47:01.994914" level="INFO">${exit_code} = 0</msg>
<var>${exit_code}</var>
<arg>${CONTAINER}</arg>
<status status="PASS" start="2025-07-10T10:47:01.993836" elapsed="0.001101"/>
</kw>
<kw name="Should Be Equal As Integers" owner="BuiltIn">
<msg time="2025-07-10T10:47:01.995163" level="INFO">Argument types are:
&lt;class 'int'&gt;
&lt;class 'str'&gt;</msg>
<arg>${exit_code}</arg>
<arg>0</arg>
<arg>Local communication test failed!</arg>
<doc>Fails if objects are unequal after converting them to integers.</doc>
<status status="PASS" start="2025-07-10T10:47:01.995020" elapsed="0.000188"/>
</kw>
<kw name="Log Test Summary" owner="MyDockerLibrary">
<arg>Basic Pub/Sub Local ${layer_tag}</arg>
<arg>${True}</arg>
<status status="PASS" start="2025-07-10T10:47:01.995284" elapsed="0.000169"/>
</kw>
<kw name="Stop Container" owner="MyDockerLibrary">
<arg>${CONTAINER}</arg>
<status status="PASS" start="2025-07-10T10:47:01.995548" elapsed="0.004652"/>
</kw>
<kw name="Sleep" owner="BuiltIn">
<msg time="2025-07-10T10:47:03.000531" level="INFO">Slept 1 second.</msg>
<arg>1s</arg>
<doc>Pauses the test executed for the given time.</doc>
<status status="PASS" start="2025-07-10T10:47:02.000286" elapsed="1.000363"/>
</kw>
<arg>local_shm</arg>
<status status="PASS" start="2025-07-10T10:46:52.867910" elapsed="10.132844"/>
</kw>
<tag>basic_pub_sub_local_shm</tag>
<status status="PASS" start="2025-07-10T10:46:52.867259" elapsed="10.133652"/>
</test>
<test id="s1-s1-t2" name="Basic Pub/Sub Local UDP" line="42">
<kw name="Run Local Pub Sub Test">
<kw name="Set Variable" owner="BuiltIn">
<msg time="2025-07-10T10:47:03.002395" level="INFO">${IMAGE} = basic_pub_sub_local_udp</msg>
<var>${IMAGE}</var>
<arg>${BASE_IMAGE}_${layer_tag}</arg>
<doc>Returns the given values which can then be assigned to a variables.</doc>
<status status="PASS" start="2025-07-10T10:47:03.002215" elapsed="0.000206"/>
</kw>
<kw name="Set Variable" owner="BuiltIn">
<msg time="2025-07-10T10:47:03.002604" level="INFO">${CONTAINER} = basic_local_local_udp</msg>
<var>${CONTAINER}</var>
<arg>basic_local_${layer_tag}</arg>
<doc>Returns the given values which can then be assigned to a variables.</doc>
<status status="PASS" start="2025-07-10T10:47:03.002496" elapsed="0.000126"/>
</kw>
<kw name="Log To Console" owner="BuiltIn">
<arg>\n[INFO] Running local pub/sub test in mode: ${layer_tag}</arg>
<doc>Logs the given message to the console.</doc>
<status status="PASS" start="2025-07-10T10:47:03.002689" elapsed="0.000120"/>
</kw>
<kw name="Start Container" owner="MyDockerLibrary">
<arg>${CONTAINER}</arg>
<arg>${IMAGE}</arg>
<arg>local</arg>
<arg>${layer_tag}</arg>
<arg>test_topic</arg>
<arg>${CONTAINER}</arg>
<status status="PASS" start="2025-07-10T10:47:03.002891" elapsed="0.113364"/>
</kw>
<kw name="Sleep" owner="BuiltIn">
<msg time="2025-07-10T10:47:12.116781" level="INFO">Slept 9 seconds.</msg>
<arg>9s</arg>
<doc>Pauses the test executed for the given time.</doc>
<status status="PASS" start="2025-07-10T10:47:03.116477" elapsed="9.000424"/>
</kw>
<kw name="Get Container Logs" owner="MyDockerLibrary">
<msg time="2025-07-10T10:47:12.119876" level="INFO">${logs} = [Entrypoint] Starting subscriber and publisher in mode local_udp
[Publisher] Waiting for at least 1 subscriber(s) on topic: test_topic
[Publisher] Found 1 subscriber(s). Proceeding to send messages.
[...</msg>
<var>${logs}</var>
<arg>${CONTAINER}</arg>
<status status="PASS" start="2025-07-10T10:47:12.117083" elapsed="0.002818"/>
</kw>
<kw name="Log To Console" owner="BuiltIn">
<arg>\n[CONTAINER LOG: LOCAL PUB+SUB]\n${logs}</arg>
<doc>Logs the given message to the console.</doc>
<status status="PASS" start="2025-07-10T10:47:12.119991" elapsed="0.000155"/>
</kw>
<kw name="Log" owner="BuiltIn">
<msg time="2025-07-10T10:47:12.120399" level="INFO">
[CONTAINER LOG: LOCAL PUB+SUB]
[Entrypoint] Starting subscriber and publisher in mode local_udp
[Publisher] Waiting for at least 1 subscriber(s) on topic: test_topic
[Publisher] Found 1 subscriber(s). Proceeding to send messages.
[Publisher] Send result: ✓, size: 209715 bytes
[Publisher] Send result: ✓, size: 209715 bytes
[Publisher] Send result: ✓, size: 209715 bytes
[Publisher] Send result: ✓, size: 209715 bytes
[Publisher] Finished sending.


[Subscriber] Ready and waiting...

[Subscriber] Received 209715 bytes (message 1)
[Subscriber] Received 209715 bytes (message 2)
[Subscriber] Received 209715 bytes (message 3)
[Subscriber] Received 209715 bytes (message 4)
[Subscriber] Received 4 messages.
</msg>
<arg>\n[CONTAINER LOG: LOCAL PUB+SUB]\n${logs}</arg>
<doc>Logs the given message with the given level.</doc>
<status status="PASS" start="2025-07-10T10:47:12.120251" elapsed="0.000187"/>
</kw>
<kw name="Wait For Container Exit" owner="MyDockerLibrary">
<msg time="2025-07-10T10:47:12.121568" level="INFO">${exit_code} = 0</msg>
<var>${exit_code}</var>
<arg>${CONTAINER}</arg>
<status status="PASS" start="2025-07-10T10:47:12.120510" elapsed="0.001081"/>
</kw>
<kw name="Should Be Equal As Integers" owner="BuiltIn">
<msg time="2025-07-10T10:47:12.121807" level="INFO">Argument types are:
&lt;class 'int'&gt;
&lt;class 'str'&gt;</msg>
<arg>${exit_code}</arg>
<arg>0</arg>
<arg>Local communication test failed!</arg>
<doc>Fails if objects are unequal after converting them to integers.</doc>
<status status="PASS" start="2025-07-10T10:47:12.121672" elapsed="0.000179"/>
</kw>
<kw name="Log Test Summary" owner="MyDockerLibrary">
<arg>Basic Pub/Sub Local ${layer_tag}</arg>
<arg>${True}</arg>
<status status="PASS" start="2025-07-10T10:47:12.121925" elapsed="0.000144"/>
</kw>
<kw name="Stop Container" owner="MyDockerLibrary">
<arg>${CONTAINER}</arg>
<status status="PASS" start="2025-07-10T10:47:12.122164" elapsed="0.005280"/>
</kw>
<kw name="Sleep" owner="BuiltIn">
<msg time="2025-07-10T10:47:13.127775" level="INFO">Slept 1 second.</msg>
<arg>1s</arg>
<doc>Pauses the test executed for the given time.</doc>
<status status="PASS" start="2025-07-10T10:47:12.127531" elapsed="1.000361"/>
</kw>
<arg>local_udp</arg>
<status status="PASS" start="2025-07-10T10:47:03.001985" elapsed="10.126002"/>
</kw>
<tag>basic_pub_sub_local_udp</tag>
<status status="PASS" start="2025-07-10T10:47:03.001557" elapsed="10.126572"/>
</test>
<test id="s1-s1-t3" name="Basic Pub/Sub Local TCP" line="46">
<kw name="Run Local Pub Sub Test">
<kw name="Set Variable" owner="BuiltIn">
<msg time="2025-07-10T10:47:13.129571" level="INFO">${IMAGE} = basic_pub_sub_local_tcp</msg>
<var>${IMAGE}</var>
<arg>${BASE_IMAGE}_${layer_tag}</arg>
<doc>Returns the given values which can then be assigned to a variables.</doc>
<status status="PASS" start="2025-07-10T10:47:13.129417" elapsed="0.000174"/>
</kw>
<kw name="Set Variable" owner="BuiltIn">
<msg time="2025-07-10T10:47:13.129770" level="INFO">${CONTAINER} = basic_local_local_tcp</msg>
<var>${CONTAINER}</var>
<arg>basic_local_${layer_tag}</arg>
<doc>Returns the given values which can then be assigned to a variables.</doc>
<status status="PASS" start="2025-07-10T10:47:13.129663" elapsed="0.000124"/>
</kw>
<kw name="Log To Console" owner="BuiltIn">
<arg>\n[INFO] Running local pub/sub test in mode: ${layer_tag}</arg>
<doc>Logs the given message to the console.</doc>
<status status="PASS" start="2025-07-10T10:47:13.129897" elapsed="0.000124"/>
</kw>
<kw name="Start Container" owner="MyDockerLibrary">
<arg>${CONTAINER}</arg>
<arg>${IMAGE}</arg>
<arg>local</arg>
<arg>${layer_tag}</arg>
<arg>test_topic</arg>
<arg>${CONTAINER}</arg>
<status status="PASS" start="2025-07-10T10:47:13.130101" elapsed="0.113632"/>
</kw>
<kw name="Sleep" owner="BuiltIn">
<msg time="2025-07-10T10:47:22.244240" level="INFO">Slept 9 seconds.</msg>
<arg>9s</arg>
<doc>Pauses the test executed for the given time.</doc>
<status status="PASS" start="2025-07-10T10:47:13.243922" elapsed="9.000471"/>
</kw>
<kw name="Get Container Logs" owner="MyDockerLibrary">
<msg time="2025-07-10T10:47:22.247404" level="INFO">${logs} = [Entrypoint] Starting subscriber and publisher in mode local_tcp
[Publisher] Waiting for at least 1 subscriber(s) on topic: test_topic
1752144435246 ms | a34804cfd4c9 | pub_test | 7 | info | CTCPReade...</msg>
<var>${logs}</var>
<arg>${CONTAINER}</arg>
<status status="PASS" start="2025-07-10T10:47:22.244569" elapsed="0.002861"/>
</kw>
<kw name="Log To Console" owner="BuiltIn">
<arg>\n[CONTAINER LOG: LOCAL PUB+SUB]\n${logs}</arg>
<doc>Logs the given message to the console.</doc>
<status status="PASS" start="2025-07-10T10:47:22.247520" elapsed="0.000158"/>
</kw>
<kw name="Log" owner="BuiltIn">
<msg time="2025-07-10T10:47:22.247933" level="INFO">
[CONTAINER LOG: LOCAL PUB+SUB]
[Entrypoint] Starting subscriber and publisher in mode local_tcp
[Publisher] Waiting for at least 1 subscriber(s) on topic: test_topic
1752144435246 ms | a34804cfd4c9 | pub_test | 7 | info | CTCPReaderLayer - TCPPubSub (Info) -Publisher :::0: Created publisher and waiting for clients.
[Publisher] Found 1 subscriber(s). Proceeding to send messages.
1752144435247 ms | a34804cfd4c9 | pub_test | 7 | info | CTCPReaderLayer - TCPPubSub (Info) -Publisher :::33793: Subscriber ::ffff:172.17.0.3:36688 has connected.
[Publisher] Send result: ✓, size: 209715 bytes
[Publisher] Send result: ✓, size: 209715 bytes
[Publisher] Send result: ✓, size: 209715 bytes
[Publisher] Send result: ✓, size: 209715 bytes
[Publisher] Finished sending.


[Subscriber] Ready and waiting...

[Subscriber] Received 209715 bytes (message 1)
[Subscriber] Received 209715 bytes (message 2)
[Subscriber] Received 209715 bytes (message 3)
[Subscriber] Received 209715 bytes (message 4)
1752144438748 ms | a34804cfd4c9 | sub_test | 13 | error | CTCPReaderLayer - TCPPubSub (Error) -SubscriberSession 172.17.0.3:36688-&gt;a34804cfd4c9:33793: Error reading header length: End of file
1752144438749 ms | a34804cfd4c9 | sub_test | 13 | warning | CTCPReaderLayer - TCPPubSub (Warning) -SubscriberSession 172.17.0.3:36700: Failed connecting to publisher a34804cfd4c9:33793: Connection refused
1752144438749 ms | a34804cfd4c9 | sub_test | 13 | warning | CTCPReaderLayer - TCPPubSub (Warning) -SubscriberSession 172.17.0.3:36702: Failed connecting to publisher a34804cfd4c9:33793: Connection refused
1752144438749 ms | a34804cfd4c9 | sub_test | 13 | warning | CTCPReaderLayer - TCPPubSub (Warning) -SubscriberSession 172.17.0.3:36714: Failed connecting to publisher a34804cfd4c9:33793: Connection refused
1752144438749 ms | a34804cfd4c9 | sub_test | 13 | warning | CTCPReaderLayer - TCPPubSub (Warning) -SubscriberSession 172.17.0.3:36722: Failed connecting to publisher a34804cfd4c9:33793: Connection refused
1752144438750 ms | a34804cfd4c9 | sub_test | 13 | warning | CTCPReaderLayer - TCPPubSub (Warning) -SubscriberSession 172.17.0.3:36724: Failed connecting to publisher a34804cfd4c9:33793: Connection refused
[Subscriber] Received 4 messages.
</msg>
<arg>\n[CONTAINER LOG: LOCAL PUB+SUB]\n${logs}</arg>
<doc>Logs the given message with the given level.</doc>
<status status="PASS" start="2025-07-10T10:47:22.247788" elapsed="0.000227"/>
</kw>
<kw name="Wait For Container Exit" owner="MyDockerLibrary">
<msg time="2025-07-10T10:47:22.249282" level="INFO">${exit_code} = 0</msg>
<var>${exit_code}</var>
<arg>${CONTAINER}</arg>
<status status="PASS" start="2025-07-10T10:47:22.248114" elapsed="0.001191"/>
</kw>
<kw name="Should Be Equal As Integers" owner="BuiltIn">
<msg time="2025-07-10T10:47:22.249547" level="INFO">Argument types are:
&lt;class 'int'&gt;
&lt;class 'str'&gt;</msg>
<arg>${exit_code}</arg>
<arg>0</arg>
<arg>Local communication test failed!</arg>
<doc>Fails if objects are unequal after converting them to integers.</doc>
<status status="PASS" start="2025-07-10T10:47:22.249412" elapsed="0.000179"/>
</kw>
<kw name="Log Test Summary" owner="MyDockerLibrary">
<arg>Basic Pub/Sub Local ${layer_tag}</arg>
<arg>${True}</arg>
<status status="PASS" start="2025-07-10T10:47:22.249667" elapsed="0.000132"/>
</kw>
<kw name="Stop Container" owner="MyDockerLibrary">
<arg>${CONTAINER}</arg>
<status status="PASS" start="2025-07-10T10:47:22.249898" elapsed="0.005023"/>
</kw>
<kw name="Sleep" owner="BuiltIn">
<msg time="2025-07-10T10:47:23.255253" level="INFO">Slept 1 second.</msg>
<arg>1s</arg>
<doc>Pauses the test executed for the given time.</doc>
<status status="PASS" start="2025-07-10T10:47:22.255004" elapsed="1.000382"/>
</kw>
<arg>local_tcp</arg>
<status status="PASS" start="2025-07-10T10:47:13.129168" elapsed="10.126309"/>
</kw>
<tag>basic_pub_sub_local_tcp</tag>
<status status="PASS" start="2025-07-10T10:47:13.128767" elapsed="10.126823"/>
</test>
<test id="s1-s1-t4" name="Basic Pub/Sub Network UDP" line="50">
<kw name="Run Network Pub Sub Test">
<kw name="Set Variable" owner="BuiltIn">
<msg time="2025-07-10T10:47:23.256983" level="INFO">${IMAGE} = basic_pub_sub_network_udp</msg>
<var>${IMAGE}</var>
<arg>${BASE_IMAGE}_${layer_tag}</arg>
<doc>Returns the given values which can then be assigned to a variables.</doc>
<status status="PASS" start="2025-07-10T10:47:23.256836" elapsed="0.000168"/>
</kw>
<kw name="Set Variable" owner="BuiltIn">
<msg time="2025-07-10T10:47:23.257189" level="INFO">${TOPIC} = topic_network_udp</msg>
<var>${TOPIC}</var>
<arg>topic_${layer_tag}</arg>
<doc>Returns the given values which can then be assigned to a variables.</doc>
<status status="PASS" start="2025-07-10T10:47:23.257082" elapsed="0.000124"/>
</kw>
<kw name="Set Variable" owner="BuiltIn">
<msg time="2025-07-10T10:47:23.257400" level="INFO">${SUB_NAME} = sub_network_udp</msg>
<var>${SUB_NAME}</var>
<arg>sub_${layer_tag}</arg>
<doc>Returns the given values which can then be assigned to a variables.</doc>
<status status="PASS" start="2025-07-10T10:47:23.257272" elapsed="0.000146"/>
</kw>
<kw name="Set Variable" owner="BuiltIn">
<msg time="2025-07-10T10:47:23.257586" level="INFO">${PUB_NAME} = pub_network_udp</msg>
<var>${PUB_NAME}</var>
<arg>pub_${layer_tag}</arg>
<doc>Returns the given values which can then be assigned to a variables.</doc>
<status status="PASS" start="2025-07-10T10:47:23.257483" elapsed="0.000119"/>
</kw>
<kw name="Log To Console" owner="BuiltIn">
<arg>\n[INFO] Running network pub/sub test in mode: ${layer_tag}</arg>
<doc>Logs the given message to the console.</doc>
<status status="PASS" start="2025-07-10T10:47:23.257667" elapsed="0.000116"/>
</kw>
<kw name="Start Container" owner="MyDockerLibrary">
<arg>${SUB_NAME}</arg>
<arg>${IMAGE}</arg>
<arg>subscriber</arg>
<arg>${layer_tag}</arg>
<arg>${TOPIC}</arg>
<arg>${SUB_NAME}</arg>
<arg>network=${NETWORK}</arg>
<status status="PASS" start="2025-07-10T10:47:23.257864" elapsed="0.136294"/>
</kw>
<kw name="Start Container" owner="MyDockerLibrary">
<arg>${PUB_NAME}</arg>
<arg>${IMAGE}</arg>
<arg>publisher</arg>
<arg>${layer_tag}</arg>
<arg>${TOPIC}</arg>
<arg>${PUB_NAME}</arg>
<arg>network=${NETWORK}</arg>
<status status="PASS" start="2025-07-10T10:47:23.394346" elapsed="0.127319"/>
</kw>
<kw name="Sleep" owner="BuiltIn">
<msg time="2025-07-10T10:47:32.522104" level="INFO">Slept 9 seconds.</msg>
<arg>9s</arg>
<doc>Pauses the test executed for the given time.</doc>
<status status="PASS" start="2025-07-10T10:47:23.521828" elapsed="9.000406"/>
</kw>
<kw name="Get Container Logs" owner="MyDockerLibrary">
<msg time="2025-07-10T10:47:32.525594" level="INFO">${log_sub} = [Entrypoint] Starting subscriber in mode network_udp


[Subscriber] Ready and waiting...

[Subscriber] Received 209715 bytes (message 1)
[Subscriber] Received 209715 bytes (message 2)
[Subscriber] Rec...</msg>
<var>${log_sub}</var>
<arg>${SUB_NAME}</arg>
<status status="PASS" start="2025-07-10T10:47:32.522527" elapsed="0.003093"/>
</kw>
<kw name="Get Container Logs" owner="MyDockerLibrary">
<msg time="2025-07-10T10:47:32.527842" level="INFO">${log_pub} = [Entrypoint] Starting publisher in mode network_udp
[Publisher] Waiting for at least 1 subscriber(s) on topic: topic_network_udp
[Publisher] Found 1 subscriber(s). Proceeding to send messages.
[Publis...</msg>
<var>${log_pub}</var>
<arg>${PUB_NAME}</arg>
<status status="PASS" start="2025-07-10T10:47:32.525709" elapsed="0.002158"/>
</kw>
<kw name="Log To Console" owner="BuiltIn">
<arg>\n[CONTAINER LOG: PUBLISHER]\n${log_pub}</arg>
<doc>Logs the given message to the console.</doc>
<status status="PASS" start="2025-07-10T10:47:32.527952" elapsed="0.000155"/>
</kw>
<kw name="Log" owner="BuiltIn">
<msg time="2025-07-10T10:47:32.528375" level="INFO">
[CONTAINER LOG: PUBLISHER]
[Entrypoint] Starting publisher in mode network_udp
[Publisher] Waiting for at least 1 subscriber(s) on topic: topic_network_udp
[Publisher] Found 1 subscriber(s). Proceeding to send messages.
[Publisher] Send result: ✓, size: 209715 bytes
[Publisher] Send result: ✓, size: 209715 bytes
[Publisher] Send result: ✓, size: 209715 bytes
[Publisher] Send result: ✓, size: 209715 bytes
[Publisher] Finished sending.
</msg>
<arg>\n[CONTAINER LOG: PUBLISHER]\n${log_pub}</arg>
<doc>Logs the given message with the given level.</doc>
<status status="PASS" start="2025-07-10T10:47:32.528225" elapsed="0.000190"/>
</kw>
<kw name="Log To Console" owner="BuiltIn">
<arg>\n[CONTAINER LOG: SUBSCRIBER]\n${log_sub}</arg>
<doc>Logs the given message to the console.</doc>
<status status="PASS" start="2025-07-10T10:47:32.528487" elapsed="0.000122"/>
</kw>
<kw name="Log" owner="BuiltIn">
<msg time="2025-07-10T10:47:32.528812" level="INFO">
[CONTAINER LOG: SUBSCRIBER]
[Entrypoint] Starting subscriber in mode network_udp


[Subscriber] Ready and waiting...

[Subscriber] Received 209715 bytes (message 1)
[Subscriber] Received 209715 bytes (message 2)
[Subscriber] Received 209715 bytes (message 3)
[Subscriber] Received 209715 bytes (message 4)
[Subscriber] Received 4 messages.
</msg>
<arg>\n[CONTAINER LOG: SUBSCRIBER]\n${log_sub}</arg>
<doc>Logs the given message with the given level.</doc>
<status status="PASS" start="2025-07-10T10:47:32.528710" elapsed="0.000134"/>
</kw>
<kw name="Wait For Container Exit" owner="MyDockerLibrary">
<msg time="2025-07-10T10:47:32.529974" level="INFO">${exit_code} = 0</msg>
<var>${exit_code}</var>
<arg>${SUB_NAME}</arg>
<status status="PASS" start="2025-07-10T10:47:32.528909" elapsed="0.001087"/>
</kw>
<kw name="Should Be Equal As Integers" owner="BuiltIn">
<msg time="2025-07-10T10:47:32.530233" level="INFO">Argument types are:
&lt;class 'int'&gt;
&lt;class 'str'&gt;</msg>
<arg>${exit_code}</arg>
<arg>0</arg>
<arg>Subscriber failed in ${layer_tag}!</arg>
<doc>Fails if objects are unequal after converting them to integers.</doc>
<status status="PASS" start="2025-07-10T10:47:32.530075" elapsed="0.000201"/>
</kw>
<kw name="Log Test Summary" owner="MyDockerLibrary">
<arg>Basic Pub/Sub Network ${layer_tag}</arg>
<arg>${True}</arg>
<status status="PASS" start="2025-07-10T10:47:32.530380" elapsed="0.000138"/>
</kw>
<kw name="Stop Container" owner="MyDockerLibrary">
<arg>${SUB_NAME}</arg>
<status status="PASS" start="2025-07-10T10:47:32.530609" elapsed="0.005078"/>
</kw>
<kw name="Stop Container" owner="MyDockerLibrary">
<arg>${PUB_NAME}</arg>
<status status="PASS" start="2025-07-10T10:47:32.535772" elapsed="0.005106"/>
</kw>
<kw name="Sleep" owner="BuiltIn">
<msg time="2025-07-10T10:47:33.541210" level="INFO">Slept 1 second.</msg>
<arg>1s</arg>
<doc>Pauses the test executed for the given time.</doc>
<status status="PASS" start="2025-07-10T10:47:32.540966" elapsed="1.000393"/>
</kw>
<arg>network_udp</arg>
<arg>network</arg>
<status status="PASS" start="2025-07-10T10:47:23.256598" elapsed="10.284859"/>
</kw>
<tag>basic_pub_sub_network_udp</tag>
<status status="PASS" start="2025-07-10T10:47:23.256155" elapsed="10.285438"/>
</test>
<test id="s1-s1-t5" name="Basic Pub/Sub Network TCP" line="54">
<kw name="Run Network Pub Sub Test">
<kw name="Set Variable" owner="BuiltIn">
<msg time="2025-07-10T10:47:33.543216" level="INFO">${IMAGE} = basic_pub_sub_network_tcp</msg>
<var>${IMAGE}</var>
<arg>${BASE_IMAGE}_${layer_tag}</arg>
<doc>Returns the given values which can then be assigned to a variables.</doc>
<status status="PASS" start="2025-07-10T10:47:33.543071" elapsed="0.000165"/>
</kw>
<kw name="Set Variable" owner="BuiltIn">
<msg time="2025-07-10T10:47:33.543454" level="INFO">${TOPIC} = topic_network_tcp</msg>
<var>${TOPIC}</var>
<arg>topic_${layer_tag}</arg>
<doc>Returns the given values which can then be assigned to a variables.</doc>
<status status="PASS" start="2025-07-10T10:47:33.543308" elapsed="0.000165"/>
</kw>
<kw name="Set Variable" owner="BuiltIn">
<msg time="2025-07-10T10:47:33.543645" level="INFO">${SUB_NAME} = sub_network_tcp</msg>
<var>${SUB_NAME}</var>
<arg>sub_${layer_tag}</arg>
<doc>Returns the given values which can then be assigned to a variables.</doc>
<status status="PASS" start="2025-07-10T10:47:33.543541" elapsed="0.000122"/>
</kw>
<kw name="Set Variable" owner="BuiltIn">
<msg time="2025-07-10T10:47:33.543823" level="INFO">${PUB_NAME} = pub_network_tcp</msg>
<var>${PUB_NAME}</var>
<arg>pub_${layer_tag}</arg>
<doc>Returns the given values which can then be assigned to a variables.</doc>
<status status="PASS" start="2025-07-10T10:47:33.543726" elapsed="0.000113"/>
</kw>
<kw name="Log To Console" owner="BuiltIn">
<arg>\n[INFO] Running network pub/sub test in mode: ${layer_tag}</arg>
<doc>Logs the given message to the console.</doc>
<status status="PASS" start="2025-07-10T10:47:33.543902" elapsed="0.000121"/>
</kw>
<kw name="Start Container" owner="MyDockerLibrary">
<arg>${SUB_NAME}</arg>
<arg>${IMAGE}</arg>
<arg>subscriber</arg>
<arg>${layer_tag}</arg>
<arg>${TOPIC}</arg>
<arg>${SUB_NAME}</arg>
<arg>network=${NETWORK}</arg>
<status status="PASS" start="2025-07-10T10:47:33.544121" elapsed="0.129865"/>
</kw>
<kw name="Start Container" owner="MyDockerLibrary">
<arg>${PUB_NAME}</arg>
<arg>${IMAGE}</arg>
<arg>publisher</arg>
<arg>${layer_tag}</arg>
<arg>${TOPIC}</arg>
<arg>${PUB_NAME}</arg>
<arg>network=${NETWORK}</arg>
<status status="PASS" start="2025-07-10T10:47:33.674147" elapsed="0.127530"/>
</kw>
<kw name="Sleep" owner="BuiltIn">
<msg time="2025-07-10T10:47:42.802180" level="INFO">Slept 9 seconds.</msg>
<arg>9s</arg>
<doc>Pauses the test executed for the given time.</doc>
<status status="PASS" start="2025-07-10T10:47:33.801862" elapsed="9.000439"/>
</kw>
<kw name="Get Container Logs" owner="MyDockerLibrary">
<msg time="2025-07-10T10:47:42.805634" level="INFO">${log_sub} = [Entrypoint] Starting subscriber in mode network_tcp


[Subscriber] Ready and waiting...

[Subscriber] Received 209715 bytes (message 1)
[Subscriber] Received 209715 bytes (message 2)
[Subscriber] Rec...</msg>
<var>${log_sub}</var>
<arg>${SUB_NAME}</arg>
<status status="PASS" start="2025-07-10T10:47:42.802511" elapsed="0.003148"/>
</kw>
<kw name="Get Container Logs" owner="MyDockerLibrary">
<msg time="2025-07-10T10:47:42.807880" level="INFO">${log_pub} = [Entrypoint] Starting publisher in mode network_tcp
[Publisher] Waiting for at least 1 subscriber(s) on topic: topic_network_tcp
1752144454676 ms | 3eb39c2e503d | pub_network_tcp | 7 | info | CTCPRead...</msg>
<var>${log_pub}</var>
<arg>${PUB_NAME}</arg>
<status status="PASS" start="2025-07-10T10:47:42.805748" elapsed="0.002158"/>
</kw>
<kw name="Log To Console" owner="BuiltIn">
<arg>\n[CONTAINER LOG: PUBLISHER]\n${log_pub}</arg>
<doc>Logs the given message to the console.</doc>
<status status="PASS" start="2025-07-10T10:47:42.807992" elapsed="0.000161"/>
</kw>
<kw name="Log" owner="BuiltIn">
<msg time="2025-07-10T10:47:42.808452" level="INFO">
[CONTAINER LOG: PUBLISHER]
[Entrypoint] Starting publisher in mode network_tcp
[Publisher] Waiting for at least 1 subscriber(s) on topic: topic_network_tcp
1752144454676 ms | 3eb39c2e503d | pub_network_tcp | 7 | info | CTCPReaderLayer - TCPPubSub (Info) -Publisher :::0: Created publisher and waiting for clients.
1752144454677 ms | 3eb39c2e503d | pub_network_tcp | 7 | info | CTCPReaderLayer - TCPPubSub (Info) -Publisher :::39609: Subscriber ::ffff:172.18.0.2:42908 has connected.
[Publisher] Found 1 subscriber(s). Proceeding to send messages.
[Publisher] Send result: ✓, size: 209715 bytes
[Publisher] Send result: ✓, size: 209715 bytes
[Publisher] Send result: ✓, size: 209715 bytes
[Publisher] Send result: ✓, size: 209715 bytes
[Publisher] Finished sending.
</msg>
<arg>\n[CONTAINER LOG: PUBLISHER]\n${log_pub}</arg>
<doc>Logs the given message with the given level.</doc>
<status status="PASS" start="2025-07-10T10:47:42.808256" elapsed="0.000237"/>
</kw>
<kw name="Log To Console" owner="BuiltIn">
<arg>\n[CONTAINER LOG: SUBSCRIBER]\n${log_sub}</arg>
<doc>Logs the given message to the console.</doc>
<status status="PASS" start="2025-07-10T10:47:42.808567" elapsed="0.000129"/>
</kw>
<kw name="Log" owner="BuiltIn">
<msg time="2025-07-10T10:47:42.808884" level="INFO">
[CONTAINER LOG: SUBSCRIBER]
[Entrypoint] Starting subscriber in mode network_tcp


[Subscriber] Ready and waiting...

[Subscriber] Received 209715 bytes (message 1)
[Subscriber] Received 209715 bytes (message 2)
[Subscriber] Received 209715 bytes (message 3)
[Subscriber] Received 209715 bytes (message 4)
1752144458206 ms | 4dfeaa7f2c13 | sub_network_tcp | 7 | error | CTCPReaderLayer - TCPPubSub (Error) -SubscriberSession 172.18.0.2:42908-&gt;3eb39c2e503d:39609: Error reading header length: End of file
1752144458207 ms | 4dfeaa7f2c13 | sub_network_tcp | 7 | warning | CTCPReaderLayer - TCPPubSub (Warning) -SubscriberSession 172.18.0.2:42918: Failed connecting to publisher 3eb39c2e503d:39609: Connection refused
1752144458207 ms | 4dfeaa7f2c13 | sub_network_tcp | 7 | warning | CTCPReaderLayer - TCPPubSub (Warning) -SubscriberSession 172.18.0.2:42934: Failed connecting to publisher 3eb39c2e503d:39609: Connection refused
1752144458208 ms | 4dfeaa7f2c13 | sub_network_tcp | 7 | warning | CTCPReaderLayer - TCPPubSub (Warning) -SubscriberSession 172.18.0.2:42948: Failed connecting to publisher 3eb39c2e503d:39609: Connection refused
1752144458208 ms | 4dfeaa7f2c13 | sub_network_tcp | 7 | warning | CTCPReaderLayer - TCPPubSub (Warning) -SubscriberSession 172.18.0.2:42952: Failed connecting to publisher 3eb39c2e503d:39609: Connection refused
1752144458209 ms | 4dfeaa7f2c13 | sub_network_tcp | 7 | warning | CTCPReaderLayer - TCPPubSub (Warning) -SubscriberSession 172.18.0.2:42960: Failed connecting to publisher 3eb39c2e503d:39609: Connection refused
[Subscriber] Received 4 messages.
</msg>
<arg>\n[CONTAINER LOG: SUBSCRIBER]\n${log_sub}</arg>
<doc>Logs the given message with the given level.</doc>
<status status="PASS" start="2025-07-10T10:47:42.808786" elapsed="0.000136"/>
</kw>
<kw name="Wait For Container Exit" owner="MyDockerLibrary">
<msg time="2025-07-10T10:47:42.810059" level="INFO">${exit_code} = 0</msg>
<var>${exit_code}</var>
<arg>${SUB_NAME}</arg>
<status status="PASS" start="2025-07-10T10:47:42.808990" elapsed="0.001091"/>
</kw>
<kw name="Should Be Equal As Integers" owner="BuiltIn">
<msg time="2025-07-10T10:47:42.810315" level="INFO">Argument types are:
&lt;class 'int'&gt;
&lt;class 'str'&gt;</msg>
<arg>${exit_code}</arg>
<arg>0</arg>
<arg>Subscriber failed in ${layer_tag}!</arg>
<doc>Fails if objects are unequal after converting them to integers.</doc>
<status status="PASS" start="2025-07-10T10:47:42.810161" elapsed="0.000235"/>
</kw>
<kw name="Log Test Summary" owner="MyDockerLibrary">
<arg>Basic Pub/Sub Network ${layer_tag}</arg>
<arg>${True}</arg>
<status status="PASS" start="2025-07-10T10:47:42.810474" elapsed="0.000144"/>
</kw>
<kw name="Stop Container" owner="MyDockerLibrary">
<arg>${SUB_NAME}</arg>
<status status="PASS" start="2025-07-10T10:47:42.810701" elapsed="0.004979"/>
</kw>
<kw name="Stop Container" owner="MyDockerLibrary">
<arg>${PUB_NAME}</arg>
<status status="PASS" start="2025-07-10T10:47:42.815762" elapsed="0.005158"/>
</kw>
<kw name="Sleep" owner="BuiltIn">
<msg time="2025-07-10T10:47:43.821238" level="INFO">Slept 1 second.</msg>
<arg>1s</arg>
<doc>Pauses the test executed for the given time.</doc>
<status status="PASS" start="2025-07-10T10:47:42.821004" elapsed="1.000370"/>
</kw>
<arg>network_tcp</arg>
<arg>network</arg>
<status status="PASS" start="2025-07-10T10:47:33.542833" elapsed="10.278625"/>
</kw>
<tag>basic_pub_sub_network_tcp</tag>
<status status="PASS" start="2025-07-10T10:47:33.542424" elapsed="10.279154"/>
</test>
<status status="PASS" start="2025-07-10T10:46:34.865358" elapsed="68.957279"/>
</suite>
<suite id="s1-s2" name="Multi Pub Sub" source="/home/runner/work/ECAL_Test_Framework/ECAL_Test_Framework/integration_tests/multi_pub_sub/robottests/multi_pub_sub.robot">
<kw name="Init Test Context" type="SETUP">
<kw name="Set Test Context" owner="GlobalPathsLibrary">
<arg>multi_pub_sub</arg>
<arg>multi_pub_sub</arg>
<doc>Sets the test folder and tag prefix if it's a valid test case.
The folder must exist under integration_tests/ and contain typical test structure.</doc>
<status status="PASS" start="2025-07-10T10:47:43.825992" elapsed="0.000140"/>
</kw>
<kw name="Get Build Script Path" owner="GlobalPathsLibrary">
<msg time="2025-07-10T10:47:43.826298" level="INFO">${build} = /home/runner/work/ECAL_Test_Framework/ECAL_Test_Framework/integration_tests/multi_pub_sub/scripts/build_images.sh</msg>
<var>${build}</var>
<status status="PASS" start="2025-07-10T10:47:43.826209" elapsed="0.000108"/>
</kw>
<kw name="Get Network Name" owner="GlobalPathsLibrary">
<msg time="2025-07-10T10:47:43.826494" level="INFO">${net} = ecal_test_net</msg>
<var>${net}</var>
<status status="PASS" start="2025-07-10T10:47:43.826414" elapsed="0.000096"/>
</kw>
<kw name="Get Build Script Args" owner="GlobalPathsLibrary">
<msg time="2025-07-10T10:47:43.826645" level="INFO">${args} = ['multi_pub_sub']</msg>
<var>${args}</var>
<status status="PASS" start="2025-07-10T10:47:43.826571" elapsed="0.000100"/>
</kw>
<kw name="Set Suite Variable" owner="BuiltIn">
<msg time="2025-07-10T10:47:43.826875" level="INFO">${BUILD_SCRIPT} = /home/runner/work/ECAL_Test_Framework/ECAL_Test_Framework/integration_tests/multi_pub_sub/scripts/build_images.sh</msg>
<arg>${BUILD_SCRIPT}</arg>
<arg>${build}</arg>
<doc>Makes a variable available everywhere within the scope of the current suite.</doc>
<status status="PASS" start="2025-07-10T10:47:43.826745" elapsed="0.000158"/>
</kw>
<kw name="Set Suite Variable" owner="BuiltIn">
<msg time="2025-07-10T10:47:43.827085" level="INFO">${NETWORK} = ecal_test_net</msg>
<arg>${NETWORK}</arg>
<arg>${net}</arg>
<doc>Makes a variable available everywhere within the scope of the current suite.</doc>
<status status="PASS" start="2025-07-10T10:47:43.826974" elapsed="0.000137"/>
</kw>
<kw name="Get Test Description" owner="GlobalPathsLibrary">
<msg time="2025-07-10T10:47:43.827377" level="INFO">${desc} = This test validates eCAL communication in a scenario involving multiple publishers and subscribers.

Test Setup:
- Two publishers run in parallel and publish messages on the **same topic**.
• Publishe...</msg>
<var>${desc}</var>
<doc>Reads the *** Comments *** section from the .robot file and returns it as a string.</doc>
<status status="PASS" start="2025-07-10T10:47:43.827174" elapsed="0.000229"/>
</kw>
<kw name="Log" owner="BuiltIn">
<msg time="2025-07-10T10:47:43.827562" level="INFO">This test validates eCAL communication in a scenario involving multiple publishers and subscribers.

Test Setup:
- Two publishers run in parallel and publish messages on the **same topic**.
• Publisher 1 sends messages containing the byte value **42**.
• Publisher 2 sends messages containing the byte value **43**.
- Two subscribers listen on that same topic and must receive all messages from both publishers.

Covered eCAL modes:
- local_shm
- local_udp
- (local_tcp)
- network_udp
- network_tcp

Goals:
- Ensure that eCAL correctly distributes messages from **multiple sources** to **multiple receivers**.
- Verify that **topic routing, message integrity, and delivery** work consistently across different transport modes.

Success Criteria:
- Each subscriber must receive **10 messages with value 42** and **10 with value 43**.
- If this condition is met, the subscriber exits with code **0**.
- If any expected messages are missing, the subscriber exits with code **1**.</msg>
<arg>${desc}</arg>
<doc>Logs the given message with the given level.</doc>
<status status="PASS" start="2025-07-10T10:47:43.827476" elapsed="0.000166"/>
</kw>
<kw name="Log To Console" owner="BuiltIn">
<arg>[SETUP] Building Docker image...</arg>
<doc>Logs the given message to the console.</doc>
<status status="PASS" start="2025-07-10T10:47:43.827711" elapsed="0.000086"/>
</kw>
<kw name="Run Process" owner="Process">
<msg time="2025-07-10T10:47:43.828056" level="INFO">Starting process:
/home/runner/work/ECAL_Test_Framework/ECAL_Test_Framework/integration_tests/multi_pub_sub/scripts/build_images.sh multi_pub_sub</msg>
<msg time="2025-07-10T10:47:43.828513" level="INFO">Waiting for process to complete.</msg>
<msg time="2025-07-10T10:47:52.625153" level="INFO">Process completed.</msg>
<msg time="2025-07-10T10:47:52.625316" level="INFO">${result} = &lt;result object with rc 0&gt;</msg>
<var>${result}</var>
<arg>${BUILD_SCRIPT}</arg>
<arg>@{args}</arg>
<doc>Runs a process and waits for it to complete.</doc>
<status status="PASS" start="2025-07-10T10:47:43.827892" elapsed="8.797473"/>
</kw>
<kw name="Should Be Equal As Integers" owner="BuiltIn">
<msg time="2025-07-10T10:47:52.626001" level="INFO">Argument types are:
&lt;class 'int'&gt;
&lt;class 'str'&gt;</msg>
<arg>${result.rc}</arg>
<arg>0</arg>
<arg>Failed to build Docker image!</arg>
<doc>Fails if objects are unequal after converting them to integers.</doc>
<status status="PASS" start="2025-07-10T10:47:52.625516" elapsed="0.000539"/>
</kw>
<kw name="Create Docker Network" owner="MyDockerLibrary">
<arg>${NETWORK}</arg>
<status status="PASS" start="2025-07-10T10:47:52.626143" elapsed="0.006967"/>
</kw>
<kw name="Sleep" owner="BuiltIn">
<msg time="2025-07-10T10:47:55.633494" level="INFO">Slept 3 seconds.</msg>
<arg>3s</arg>
<doc>Pauses the test executed for the given time.</doc>
<status status="PASS" start="2025-07-10T10:47:52.633227" elapsed="3.000385"/>
</kw>
<status status="PASS" start="2025-07-10T10:47:43.825848" elapsed="11.807871"/>
</kw>
<test id="s1-s2-t1" name="Multi Pub/Sub Local SHM Test" line="39">
<kw name="Run Multi Pub Sub Test Local">
<kw name="Set Variable" owner="BuiltIn">
<msg time="2025-07-10T10:47:55.635742" level="INFO">${IMAGE} = multi_pub_sub_local_shm</msg>
<var>${IMAGE}</var>
<arg>${BASE_IMAGE}_${layer_tag}</arg>
<doc>Returns the given values which can then be assigned to a variables.</doc>
<status status="PASS" start="2025-07-10T10:47:55.635578" elapsed="0.000184"/>
</kw>
<kw name="Set Variable" owner="BuiltIn">
<msg time="2025-07-10T10:47:55.635949" level="INFO">${CONTAINER} = multi_locallocal_shm</msg>
<var>${CONTAINER}</var>
<arg>multi_local${layer_tag}</arg>
<doc>Returns the given values which can then be assigned to a variables.</doc>
<status status="PASS" start="2025-07-10T10:47:55.635839" elapsed="0.000127"/>
</kw>
<kw name="Log To Console" owner="BuiltIn">
<arg>\n[INFO] Running local multi pub/sub test (all binarys in same Container) with ${layer_tag}</arg>
<doc>Logs the given message to the console.</doc>
<status status="PASS" start="2025-07-10T10:47:55.636035" elapsed="0.000120"/>
</kw>
<kw name="Start Container" owner="MyDockerLibrary">
<arg>${CONTAINER}</arg>
<arg>${IMAGE}</arg>
<arg>local_multi</arg>
<arg>${layer_tag}</arg>
<status status="PASS" start="2025-07-10T10:47:55.636243" elapsed="0.115740"/>
</kw>
<kw name="Sleep" owner="BuiltIn">
<msg time="2025-07-10T10:48:13.752449" level="INFO">Slept 18 seconds.</msg>
<arg>18s</arg>
<doc>Pauses the test executed for the given time.</doc>
<status status="PASS" start="2025-07-10T10:47:55.752148" elapsed="18.000423"/>
</kw>
<kw name="Get Container Logs" owner="MyDockerLibrary">
<msg time="2025-07-10T10:48:13.755528" level="INFO">${logs} = [Entrypoint] Starting local multi pub/sub test in mode local_shm
Shared memory monitoring is enabled (domain: ecal_mon - queue size: 1024)
[Publisher] Waiting for at least 2 subscriber(s) on topic: te...</msg>
<var>${logs}</var>
<arg>${CONTAINER}</arg>
<status status="PASS" start="2025-07-10T10:48:13.752740" elapsed="0.002816"/>
</kw>
<kw name="Log To Console" owner="BuiltIn">
<arg>\n[CONTAINER LOG: All Local Binarys Multi Pub/Sub]\n${logs}</arg>
<doc>Logs the given message to the console.</doc>
<status status="PASS" start="2025-07-10T10:48:13.755647" elapsed="0.000165"/>
</kw>
<kw name="Log" owner="BuiltIn">
<msg time="2025-07-10T10:48:13.756085" level="INFO">
[CONTAINER LOG: All Local Binarys Multi Pub/Sub]
[Entrypoint] Starting local multi pub/sub test in mode local_shm
Shared memory monitoring is enabled (domain: ecal_mon - queue size: 1024)
[Publisher] Waiting for at least 2 subscriber(s) on topic: test_topic
Shared memory monitoring is enabled (domain: ecal_mon - queue size: 1024)
[Publisher] Waiting for at least 2 subscriber(s) on topic: test_topic
Shared memory monitoring is enabled (domain: ecal_mon - queue size: 1024)
[Subscriber 1] Waiting for messages...

Shared memory monitoring is enabled (domain: ecal_mon - queue size: 1024)
[Subscriber 2] Waiting for messages...
[Publisher] Found 2 subscriber(s). Proceeding to send messages.
[Publisher] Found 2 subscriber(s). Proceeding to send messages.
[Publisher 2] Started with mode=local_shm, topic=test_topic, node=multi_publisher, count=10, delay=1000ms
[Publisher 1] Started with mode=local_shm, topic=test_topic, node=multi_publisher, count=10, delay=1000ms

[Publisher 2] Finished sending messages.

[Publisher 1] Finished sending messages.

=== [Subscriber 1] Received Message Summary ===
PUB1 messages (42):--------------&gt; 0/10
PUB2 messages (43):-------------&gt; 10/10

=== [Subscriber 2] Received Message Summary ===
PUB1 messages (42):--------------&gt; 0/10
PUB2 messages (43):-------------&gt; 10/10
[Subscriber 1] [✗] Missing messages from one or both publishers.
[Subscriber 2] [✗] Missing messages from one or both publishers.


[Entrypoint] One or more subscribers failed!
</msg>
<arg>\n[CONTAINER LOG: All Local Binarys Multi Pub/Sub]\n${logs}</arg>
<doc>Logs the given message with the given level.</doc>
<status status="PASS" start="2025-07-10T10:48:13.755929" elapsed="0.000233"/>
</kw>
<kw name="Wait For Container Exit" owner="MyDockerLibrary">
<msg time="2025-07-10T10:48:13.757394" level="INFO">${exit_code} = 1</msg>
<var>${exit_code}</var>
<arg>${CONTAINER}</arg>
<status status="PASS" start="2025-07-10T10:48:13.756269" elapsed="0.001149"/>
</kw>
<kw name="Should Be Equal As Integers" owner="BuiltIn">
<msg time="2025-07-10T10:48:13.757630" level="INFO">Argument types are:
&lt;class 'int'&gt;
&lt;class 'str'&gt;</msg>
<msg time="2025-07-10T10:48:13.757739" level="FAIL">Local Multi Pub/Sub Test test failed!: 1 != 0</msg>
<arg>${exit_code}</arg>
<arg>0</arg>
<arg>Local Multi Pub/Sub Test test failed!</arg>
<doc>Fails if objects are unequal after converting them to integers.</doc>
<status status="FAIL" start="2025-07-10T10:48:13.757500" elapsed="0.000365">Local Multi Pub/Sub Test test failed!: 1 != 0</status>
</kw>
<kw name="Stop Container" owner="MyDockerLibrary">
<arg>${CONTAINER}</arg>
<status status="NOT RUN" start="2025-07-10T10:48:13.757956" elapsed="0.000015"/>
</kw>
<kw name="Sleep" owner="BuiltIn">
<arg>1s</arg>
<doc>Pauses the test executed for the given time.</doc>
<status status="NOT RUN" start="2025-07-10T10:48:13.758031" elapsed="0.000013"/>
</kw>
<arg>local_shm</arg>
<status status="FAIL" start="2025-07-10T10:47:55.634308" elapsed="18.123865">Local Multi Pub/Sub Test test failed!: 1 != 0</status>
</kw>
<tag>multi_pub_sub_local_shm</tag>
<status status="FAIL" start="2025-07-10T10:47:55.633793" elapsed="18.124499">Local Multi Pub/Sub Test test failed!: 1 != 0</status>
</test>
<test id="s1-s2-t2" name="Multi Pub/Sub Local UDP Test" line="43">
<kw name="Run Multi Pub Sub Test Local">
<kw name="Set Variable" owner="BuiltIn">
<msg time="2025-07-10T10:48:13.759499" level="INFO">${IMAGE} = multi_pub_sub_local_udp</msg>
<var>${IMAGE}</var>
<arg>${BASE_IMAGE}_${layer_tag}</arg>
<doc>Returns the given values which can then be assigned to a variables.</doc>
<status status="PASS" start="2025-07-10T10:48:13.759362" elapsed="0.000157"/>
</kw>
<kw name="Set Variable" owner="BuiltIn">
<msg time="2025-07-10T10:48:13.759696" level="INFO">${CONTAINER} = multi_locallocal_udp</msg>
<var>${CONTAINER}</var>
<arg>multi_local${layer_tag}</arg>
<doc>Returns the given values which can then be assigned to a variables.</doc>
<status status="PASS" start="2025-07-10T10:48:13.759590" elapsed="0.000123"/>
</kw>
<kw name="Log To Console" owner="BuiltIn">
<arg>\n[INFO] Running local multi pub/sub test (all binarys in same Container) with ${layer_tag}</arg>
<doc>Logs the given message to the console.</doc>
<status status="PASS" start="2025-07-10T10:48:13.759778" elapsed="0.000125"/>
</kw>
<kw name="Start Container" owner="MyDockerLibrary">
<arg>${CONTAINER}</arg>
<arg>${IMAGE}</arg>
<arg>local_multi</arg>
<arg>${layer_tag}</arg>
<status status="PASS" start="2025-07-10T10:48:13.759992" elapsed="0.116479"/>
</kw>
<kw name="Sleep" owner="BuiltIn">
<msg time="2025-07-10T10:48:31.876956" level="INFO">Slept 18 seconds.</msg>
<arg>18s</arg>
<doc>Pauses the test executed for the given time.</doc>
<status status="PASS" start="2025-07-10T10:48:13.876653" elapsed="18.000413"/>
</kw>
<kw name="Get Container Logs" owner="MyDockerLibrary">
<msg time="2025-07-10T10:48:31.880061" level="INFO">${logs} = [Entrypoint] Starting local multi pub/sub test in mode local_udp
[Publisher] Waiting for at least 2 subscriber(s) on topic: test_topic
[Publisher] Waiting for at least 2 subscriber(s) on topic: test_t...</msg>
<var>${logs}</var>
<arg>${CONTAINER}</arg>
<status status="PASS" start="2025-07-10T10:48:31.877229" elapsed="0.002856"/>
</kw>
<kw name="Log To Console" owner="BuiltIn">
<arg>\n[CONTAINER LOG: All Local Binarys Multi Pub/Sub]\n${logs}</arg>
<doc>Logs the given message to the console.</doc>
<status status="PASS" start="2025-07-10T10:48:31.880173" elapsed="0.000179"/>
</kw>
<kw name="Log" owner="BuiltIn">
<msg time="2025-07-10T10:48:31.880616" level="INFO">
[CONTAINER LOG: All Local Binarys Multi Pub/Sub]
[Entrypoint] Starting local multi pub/sub test in mode local_udp
[Publisher] Waiting for at least 2 subscriber(s) on topic: test_topic
[Publisher] Waiting for at least 2 subscriber(s) on topic: test_topic
[Subscriber 1] Waiting for messages...

[Subscriber 2] Waiting for messages...
[Publisher] Found 2 subscriber(s). Proceeding to send messages.
[Publisher] Found 2 subscriber(s). Proceeding to send messages.
[Publisher 2] Started with mode=local_udp, topic=test_topic, node=multi_publisher, count=10, delay=1000ms
[Publisher 1] Started with mode=local_udp, topic=test_topic, node=multi_publisher, count=10, delay=1000ms

[Publisher 2] Finished sending messages.

[Publisher 1] Finished sending messages.

=== [Subscriber 1] Received Message Summary ===
PUB1 messages (42):--------------&gt; 10/10
PUB2 messages (43):-------------&gt; 10/10
[Subscriber 1] [✓] Received messages from both publishers.


=== [Subscriber 2] Received Message Summary ===
PUB1 messages (42):--------------&gt; 10/10
PUB2 messages (43):-------------&gt; 10/10
[Subscriber 2] [✓] Received messages from both publishers.

[Entrypoint] All subscribers received messages from both publishers.
</msg>
<arg>\n[CONTAINER LOG: All Local Binarys Multi Pub/Sub]\n${logs}</arg>
<doc>Logs the given message with the given level.</doc>
<status status="PASS" start="2025-07-10T10:48:31.880472" elapsed="0.000206"/>
</kw>
<kw name="Wait For Container Exit" owner="MyDockerLibrary">
<msg time="2025-07-10T10:48:31.881858" level="INFO">${exit_code} = 0</msg>
<var>${exit_code}</var>
<arg>${CONTAINER}</arg>
<status status="PASS" start="2025-07-10T10:48:31.880782" elapsed="0.001099"/>
</kw>
<kw name="Should Be Equal As Integers" owner="BuiltIn">
<msg time="2025-07-10T10:48:31.882094" level="INFO">Argument types are:
&lt;class 'int'&gt;
&lt;class 'str'&gt;</msg>
<arg>${exit_code}</arg>
<arg>0</arg>
<arg>Local Multi Pub/Sub Test test failed!</arg>
<doc>Fails if objects are unequal after converting them to integers.</doc>
<status status="PASS" start="2025-07-10T10:48:31.881961" elapsed="0.000177"/>
</kw>
<kw name="Stop Container" owner="MyDockerLibrary">
<arg>${CONTAINER}</arg>
<status status="PASS" start="2025-07-10T10:48:31.882211" elapsed="0.005045"/>
</kw>
<kw name="Sleep" owner="BuiltIn">
<msg time="2025-07-10T10:48:32.887619" level="INFO">Slept 1 second.</msg>
<arg>1s</arg>
<doc>Pauses the test executed for the given time.</doc>
<status status="PASS" start="2025-07-10T10:48:31.887373" elapsed="1.000364"/>
</kw>
<arg>local_udp</arg>
<status status="PASS" start="2025-07-10T10:48:13.759149" elapsed="19.128672"/>
</kw>
<tag>multi_pub_sub_local_udp</tag>
<status status="PASS" start="2025-07-10T10:48:13.758808" elapsed="19.129125"/>
</test>
<test id="s1-s2-t3" name="Multi Pub/Sub Network UDP Test" line="56">
<kw name="Run Multi Pub Sub Test Network">
<kw name="Set Variable" owner="BuiltIn">
<msg time="2025-07-10T10:48:32.889375" level="INFO">${IMAGE} = multi_pub_sub_network_udp</msg>
<var>${IMAGE}</var>
<arg>${BASE_IMAGE}_${layer_tag}</arg>
<doc>Returns the given values which can then be assigned to a variables.</doc>
<status status="PASS" start="2025-07-10T10:48:32.889198" elapsed="0.000200"/>
</kw>
<kw name="Set Variable" owner="BuiltIn">
<msg time="2025-07-10T10:48:32.889561" level="INFO">${TOPIC} = test_topic</msg>
<var>${TOPIC}</var>
<arg>test_topic</arg>
<doc>Returns the given values which can then be assigned to a variables.</doc>
<status status="PASS" start="2025-07-10T10:48:32.889473" elapsed="0.000106"/>
</kw>
<kw name="Set Variable" owner="BuiltIn">
<msg time="2025-07-10T10:48:32.889750" level="INFO">${PUB1} = pub1_network_udp</msg>
<var>${PUB1}</var>
<arg>pub1_${layer_tag}</arg>
<doc>Returns the given values which can then be assigned to a variables.</doc>
<status status="PASS" start="2025-07-10T10:48:32.889647" elapsed="0.000120"/>
</kw>
<kw name="Set Variable" owner="BuiltIn">
<msg time="2025-07-10T10:48:32.889929" level="INFO">${PUB2} = pub2_network_udp</msg>
<var>${PUB2}</var>
<arg>pub2_${layer_tag}</arg>
<doc>Returns the given values which can then be assigned to a variables.</doc>
<status status="PASS" start="2025-07-10T10:48:32.889831" elapsed="0.000114"/>
</kw>
<kw name="Set Variable" owner="BuiltIn">
<msg time="2025-07-10T10:48:32.890109" level="INFO">${SUB1} = sub1_network_udp</msg>
<var>${SUB1}</var>
<arg>sub1_${layer_tag}</arg>
<doc>Returns the given values which can then be assigned to a variables.</doc>
<status status="PASS" start="2025-07-10T10:48:32.890007" elapsed="0.000118"/>
</kw>
<kw name="Set Variable" owner="BuiltIn">
<msg time="2025-07-10T10:48:32.890284" level="INFO">${SUB2} = sub2_network_udp</msg>
<var>${SUB2}</var>
<arg>sub2_${layer_tag}</arg>
<doc>Returns the given values which can then be assigned to a variables.</doc>
<status status="PASS" start="2025-07-10T10:48:32.890186" elapsed="0.000113"/>
</kw>
<kw name="Log To Console" owner="BuiltIn">
<arg>\n[INFO] Starting multi pub/sub test with ${layer_tag}</arg>
<doc>Logs the given message to the console.</doc>
<status status="PASS" start="2025-07-10T10:48:32.890393" elapsed="0.000124"/>
</kw>
<kw name="Start Container" owner="MyDockerLibrary">
<arg>${SUB1}</arg>
<arg>${IMAGE}</arg>
<arg>multi_subscriber</arg>
<arg>${layer_tag}</arg>
<arg>${TOPIC}</arg>
<arg>network=${NETWORK}</arg>
<status status="PASS" start="2025-07-10T10:48:32.890619" elapsed="0.128633"/>
</kw>
<kw name="Start Container" owner="MyDockerLibrary">
<arg>${SUB2}</arg>
<arg>${IMAGE}</arg>
<arg>multi_subscriber2</arg>
<arg>${layer_tag}</arg>
<arg>${TOPIC}</arg>
<arg>network=${NETWORK}</arg>
<status status="PASS" start="2025-07-10T10:48:33.019501" elapsed="0.122199"/>
</kw>
<kw name="Start Container" owner="MyDockerLibrary">
<arg>${PUB1}</arg>
<arg>${IMAGE}</arg>
<arg>multi_publisher</arg>
<arg>${layer_tag}</arg>
<arg>${TOPIC}</arg>
<arg>network=${NETWORK}</arg>
<status status="PASS" start="2025-07-10T10:48:33.141879" elapsed="0.120547"/>
</kw>
<kw name="Start Container" owner="MyDockerLibrary">
<arg>${PUB2}</arg>
<arg>${IMAGE}</arg>
<arg>multi_publisher2</arg>
<arg>${layer_tag}</arg>
<arg>${TOPIC}</arg>
<arg>network=${NETWORK}</arg>
<status status="PASS" start="2025-07-10T10:48:33.262645" elapsed="0.124327"/>
</kw>
<kw name="Sleep" owner="BuiltIn">
<msg time="2025-07-10T10:48:51.387524" level="INFO">Slept 18 seconds.</msg>
<arg>18s</arg>
<doc>Pauses the test executed for the given time.</doc>
<status status="PASS" start="2025-07-10T10:48:33.387187" elapsed="18.000443"/>
</kw>
<kw name="Get Container Logs" owner="MyDockerLibrary">
<msg time="2025-07-10T10:48:51.390475" level="INFO">${log1} = [Entrypoint] Starting multi_subscriber in mode network_udp
[Subscriber 1] Waiting for messages...


=== [Subscriber 1] Received Message Summary ===
PUB1 messages (42):--------------&gt; 10/10
PUB2 messag...</msg>
<var>${log1}</var>
<arg>${SUB1}</arg>
<status status="PASS" start="2025-07-10T10:48:51.387788" elapsed="0.002713"/>
</kw>
<kw name="Log To Console" owner="BuiltIn">
<arg>\n[CONTAINER LOG: SUBSCRIBER 1]\n${log1}</arg>
<doc>Logs the given message to the console.</doc>
<status status="PASS" start="2025-07-10T10:48:51.390596" elapsed="0.000154"/>
</kw>
<kw name="Log" owner="BuiltIn">
<msg time="2025-07-10T10:48:51.391003" level="INFO">
[CONTAINER LOG: SUBSCRIBER 1]
[Entrypoint] Starting multi_subscriber in mode network_udp
[Subscriber 1] Waiting for messages...


=== [Subscriber 1] Received Message Summary ===
PUB1 messages (42):--------------&gt; 10/10
PUB2 messages (43):-------------&gt; 10/10
[Subscriber 1] [✓] Received messages from both publishers.

</msg>
<arg>\n[CONTAINER LOG: SUBSCRIBER 1]\n${log1}</arg>
<doc>Logs the given message with the given level.</doc>
<status status="PASS" start="2025-07-10T10:48:51.390864" elapsed="0.000191"/>
</kw>
<kw name="Get Container Logs" owner="MyDockerLibrary">
<msg time="2025-07-10T10:48:51.393250" level="INFO">${log2} = [Entrypoint] Starting multi_subscriber2 in mode network_udp
[Subscriber 2] Waiting for messages...

=== [Subscriber 2] Received Message Summary ===
PUB1 messages (42):--------------&gt; 10/10
PUB2 messag...</msg>
<var>${log2}</var>
<arg>${SUB2}</arg>
<status status="PASS" start="2025-07-10T10:48:51.391149" elapsed="0.002125"/>
</kw>
<kw name="Log To Console" owner="BuiltIn">
<arg>\n[CONTAINER LOG: SUBSCRIBER 2]\n${log2}</arg>
<doc>Logs the given message to the console.</doc>
<status status="PASS" start="2025-07-10T10:48:51.393382" elapsed="0.000136"/>
</kw>
<kw name="Log" owner="BuiltIn">
<msg time="2025-07-10T10:48:51.393737" level="INFO">
[CONTAINER LOG: SUBSCRIBER 1]
[Entrypoint] Starting multi_subscriber2 in mode network_udp
[Subscriber 2] Waiting for messages...

=== [Subscriber 2] Received Message Summary ===
PUB1 messages (42):--------------&gt; 10/10
PUB2 messages (43):-------------&gt; 10/10
[Subscriber 2] [✓] Received messages from both publishers.

</msg>
<arg>\n[CONTAINER LOG: SUBSCRIBER 1]\n${log2}</arg>
<doc>Logs the given message with the given level.</doc>
<status status="PASS" start="2025-07-10T10:48:51.393622" elapsed="0.000152"/>
</kw>
<kw name="Wait For Container Exit" owner="MyDockerLibrary">
<arg>${SUB1}</arg>
<status status="PASS" start="2025-07-10T10:48:51.393842" elapsed="0.001012"/>
</kw>
<kw name="Wait For Container Exit" owner="MyDockerLibrary">
<arg>${SUB2}</arg>
<status status="PASS" start="2025-07-10T10:48:51.394940" elapsed="0.001045"/>
</kw>
<kw name="Wait For Container Exit" owner="MyDockerLibrary">
<arg>${PUB1}</arg>
<status status="PASS" start="2025-07-10T10:48:51.396068" elapsed="0.000991"/>
</kw>
<kw name="Wait For Container Exit" owner="MyDockerLibrary">
<arg>${PUB2}</arg>
<status status="PASS" start="2025-07-10T10:48:51.397150" elapsed="0.001097"/>
</kw>
<kw name="Wait For Container Exit" owner="MyDockerLibrary">
<msg time="2025-07-10T10:48:51.399213" level="INFO">${exit1} = 0</msg>
<var>${exit1}</var>
<arg>${SUB1}</arg>
<status status="PASS" start="2025-07-10T10:48:51.398362" elapsed="0.000875"/>
</kw>
<kw name="Wait For Container Exit" owner="MyDockerLibrary">
<msg time="2025-07-10T10:48:51.400212" level="INFO">${exit2} = 0</msg>
<var>${exit2}</var>
<arg>${SUB2}</arg>
<status status="PASS" start="2025-07-10T10:48:51.399355" elapsed="0.000880"/>
</kw>
<kw name="Should Be Equal As Integers" owner="BuiltIn">
<msg time="2025-07-10T10:48:51.400491" level="INFO">Argument types are:
&lt;class 'int'&gt;
&lt;class 'str'&gt;</msg>
<arg>${exit1}</arg>
<arg>0</arg>
<arg>Subscriber 1 failed!</arg>
<doc>Fails if objects are unequal after converting them to integers.</doc>
<status status="PASS" start="2025-07-10T10:48:51.400316" elapsed="0.000230"/>
</kw>
<kw name="Should Be Equal As Integers" owner="BuiltIn">
<msg time="2025-07-10T10:48:51.400790" level="INFO">Argument types are:
&lt;class 'int'&gt;
&lt;class 'str'&gt;</msg>
<arg>${exit2}</arg>
<arg>0</arg>
<arg>Subscriber 2 failed!</arg>
<doc>Fails if objects are unequal after converting them to integers.</doc>
<status status="PASS" start="2025-07-10T10:48:51.400653" elapsed="0.000177"/>
</kw>
<kw name="Log Test Summary" owner="MyDockerLibrary">
<arg>Multi Pub/Sub Test ${layer_tag}</arg>
<arg>${True}</arg>
<status status="PASS" start="2025-07-10T10:48:51.400904" elapsed="0.000147"/>
</kw>
<kw name="Stop Container" owner="MyDockerLibrary">
<arg>${SUB1}</arg>
<status status="PASS" start="2025-07-10T10:48:51.401151" elapsed="0.005425"/>
</kw>
<kw name="Stop Container" owner="MyDockerLibrary">
<arg>${SUB2}</arg>
<status status="PASS" start="2025-07-10T10:48:51.406659" elapsed="0.004878"/>
</kw>
<kw name="Stop Container" owner="MyDockerLibrary">
<arg>${PUB1}</arg>
<status status="PASS" start="2025-07-10T10:48:51.411619" elapsed="0.005342"/>
</kw>
<kw name="Stop Container" owner="MyDockerLibrary">
<arg>${PUB2}</arg>
<status status="PASS" start="2025-07-10T10:48:51.417050" elapsed="0.004933"/>
</kw>
<kw name="Sleep" owner="BuiltIn">
<msg time="2025-07-10T10:48:52.422277" level="INFO">Slept 1 second.</msg>
<arg>1s</arg>
<doc>Pauses the test executed for the given time.</doc>
<status status="PASS" start="2025-07-10T10:48:51.422069" elapsed="1.000334"/>
</kw>
<arg>network_udp</arg>
<arg>network</arg>
<status status="PASS" start="2025-07-10T10:48:32.888962" elapsed="19.533529"/>
</kw>
<tag>multi_pub_sub_network_udp</tag>
<status status="PASS" start="2025-07-10T10:48:32.888524" elapsed="19.534082"/>
</test>
<test id="s1-s2-t4" name="Multi Pub/Sub Network TCP Test" line="60">
<kw name="Run Multi Pub Sub Test Network">
<kw name="Set Variable" owner="BuiltIn">
<msg time="2025-07-10T10:48:52.424619" level="INFO">${IMAGE} = multi_pub_sub_network_tcp</msg>
<var>${IMAGE}</var>
<arg>${BASE_IMAGE}_${layer_tag}</arg>
<doc>Returns the given values which can then be assigned to a variables.</doc>
<status status="PASS" start="2025-07-10T10:48:52.424469" elapsed="0.000170"/>
</kw>
<kw name="Set Variable" owner="BuiltIn">
<msg time="2025-07-10T10:48:52.424794" level="INFO">${TOPIC} = test_topic</msg>
<var>${TOPIC}</var>
<arg>test_topic</arg>
<doc>Returns the given values which can then be assigned to a variables.</doc>
<status status="PASS" start="2025-07-10T10:48:52.424712" elapsed="0.000098"/>
</kw>
<kw name="Set Variable" owner="BuiltIn">
<msg time="2025-07-10T10:48:52.424976" level="INFO">${PUB1} = pub1_network_tcp</msg>
<var>${PUB1}</var>
<arg>pub1_${layer_tag}</arg>
<doc>Returns the given values which can then be assigned to a variables.</doc>
<status status="PASS" start="2025-07-10T10:48:52.424875" elapsed="0.000117"/>
</kw>
<kw name="Set Variable" owner="BuiltIn">
<msg time="2025-07-10T10:48:52.425230" level="INFO">${PUB2} = pub2_network_tcp</msg>
<var>${PUB2}</var>
<arg>pub2_${layer_tag}</arg>
<doc>Returns the given values which can then be assigned to a variables.</doc>
<status status="PASS" start="2025-07-10T10:48:52.425120" elapsed="0.000127"/>
</kw>
<kw name="Set Variable" owner="BuiltIn">
<msg time="2025-07-10T10:48:52.425444" level="INFO">${SUB1} = sub1_network_tcp</msg>
<var>${SUB1}</var>
<arg>sub1_${layer_tag}</arg>
<doc>Returns the given values which can then be assigned to a variables.</doc>
<status status="PASS" start="2025-07-10T10:48:52.425313" elapsed="0.000148"/>
</kw>
<kw name="Set Variable" owner="BuiltIn">
<msg time="2025-07-10T10:48:52.425627" level="INFO">${SUB2} = sub2_network_tcp</msg>
<var>${SUB2}</var>
<arg>sub2_${layer_tag}</arg>
<doc>Returns the given values which can then be assigned to a variables.</doc>
<status status="PASS" start="2025-07-10T10:48:52.425528" elapsed="0.000115"/>
</kw>
<kw name="Log To Console" owner="BuiltIn">
<arg>\n[INFO] Starting multi pub/sub test with ${layer_tag}</arg>
<doc>Logs the given message to the console.</doc>
<status status="PASS" start="2025-07-10T10:48:52.425707" elapsed="0.000128"/>
</kw>
<kw name="Start Container" owner="MyDockerLibrary">
<arg>${SUB1}</arg>
<arg>${IMAGE}</arg>
<arg>multi_subscriber</arg>
<arg>${layer_tag}</arg>
<arg>${TOPIC}</arg>
<arg>network=${NETWORK}</arg>
<status status="PASS" start="2025-07-10T10:48:52.425921" elapsed="0.131533"/>
</kw>
<kw name="Start Container" owner="MyDockerLibrary">
<arg>${SUB2}</arg>
<arg>${IMAGE}</arg>
<arg>multi_subscriber2</arg>
<arg>${layer_tag}</arg>
<arg>${TOPIC}</arg>
<arg>network=${NETWORK}</arg>
<status status="PASS" start="2025-07-10T10:48:52.557609" elapsed="0.120320"/>
</kw>
<kw name="Start Container" owner="MyDockerLibrary">
<arg>${PUB1}</arg>
<arg>${IMAGE}</arg>
<arg>multi_publisher</arg>
<arg>${layer_tag}</arg>
<arg>${TOPIC}</arg>
<arg>network=${NETWORK}</arg>
<status status="PASS" start="2025-07-10T10:48:52.678100" elapsed="0.133268"/>
</kw>
<kw name="Start Container" owner="MyDockerLibrary">
<arg>${PUB2}</arg>
<arg>${IMAGE}</arg>
<arg>multi_publisher2</arg>
<arg>${layer_tag}</arg>
<arg>${TOPIC}</arg>
<arg>network=${NETWORK}</arg>
<status status="PASS" start="2025-07-10T10:48:52.811553" elapsed="0.120035"/>
</kw>
<kw name="Sleep" owner="BuiltIn">
<msg time="2025-07-10T10:49:10.932108" level="INFO">Slept 18 seconds.</msg>
<arg>18s</arg>
<doc>Pauses the test executed for the given time.</doc>
<status status="PASS" start="2025-07-10T10:48:52.931804" elapsed="18.000421"/>
</kw>
<kw name="Get Container Logs" owner="MyDockerLibrary">
<msg time="2025-07-10T10:49:10.935270" level="INFO">${log1} = [Entrypoint] Starting multi_subscriber in mode network_tcp
[Subscriber 1] Waiting for messages...

1752144545716 ms | b608a171d766 | multi_subscriber | 7 | error | CTCPReaderLayer - TCPPubSub (Error) ...</msg>
<var>${log1}</var>
<arg>${SUB1}</arg>
<status status="PASS" start="2025-07-10T10:49:10.932405" elapsed="0.002890"/>
</kw>
<kw name="Log To Console" owner="BuiltIn">
<arg>\n[CONTAINER LOG: SUBSCRIBER 1]\n${log1}</arg>
<doc>Logs the given message to the console.</doc>
<status status="PASS" start="2025-07-10T10:49:10.935416" elapsed="0.000182"/>
</kw>
<kw name="Log" owner="BuiltIn">
<msg time="2025-07-10T10:49:10.935846" level="INFO">
[CONTAINER LOG: SUBSCRIBER 1]
[Entrypoint] Starting multi_subscriber in mode network_tcp
[Subscriber 1] Waiting for messages...

1752144545716 ms | b608a171d766 | multi_subscriber | 7 | error | CTCPReaderLayer - TCPPubSub (Error) -SubscriberSession 172.18.0.2:43380-&gt;03e9aad62bb8:39061: Error reading header length: End of file
1752144545716 ms | b608a171d766 | multi_subscriber | 7 | warning | CTCPReaderLayer - TCPPubSub (Warning) -SubscriberSession 172.18.0.2:43316: Failed connecting to publisher 03e9aad62bb8:39061: Connection refused
1752144545717 ms | b608a171d766 | multi_subscriber | 7 | warning | CTCPReaderLayer - TCPPubSub (Warning) -SubscriberSession 172.18.0.2:43330: Failed connecting to publisher 03e9aad62bb8:39061: Connection refused
1752144545718 ms | b608a171d766 | multi_subscriber | 7 | warning | CTCPReaderLayer - TCPPubSub (Warning) -SubscriberSession 172.18.0.2:43342: Failed connecting to publisher 03e9aad62bb8:39061: Connection refused
1752144545718 ms | b608a171d766 | multi_subscriber | 7 | warning | CTCPReaderLayer - TCPPubSub (Warning) -SubscriberSession 172.18.0.2:43352: Failed connecting to publisher 03e9aad62bb8:39061: Connection refused
1752144545719 ms | b608a171d766 | multi_subscriber | 7 | warning | CTCPReaderLayer - TCPPubSub (Warning) -SubscriberSession 172.18.0.2:43366: Failed connecting to publisher 03e9aad62bb8:39061: Connection refused
1752144545736 ms | b608a171d766 | multi_subscriber | 7 | error | CTCPReaderLayer - TCPPubSub (Error) -SubscriberSession 172.18.0.2:41110-&gt;d550a2bfe49e:39249: Error reading header length: End of file
1752144545738 ms | b608a171d766 | multi_subscriber | 7 | warning | CTCPReaderLayer - TCPPubSub (Warning) -SubscriberSession 172.18.0.2:56604: Failed connecting to publisher d550a2bfe49e:39249: Connection refused
1752144545739 ms | b608a171d766 | multi_subscriber | 7 | warning | CTCPReaderLayer - TCPPubSub (Warning) -SubscriberSession 172.18.0.2:56618: Failed connecting to publisher d550a2bfe49e:39249: Connection refused
1752144545739 ms | b608a171d766 | multi_subscriber | 7 | warning | CTCPReaderLayer - TCPPubSub (Warning) -SubscriberSession 172.18.0.2:56628: Failed connecting to publisher d550a2bfe49e:39249: Connection refused
1752144545740 ms | b608a171d766 | multi_subscriber | 7 | warning | CTCPReaderLayer - TCPPubSub (Warning) -SubscriberSession 172.18.0.2:56632: Failed connecting to publisher d550a2bfe49e:39249: Connection refused
1752144545741 ms | b608a171d766 | multi_subscriber | 7 | warning | CTCPReaderLayer - TCPPubSub (Warning) -SubscriberSession 172.18.0.2:56646: Failed connecting to publisher d550a2bfe49e:39249: Connection refused

=== [Subscriber 1] Received Message Summary ===
PUB1 messages (42):--------------&gt; 10/10
PUB2 messages (43):-------------&gt; 10/10
[Subscriber 1] [✓] Received messages from both publishers.

</msg>
<arg>\n[CONTAINER LOG: SUBSCRIBER 1]\n${log1}</arg>
<doc>Logs the given message with the given level.</doc>
<status status="PASS" start="2025-07-10T10:49:10.935713" elapsed="0.000185"/>
</kw>
<kw name="Get Container Logs" owner="MyDockerLibrary">
<msg time="2025-07-10T10:49:10.938387" level="INFO">${log2} = [Entrypoint] Starting multi_subscriber2 in mode network_tcp
[Subscriber 2] Waiting for messages...
1752144545716 ms | 56549bd06440 | multi_subscriber | 7 | error | CTCPReaderLayer - TCPPubSub (Error) ...</msg>
<var>${log2}</var>
<arg>${SUB2}</arg>
<status status="PASS" start="2025-07-10T10:49:10.935970" elapsed="0.002442"/>
</kw>
<kw name="Log To Console" owner="BuiltIn">
<arg>\n[CONTAINER LOG: SUBSCRIBER 2]\n${log2}</arg>
<doc>Logs the given message to the console.</doc>
<status status="PASS" start="2025-07-10T10:49:10.938497" elapsed="0.000162"/>
</kw>
<kw name="Log" owner="BuiltIn">
<msg time="2025-07-10T10:49:10.938881" level="INFO">
[CONTAINER LOG: SUBSCRIBER 1]
[Entrypoint] Starting multi_subscriber2 in mode network_tcp
[Subscriber 2] Waiting for messages...
1752144545716 ms | 56549bd06440 | multi_subscriber | 7 | error | CTCPReaderLayer - TCPPubSub (Error) -SubscriberSession 172.18.0.3:47310-&gt;03e9aad62bb8:39061: Error reading header length: End of file
1752144545716 ms | 56549bd06440 | multi_subscriber | 7 | warning | CTCPReaderLayer - TCPPubSub (Warning) -SubscriberSession 172.18.0.3:46422: Failed connecting to publisher 03e9aad62bb8:39061: Connection refused
1752144545717 ms | 56549bd06440 | multi_subscriber | 7 | warning | CTCPReaderLayer - TCPPubSub (Warning) -SubscriberSession 172.18.0.3:46428: Failed connecting to publisher 03e9aad62bb8:39061: Connection refused
1752144545718 ms | 56549bd06440 | multi_subscriber | 7 | warning | CTCPReaderLayer - TCPPubSub (Warning) -SubscriberSession 172.18.0.3:46434: Failed connecting to publisher 03e9aad62bb8:39061: Connection refused
1752144545718 ms | 56549bd06440 | multi_subscriber | 7 | warning | CTCPReaderLayer - TCPPubSub (Warning) -SubscriberSession 172.18.0.3:46446: Failed connecting to publisher 03e9aad62bb8:39061: Connection refused
1752144545719 ms | 56549bd06440 | multi_subscriber | 7 | warning | CTCPReaderLayer - TCPPubSub (Warning) -SubscriberSession 172.18.0.3:46454: Failed connecting to publisher 03e9aad62bb8:39061: Connection refused
1752144545736 ms | 56549bd06440 | multi_subscriber | 7 | error | CTCPReaderLayer - TCPPubSub (Error) -SubscriberSession 172.18.0.3:45704-&gt;d550a2bfe49e:39249: Error reading header length: End of file
1752144545737 ms | 56549bd06440 | multi_subscriber | 7 | warning | CTCPReaderLayer - TCPPubSub (Warning) -SubscriberSession 172.18.0.3:47626: Failed connecting to publisher d550a2bfe49e:39249: Connection refused
1752144545738 ms | 56549bd06440 | multi_subscriber | 7 | warning | CTCPReaderLayer - TCPPubSub (Warning) -SubscriberSession 172.18.0.3:47628: Failed connecting to publisher d550a2bfe49e:39249: Connection refused
1752144545739 ms | 56549bd06440 | multi_subscriber | 7 | warning | CTCPReaderLayer - TCPPubSub (Warning) -SubscriberSession 172.18.0.3:47640: Failed connecting to publisher d550a2bfe49e:39249: Connection refused
1752144545740 ms | 56549bd06440 | multi_subscriber | 7 | warning | CTCPReaderLayer - TCPPubSub (Warning) -SubscriberSession 172.18.0.3:47654: Failed connecting to publisher d550a2bfe49e:39249: Connection refused
1752144545741 ms | 56549bd06440 | multi_subscriber | 7 | warning | CTCPReaderLayer - TCPPubSub (Warning) -SubscriberSession 172.18.0.3:47668: Failed connecting to publisher d550a2bfe49e:39249: Connection refused

=== [Subscriber 2] Received Message Summary ===
PUB1 messages (42):--------------&gt; 10/10
PUB2 messages (43):-------------&gt; 10/10
[Subscriber 2] [✓] Received messages from both publishers.

</msg>
<arg>\n[CONTAINER LOG: SUBSCRIBER 1]\n${log2}</arg>
<doc>Logs the given message with the given level.</doc>
<status status="PASS" start="2025-07-10T10:49:10.938769" elapsed="0.000205"/>
</kw>
<kw name="Wait For Container Exit" owner="MyDockerLibrary">
<arg>${SUB1}</arg>
<status status="PASS" start="2025-07-10T10:49:10.939048" elapsed="0.001016"/>
</kw>
<kw name="Wait For Container Exit" owner="MyDockerLibrary">
<arg>${SUB2}</arg>
<status status="PASS" start="2025-07-10T10:49:10.940146" elapsed="0.000994"/>
</kw>
<kw name="Wait For Container Exit" owner="MyDockerLibrary">
<arg>${PUB1}</arg>
<status status="PASS" start="2025-07-10T10:49:10.941223" elapsed="0.000951"/>
</kw>
<kw name="Wait For Container Exit" owner="MyDockerLibrary">
<arg>${PUB2}</arg>
<status status="PASS" start="2025-07-10T10:49:10.942254" elapsed="0.000984"/>
</kw>
<kw name="Wait For Container Exit" owner="MyDockerLibrary">
<msg time="2025-07-10T10:49:10.944211" level="INFO">${exit1} = 0</msg>
<var>${exit1}</var>
<arg>${SUB1}</arg>
<status status="PASS" start="2025-07-10T10:49:10.943349" elapsed="0.000885"/>
</kw>
<kw name="Wait For Container Exit" owner="MyDockerLibrary">
<msg time="2025-07-10T10:49:10.945365" level="INFO">${exit2} = 0</msg>
<var>${exit2}</var>
<arg>${SUB2}</arg>
<status status="PASS" start="2025-07-10T10:49:10.944313" elapsed="0.001076"/>
</kw>
<kw name="Should Be Equal As Integers" owner="BuiltIn">
<msg time="2025-07-10T10:49:10.945607" level="INFO">Argument types are:
&lt;class 'int'&gt;
&lt;class 'str'&gt;</msg>
<arg>${exit1}</arg>
<arg>0</arg>
<arg>Subscriber 1 failed!</arg>
<doc>Fails if objects are unequal after converting them to integers.</doc>
<status status="PASS" start="2025-07-10T10:49:10.945472" elapsed="0.000179"/>
</kw>
<kw name="Should Be Equal As Integers" owner="BuiltIn">
<msg time="2025-07-10T10:49:10.945833" level="INFO">Argument types are:
&lt;class 'int'&gt;
&lt;class 'str'&gt;</msg>
<arg>${exit2}</arg>
<arg>0</arg>
<arg>Subscriber 2 failed!</arg>
<doc>Fails if objects are unequal after converting them to integers.</doc>
<status status="PASS" start="2025-07-10T10:49:10.945728" elapsed="0.000143"/>
</kw>
<kw name="Log Test Summary" owner="MyDockerLibrary">
<arg>Multi Pub/Sub Test ${layer_tag}</arg>
<arg>${True}</arg>
<status status="PASS" start="2025-07-10T10:49:10.945943" elapsed="0.000142"/>
</kw>
<kw name="Stop Container" owner="MyDockerLibrary">
<arg>${SUB1}</arg>
<status status="PASS" start="2025-07-10T10:49:10.946177" elapsed="0.004962"/>
</kw>
<kw name="Stop Container" owner="MyDockerLibrary">
<arg>${SUB2}</arg>
<status status="PASS" start="2025-07-10T10:49:10.951224" elapsed="0.005088"/>
</kw>
<kw name="Stop Container" owner="MyDockerLibrary">
<arg>${PUB1}</arg>
<status status="PASS" start="2025-07-10T10:49:10.956430" elapsed="0.004994"/>
</kw>
<kw name="Stop Container" owner="MyDockerLibrary">
<arg>${PUB2}</arg>
<status status="PASS" start="2025-07-10T10:49:10.961509" elapsed="0.006113"/>
</kw>
<kw name="Sleep" owner="BuiltIn">
<msg time="2025-07-10T10:49:11.967978" level="INFO">Slept 1 second.</msg>
<arg>1s</arg>
<doc>Pauses the test executed for the given time.</doc>
<status status="PASS" start="2025-07-10T10:49:10.967729" elapsed="1.000348"/>
</kw>
<arg>network_tcp</arg>
<arg>network</arg>
<status status="PASS" start="2025-07-10T10:48:52.424201" elapsed="19.543969"/>
</kw>
<tag>multi_pub_sub_network_tcp</tag>
<status status="PASS" start="2025-07-10T10:48:52.423760" elapsed="19.544526"/>
</test>
<status status="FAIL" start="2025-07-10T10:47:43.823309" elapsed="88.146347"/>
</suite>
<suite id="s1-s3" name="Network Crash" source="/home/runner/work/ECAL_Test_Framework/ECAL_Test_Framework/integration_tests/network_crash/robottests/network_crash.robot">
<kw name="Init Test Context" type="SETUP">
<kw name="Set Test Context" owner="GlobalPathsLibrary">
<arg>network_crash</arg>
<arg>network_crash</arg>
<doc>Sets the test folder and tag prefix if it's a valid test case.
The folder must exist under integration_tests/ and contain typical test structure.</doc>
<status status="PASS" start="2025-07-10T10:49:11.972989" elapsed="0.000138"/>
</kw>
<kw name="Get Build Script Path" owner="GlobalPathsLibrary">
<msg time="2025-07-10T10:49:11.973300" level="INFO">${build} = /home/runner/work/ECAL_Test_Framework/ECAL_Test_Framework/integration_tests/network_crash/scripts/build_images.sh</msg>
<var>${build}</var>
<status status="PASS" start="2025-07-10T10:49:11.973207" elapsed="0.000133"/>
</kw>
<kw name="Get Network Name" owner="GlobalPathsLibrary">
<msg time="2025-07-10T10:49:11.973492" level="INFO">${net} = ecal_test_net</msg>
<var>${net}</var>
<status status="PASS" start="2025-07-10T10:49:11.973412" elapsed="0.000096"/>
</kw>
<kw name="Get Build Script Args" owner="GlobalPathsLibrary">
<msg time="2025-07-10T10:49:11.973642" level="INFO">${args} = ['network_crash']</msg>
<var>${args}</var>
<status status="PASS" start="2025-07-10T10:49:11.973568" elapsed="0.000090"/>
</kw>
[...]
[Publisher] Waiting for at least 2 subscriber(s) on topic: test_topic
[Publisher] Found 2 subscriber(s). Pr...</msg>
<var>${log3}</var>
<arg>${PUBLISHER}</arg>
<status status="PASS" start="2025-07-10T10:57:04.074824" elapsed="0.002176"/>
</kw>
<kw name="Log To Console" owner="BuiltIn">
<arg>\n[LOG: SUBSCRIBER]\n${log1}</arg>
<doc>Logs the given message to the console.</doc>
<status status="PASS" start="2025-07-10T10:57:04.077087" elapsed="0.000162"/>
</kw>
<kw name="Log To Console" owner="BuiltIn">
<arg>\n[LOG: CRASH_SUBSCRIBER]\n${log2}</arg>
<doc>Logs the given message to the console.</doc>
<status status="PASS" start="2025-07-10T10:57:04.077380" elapsed="0.000144"/>
</kw>
<kw name="Log To Console" owner="BuiltIn">
<arg>\n[LOG: PUBLISHER]\n${log3}</arg>
<doc>Logs the given message to the console.</doc>
<status status="PASS" start="2025-07-10T10:57:04.077625" elapsed="0.000187"/>
</kw>
<kw name="Log" owner="BuiltIn">
<msg time="2025-07-10T10:57:04.078068" level="INFO">
[LOG: SUBSCRIBER]
[Entrypoint] Starting stable subscriber in mode network_udp
[Test_Sub] Ready and waiting...
[Test_Sub] Received 52428800 bytes (message 1)
[Test_Sub] Received 52428800 bytes (message 2)
[Test_Sub] Received 52428800 bytes (message 3)
[✓] Received 3 messages.
</msg>
<arg>\n[LOG: SUBSCRIBER]\n${log1}</arg>
<doc>Logs the given message with the given level.</doc>
<status status="PASS" start="2025-07-10T10:57:04.077925" elapsed="0.000192"/>
</kw>
<kw name="Log" owner="BuiltIn">
<msg time="2025-07-10T10:57:04.078293" level="INFO">
[LOG: CRASH_SUBSCRIBER]
[Entrypoint] Starting crashing subscriber in mode network_udp
[Crash_Sub] Listening to topic 'test_topic' in mode 'network_udp'
[Crash_Sub] Received 52428800 bytes
[Crash_Sub] Simulating crash after 2 seconds during active reception
./entrypoint.sh: line 62:     8 Aborted                 (core dumped) ./crash_send_subscriber $ARGS $EXTRA
</msg>
<arg>\n[LOG: CRASH_SUBSCRIBER]\n${log2}</arg>
<doc>Logs the given message with the given level.</doc>
<status status="PASS" start="2025-07-10T10:57:04.078200" elapsed="0.000145"/>
</kw>
<kw name="Log" owner="BuiltIn">
<msg time="2025-07-10T10:57:04.078507" level="INFO">
[LOG: PUBLISHER]
[Entrypoint] Starting large publisher in mode network_udp
[Publisher] Prepared 50MB message.
[Publisher] Waiting for at least 2 subscriber(s) on topic: test_topic
[Publisher] Found 2 subscriber(s). Proceeding to send messages.
[Publisher] Subscriber detected. Starting to send.
[Publisher] Send result: ✓, size: 52428800 bytes
[Publisher] Send result: ✓, size: 52428800 bytes
[Publisher] Send result: ✓, size: 52428800 bytes
[Publisher] Finished sending.
</msg>
<arg>\n[LOG: PUBLISHER]\n${log3}</arg>
<doc>Logs the given message with the given level.</doc>
<status status="PASS" start="2025-07-10T10:57:04.078416" elapsed="0.000123"/>
</kw>
<kw name="Wait For Container Exit" owner="MyDockerLibrary">
<msg time="2025-07-10T10:57:04.079494" level="INFO">${exit1} = 0</msg>
<var>${exit1}</var>
<arg>${SUB_OK}</arg>
<status status="PASS" start="2025-07-10T10:57:04.078605" elapsed="0.000912"/>
</kw>
<kw name="Should Be Equal As Integers" owner="BuiltIn">
<msg time="2025-07-10T10:57:04.079721" level="INFO">Argument types are:
&lt;class 'int'&gt;
&lt;class 'str'&gt;</msg>
<arg>${exit1}</arg>
<arg>0</arg>
<arg>Stable subscriber failed unexpectedly!</arg>
<doc>Fails if objects are unequal after converting them to integers.</doc>
<status status="PASS" start="2025-07-10T10:57:04.079596" elapsed="0.000167"/>
</kw>
<kw name="Log Test Summary" owner="MyDockerLibrary">
<arg>Network Crash Receive Test ${layer_tag}</arg>
<arg>${True}</arg>
<status status="PASS" start="2025-07-10T10:57:04.079835" elapsed="0.000145"/>
</kw>
<kw name="Stop Container" owner="MyDockerLibrary">
<arg>${SUB_OK}</arg>
<status status="PASS" start="2025-07-10T10:57:04.080061" elapsed="0.004800"/>
</kw>
<kw name="Stop Container" owner="MyDockerLibrary">
<arg>${SUB_CRASH}</arg>
<status status="PASS" start="2025-07-10T10:57:04.084946" elapsed="0.005085"/>
</kw>
<kw name="Stop Container" owner="MyDockerLibrary">
<arg>${PUBLISHER}</arg>
<status status="PASS" start="2025-07-10T10:57:04.090152" elapsed="0.005118"/>
</kw>
<arg>network_udp</arg>
<arg>network</arg>
<status status="PASS" start="2025-07-10T10:56:32.866804" elapsed="31.228551"/>
</kw>
<tag>crash_receive_network_udp</tag>
<status status="PASS" start="2025-07-10T10:56:32.866395" elapsed="31.229056"/>
</test>
<test id="s1-s9-t4" name="Crash During Reception (Network TCP)" line="58">
<kw name="Run Network Crash Receive Test">
<kw name="Set Variable" owner="BuiltIn">
<msg time="2025-07-10T10:57:04.096983" level="INFO">${IMAGE} = sub_send_crash_network_tcp</msg>
<var>${IMAGE}</var>
<arg>${BASE_IMAGE}_${layer_tag}</arg>
<doc>Returns the given values which can then be assigned to a variables.</doc>
<status status="PASS" start="2025-07-10T10:57:04.096848" elapsed="0.000156"/>
</kw>
<kw name="Set Variable" owner="BuiltIn">
<msg time="2025-07-10T10:57:04.097158" level="INFO">${TOPIC} = test_topic</msg>
<var>${TOPIC}</var>
<arg>test_topic</arg>
<doc>Returns the given values which can then be assigned to a variables.</doc>
<status status="PASS" start="2025-07-10T10:57:04.097077" elapsed="0.000099"/>
</kw>
<kw name="Set Variable" owner="BuiltIn">
<msg time="2025-07-10T10:57:04.097385" level="INFO">${SUB_OK} = sub_ok_network_tcp</msg>
<var>${SUB_OK}</var>
<arg>sub_ok_${layer_tag}</arg>
<doc>Returns the given values which can then be assigned to a variables.</doc>
<status status="PASS" start="2025-07-10T10:57:04.097241" elapsed="0.000165"/>
</kw>
<kw name="Set Variable" owner="BuiltIn">
<msg time="2025-07-10T10:57:04.097583" level="INFO">${SUB_CRASH} = sub_crash_network_tcp</msg>
<var>${SUB_CRASH}</var>
<arg>sub_crash_${layer_tag}</arg>
<doc>Returns the given values which can then be assigned to a variables.</doc>
<status status="PASS" start="2025-07-10T10:57:04.097477" elapsed="0.000124"/>
</kw>
<kw name="Set Variable" owner="BuiltIn">
<msg time="2025-07-10T10:57:04.097767" level="INFO">${PUBLISHER} = pub_network_tcp</msg>
<var>${PUBLISHER}</var>
<arg>pub_${layer_tag}</arg>
<doc>Returns the given values which can then be assigned to a variables.</doc>
<status status="PASS" start="2025-07-10T10:57:04.097666" elapsed="0.000118"/>
</kw>
<kw name="Log To Console" owner="BuiltIn">
<arg>\n[INFO] Starting crash test in NETWORK mode: ${layer_tag}</arg>
<doc>Logs the given message to the console.</doc>
<status status="PASS" start="2025-07-10T10:57:04.097847" elapsed="0.000116"/>
</kw>
<kw name="Start Container" owner="MyDockerLibrary">
<arg>${SUB_OK}</arg>
<arg>${IMAGE}</arg>
<arg>test_subscriber</arg>
<arg>${layer_tag}</arg>
<arg>${TOPIC}</arg>
<arg>${SUB_OK}</arg>
<arg>network=${NETWORK}</arg>
<status status="PASS" start="2025-07-10T10:57:04.098063" elapsed="0.128972"/>
</kw>
<kw name="Start Container" owner="MyDockerLibrary">
<arg>${SUB_CRASH}</arg>
<arg>${IMAGE}</arg>
<arg>crash_subscriber</arg>
<arg>${layer_tag}</arg>
<arg>${TOPIC}</arg>
<arg>${SUB_CRASH}</arg>
<arg>network=${NETWORK}</arg>
<status status="PASS" start="2025-07-10T10:57:04.227212" elapsed="0.121630"/>
</kw>
<kw name="Start Container" owner="MyDockerLibrary">
<arg>${PUBLISHER}</arg>
<arg>${IMAGE}</arg>
<arg>large_publisher</arg>
<arg>${layer_tag}</arg>
<arg>${TOPIC}</arg>
<arg>${PUBLISHER}</arg>
<arg>network=${NETWORK}</arg>
<status status="PASS" start="2025-07-10T10:57:04.349063" elapsed="0.116400"/>
</kw>
<kw name="Wait For Container Exit" owner="MyDockerLibrary">
<arg>${SUB_OK}</arg>
<status status="PASS" start="2025-07-10T10:57:04.465645" elapsed="30.825068"/>
</kw>
<kw name="Wait For Container Exit" owner="MyDockerLibrary">
<arg>${SUB_CRASH}</arg>
<status status="PASS" start="2025-07-10T10:57:35.290875" elapsed="0.001526"/>
</kw>
<kw name="Wait For Container Exit" owner="MyDockerLibrary">
<arg>${PUBLISHER}</arg>
<status status="PASS" start="2025-07-10T10:57:35.292501" elapsed="0.001025"/>
</kw>
<kw name="Get Container Logs" owner="MyDockerLibrary">
<msg time="2025-07-10T10:57:35.295676" level="INFO">${log1} = [Entrypoint] Starting stable subscriber in mode network_tcp
[Test_Sub] Ready and waiting...
[Test_Sub] Received 52428800 bytes (message 1)
[Test_Sub] Received 52428800 bytes (message 2)
[Test_Sub] Rec...</msg>
<var>${log1}</var>
<arg>${SUB_OK}</arg>
<status status="PASS" start="2025-07-10T10:57:35.293613" elapsed="0.002089"/>
</kw>
<kw name="Get Container Logs" owner="MyDockerLibrary">
<msg time="2025-07-10T10:57:35.297792" level="INFO">${log2} = [Entrypoint] Starting crashing subscriber in mode network_tcp
[Crash_Sub] Listening to topic 'test_topic' in mode 'network_tcp'
[Crash_Sub] Received 52428800 bytes
[Crash_Sub] Simulating crash after 2...</msg>
<var>${log2}</var>
<arg>${SUB_CRASH}</arg>
<status status="PASS" start="2025-07-10T10:57:35.295786" elapsed="0.002030"/>
</kw>
<kw name="Get Container Logs" owner="MyDockerLibrary">
<msg time="2025-07-10T10:57:35.299893" level="INFO">${log3} = [Entrypoint] Starting large publisher in mode network_tcp
[Publisher] Prepared 50MB message.
[Publisher] Waiting for at least 2 subscriber(s) on topic: test_topic
1752145025229 ms | b76d972bda5d | lar...</msg>
<var>${log3}</var>
<arg>${PUBLISHER}</arg>
<status status="PASS" start="2025-07-10T10:57:35.297899" elapsed="0.002018"/>
</kw>
<kw name="Log To Console" owner="BuiltIn">
<arg>\n[LOG: SUBSCRIBER]\n${log1}</arg>
<doc>Logs the given message to the console.</doc>
<status status="PASS" start="2025-07-10T10:57:35.300002" elapsed="0.000153"/>
</kw>
<kw name="Log To Console" owner="BuiltIn">
<arg>\n[LOG: CRASH_SUBSCRIBER]\n${log2}</arg>
<doc>Logs the given message to the console.</doc>
<status status="PASS" start="2025-07-10T10:57:35.300263" elapsed="0.000180"/>
</kw>
<kw name="Log To Console" owner="BuiltIn">
<arg>\n[LOG: PUBLISHER]\n${log3}</arg>
<doc>Logs the given message to the console.</doc>
<status status="PASS" start="2025-07-10T10:57:35.300531" elapsed="0.000135"/>
</kw>
<kw name="Log" owner="BuiltIn">
<msg time="2025-07-10T10:57:35.300865" level="INFO">
[LOG: SUBSCRIBER]
[Entrypoint] Starting stable subscriber in mode network_tcp
[Test_Sub] Ready and waiting...
[Test_Sub] Received 52428800 bytes (message 1)
[Test_Sub] Received 52428800 bytes (message 2)
[Test_Sub] Received 52428800 bytes (message 3)
1752145029938 ms | d7af82e344a5 | test_sub | 7 | error | CTCPReaderLayer - TCPPubSub (Error) -SubscriberSession 172.18.0.2:58292-&gt;b76d972bda5d:38533: Error reading header length: End of file
1752145029939 ms | d7af82e344a5 | test_sub | 7 | warning | CTCPReaderLayer - TCPPubSub (Warning) -SubscriberSession 172.18.0.2:58302: Failed connecting to publisher b76d972bda5d:38533: Connection refused
1752145029940 ms | d7af82e344a5 | test_sub | 7 | warning | CTCPReaderLayer - TCPPubSub (Warning) -SubscriberSession 172.18.0.2:58316: Failed connecting to publisher b76d972bda5d:38533: Connection refused
1752145029940 ms | d7af82e344a5 | test_sub | 7 | warning | CTCPReaderLayer - TCPPubSub (Warning) -SubscriberSession 172.18.0.2:58320: Failed connecting to publisher b76d972bda5d:38533: Connection refused
1752145029941 ms | d7af82e344a5 | test_sub | 7 | warning | CTCPReaderLayer - TCPPubSub (Warning) -SubscriberSession 172.18.0.2:58334: Failed connecting to publisher b76d972bda5d:38533: Connection refused
1752145029942 ms | d7af82e344a5 | test_sub | 7 | warning | CTCPReaderLayer - TCPPubSub (Warning) -SubscriberSession 172.18.0.2:58344: Failed connecting to publisher b76d972bda5d:38533: Connection refused
[✓] Received 3 messages.
</msg>
<arg>\n[LOG: SUBSCRIBER]\n${log1}</arg>
<doc>Logs the given message with the given level.</doc>
<status status="PASS" start="2025-07-10T10:57:35.300759" elapsed="0.000150"/>
</kw>
<kw name="Log" owner="BuiltIn">
<msg time="2025-07-10T10:57:35.301065" level="INFO">
[LOG: CRASH_SUBSCRIBER]
[Entrypoint] Starting crashing subscriber in mode network_tcp
[Crash_Sub] Listening to topic 'test_topic' in mode 'network_tcp'
[Crash_Sub] Received 52428800 bytes
[Crash_Sub] Simulating crash after 2 seconds during active reception
./entrypoint.sh: line 62:     7 Aborted                 (core dumped) ./crash_send_subscriber $ARGS $EXTRA
</msg>
<arg>\n[LOG: CRASH_SUBSCRIBER]\n${log2}</arg>
<doc>Logs the given message with the given level.</doc>
<status status="PASS" start="2025-07-10T10:57:35.300978" elapsed="0.000157"/>
</kw>
<kw name="Log" owner="BuiltIn">
<msg time="2025-07-10T10:57:35.301299" level="INFO">
[LOG: PUBLISHER]
[Entrypoint] Starting large publisher in mode network_tcp
[Publisher] Prepared 50MB message.
[Publisher] Waiting for at least 2 subscriber(s) on topic: test_topic
1752145025229 ms | b76d972bda5d | large_publisher | 7 | info | CTCPReaderLayer - TCPPubSub (Info) -Publisher :::0: Created publisher and waiting for clients.
1752145025230 ms | b76d972bda5d | large_publisher | 7 | info | CTCPReaderLayer - TCPPubSub (Info) -Publisher :::38533: Subscriber ::ffff:172.18.0.3:48782 has connected.
1752145025230 ms | b76d972bda5d | large_publisher | 7 | info | CTCPReaderLayer - TCPPubSub (Info) -Publisher :::38533: Subscriber ::ffff:172.18.0.2:58292 has connected.
[Publisher] Found 2 subscriber(s). Proceeding to send messages.
[Publisher] Subscriber detected. Starting to send.
[Publisher] Send result: ✓, size: 52428800 bytes
1752145027921 ms | b76d972bda5d | large_publisher | 7 | warning | CTCPReaderLayer - TCPPubSub (Warning) -PublisherSession ::ffff:172.18.0.4:38533-&gt;?: Failed sending data: Broken pipe
[Publisher] Send result: ✓, size: 52428800 bytes
[Publisher] Send result: ✓, size: 52428800 bytes
[Publisher] Finished sending.
</msg>
<arg>\n[LOG: PUBLISHER]\n${log3}</arg>
<doc>Logs the given message with the given level.</doc>
<status status="PASS" start="2025-07-10T10:57:35.301205" elapsed="0.000169"/>
</kw>
<kw name="Wait For Container Exit" owner="MyDockerLibrary">
<msg time="2025-07-10T10:57:35.302288" level="INFO">${exit1} = 0</msg>
<var>${exit1}</var>
<arg>${SUB_OK}</arg>
<status status="PASS" start="2025-07-10T10:57:35.301447" elapsed="0.000864"/>
</kw>
<kw name="Should Be Equal As Integers" owner="BuiltIn">
<msg time="2025-07-10T10:57:35.302551" level="INFO">Argument types are:
&lt;class 'int'&gt;
&lt;class 'str'&gt;</msg>
<arg>${exit1}</arg>
<arg>0</arg>
<arg>Stable subscriber failed unexpectedly!</arg>
<doc>Fails if objects are unequal after converting them to integers.</doc>
<status status="PASS" start="2025-07-10T10:57:35.302423" elapsed="0.000171"/>
</kw>
<kw name="Log Test Summary" owner="MyDockerLibrary">
<arg>Network Crash Receive Test ${layer_tag}</arg>
<arg>${True}</arg>
<status status="PASS" start="2025-07-10T10:57:35.302668" elapsed="0.000145"/>
</kw>
<kw name="Stop Container" owner="MyDockerLibrary">
<arg>${SUB_OK}</arg>
<status status="PASS" start="2025-07-10T10:57:35.302898" elapsed="0.004896"/>
</kw>
<kw name="Stop Container" owner="MyDockerLibrary">
<arg>${SUB_CRASH}</arg>
<status status="PASS" start="2025-07-10T10:57:35.307878" elapsed="0.004582"/>
</kw>
<kw name="Stop Container" owner="MyDockerLibrary">
<arg>${PUBLISHER}</arg>
<status status="PASS" start="2025-07-10T10:57:35.312545" elapsed="0.005388"/>
</kw>
<arg>network_tcp</arg>
<arg>network</arg>
<status status="PASS" start="2025-07-10T10:57:04.096650" elapsed="31.221343"/>
</kw>
<tag>crash_receive_network_tcp</tag>
<status status="PASS" start="2025-07-10T10:57:04.096227" elapsed="31.221859"/>
</test>
<status status="PASS" start="2025-07-10T10:55:10.621725" elapsed="144.697171"/>
</suite>
<status status="FAIL" start="2025-07-10T10:46:34.840411" elapsed="660.479231"/>
</suite>
<statistics>
<total>
<stat pass="21" fail="4" skip="0">All Tests</stat>
</total>
<tag>
<stat pass="1" fail="0" skip="0">basic_pub_sub_local_shm</stat>
<stat pass="1" fail="0" skip="0">basic_pub_sub_local_tcp</stat>
<stat pass="1" fail="0" skip="0">basic_pub_sub_local_udp</stat>
<stat pass="1" fail="0" skip="0">basic_pub_sub_network_tcp</stat>
<stat pass="1" fail="0" skip="0">basic_pub_sub_network_udp</stat>
<stat pass="1" fail="0" skip="0">crash_receive_local_shm</stat>
<stat pass="1" fail="0" skip="0">crash_receive_local_tcp</stat>
<stat pass="1" fail="0" skip="0">crash_receive_network_tcp</stat>
<stat pass="1" fail="0" skip="0">crash_receive_network_udp</stat>
<stat pass="0" fail="1" skip="0">multi_pub_sub_local_shm</stat>
<stat pass="1" fail="0" skip="0">multi_pub_sub_local_udp</stat>
<stat pass="1" fail="0" skip="0">multi_pub_sub_network_tcp</stat>
<stat pass="1" fail="0" skip="0">multi_pub_sub_network_udp</stat>
<stat pass="1" fail="0" skip="0">network_crash_test</stat>
<stat pass="1" fail="0" skip="0">pub_crash_local_shm</stat>
<stat pass="2" fail="0" skip="0">pub_crash_network_tcp</stat>
<stat pass="1" fail="0" skip="0">pub_crash_network_udp</stat>
<stat pass="0" fail="1" skip="0">rpc_n_to_n_test</stat>
<stat pass="0" fail="1" skip="0">rpc_reconnect</stat>
<stat pass="0" fail="1" skip="0">rpc_server_client_ping_test</stat>
<stat pass="1" fail="0" skip="0">sub_crash_local_shm</stat>
<stat pass="1" fail="0" skip="0">sub_crash_local_tcp</stat>
<stat pass="1" fail="0" skip="0">sub_crash_local_udp</stat>
<stat pass="1" fail="0" skip="0">sub_crash_network_udp</stat>
</tag>
<suite>
<stat name="Basic Pub Sub &amp; Multi Pub Sub &amp; Network Crash &amp; Pub Crash &amp; Rpc N To N Test &amp; Rpc Ping Test &amp; Rpc Reconnect Test &amp; Sub Crash &amp; Sub Send Crash" id="s1" pass="21" fail="4" skip="0">Basic Pub Sub &amp; Multi Pub Sub &amp; Network Crash &amp; Pub Crash &amp; Rpc N To N Test &amp; Rpc Ping Test &amp; Rpc Reconnect Test &amp; Sub Crash &amp; Sub Send Crash</stat>
<stat name="Basic Pub Sub" id="s1-s1" pass="5" fail="0" skip="0">Basic Pub Sub &amp; Multi Pub Sub &amp; Network Crash &amp; Pub Crash &amp; Rpc N To N Test &amp; Rpc Ping Test &amp; Rpc Reconnect Test &amp; Sub Crash &amp; Sub Send Crash.Basic Pub Sub</stat>
<stat name="Multi Pub Sub" id="s1-s2" pass="3" fail="1" skip="0">Basic Pub Sub &amp; Multi Pub Sub &amp; Network Crash &amp; Pub Crash &amp; Rpc N To N Test &amp; Rpc Ping Test &amp; Rpc Reconnect Test &amp; Sub Crash &amp; Sub Send Crash.Multi Pub Sub</stat>
<stat name="Network Crash" id="s1-s3" pass="1" fail="0" skip="0">Basic Pub Sub &amp; Multi Pub Sub &amp; Network Crash &amp; Pub Crash &amp; Rpc N To N Test &amp; Rpc Ping Test &amp; Rpc Reconnect Test &amp; Sub Crash &amp; Sub Send Crash.Network Crash</stat>
<stat name="Pub Crash" id="s1-s4" pass="3" fail="0" skip="0">Basic Pub Sub &amp; Multi Pub Sub &amp; Network Crash &amp; Pub Crash &amp; Rpc N To N Test &amp; Rpc Ping Test &amp; Rpc Reconnect Test &amp; Sub Crash &amp; Sub Send Crash.Pub Crash</stat>
<stat name="Rpc N To N Test" id="s1-s5" pass="0" fail="1" skip="0">Basic Pub Sub &amp; Multi Pub Sub &amp; Network Crash &amp; Pub Crash &amp; Rpc N To N Test &amp; Rpc Ping Test &amp; Rpc Reconnect Test &amp; Sub Crash &amp; Sub Send Crash.Rpc N To N Test</stat>
<stat name="Rpc Ping Test" id="s1-s6" pass="0" fail="1" skip="0">Basic Pub Sub &amp; Multi Pub Sub &amp; Network Crash &amp; Pub Crash &amp; Rpc N To N Test &amp; Rpc Ping Test &amp; Rpc Reconnect Test &amp; Sub Crash &amp; Sub Send Crash.Rpc Ping Test</stat>
<stat name="Rpc Reconnect Test" id="s1-s7" pass="0" fail="1" skip="0">Basic Pub Sub &amp; Multi Pub Sub &amp; Network Crash &amp; Pub Crash &amp; Rpc N To N Test &amp; Rpc Ping Test &amp; Rpc Reconnect Test &amp; Sub Crash &amp; Sub Send Crash.Rpc Reconnect Test</stat>
<stat name="Sub Crash" id="s1-s8" pass="5" fail="0" skip="0">Basic Pub Sub &amp; Multi Pub Sub &amp; Network Crash &amp; Pub Crash &amp; Rpc N To N Test &amp; Rpc Ping Test &amp; Rpc Reconnect Test &amp; Sub Crash &amp; Sub Send Crash.Sub Crash</stat>
<stat name="Sub Send Crash" id="s1-s9" pass="4" fail="0" skip="0">Basic Pub Sub &amp; Multi Pub Sub &amp; Network Crash &amp; Pub Crash &amp; Rpc N To N Test &amp; Rpc Ping Test &amp; Rpc Reconnect Test &amp; Sub Crash &amp; Sub Send Crash.Sub Send Crash</stat>
</suite>
</statistics>
<errors>
</errors>
</robot>
