<?xml version="1.0" encoding="UTF-8"?>
<robot generator="Robot 7.3 (Python 3.12.3 on linux)" generated="2025-06-13T14:58:55.750330" rpa="false" schemaversion="5">
<suite id="s1" name="Basic Pub Sub &amp; Message Validation &amp; Multi Pub Sub &amp; Network Crash &amp; Pub Crash &amp; Sub Crash &amp; Sub Send Crash">
<suite id="s1-s1" name="Basic Pub Sub" source="/home/runner/work/ECAL_Test_Framework/ECAL_Test_Framework/integration_tests/basic_pub_sub/robottests/basic_pub_sub.robot">
<kw name="Init Test Context" type="SETUP">
<kw name="Set Test Context" owner="GlobalPathsLibrary">
<arg>basic_pub_sub</arg>
<arg>basic_pub_sub</arg>
<doc>Sets the test folder (e.g. basic_pub_sub or message_validation) and tag prefix (e.g. basic_pub_sub).
Should be called once in Suite Setup if you're using non-default test cases.</doc>
<status status="PASS" start="2025-06-13T14:58:55.869533" elapsed="0.000165"/>
</kw>
<kw name="Get Build Script Path" owner="GlobalPathsLibrary">
<msg time="2025-06-13T14:58:55.869943" level="INFO">${build} = /home/runner/work/ECAL_Test_Framework/ECAL_Test_Framework/integration_tests/basic_pub_sub/scripts/build_images.sh</msg>
<var>${build}</var>
<status status="PASS" start="2025-06-13T14:58:55.869809" elapsed="0.000164"/>
</kw>
<kw name="Get Network Name" owner="GlobalPathsLibrary">
<msg time="2025-06-13T14:58:55.870140" level="INFO">${net} = ecal_test_net</msg>
<var>${net}</var>
<status status="PASS" start="2025-06-13T14:58:55.870050" elapsed="0.000116"/>
</kw>
<kw name="Get Build Script Args" owner="GlobalPathsLibrary">
<msg time="2025-06-13T14:58:55.870318" level="INFO">${args} = ['basic_pub_sub']</msg>
<var>${args}</var>
<status status="PASS" start="2025-06-13T14:58:55.870234" elapsed="0.000102"/>
</kw>
<kw name="Set Suite Variable" owner="BuiltIn">
<msg time="2025-06-13T14:58:55.870572" level="INFO">${BUILD_SCRIPT} = /home/runner/work/ECAL_Test_Framework/ECAL_Test_Framework/integration_tests/basic_pub_sub/scripts/build_images.sh</msg>
<arg>${BUILD_SCRIPT}</arg>
<arg>${build}</arg>
<doc>Makes a variable available everywhere within the scope of the current suite.</doc>
<status status="PASS" start="2025-06-13T14:58:55.870414" elapsed="0.000191"/>
</kw>
<kw name="Set Suite Variable" owner="BuiltIn">
<msg time="2025-06-13T14:58:55.870828" level="INFO">${NETWORK} = ecal_test_net</msg>
<arg>${NETWORK}</arg>
<arg>${net}</arg>
<doc>Makes a variable available everywhere within the scope of the current suite.</doc>
<status status="PASS" start="2025-06-13T14:58:55.870695" elapsed="0.000162"/>
</kw>
<kw name="Log To Console" owner="BuiltIn">
<arg>[SETUP] Building Docker image...</arg>
<doc>Logs the given message to the console.</doc>
<status status="PASS" start="2025-06-13T14:58:55.870954" elapsed="0.000102"/>
</kw>
<kw name="Run Process" owner="Process">
<msg time="2025-06-13T14:58:55.871323" level="INFO">Starting process:
/home/runner/work/ECAL_Test_Framework/ECAL_Test_Framework/integration_tests/basic_pub_sub/scripts/build_images.sh basic_pub_sub</msg>
<msg time="2025-06-13T14:58:55.871688" level="INFO">Waiting for process to complete.</msg>
<msg time="2025-06-13T14:59:11.915515" level="INFO">Process completed.</msg>
<msg time="2025-06-13T14:59:11.915688" level="INFO">${result} = &lt;result object with rc 0&gt;</msg>
<var>${result}</var>
<arg>${BUILD_SCRIPT}</arg>
<arg>@{args}</arg>
<doc>Runs a process and waits for it to complete.</doc>
<status status="PASS" start="2025-06-13T14:58:55.871155" elapsed="16.044559"/>
</kw>
<kw name="Should Be Equal As Integers" owner="BuiltIn">
<msg time="2025-06-13T14:59:11.916401" level="INFO">Argument types are:
&lt;class 'int'&gt;
&lt;class 'str'&gt;</msg>
<arg>${result.rc}</arg>
<arg>0</arg>
<arg>Failed to build Docker image!</arg>
<doc>Fails if objects are unequal after converting them to integers.</doc>
<status status="PASS" start="2025-06-13T14:59:11.915869" elapsed="0.000588"/>
</kw>
<kw name="Create Docker Network" owner="MyDockerLibrary">
<arg>${NETWORK}</arg>
<status status="PASS" start="2025-06-13T14:59:11.916544" elapsed="0.045448"/>
</kw>
<kw name="Sleep" owner="BuiltIn">
<msg time="2025-06-13T14:59:14.962470" level="INFO">Slept 3 seconds.</msg>
<arg>3s</arg>
<doc>Pauses the test executed for the given time.</doc>
<status status="PASS" start="2025-06-13T14:59:11.962156" elapsed="3.000446"/>
</kw>
<status status="PASS" start="2025-06-13T14:58:55.869112" elapsed="19.093601"/>
</kw>
<test id="s1-s1-t1" name="Basic Pub/Sub Local SHM" line="26">
<kw name="Run Local Pub Sub Test">
<kw name="Set Variable" owner="BuiltIn">
<msg time="2025-06-13T14:59:14.963934" level="INFO">${IMAGE} = basic_pub_sub_local_shm</msg>
<var>${IMAGE}</var>
<arg>${BASE_IMAGE}_${layer_tag}</arg>
<doc>Returns the given values which can then be assigned to a variables.</doc>
<status status="PASS" start="2025-06-13T14:59:14.963757" elapsed="0.000199"/>
</kw>
<kw name="Set Variable" owner="BuiltIn">
<msg time="2025-06-13T14:59:14.964155" level="INFO">${CONTAINER} = basic_local_local_shm</msg>
<var>${CONTAINER}</var>
<arg>basic_local_${layer_tag}</arg>
<doc>Returns the given values which can then be assigned to a variables.</doc>
<status status="PASS" start="2025-06-13T14:59:14.964037" elapsed="0.000136"/>
</kw>
<kw name="Log To Console" owner="BuiltIn">
<arg>\n[INFO] Running local pub/sub test in mode: ${layer_tag}</arg>
<doc>Logs the given message to the console.</doc>
<status status="PASS" start="2025-06-13T14:59:14.964244" elapsed="0.000129"/>
</kw>
<kw name="Start Container" owner="MyDockerLibrary">
<arg>${CONTAINER}</arg>
<arg>${IMAGE}</arg>
<arg>local</arg>
<arg>${layer_tag}</arg>
<arg>test_topic</arg>
<arg>${CONTAINER}</arg>
<status status="PASS" start="2025-06-13T14:59:14.964456" elapsed="0.116199"/>
</kw>
<kw name="Wait For Container Exit" owner="MyDockerLibrary">
<msg time="2025-06-13T14:59:30.144163" level="INFO">${exit_code} = 1</msg>
<var>${exit_code}</var>
<arg>${CONTAINER}</arg>
<status status="PASS" start="2025-06-13T14:59:15.080851" elapsed="15.063366"/>
</kw>
<kw name="Should Be Equal As Integers" owner="BuiltIn">
<msg time="2025-06-13T14:59:30.144684" level="INFO">Argument types are:
&lt;class 'int'&gt;
&lt;class 'str'&gt;</msg>
<msg time="2025-06-13T14:59:30.144850" level="FAIL">Local communication test failed!: 1 != 0</msg>
<arg>${exit_code}</arg>
<arg>0</arg>
<arg>Local communication test failed!</arg>
<doc>Fails if objects are unequal after converting them to integers.</doc>
<status status="FAIL" start="2025-06-13T14:59:30.144422" elapsed="0.000836">Local communication test failed!: 1 != 0</status>
</kw>
<kw name="Get Container Logs" owner="MyDockerLibrary">
<var>${logs}</var>
<arg>${CONTAINER}</arg>
<status status="NOT RUN" start="2025-06-13T14:59:30.145410" elapsed="0.000029"/>
</kw>
<kw name="Log To Console" owner="BuiltIn">
<arg>\n[CONTAINER LOG: LOCAL PUB+SUB]\n${logs}</arg>
<doc>Logs the given message to the console.</doc>
<status status="NOT RUN" start="2025-06-13T14:59:30.145560" elapsed="0.000025"/>
</kw>
<kw name="Log Test Summary" owner="MyDockerLibrary">
<arg>Basic Pub/Sub Local ${layer_tag}</arg>
<arg>${True}</arg>
<status status="NOT RUN" start="2025-06-13T14:59:30.145683" elapsed="0.000023"/>
</kw>
<kw name="Stop Container" owner="MyDockerLibrary">
<arg>${CONTAINER}</arg>
<status status="NOT RUN" start="2025-06-13T14:59:30.145808" elapsed="0.000023"/>
</kw>
<kw name="Sleep" owner="BuiltIn">
<arg>1s</arg>
<doc>Pauses the test executed for the given time.</doc>
<status status="NOT RUN" start="2025-06-13T14:59:30.145941" elapsed="0.000021"/>
</kw>
<arg>local_shm</arg>
<status status="FAIL" start="2025-06-13T14:59:14.963458" elapsed="15.182628">Local communication test failed!: 1 != 0</status>
</kw>
<tag>basic_pub_sub_local_shm</tag>
<status status="FAIL" start="2025-06-13T14:59:14.962808" elapsed="15.183484">Local communication test failed!: 1 != 0</status>
</test>
<test id="s1-s1-t2" name="Basic Pub/Sub Local UDP" line="30">
<kw name="Run Local Pub Sub Test">
<kw name="Set Variable" owner="BuiltIn">
<msg time="2025-06-13T14:59:30.147833" level="INFO">${IMAGE} = basic_pub_sub_local_udp</msg>
<var>${IMAGE}</var>
<arg>${BASE_IMAGE}_${layer_tag}</arg>
<doc>Returns the given values which can then be assigned to a variables.</doc>
<status status="PASS" start="2025-06-13T14:59:30.147665" elapsed="0.000189"/>
</kw>
<kw name="Set Variable" owner="BuiltIn">
<msg time="2025-06-13T14:59:30.148131" level="INFO">${CONTAINER} = basic_local_local_udp</msg>
<var>${CONTAINER}</var>
<arg>basic_local_${layer_tag}</arg>
<doc>Returns the given values which can then be assigned to a variables.</doc>
<status status="PASS" start="2025-06-13T14:59:30.148006" elapsed="0.000145"/>
</kw>
<kw name="Log To Console" owner="BuiltIn">
<arg>\n[INFO] Running local pub/sub test in mode: ${layer_tag}</arg>
<doc>Logs the given message to the console.</doc>
<status status="PASS" start="2025-06-13T14:59:30.148228" elapsed="0.000140"/>
</kw>
<kw name="Start Container" owner="MyDockerLibrary">
<arg>${CONTAINER}</arg>
<arg>${IMAGE}</arg>
<arg>local</arg>
<arg>${layer_tag}</arg>
<arg>test_topic</arg>
<arg>${CONTAINER}</arg>
<status status="PASS" start="2025-06-13T14:59:30.148451" elapsed="0.117067"/>
</kw>
<kw name="Wait For Container Exit" owner="MyDockerLibrary">
<msg time="2025-06-13T14:59:45.327666" level="INFO">${exit_code} = 0</msg>
<var>${exit_code}</var>
<arg>${CONTAINER}</arg>
<status status="PASS" start="2025-06-13T14:59:30.265730" elapsed="15.061976"/>
</kw>
<kw name="Should Be Equal As Integers" owner="BuiltIn">
<msg time="2025-06-13T14:59:45.328068" level="INFO">Argument types are:
&lt;class 'int'&gt;
&lt;class 'str'&gt;</msg>
<arg>${exit_code}</arg>
<arg>0</arg>
<arg>Local communication test failed!</arg>
<doc>Fails if objects are unequal after converting them to integers.</doc>
<status status="PASS" start="2025-06-13T14:59:45.327848" elapsed="0.000279"/>
</kw>
<kw name="Get Container Logs" owner="MyDockerLibrary">
<msg time="2025-06-13T14:59:45.331020" level="INFO">${logs} = [Entrypoint] Starting subscriber and publisher in mode local_udp
[Subscriber] Registering callback and waiting for messages...
[Publisher] Waiting for at least 1 subscriber(s) on topic: test_topic
[Pu...</msg>
<var>${logs}</var>
<arg>${CONTAINER}</arg>
<status status="PASS" start="2025-06-13T14:59:45.328214" elapsed="0.002833"/>
</kw>
<kw name="Log To Console" owner="BuiltIn">
<arg>\n[CONTAINER LOG: LOCAL PUB+SUB]\n${logs}</arg>
<doc>Logs the given message to the console.</doc>
<status status="PASS" start="2025-06-13T14:59:45.331137" elapsed="0.000155"/>
</kw>
<kw name="Log Test Summary" owner="MyDockerLibrary">
<arg>Basic Pub/Sub Local ${layer_tag}</arg>
<arg>${True}</arg>
<status status="PASS" start="2025-06-13T14:59:45.331396" elapsed="0.000207"/>
</kw>
<kw name="Stop Container" owner="MyDockerLibrary">
<arg>${CONTAINER}</arg>
<status status="PASS" start="2025-06-13T14:59:45.331712" elapsed="0.005322"/>
</kw>
<kw name="Sleep" owner="BuiltIn">
<msg time="2025-06-13T14:59:46.337370" level="INFO">Slept 1 second.</msg>
<arg>1s</arg>
<doc>Pauses the test executed for the given time.</doc>
<status status="PASS" start="2025-06-13T14:59:45.337120" elapsed="1.000361"/>
</kw>
<arg>local_udp</arg>
<status status="PASS" start="2025-06-13T14:59:30.147380" elapsed="16.190185"/>
</kw>
<tag>basic_pub_sub_local_udp</tag>
<status status="PASS" start="2025-06-13T14:59:30.146879" elapsed="16.190811"/>
</test>
<test id="s1-s1-t3" name="Basic Pub/Sub Local TCP" line="34">
<kw name="Run Local Pub Sub Test">
<kw name="Set Variable" owner="BuiltIn">
<msg time="2025-06-13T14:59:46.339142" level="INFO">${IMAGE} = basic_pub_sub_local_tcp</msg>
<var>${IMAGE}</var>
<arg>${BASE_IMAGE}_${layer_tag}</arg>
<doc>Returns the given values which can then be assigned to a variables.</doc>
<status status="PASS" start="2025-06-13T14:59:46.338992" elapsed="0.000171"/>
</kw>
<kw name="Set Variable" owner="BuiltIn">
<msg time="2025-06-13T14:59:46.339344" level="INFO">${CONTAINER} = basic_local_local_tcp</msg>
<var>${CONTAINER}</var>
<arg>basic_local_${layer_tag}</arg>
<doc>Returns the given values which can then be assigned to a variables.</doc>
<status status="PASS" start="2025-06-13T14:59:46.339236" elapsed="0.000126"/>
</kw>
<kw name="Log To Console" owner="BuiltIn">
<arg>\n[INFO] Running local pub/sub test in mode: ${layer_tag}</arg>
<doc>Logs the given message to the console.</doc>
<status status="PASS" start="2025-06-13T14:59:46.339428" elapsed="0.000136"/>
</kw>
<kw name="Start Container" owner="MyDockerLibrary">
<arg>${CONTAINER}</arg>
<arg>${IMAGE}</arg>
<arg>local</arg>
<arg>${layer_tag}</arg>
<arg>test_topic</arg>
<arg>${CONTAINER}</arg>
<status status="PASS" start="2025-06-13T14:59:46.339657" elapsed="0.116250"/>
</kw>
<kw name="Wait For Container Exit" owner="MyDockerLibrary">
<msg time="2025-06-13T15:00:01.522390" level="INFO">${exit_code} = 0</msg>
<var>${exit_code}</var>
<arg>${CONTAINER}</arg>
<status status="PASS" start="2025-06-13T14:59:46.456088" elapsed="15.066360"/>
</kw>
<kw name="Should Be Equal As Integers" owner="BuiltIn">
<msg time="2025-06-13T15:00:01.522848" level="INFO">Argument types are:
&lt;class 'int'&gt;
&lt;class 'str'&gt;</msg>
<arg>${exit_code}</arg>
<arg>0</arg>
<arg>Local communication test failed!</arg>
<doc>Fails if objects are unequal after converting them to integers.</doc>
<status status="PASS" start="2025-06-13T15:00:01.522630" elapsed="0.000296"/>
</kw>
<kw name="Get Container Logs" owner="MyDockerLibrary">
<msg time="2025-06-13T15:00:01.525558" level="INFO">${logs} = [Entrypoint] Starting subscriber and publisher in mode local_tcp
[Publisher] Waiting for at least 1 subscriber(s) on topic: test_topic
[Subscriber] Registering callback and waiting for messages...
174...</msg>
<var>${logs}</var>
<arg>${CONTAINER}</arg>
<status status="PASS" start="2025-06-13T15:00:01.523053" elapsed="0.002529"/>
</kw>
<kw name="Log To Console" owner="BuiltIn">
<arg>\n[CONTAINER LOG: LOCAL PUB+SUB]\n${logs}</arg>
<doc>Logs the given message to the console.</doc>
<status status="PASS" start="2025-06-13T15:00:01.525667" elapsed="0.000151"/>
</kw>
<kw name="Log Test Summary" owner="MyDockerLibrary">
<arg>Basic Pub/Sub Local ${layer_tag}</arg>
<arg>${True}</arg>
<status status="PASS" start="2025-06-13T15:00:01.526011" elapsed="0.000195"/>
</kw>
<kw name="Stop Container" owner="MyDockerLibrary">
<arg>${CONTAINER}</arg>
<status status="PASS" start="2025-06-13T15:00:01.526305" elapsed="0.006105"/>
</kw>
<kw name="Sleep" owner="BuiltIn">
<msg time="2025-06-13T15:00:02.532712" level="INFO">Slept 1 second.</msg>
<arg>1s</arg>
<doc>Pauses the test executed for the given time.</doc>
<status status="PASS" start="2025-06-13T15:00:01.532497" elapsed="1.000330"/>
</kw>
<arg>local_tcp</arg>
<status status="PASS" start="2025-06-13T14:59:46.338737" elapsed="16.194216"/>
</kw>
<tag>basic_pub_sub_local_tcp</tag>
<status status="PASS" start="2025-06-13T14:59:46.338350" elapsed="16.194723"/>
</test>
<test id="s1-s1-t4" name="Basic Pub/Sub Network UDP" line="38">
<kw name="Run Network Pub Sub Test">
<kw name="Set Variable" owner="BuiltIn">
<msg time="2025-06-13T15:00:02.534429" level="INFO">${IMAGE} = basic_pub_sub_network_udp</msg>
<var>${IMAGE}</var>
<arg>${BASE_IMAGE}_${layer_tag}</arg>
<doc>Returns the given values which can then be assigned to a variables.</doc>
<status status="PASS" start="2025-06-13T15:00:02.534281" elapsed="0.000169"/>
</kw>
<kw name="Set Variable" owner="BuiltIn">
<msg time="2025-06-13T15:00:02.534627" level="INFO">${TOPIC} = topic_network_udp</msg>
<var>${TOPIC}</var>
<arg>topic_${layer_tag}</arg>
<doc>Returns the given values which can then be assigned to a variables.</doc>
<status status="PASS" start="2025-06-13T15:00:02.534522" elapsed="0.000122"/>
</kw>
<kw name="Set Variable" owner="BuiltIn">
<msg time="2025-06-13T15:00:02.534812" level="INFO">${SUB_NAME} = sub_network_udp</msg>
<var>${SUB_NAME}</var>
<arg>sub_${layer_tag}</arg>
<doc>Returns the given values which can then be assigned to a variables.</doc>
<status status="PASS" start="2025-06-13T15:00:02.534710" elapsed="0.000118"/>
</kw>
<kw name="Set Variable" owner="BuiltIn">
<msg time="2025-06-13T15:00:02.535029" level="INFO">${PUB_NAME} = pub_network_udp</msg>
<var>${PUB_NAME}</var>
<arg>pub_${layer_tag}</arg>
<doc>Returns the given values which can then be assigned to a variables.</doc>
<status status="PASS" start="2025-06-13T15:00:02.534918" elapsed="0.000128"/>
</kw>
<kw name="Log To Console" owner="BuiltIn">
<arg>\n[INFO] Running network pub/sub test in mode: ${layer_tag}</arg>
<doc>Logs the given message to the console.</doc>
<status status="PASS" start="2025-06-13T15:00:02.535165" elapsed="0.000130"/>
</kw>
<kw name="Start Container" owner="MyDockerLibrary">
<arg>${SUB_NAME}</arg>
<arg>${IMAGE}</arg>
<arg>subscriber</arg>
<arg>${layer_tag}</arg>
<arg>${TOPIC}</arg>
<arg>${SUB_NAME}</arg>
<arg>network=${NETWORK}</arg>
<status status="PASS" start="2025-06-13T15:00:02.535394" elapsed="0.133713"/>
</kw>
<kw name="Start Container" owner="MyDockerLibrary">
<arg>${PUB_NAME}</arg>
<arg>${IMAGE}</arg>
<arg>publisher</arg>
<arg>${layer_tag}</arg>
<arg>${TOPIC}</arg>
<arg>${PUB_NAME}</arg>
<arg>network=${NETWORK}</arg>
<status status="PASS" start="2025-06-13T15:00:02.669291" elapsed="0.136934"/>
</kw>
<kw name="Wait For Container Exit" owner="MyDockerLibrary">
<msg time="2025-06-13T15:00:17.734160" level="INFO">${exit_code} = 0</msg>
<var>${exit_code}</var>
<arg>${SUB_NAME}</arg>
<status status="PASS" start="2025-06-13T15:00:02.806394" elapsed="14.927821"/>
</kw>
<kw name="Should Be Equal As Integers" owner="BuiltIn">
<msg time="2025-06-13T15:00:17.734712" level="INFO">Argument types are:
&lt;class 'int'&gt;
&lt;class 'str'&gt;</msg>
<arg>${exit_code}</arg>
<arg>0</arg>
<arg>Subscriber failed in ${layer_tag}!</arg>
<doc>Fails if objects are unequal after converting them to integers.</doc>
<status status="PASS" start="2025-06-13T15:00:17.734404" elapsed="0.000385"/>
</kw>
<kw name="Get Container Logs" owner="MyDockerLibrary">
<msg time="2025-06-13T15:00:17.737816" level="INFO">${log_sub} = [Entrypoint] Starting subscriber in mode network_udp
[Subscriber] Registering callback and waiting for messages...
[Subscriber] Received value: 42
[Subscriber] Received value: 42
[Subscriber] Received...</msg>
<var>${log_sub}</var>
<arg>${SUB_NAME}</arg>
<status status="PASS" start="2025-06-13T15:00:17.734934" elapsed="0.002907"/>
</kw>
<kw name="Get Container Logs" owner="MyDockerLibrary">
<msg time="2025-06-13T15:00:17.740060" level="INFO">${log_pub} = [Entrypoint] Starting publisher in mode network_udp
[Publisher] Waiting for at least 1 subscriber(s) on topic: topic_network_udp
[Publisher] Found 1 subscriber(s). Proceeding to send messages.
[Publis...</msg>
<var>${log_pub}</var>
<arg>${PUB_NAME}</arg>
<status status="PASS" start="2025-06-13T15:00:17.737951" elapsed="0.002133"/>
</kw>
<kw name="Log To Console" owner="BuiltIn">
<arg>\n[CONTAINER LOG: SUBSCRIBER]\n${log_sub}</arg>
<doc>Logs the given message to the console.</doc>
<status status="PASS" start="2025-06-13T15:00:17.740169" elapsed="0.000154"/>
</kw>
<kw name="Log To Console" owner="BuiltIn">
<arg>\n[CONTAINER LOG: PUBLISHER]\n${log_pub}</arg>
<doc>Logs the given message to the console.</doc>
<status status="PASS" start="2025-06-13T15:00:17.740427" elapsed="0.000138"/>
</kw>
<kw name="Log Test Summary" owner="MyDockerLibrary">
<arg>Basic Pub/Sub Network ${layer_tag}</arg>
<arg>${True}</arg>
<status status="PASS" start="2025-06-13T15:00:17.740654" elapsed="0.000178"/>
</kw>
<kw name="Stop Container" owner="MyDockerLibrary">
<arg>${SUB_NAME}</arg>
<status status="PASS" start="2025-06-13T15:00:17.740958" elapsed="0.004778"/>
</kw>
<kw name="Stop Container" owner="MyDockerLibrary">
<arg>${PUB_NAME}</arg>
<status status="PASS" start="2025-06-13T15:00:17.745820" elapsed="0.004984"/>
</kw>
<kw name="Sleep" owner="BuiltIn">
<msg time="2025-06-13T15:00:18.751160" level="INFO">Slept 1 second.</msg>
<arg>1s</arg>
<doc>Pauses the test executed for the given time.</doc>
<status status="PASS" start="2025-06-13T15:00:17.750915" elapsed="1.000358"/>
</kw>
<arg>network_udp</arg>
<arg>network</arg>
<status status="PASS" start="2025-06-13T15:00:02.534035" elapsed="16.217323"/>
</kw>
<tag>basic_pub_sub_network_udp</tag>
<status status="PASS" start="2025-06-13T15:00:02.533624" elapsed="16.217849"/>
</test>
<test id="s1-s1-t5" name="Basic Pub/Sub Network TCP" line="42">
<kw name="Run Network Pub Sub Test">
<kw name="Set Variable" owner="BuiltIn">
<msg time="2025-06-13T15:00:18.753003" level="INFO">${IMAGE} = basic_pub_sub_network_tcp</msg>
<var>${IMAGE}</var>
<arg>${BASE_IMAGE}_${layer_tag}</arg>
<doc>Returns the given values which can then be assigned to a variables.</doc>
<status status="PASS" start="2025-06-13T15:00:18.752829" elapsed="0.000196"/>
</kw>
<kw name="Set Variable" owner="BuiltIn">
<msg time="2025-06-13T15:00:18.753208" level="INFO">${TOPIC} = topic_network_tcp</msg>
<var>${TOPIC}</var>
<arg>topic_${layer_tag}</arg>
<doc>Returns the given values which can then be assigned to a variables.</doc>
<status status="PASS" start="2025-06-13T15:00:18.753098" elapsed="0.000128"/>
</kw>
<kw name="Set Variable" owner="BuiltIn">
<msg time="2025-06-13T15:00:18.753394" level="INFO">${SUB_NAME} = sub_network_tcp</msg>
<var>${SUB_NAME}</var>
<arg>sub_${layer_tag}</arg>
<doc>Returns the given values which can then be assigned to a variables.</doc>
<status status="PASS" start="2025-06-13T15:00:18.753292" elapsed="0.000119"/>
</kw>
<kw name="Set Variable" owner="BuiltIn">
<msg time="2025-06-13T15:00:18.753571" level="INFO">${PUB_NAME} = pub_network_tcp</msg>
<var>${PUB_NAME}</var>
<arg>pub_${layer_tag}</arg>
<doc>Returns the given values which can then be assigned to a variables.</doc>
<status status="PASS" start="2025-06-13T15:00:18.753473" elapsed="0.000114"/>
</kw>
<kw name="Log To Console" owner="BuiltIn">
<arg>\n[INFO] Running network pub/sub test in mode: ${layer_tag}</arg>
<doc>Logs the given message to the console.</doc>
<status status="PASS" start="2025-06-13T15:00:18.753649" elapsed="0.000124"/>
</kw>
<kw name="Start Container" owner="MyDockerLibrary">
<arg>${SUB_NAME}</arg>
<arg>${IMAGE}</arg>
<arg>subscriber</arg>
<arg>${layer_tag}</arg>
<arg>${TOPIC}</arg>
<arg>${SUB_NAME}</arg>
<arg>network=${NETWORK}</arg>
<status status="PASS" start="2025-06-13T15:00:18.753872" elapsed="0.131630"/>
</kw>
<kw name="Start Container" owner="MyDockerLibrary">
<arg>${PUB_NAME}</arg>
<arg>${IMAGE}</arg>
<arg>publisher</arg>
<arg>${layer_tag}</arg>
<arg>${TOPIC}</arg>
<arg>${PUB_NAME}</arg>
<arg>network=${NETWORK}</arg>
<status status="PASS" start="2025-06-13T15:00:18.885724" elapsed="0.123820"/>
</kw>
<kw name="Wait For Container Exit" owner="MyDockerLibrary">
<msg time="2025-06-13T15:00:33.947074" level="INFO">${exit_code} = 0</msg>
<var>${exit_code}</var>
<arg>${SUB_NAME}</arg>
<status status="PASS" start="2025-06-13T15:00:19.009731" elapsed="14.937398"/>
</kw>
<kw name="Should Be Equal As Integers" owner="BuiltIn">
<msg time="2025-06-13T15:00:33.947618" level="INFO">Argument types are:
&lt;class 'int'&gt;
&lt;class 'str'&gt;</msg>
<arg>${exit_code}</arg>
<arg>0</arg>
<arg>Subscriber failed in ${layer_tag}!</arg>
<doc>Fails if objects are unequal after converting them to integers.</doc>
<status status="PASS" start="2025-06-13T15:00:33.947329" elapsed="0.000365"/>
</kw>
<kw name="Get Container Logs" owner="MyDockerLibrary">
<msg time="2025-06-13T15:00:33.950709" level="INFO">${log_sub} = [Entrypoint] Starting subscriber in mode network_tcp
[Subscriber] Registering callback and waiting for messages...
[Subscriber] Received value: 42
[Subscriber] Received value: 42
[Subscriber] Received...</msg>
<var>${log_sub}</var>
<arg>${SUB_NAME}</arg>
<status status="PASS" start="2025-06-13T15:00:33.947820" elapsed="0.002914"/>
</kw>
<kw name="Get Container Logs" owner="MyDockerLibrary">
<msg time="2025-06-13T15:00:33.952951" level="INFO">${log_pub} = [Entrypoint] Starting publisher in mode network_tcp
[Publisher] Waiting for at least 1 subscriber(s) on topic: topic_network_tcp
1749826819888 ms | 7cdc69053ea9 | pub_network_tcp | 7 | info | CTCPRead...</msg>
<var>${log_pub}</var>
<arg>${PUB_NAME}</arg>
<status status="PASS" start="2025-06-13T15:00:33.950816" elapsed="0.002161"/>
</kw>
<kw name="Log To Console" owner="BuiltIn">
<arg>\n[CONTAINER LOG: SUBSCRIBER]\n${log_sub}</arg>
<doc>Logs the given message to the console.</doc>
<status status="PASS" start="2025-06-13T15:00:33.953068" elapsed="0.000153"/>
</kw>
<kw name="Log To Console" owner="BuiltIn">
<arg>\n[CONTAINER LOG: PUBLISHER]\n${log_pub}</arg>
<doc>Logs the given message to the console.</doc>
<status status="PASS" start="2025-06-13T15:00:33.953320" elapsed="0.000191"/>
</kw>
<kw name="Log Test Summary" owner="MyDockerLibrary">
<arg>Basic Pub/Sub Network ${layer_tag}</arg>
<arg>${True}</arg>
<status status="PASS" start="2025-06-13T15:00:33.953614" elapsed="0.000148"/>
</kw>
<kw name="Stop Container" owner="MyDockerLibrary">
<arg>${SUB_NAME}</arg>
<status status="PASS" start="2025-06-13T15:00:33.953860" elapsed="0.005072"/>
</kw>
<kw name="Stop Container" owner="MyDockerLibrary">
<arg>${PUB_NAME}</arg>
<status status="PASS" start="2025-06-13T15:00:33.959016" elapsed="0.005312"/>
</kw>
<kw name="Sleep" owner="BuiltIn">
<msg time="2025-06-13T15:00:34.964645" level="INFO">Slept 1 second.</msg>
<arg>1s</arg>
<doc>Pauses the test executed for the given time.</doc>
<status status="PASS" start="2025-06-13T15:00:33.964413" elapsed="1.000339"/>
</kw>
<arg>network_tcp</arg>
<arg>network</arg>
<status status="PASS" start="2025-06-13T15:00:18.752595" elapsed="16.212241"/>
</kw>
<tag>basic_pub_sub_network_tcp</tag>
<status status="PASS" start="2025-06-13T15:00:18.752210" elapsed="16.212764"/>
</test>
<status status="FAIL" start="2025-06-13T14:58:55.769795" elapsed="99.196124"/>
</suite>
<suite id="s1-s2" name="Message Validation" source="/home/runner/work/ECAL_Test_Framework/ECAL_Test_Framework/integration_tests/message_validation/robottests/message_validation.robot">
<kw name="Init Test Context" type="SETUP">
<kw name="Set Test Context" owner="GlobalPathsLibrary">
<arg>message_validation</arg>
<arg>message_validation</arg>
<doc>Sets the test folder (e.g. basic_pub_sub or message_validation) and tag prefix (e.g. basic_pub_sub).
Should be called once in Suite Setup if you're using non-default test cases.</doc>
<status status="PASS" start="2025-06-13T15:00:34.969379" elapsed="0.000111"/>
</kw>
<kw name="Get Build Script Path" owner="GlobalPathsLibrary">
<msg time="2025-06-13T15:00:34.969668" level="INFO">${build} = /home/runner/work/ECAL_Test_Framework/ECAL_Test_Framework/integration_tests/message_validation/scripts/build_images.sh</msg>
<var>${build}</var>
<status status="PASS" start="2025-06-13T15:00:34.969567" elapsed="0.000122"/>
</kw>
<kw name="Get Network Name" owner="GlobalPathsLibrary">
<msg time="2025-06-13T15:00:34.969833" level="INFO">${net} = ecal_test_net</msg>
<var>${net}</var>
<status status="PASS" start="2025-06-13T15:00:34.969752" elapsed="0.000100"/>
</kw>
<kw name="Get Build Script Args" owner="GlobalPathsLibrary">
<msg time="2025-06-13T15:00:34.970012" level="INFO">${args} = ['message_validation']</msg>
<var>${args}</var>
<status status="PASS" start="2025-06-13T15:00:34.969932" elapsed="0.000097"/>
</kw>
<kw name="Set Suite Variable" owner="BuiltIn">
<msg time="2025-06-13T15:00:34.970235" level="INFO">${BUILD_SCRIPT} = /home/runner/work/ECAL_Test_Framework/ECAL_Test_Framework/integration_tests/message_validation/scripts/build_images.sh</msg>
<arg>${BUILD_SCRIPT}</arg>
<arg>${build}</arg>
<doc>Makes a variable available everywhere within the scope of the current suite.</doc>
<status status="PASS" start="2025-06-13T15:00:34.970106" elapsed="0.000158"/>
</kw>
<kw name="Set Suite Variable" owner="BuiltIn">
<msg time="2025-06-13T15:00:34.970443" level="INFO">${NETWORK} = ecal_test_net</msg>
<arg>${NETWORK}</arg>
<arg>${net}</arg>
<doc>Makes a variable available everywhere within the scope of the current suite.</doc>
<status status="PASS" start="2025-06-13T15:00:34.970333" elapsed="0.000137"/>
</kw>
<kw name="Log To Console" owner="BuiltIn">
<arg>[SETUP] Building Docker images...</arg>
<doc>Logs the given message to the console.</doc>
<status status="PASS" start="2025-06-13T15:00:34.970539" elapsed="0.000090"/>
</kw>
<kw name="Run Process" owner="Process">
<msg time="2025-06-13T15:00:34.970942" level="INFO">Starting process:
/home/runner/work/ECAL_Test_Framework/ECAL_Test_Framework/integration_tests/message_validation/scripts/build_images.sh message_validation</msg>
<msg time="2025-06-13T15:00:34.971386" level="INFO">Waiting for process to complete.</msg>
<msg time="2025-06-13T15:00:35.636084" level="INFO">Process completed.</msg>
<msg time="2025-06-13T15:00:35.636255" level="INFO">${result} = &lt;result object with rc 1&gt;</msg>
<var>${result}</var>
<arg>${BUILD_SCRIPT}</arg>
<arg>@{args}</arg>
<doc>Runs a process and waits for it to complete.</doc>
<status status="PASS" start="2025-06-13T15:00:34.970736" elapsed="0.665546"/>
</kw>
<kw name="Should Be Equal As Integers" owner="BuiltIn">
<msg time="2025-06-13T15:00:35.636945" level="INFO">Argument types are:
&lt;class 'int'&gt;
&lt;class 'str'&gt;</msg>
<msg time="2025-06-13T15:00:35.637045" level="FAIL">Docker build failed!: 1 != 0</msg>
<arg>${result.rc}</arg>
<arg>0</arg>
<arg>Docker build failed!</arg>
<doc>Fails if objects are unequal after converting them to integers.</doc>
<status status="FAIL" start="2025-06-13T15:00:35.636433" elapsed="0.000690">Docker build failed!: 1 != 0</status>
</kw>
<kw name="Create Docker Network" owner="MyDockerLibrary">
<arg>${NETWORK}</arg>
<status status="NOT RUN" start="2025-06-13T15:00:35.637216" elapsed="0.000017"/>
</kw>
<kw name="Sleep" owner="BuiltIn">
<arg>3s</arg>
<doc>Pauses the test executed for the given time.</doc>
<status status="NOT RUN" start="2025-06-13T15:00:35.637297" elapsed="0.000015"/>
</kw>
<status status="FAIL" start="2025-06-13T15:00:34.969217" elapsed="0.668181">Docker build failed!: 1 != 0</status>
</kw>
<test id="s1-s2-t1" name="Valid Protobuf Transmission" line="14">
<tag>message_validation_valid</tag>
<status status="FAIL" start="2025-06-13T15:00:35.637461" elapsed="0.000296">Parent suite setup failed:
Docker build failed!: 1 != 0</status>
</test>
<test id="s1-s2-t2" name="Malformed Protobuf Transmission" line="19">
<tag>message_validation_malformed</tag>
<status status="FAIL" start="2025-06-13T15:00:35.637956" elapsed="0.000297">Parent suite setup failed:
Docker build failed!: 1 != 0</status>
</test>
<status status="FAIL" start="2025-06-13T15:00:34.966638" elapsed="0.671907">Suite setup failed:
Docker build failed!: 1 != 0</status>
</suite>
<suite id="s1-s3" name="Multi Pub Sub" source="/home/runner/work/ECAL_Test_Framework/ECAL_Test_Framework/integration_tests/multi_pub_sub/robottests/multi_pub_sub.robot">
<kw name="Init Test Context" type="SETUP">
<kw name="Set Test Context" owner="GlobalPathsLibrary">
<arg>multi_pub_sub</arg>
<arg>multi_pub_sub</arg>
<doc>Sets the test folder (e.g. basic_pub_sub or message_validation) and tag prefix (e.g. basic_pub_sub).
Should be called once in Suite Setup if you're using non-default test cases.</doc>
<status status="PASS" start="2025-06-13T15:00:35.642126" elapsed="0.000106"/>
</kw>
<kw name="Get Build Script Path" owner="GlobalPathsLibrary">
<msg time="2025-06-13T15:00:35.642396" level="INFO">${build} = /home/runner/work/ECAL_Test_Framework/ECAL_Test_Framework/integration_tests/multi_pub_sub/scripts/build_images.sh</msg>
<var>${build}</var>
<status status="PASS" start="2025-06-13T15:00:35.642309" elapsed="0.000107"/>
</kw>
<kw name="Get Network Name" owner="GlobalPathsLibrary">
<msg time="2025-06-13T15:00:35.642555" level="INFO">${net} = ecal_test_net</msg>
<var>${net}</var>
<status status="PASS" start="2025-06-13T15:00:35.642479" elapsed="0.000093"/>
</kw>
<kw name="Get Build Script Args" owner="GlobalPathsLibrary">
<msg time="2025-06-13T15:00:35.642707" level="INFO">${args} = ['multi_pub_sub']</msg>
<var>${args}</var>
<status status="PASS" start="2025-06-13T15:00:35.642631" elapsed="0.000093"/>
</kw>
<kw name="Set Suite Variable" owner="BuiltIn">
<msg time="2025-06-13T15:00:35.642959" level="INFO">${BUILD_SCRIPT} = /home/runner/work/ECAL_Test_Framework/ECAL_Test_Framework/integration_tests/multi_pub_sub/scripts/build_images.sh</msg>
<arg>${BUILD_SCRIPT}</arg>
<arg>${build}</arg>
<doc>Makes a variable available everywhere within the scope of the current suite.</doc>
<status status="PASS" start="2025-06-13T15:00:35.642798" elapsed="0.000194"/>
</kw>
<kw name="Set Suite Variable" owner="BuiltIn">
<msg time="2025-06-13T15:00:35.643184" level="INFO">${NETWORK} = ecal_test_net</msg>
<arg>${NETWORK}</arg>
<arg>${net}</arg>
<doc>Makes a variable available everywhere within the scope of the current suite.</doc>
<status status="PASS" start="2025-06-13T15:00:35.643068" elapsed="0.000202"/>
</kw>
<kw name="Log To Console" owner="BuiltIn">
<arg>[SETUP] Building Docker image...</arg>
<doc>Logs the given message to the console.</doc>
<status status="PASS" start="2025-06-13T15:00:35.643340" elapsed="0.000092"/>
</kw>
<kw name="Run Process" owner="Process">
<msg time="2025-06-13T15:00:35.643706" level="INFO">Starting process:
/home/runner/work/ECAL_Test_Framework/ECAL_Test_Framework/integration_tests/multi_pub_sub/scripts/build_images.sh multi_pub_sub</msg>
<msg time="2025-06-13T15:00:35.644090" level="INFO">Waiting for process to complete.</msg>
<msg time="2025-06-13T15:00:45.164307" level="INFO">Process completed.</msg>
<msg time="2025-06-13T15:00:45.164476" level="INFO">${result} = &lt;result object with rc 0&gt;</msg>
<var>${result}</var>
<arg>${BUILD_SCRIPT}</arg>
<arg>@{args}</arg>
<doc>Runs a process and waits for it to complete.</doc>
<status status="PASS" start="2025-06-13T15:00:35.643537" elapsed="9.520964"/>
</kw>
<kw name="Should Be Equal As Integers" owner="BuiltIn">
<msg time="2025-06-13T15:00:45.165165" level="INFO">Argument types are:
&lt;class 'int'&gt;
&lt;class 'str'&gt;</msg>
<arg>${result.rc}</arg>
<arg>0</arg>
<arg>Failed to build Docker image!</arg>
<doc>Fails if objects are unequal after converting them to integers.</doc>
<status status="PASS" start="2025-06-13T15:00:45.164654" elapsed="0.000560"/>
</kw>
<kw name="Create Docker Network" owner="MyDockerLibrary">
<arg>${NETWORK}</arg>
<status status="PASS" start="2025-06-13T15:00:45.165307" elapsed="0.007269"/>
</kw>
<kw name="Sleep" owner="BuiltIn">
<msg time="2025-06-13T15:00:48.172948" level="INFO">Slept 3 seconds.</msg>
<arg>3s</arg>
<doc>Pauses the test executed for the given time.</doc>
<status status="PASS" start="2025-06-13T15:00:45.172690" elapsed="3.000368"/>
</kw>
<status status="PASS" start="2025-06-13T15:00:35.641976" elapsed="12.531165"/>
</kw>
<test id="s1-s3-t1" name="Multi Pub/Sub Local UDP Test" line="26">
<kw name="Run Multi Pub Sub Test Local">
<kw name="Set Variable" owner="BuiltIn">
<msg time="2025-06-13T15:00:48.174057" level="INFO">${IMAGE} = multi_pub_sub_local_udp</msg>
<var>${IMAGE}</var>
<arg>${BASE_IMAGE}_${layer_tag}</arg>
<doc>Returns the given values which can then be assigned to a variables.</doc>
<status status="PASS" start="2025-06-13T15:00:48.173885" elapsed="0.000192"/>
</kw>
<kw name="Set Variable" owner="BuiltIn">
<msg time="2025-06-13T15:00:48.174259" level="INFO">${CONTAINER} = multi_locallocal_udp</msg>
<var>${CONTAINER}</var>
<arg>multi_local${layer_tag}</arg>
<doc>Returns the given values which can then be assigned to a variables.</doc>
<status status="PASS" start="2025-06-13T15:00:48.174150" elapsed="0.000127"/>
</kw>
<kw name="Log To Console" owner="BuiltIn">
<arg>\n[INFO] Running local multi pub/sub test (all binarys in same Container) with ${layer_tag}</arg>
<doc>Logs the given message to the console.</doc>
<status status="PASS" start="2025-06-13T15:00:48.174344" elapsed="0.000126"/>
</kw>
<kw name="Start Container" owner="MyDockerLibrary">
<arg>${CONTAINER}</arg>
<arg>${IMAGE}</arg>
<arg>local_multi</arg>
<arg>${layer_tag}</arg>
<status status="PASS" start="2025-06-13T15:00:48.174566" elapsed="0.115098"/>
</kw>
<kw name="Wait For Container Exit" owner="MyDockerLibrary">
<msg time="2025-06-13T15:01:06.356314" level="INFO">${exit_code} = 0</msg>
<var>${exit_code}</var>
<arg>${CONTAINER}</arg>
<status status="PASS" start="2025-06-13T15:00:48.289916" elapsed="18.066443"/>
</kw>
<kw name="Should Be Equal As Integers" owner="BuiltIn">
<msg time="2025-06-13T15:01:06.356750" level="INFO">Argument types are:
&lt;class 'int'&gt;
&lt;class 'str'&gt;</msg>
<arg>${exit_code}</arg>
<arg>0</arg>
<arg>Local Multi Pub/Sub Test test failed!</arg>
<doc>Fails if objects are unequal after converting them to integers.</doc>
<status status="PASS" start="2025-06-13T15:01:06.356542" elapsed="0.000261"/>
</kw>
<kw name="Get Container Logs" owner="MyDockerLibrary">
<msg time="2025-06-13T15:01:06.385075" level="INFO">${logs} = [Entrypoint] Starting local multi pub/sub test in mode local_udp
[Publisher] Waiting for at least 2 subscriber(s) on topic: test_topic
[Multi Subscriber] Waiting for messages...
[Publisher] Waiting fo...</msg>
<var>${logs}</var>
<arg>${CONTAINER}</arg>
<status status="PASS" start="2025-06-13T15:01:06.356934" elapsed="0.028179"/>
</kw>
<kw name="Log To Console" owner="BuiltIn">
<arg>\n[CONTAINER LOG: All Local Binarys Multi Pub/Sub]\n${logs}</arg>
<doc>Logs the given message to the console.</doc>
<status status="PASS" start="2025-06-13T15:01:06.385223" elapsed="0.000206"/>
</kw>
<kw name="Stop Container" owner="MyDockerLibrary">
<arg>${CONTAINER}</arg>
<status status="PASS" start="2025-06-13T15:01:06.385555" elapsed="0.005609"/>
</kw>
<kw name="Sleep" owner="BuiltIn">
<msg time="2025-06-13T15:01:07.391501" level="INFO">Slept 1 second.</msg>
<arg>1s</arg>
<doc>Pauses the test executed for the given time.</doc>
<status status="PASS" start="2025-06-13T15:01:06.391249" elapsed="1.000372"/>
</kw>
<arg>local_udp</arg>
<status status="PASS" start="2025-06-13T15:00:48.173648" elapsed="19.218055"/>
</kw>
<tag>multi_pub_sub_local_udp</tag>
<status status="PASS" start="2025-06-13T15:00:48.173206" elapsed="19.218610"/>
</test>
<test id="s1-s3-t2" name="Multi Pub/Sub Local TCP Test" line="30">
<kw name="Run Multi Pub Sub Test Local">
<kw name="Set Variable" owner="BuiltIn">
<msg time="2025-06-13T15:01:07.393172" level="INFO">${IMAGE} = multi_pub_sub_local_tcp</msg>
<var>${IMAGE}</var>
<arg>${BASE_IMAGE}_${layer_tag}</arg>
<doc>Returns the given values which can then be assigned to a variables.</doc>
<status status="PASS" start="2025-06-13T15:01:07.393024" elapsed="0.000169"/>
</kw>
<kw name="Set Variable" owner="BuiltIn">
<msg time="2025-06-13T15:01:07.393372" level="INFO">${CONTAINER} = multi_locallocal_tcp</msg>
<var>${CONTAINER}</var>
<arg>multi_local${layer_tag}</arg>
<doc>Returns the given values which can then be assigned to a variables.</doc>
<status status="PASS" start="2025-06-13T15:01:07.393265" elapsed="0.000125"/>
</kw>
<kw name="Log To Console" owner="BuiltIn">
<arg>\n[INFO] Running local multi pub/sub test (all binarys in same Container) with ${layer_tag}</arg>
<doc>Logs the given message to the console.</doc>
<status status="PASS" start="2025-06-13T15:01:07.393456" elapsed="0.000122"/>
</kw>
<kw name="Start Container" owner="MyDockerLibrary">
<arg>${CONTAINER}</arg>
<arg>${IMAGE}</arg>
<arg>local_multi</arg>
<arg>${layer_tag}</arg>
<status status="PASS" start="2025-06-13T15:01:07.393671" elapsed="0.120783"/>
</kw>
<kw name="Wait For Container Exit" owner="MyDockerLibrary">
<msg time="2025-06-13T15:01:25.578183" level="INFO">${exit_code} = 1</msg>
<var>${exit_code}</var>
<arg>${CONTAINER}</arg>
<status status="PASS" start="2025-06-13T15:01:07.514666" elapsed="18.063574"/>
</kw>
<kw name="Should Be Equal As Integers" owner="BuiltIn">
<msg time="2025-06-13T15:01:25.578607" level="INFO">Argument types are:
&lt;class 'int'&gt;
&lt;class 'str'&gt;</msg>
<msg time="2025-06-13T15:01:25.578702" level="FAIL">Local Multi Pub/Sub Test test failed!: 1 != 0</msg>
<arg>${exit_code}</arg>
<arg>0</arg>
<arg>Local Multi Pub/Sub Test test failed!</arg>
<doc>Fails if objects are unequal after converting them to integers.</doc>
<status status="FAIL" start="2025-06-13T15:01:25.578403" elapsed="0.000368">Local Multi Pub/Sub Test test failed!: 1 != 0</status>
</kw>
<kw name="Get Container Logs" owner="MyDockerLibrary">
<var>${logs}</var>
<arg>${CONTAINER}</arg>
<status status="NOT RUN" start="2025-06-13T15:01:25.578865" elapsed="0.000017"/>
</kw>
<kw name="Log To Console" owner="BuiltIn">
<arg>\n[CONTAINER LOG: All Local Binarys Multi Pub/Sub]\n${logs}</arg>
<doc>Logs the given message to the console.</doc>
<status status="NOT RUN" start="2025-06-13T15:01:25.579014" elapsed="0.000027"/>
</kw>
<kw name="Stop Container" owner="MyDockerLibrary">
<arg>${CONTAINER}</arg>
<status status="NOT RUN" start="2025-06-13T15:01:25.579120" elapsed="0.000016"/>
</kw>
<kw name="Sleep" owner="BuiltIn">
<arg>1s</arg>
<doc>Pauses the test executed for the given time.</doc>
<status status="NOT RUN" start="2025-06-13T15:01:25.579258" elapsed="0.000017"/>
</kw>
<arg>local_tcp</arg>
<status status="FAIL" start="2025-06-13T15:01:07.392771" elapsed="18.186589">Local Multi Pub/Sub Test test failed!: 1 != 0</status>
</kw>
<tag>multi_pub_sub_local_tcp</tag>
<status status="FAIL" start="2025-06-13T15:01:07.392395" elapsed="18.187079">Local Multi Pub/Sub Test test failed!: 1 != 0</status>
</test>
<test id="s1-s3-t3" name="Multi Pub/Sub Local SHM Test" line="34">
<kw name="Run Multi Pub Sub Test Local">
<kw name="Set Variable" owner="BuiltIn">
<msg time="2025-06-13T15:01:25.580703" level="INFO">${IMAGE} = multi_pub_sub_local_shm</msg>
<var>${IMAGE}</var>
<arg>${BASE_IMAGE}_${layer_tag}</arg>
<doc>Returns the given values which can then be assigned to a variables.</doc>
<status status="PASS" start="2025-06-13T15:01:25.580566" elapsed="0.000158"/>
</kw>
<kw name="Set Variable" owner="BuiltIn">
<msg time="2025-06-13T15:01:25.580934" level="INFO">${CONTAINER} = multi_locallocal_shm</msg>
<var>${CONTAINER}</var>
<arg>multi_local${layer_tag}</arg>
<doc>Returns the given values which can then be assigned to a variables.</doc>
<status status="PASS" start="2025-06-13T15:01:25.580797" elapsed="0.000159"/>
</kw>
<kw name="Log To Console" owner="BuiltIn">
<arg>\n[INFO] Running local multi pub/sub test (all binarys in same Container) with ${layer_tag}</arg>
<doc>Logs the given message to the console.</doc>
<status status="PASS" start="2025-06-13T15:01:25.581026" elapsed="0.000128"/>
</kw>
<kw name="Start Container" owner="MyDockerLibrary">
<arg>${CONTAINER}</arg>
<arg>${IMAGE}</arg>
<arg>local_multi</arg>
<arg>${layer_tag}</arg>
<status status="PASS" start="2025-06-13T15:01:25.581254" elapsed="0.108974"/>
</kw>
<kw name="Wait For Container Exit" owner="MyDockerLibrary">
<msg time="2025-06-13T15:01:45.770019" level="INFO">${exit_code} = 1</msg>
<var>${exit_code}</var>
<arg>${CONTAINER}</arg>
<status status="PASS" start="2025-06-13T15:01:25.690432" elapsed="20.079650"/>
</kw>
<kw name="Should Be Equal As Integers" owner="BuiltIn">
<msg time="2025-06-13T15:01:45.770457" level="INFO">Argument types are:
&lt;class 'int'&gt;
&lt;class 'str'&gt;</msg>
<msg time="2025-06-13T15:01:45.770549" level="FAIL">Local Multi Pub/Sub Test test failed!: 1 != 0</msg>
<arg>${exit_code}</arg>
<arg>0</arg>
<arg>Local Multi Pub/Sub Test test failed!</arg>
<doc>Fails if objects are unequal after converting them to integers.</doc>
<status status="FAIL" start="2025-06-13T15:01:45.770249" elapsed="0.000389">Local Multi Pub/Sub Test test failed!: 1 != 0</status>
</kw>
<kw name="Get Container Logs" owner="MyDockerLibrary">
<var>${logs}</var>
<arg>${CONTAINER}</arg>
<status status="NOT RUN" start="2025-06-13T15:01:45.770775" elapsed="0.000021"/>
</kw>
<kw name="Log To Console" owner="BuiltIn">
<arg>\n[CONTAINER LOG: All Local Binarys Multi Pub/Sub]\n${logs}</arg>
<doc>Logs the given message to the console.</doc>
<status status="NOT RUN" start="2025-06-13T15:01:45.770872" elapsed="0.000040"/>
</kw>
<kw name="Stop Container" owner="MyDockerLibrary">
<arg>${CONTAINER}</arg>
<status status="NOT RUN" start="2025-06-13T15:01:45.770994" elapsed="0.000015"/>
</kw>
<kw name="Sleep" owner="BuiltIn">
<arg>1s</arg>
<doc>Pauses the test executed for the given time.</doc>
<status status="NOT RUN" start="2025-06-13T15:01:45.771069" elapsed="0.000014"/>
</kw>
<arg>local_shm</arg>
<status status="FAIL" start="2025-06-13T15:01:25.580372" elapsed="20.190792">Local Multi Pub/Sub Test test failed!: 1 != 0</status>
</kw>
<tag>multi_pub_sub_local_shm</tag>
<status status="FAIL" start="2025-06-13T15:01:25.579997" elapsed="20.191281">Local Multi Pub/Sub Test test failed!: 1 != 0</status>
</test>
<test id="s1-s3-t4" name="Multi Pub/Sub Network UDP Test" line="38">
<kw name="Run Multi Pub Sub Network Test">
<kw name="Set Variable" owner="BuiltIn">
<msg time="2025-06-13T15:01:45.772606" level="INFO">${IMAGE} = multi_pub_sub_network_udp</msg>
<var>${IMAGE}</var>
<arg>${BASE_IMAGE}_${layer_tag}</arg>
<doc>Returns the given values which can then be assigned to a variables.</doc>
<status status="PASS" start="2025-06-13T15:01:45.772466" elapsed="0.000161"/>
</kw>
<kw name="Set Variable" owner="BuiltIn">
<msg time="2025-06-13T15:01:45.772787" level="INFO">${TOPIC} = test_topic</msg>
<var>${TOPIC}</var>
<arg>test_topic</arg>
<doc>Returns the given values which can then be assigned to a variables.</doc>
<status status="PASS" start="2025-06-13T15:01:45.772702" elapsed="0.000103"/>
</kw>
<kw name="Set Variable" owner="BuiltIn">
<msg time="2025-06-13T15:01:45.773032" level="INFO">${PUB1} = pub1_network_udp</msg>
<var>${PUB1}</var>
<arg>pub1_${layer_tag}</arg>
<doc>Returns the given values which can then be assigned to a variables.</doc>
<status status="PASS" start="2025-06-13T15:01:45.772913" elapsed="0.000138"/>
</kw>
<kw name="Set Variable" owner="BuiltIn">
<msg time="2025-06-13T15:01:45.773226" level="INFO">${PUB2} = pub2_network_udp</msg>
<var>${PUB2}</var>
<arg>pub2_${layer_tag}</arg>
<doc>Returns the given values which can then be assigned to a variables.</doc>
<status status="PASS" start="2025-06-13T15:01:45.773121" elapsed="0.000123"/>
</kw>
<kw name="Set Variable" owner="BuiltIn">
<msg time="2025-06-13T15:01:45.773414" level="INFO">${SUB1} = sub1_network_udp</msg>
<var>${SUB1}</var>
<arg>sub1_${layer_tag}</arg>
<doc>Returns the given values which can then be assigned to a variables.</doc>
<status status="PASS" start="2025-06-13T15:01:45.773312" elapsed="0.000118"/>
</kw>
<kw name="Set Variable" owner="BuiltIn">
<msg time="2025-06-13T15:01:45.773596" level="INFO">${SUB2} = sub2_network_udp</msg>
<var>${SUB2}</var>
<arg>sub2_${layer_tag}</arg>
<doc>Returns the given values which can then be assigned to a variables.</doc>
<status status="PASS" start="2025-06-13T15:01:45.773495" elapsed="0.000117"/>
</kw>
<kw name="Log To Console" owner="BuiltIn">
<arg>\n[INFO] Starting multi pub/sub test with ${layer_tag}</arg>
<doc>Logs the given message to the console.</doc>
<status status="PASS" start="2025-06-13T15:01:45.773675" elapsed="0.000122"/>
</kw>
<kw name="Start Container" owner="MyDockerLibrary">
<arg>${SUB1}</arg>
<arg>${IMAGE}</arg>
<arg>multi_subscriber</arg>
<arg>${layer_tag}</arg>
<arg>${TOPIC}</arg>
<arg>network=${NETWORK}</arg>
<status status="PASS" start="2025-06-13T15:01:45.773902" elapsed="0.127493"/>
</kw>
<kw name="Start Container" owner="MyDockerLibrary">
<arg>${SUB2}</arg>
<arg>${IMAGE}</arg>
<arg>multi_subscriber2</arg>
<arg>${layer_tag}</arg>
<arg>${TOPIC}</arg>
<arg>network=${NETWORK}</arg>
<status status="PASS" start="2025-06-13T15:01:45.901576" elapsed="0.123873"/>
</kw>
<kw name="Start Container" owner="MyDockerLibrary">
<arg>${PUB1}</arg>
<arg>${IMAGE}</arg>
<arg>multi_publisher</arg>
<arg>${layer_tag}</arg>
<arg>${TOPIC}</arg>
<arg>network=${NETWORK}</arg>
<status status="PASS" start="2025-06-13T15:01:46.025614" elapsed="0.127740"/>
</kw>
<kw name="Start Container" owner="MyDockerLibrary">
<arg>${PUB2}</arg>
<arg>${IMAGE}</arg>
<arg>multi_publisher2</arg>
<arg>${layer_tag}</arg>
<arg>${TOPIC}</arg>
<arg>network=${NETWORK}</arg>
<status status="PASS" start="2025-06-13T15:01:46.153559" elapsed="0.132273"/>
</kw>
<kw name="Wait For Container Exit" owner="MyDockerLibrary">
<arg>${SUB1}</arg>
<status status="PASS" start="2025-06-13T15:01:46.286041" elapsed="17.672714"/>
</kw>
<kw name="Wait For Container Exit" owner="MyDockerLibrary">
<arg>${SUB2}</arg>
<status status="PASS" start="2025-06-13T15:02:03.959026" elapsed="0.126927"/>
</kw>
<kw name="Wait For Container Exit" owner="MyDockerLibrary">
<arg>${PUB1}</arg>
<status status="PASS" start="2025-06-13T15:02:04.086154" elapsed="0.002019"/>
</kw>
<kw name="Wait For Container Exit" owner="MyDockerLibrary">
<arg>${PUB2}</arg>
<status status="PASS" start="2025-06-13T15:02:04.088281" elapsed="0.001027"/>
</kw>
<kw name="Get Container Logs" owner="MyDockerLibrary">
<msg time="2025-06-13T15:02:04.091732" level="INFO">${log1} = [Entrypoint] Starting multi_subscriber in mode network_udp
[Multi Subscriber] Waiting for messages...
[Multi Subscriber] Received value: 43
[Multi Subscriber] Received value: 42
[Multi Subscriber] Rec...</msg>
<var>${log1}</var>
<arg>${SUB1}</arg>
<status status="PASS" start="2025-06-13T15:02:04.089400" elapsed="0.002405"/>
</kw>
<kw name="Log To Console" owner="BuiltIn">
<arg>\n[CONTAINER LOG: SUBSCRIBER 1]\n${log1}</arg>
<doc>Logs the given message to the console.</doc>
<status status="PASS" start="2025-06-13T15:02:04.091973" elapsed="0.000171"/>
</kw>
<kw name="Get Container Logs" owner="MyDockerLibrary">
<msg time="2025-06-13T15:02:04.094510" level="INFO">${log2} = [Entrypoint] Starting multi_subscriber2 in mode network_udp
[Multi Subscriber] Waiting for messages...
[Multi Subscriber] Received value: 43
[Multi Subscriber] Received value: 42
[Multi Subscriber] Re...</msg>
<var>${log2}</var>
<arg>${SUB2}</arg>
<status status="PASS" start="2025-06-13T15:02:04.092250" elapsed="0.002286"/>
</kw>
<kw name="Log To Console" owner="BuiltIn">
<arg>\n[CONTAINER LOG: SUBSCRIBER 2]\n${log2}</arg>
<doc>Logs the given message to the console.</doc>
<status status="PASS" start="2025-06-13T15:02:04.094621" elapsed="0.000148"/>
</kw>
<kw name="Wait For Container Exit" owner="MyDockerLibrary">
<msg time="2025-06-13T15:02:04.095994" level="INFO">${exit1} = 0</msg>
<var>${exit1}</var>
<arg>${SUB1}</arg>
<status status="PASS" start="2025-06-13T15:02:04.094881" elapsed="0.001138"/>
</kw>
<kw name="Wait For Container Exit" owner="MyDockerLibrary">
<msg time="2025-06-13T15:02:04.097284" level="INFO">${exit2} = 0</msg>
<var>${exit2}</var>
<arg>${SUB2}</arg>
<status status="PASS" start="2025-06-13T15:02:04.096111" elapsed="0.001196"/>
</kw>
<kw name="Should Be Equal As Integers" owner="BuiltIn">
<msg time="2025-06-13T15:02:04.097533" level="INFO">Argument types are:
&lt;class 'int'&gt;
&lt;class 'str'&gt;</msg>
<arg>${exit1}</arg>
<arg>0</arg>
<arg>Subscriber 1 failed!</arg>
<doc>Fails if objects are unequal after converting them to integers.</doc>
<status status="PASS" start="2025-06-13T15:02:04.097390" elapsed="0.000190"/>
</kw>
<kw name="Should Be Equal As Integers" owner="BuiltIn">
<msg time="2025-06-13T15:02:04.097784" level="INFO">Argument types are:
&lt;class 'int'&gt;
&lt;class 'str'&gt;</msg>
<arg>${exit2}</arg>
<arg>0</arg>
<arg>Subscriber 2 failed!</arg>
<doc>Fails if objects are unequal after converting them to integers.</doc>
<status status="PASS" start="2025-06-13T15:02:04.097659" elapsed="0.000174"/>
</kw>
<kw name="Log Test Summary" owner="MyDockerLibrary">
<arg>Multi Pub/Sub Test ${layer_tag}</arg>
<arg>${True}</arg>
<status status="PASS" start="2025-06-13T15:02:04.097931" elapsed="0.000143"/>
</kw>
<kw name="Stop Container" owner="MyDockerLibrary">
<arg>${SUB1}</arg>
<status status="PASS" start="2025-06-13T15:02:04.098169" elapsed="0.005121"/>
</kw>
<kw name="Stop Container" owner="MyDockerLibrary">
<arg>${SUB2}</arg>
<status status="PASS" start="2025-06-13T15:02:04.103372" elapsed="0.005571"/>
</kw>
<kw name="Stop Container" owner="MyDockerLibrary">
<arg>${PUB1}</arg>
<status status="PASS" start="2025-06-13T15:02:04.109032" elapsed="0.005232"/>
</kw>
<kw name="Stop Container" owner="MyDockerLibrary">
<arg>${PUB2}</arg>
<status status="PASS" start="2025-06-13T15:02:04.114347" elapsed="0.005142"/>
</kw>
<kw name="Sleep" owner="BuiltIn">
<msg time="2025-06-13T15:02:05.119815" level="INFO">Slept 1 second.</msg>
<arg>1s</arg>
<doc>Pauses the test executed for the given time.</doc>
<status status="PASS" start="2025-06-13T15:02:04.119576" elapsed="1.000381"/>
</kw>
<arg>network_udp</arg>
<arg>network</arg>
<status status="PASS" start="2025-06-13T15:01:45.772258" elapsed="19.347784"/>
</kw>
<tag>multi_pub_sub_network_udp</tag>
<status status="PASS" start="2025-06-13T15:01:45.771818" elapsed="19.348344"/>
</test>
<test id="s1-s3-t5" name="Multi Pub/Sub Network TCP Test" line="42">
<kw name="Run Multi Pub Sub Network Test">
<kw name="Set Variable" owner="BuiltIn">
<msg time="2025-06-13T15:02:05.122249" level="INFO">${IMAGE} = multi_pub_sub_network_tcp</msg>
<var>${IMAGE}</var>
<arg>${BASE_IMAGE}_${layer_tag}</arg>
<doc>Returns the given values which can then be assigned to a variables.</doc>
<status status="PASS" start="2025-06-13T15:02:05.122081" elapsed="0.000189"/>
</kw>
<kw name="Set Variable" owner="BuiltIn">
<msg time="2025-06-13T15:02:05.122433" level="INFO">${TOPIC} = test_topic</msg>
<var>${TOPIC}</var>
<arg>test_topic</arg>
<doc>Returns the given values which can then be assigned to a variables.</doc>
<status status="PASS" start="2025-06-13T15:02:05.122342" elapsed="0.000119"/>
</kw>
<kw name="Set Variable" owner="BuiltIn">
<msg time="2025-06-13T15:02:05.122643" level="INFO">${PUB1} = pub1_network_tcp</msg>
<var>${PUB1}</var>
<arg>pub1_${layer_tag}</arg>
<doc>Returns the given values which can then be assigned to a variables.</doc>
<status status="PASS" start="2025-06-13T15:02:05.122536" elapsed="0.000123"/>
</kw>
<kw name="Set Variable" owner="BuiltIn">
<msg time="2025-06-13T15:02:05.122826" level="INFO">${PUB2} = pub2_network_tcp</msg>
<var>${PUB2}</var>
<arg>pub2_${layer_tag}</arg>
<doc>Returns the given values which can then be assigned to a variables.</doc>
<status status="PASS" start="2025-06-13T15:02:05.122725" elapsed="0.000118"/>
</kw>
<kw name="Set Variable" owner="BuiltIn">
<msg time="2025-06-13T15:02:05.123062" level="INFO">${SUB1} = sub1_network_tcp</msg>
<var>${SUB1}</var>
<arg>sub1_${layer_tag}</arg>
<doc>Returns the given values which can then be assigned to a variables.</doc>
<status status="PASS" start="2025-06-13T15:02:05.122946" elapsed="0.000134"/>
</kw>
<kw name="Set Variable" owner="BuiltIn">
<msg time="2025-06-13T15:02:05.123246" level="INFO">${SUB2} = sub2_network_tcp</msg>
<var>${SUB2}</var>
<arg>sub2_${layer_tag}</arg>
<doc>Returns the given values which can then be assigned to a variables.</doc>
<status status="PASS" start="2025-06-13T15:02:05.123146" elapsed="0.000117"/>
</kw>
<kw name="Log To Console" owner="BuiltIn">
<arg>\n[INFO] Starting multi pub/sub test with ${layer_tag}</arg>
<doc>Logs the given message to the console.</doc>
<status status="PASS" start="2025-06-13T15:02:05.123326" elapsed="0.000125"/>
</kw>
<kw name="Start Container" owner="MyDockerLibrary">
<arg>${SUB1}</arg>
<arg>${IMAGE}</arg>
<arg>multi_subscriber</arg>
<arg>${layer_tag}</arg>
<arg>${TOPIC}</arg>
<arg>network=${NETWORK}</arg>
<status status="PASS" start="2025-06-13T15:02:05.123545" elapsed="0.131096"/>
</kw>
<kw name="Start Container" owner="MyDockerLibrary">
<arg>${SUB2}</arg>
<arg>${IMAGE}</arg>
<arg>multi_subscriber2</arg>
<arg>${layer_tag}</arg>
<arg>${TOPIC}</arg>
<arg>network=${NETWORK}</arg>
<status status="PASS" start="2025-06-13T15:02:05.254867" elapsed="0.120782"/>
</kw>
<kw name="Start Container" owner="MyDockerLibrary">
<arg>${PUB1}</arg>
<arg>${IMAGE}</arg>
<arg>multi_publisher</arg>
<arg>${layer_tag}</arg>
<arg>${TOPIC}</arg>
<arg>network=${NETWORK}</arg>
<status status="PASS" start="2025-06-13T15:02:05.375836" elapsed="0.134116"/>
</kw>
<kw name="Start Container" owner="MyDockerLibrary">
<arg>${PUB2}</arg>
<arg>${IMAGE}</arg>
<arg>multi_publisher2</arg>
<arg>${layer_tag}</arg>
<arg>${TOPIC}</arg>
<arg>network=${NETWORK}</arg>
<status status="PASS" start="2025-06-13T15:02:05.510118" elapsed="0.121914"/>
</kw>
<kw name="Wait For Container Exit" owner="MyDockerLibrary">
<arg>${SUB1}</arg>
<status status="PASS" start="2025-06-13T15:02:05.632195" elapsed="17.699779"/>
</kw>
<kw name="Wait For Container Exit" owner="MyDockerLibrary">
<arg>${SUB2}</arg>
<status status="PASS" start="2025-06-13T15:02:23.332161" elapsed="0.102380"/>
</kw>
<kw name="Wait For Container Exit" owner="MyDockerLibrary">
<arg>${PUB1}</arg>
<status status="PASS" start="2025-06-13T15:02:23.434768" elapsed="0.001685"/>
</kw>
<kw name="Wait For Container Exit" owner="MyDockerLibrary">
<arg>${PUB2}</arg>
<status status="PASS" start="2025-06-13T15:02:23.436560" elapsed="0.001360"/>
</kw>
<kw name="Get Container Logs" owner="MyDockerLibrary">
<msg time="2025-06-13T15:02:23.440442" level="INFO">${log1} = [Entrypoint] Starting multi_subscriber in mode network_tcp
[Multi Subscriber] Waiting for messages...
[Multi Subscriber] Received value: 43
[Multi Subscriber] Received value: 42
[Multi Subscriber] Rec...</msg>
<var>${log1}</var>
<arg>${SUB1}</arg>
<status status="PASS" start="2025-06-13T15:02:23.438033" elapsed="0.002485"/>
</kw>
<kw name="Log To Console" owner="BuiltIn">
<arg>\n[CONTAINER LOG: SUBSCRIBER 1]\n${log1}</arg>
<doc>Logs the given message to the console.</doc>
<status status="PASS" start="2025-06-13T15:02:23.440608" elapsed="0.000172"/>
</kw>
<kw name="Get Container Logs" owner="MyDockerLibrary">
<msg time="2025-06-13T15:02:23.443447" level="INFO">${log2} = [Entrypoint] Starting multi_subscriber2 in mode network_tcp
[Multi Subscriber] Waiting for messages...
[Multi Subscriber] Received value: 43
[Multi Subscriber] Received value: 42
[Multi Subscriber] Re...</msg>
<var>${log2}</var>
<arg>${SUB2}</arg>
<status status="PASS" start="2025-06-13T15:02:23.440885" elapsed="0.002587"/>
</kw>
<kw name="Log To Console" owner="BuiltIn">
<arg>\n[CONTAINER LOG: SUBSCRIBER 2]\n${log2}</arg>
<doc>Logs the given message to the console.</doc>
<status status="PASS" start="2025-06-13T15:02:23.443556" elapsed="0.000156"/>
</kw>
<kw name="Wait For Container Exit" owner="MyDockerLibrary">
<msg time="2025-06-13T15:02:23.444743" level="INFO">${exit1} = 0</msg>
<var>${exit1}</var>
<arg>${SUB1}</arg>
<status status="PASS" start="2025-06-13T15:02:23.443822" elapsed="0.000944"/>
</kw>
<kw name="Wait For Container Exit" owner="MyDockerLibrary">
<msg time="2025-06-13T15:02:23.445746" level="INFO">${exit2} = 0</msg>
<var>${exit2}</var>
<arg>${SUB2}</arg>
<status status="PASS" start="2025-06-13T15:02:23.444846" elapsed="0.000923"/>
</kw>
<kw name="Should Be Equal As Integers" owner="BuiltIn">
<msg time="2025-06-13T15:02:23.446023" level="INFO">Argument types are:
&lt;class 'int'&gt;
&lt;class 'str'&gt;</msg>
<arg>${exit1}</arg>
<arg>0</arg>
<arg>Subscriber 1 failed!</arg>
<doc>Fails if objects are unequal after converting them to integers.</doc>
<status status="PASS" start="2025-06-13T15:02:23.445850" elapsed="0.000226"/>
</kw>
<kw name="Should Be Equal As Integers" owner="BuiltIn">
<msg time="2025-06-13T15:02:23.446272" level="INFO">Argument types are:
&lt;class 'int'&gt;
&lt;class 'str'&gt;</msg>
<arg>${exit2}</arg>
<arg>0</arg>
<arg>Subscriber 2 failed!</arg>
<doc>Fails if objects are unequal after converting them to integers.</doc>
<status status="PASS" start="2025-06-13T15:02:23.446155" elapsed="0.000156"/>
</kw>
<kw name="Log Test Summary" owner="MyDockerLibrary">
<arg>Multi Pub/Sub Test ${layer_tag}</arg>
<arg>${True}</arg>
<status status="PASS" start="2025-06-13T15:02:23.446383" elapsed="0.000139"/>
</kw>
<kw name="Stop Container" owner="MyDockerLibrary">
<arg>${SUB1}</arg>
<status status="PASS" start="2025-06-13T15:02:23.446624" elapsed="0.005093"/>
</kw>
<kw name="Stop Container" owner="MyDockerLibrary">
<arg>${SUB2}</arg>
<status status="PASS" start="2025-06-13T15:02:23.451799" elapsed="0.005315"/>
</kw>
<kw name="Stop Container" owner="MyDockerLibrary">
<arg>${PUB1}</arg>
<status status="PASS" start="2025-06-13T15:02:23.457195" elapsed="0.004892"/>
</kw>
<kw name="Stop Container" owner="MyDockerLibrary">
<arg>${PUB2}</arg>
<status status="PASS" start="2025-06-13T15:02:23.462169" elapsed="0.004941"/>
</kw>
<kw name="Sleep" owner="BuiltIn">
<msg time="2025-06-13T15:02:24.467422" level="INFO">Slept 1 second.</msg>
<arg>1s</arg>
<doc>Pauses the test executed for the given time.</doc>
<status status="PASS" start="2025-06-13T15:02:23.467195" elapsed="1.000326"/>
</kw>
<arg>network_tcp</arg>
<arg>network</arg>
<status status="PASS" start="2025-06-13T15:02:05.121821" elapsed="19.345778"/>
</kw>
<tag>multi_pub_sub_network_tcp</tag>
<status status="PASS" start="2025-06-13T15:02:05.121401" elapsed="19.346310"/>
</test>
<status status="FAIL" start="2025-06-13T15:00:35.639110" elapsed="108.829927"/>
</suite>
<suite id="s1-s4" name="Network Crash" source="/home/runner/work/ECAL_Test_Framework/ECAL_Test_Framework/integration_tests/network_crash/robottests/network_crash.robot">
<kw name="Init Test Context" type="SETUP">
<kw name="Set Test Context" owner="GlobalPathsLibrary">
<arg>network_crash</arg>
<arg>network_crash</arg>
<doc>Sets the test folder (e.g. basic_pub_sub or message_validation) and tag prefix (e.g. basic_pub_sub).
Should be called once in Suite Setup if you're using non-default test cases.</doc>
<status status="PASS" start="2025-06-13T15:02:24.472147" elapsed="0.000110"/>
</kw>
<kw name="Get Build Script Path" owner="GlobalPathsLibrary">
<msg time="2025-06-13T15:02:24.472426" level="INFO">${build} = /home/runner/work/ECAL_Test_Framework/ECAL_Test_Framework/integration_tests/network_crash/scripts/build_images.sh</msg>
<var>${build}</var>
<status status="PASS" start="2025-06-13T15:02:24.472334" elapsed="0.000112"/>
</kw>
<kw name="Get Network Name" owner="GlobalPathsLibrary">
<msg time="2025-06-13T15:02:24.472584" level="INFO">${net} = ecal_test_net</msg>
<var>${net}</var>
<status status="PASS" start="2025-06-13T15:02:24.472508" elapsed="0.000093"/>
</kw>
<kw name="Get Build Script Args" owner="GlobalPathsLibrary">
<msg time="2025-06-13T15:02:24.472735" level="INFO">${args} = ['network_crash']</msg>
<var>${args}</var>
<status status="PASS" start="2025-06-13T15:02:24.472660" elapsed="0.000092"/>
</kw>
<kw name="Set Suite Variable" owner="BuiltIn">
<msg time="2025-06-13T15:02:24.472985" level="INFO">${BUILD_SCRIPT} = /home/runner/work/ECAL_Test_Framework/ECAL_Test_Framework/integration_tests/network_crash/scripts/build_images.sh</msg>
<arg>${BUILD_SCRIPT}</arg>
<arg>${build}</arg>
<doc>Makes a variable available everywhere within the scope of the current suite.</doc>
<status status="PASS" start="2025-06-13T15:02:24.472825" elapsed="0.000192"/>
</kw>
<kw name="Set Suite Variable" owner="BuiltIn">
<msg time="2025-06-13T15:02:24.473209" level="INFO">${NETWORK} = ecal_test_net</msg>
<arg>${NETWORK}</arg>
<arg>${net}</arg>
<doc>Makes a variable available everywhere within the scope of the current suite.</doc>
<status status="PASS" start="2025-06-13T15:02:24.473094" elapsed="0.000142"/>
</kw>
<kw name="Log To Console" owner="BuiltIn">
<arg>[SETUP] Building image...</arg>
<doc>Logs the given message to the console.</doc>
<status status="PASS" start="2025-06-13T15:02:24.473302" elapsed="0.000088"/>
</kw>
<kw name="Run Process" owner="Process">
<msg time="2025-06-13T15:02:24.473638" level="INFO">Starting process:
/home/runner/work/ECAL_Test_Framework/ECAL_Test_Framework/integration_tests/network_crash/scripts/build_images.sh network_crash</msg>
<msg time="2025-06-13T15:02:24.474074" level="INFO">Waiting for process to complete.</msg>
<msg time="2025-06-13T15:02:33.717642" level="INFO">Process completed.</msg>
<msg time="2025-06-13T15:02:33.717813" level="INFO">${result} = &lt;result object with rc 0&gt;</msg>
<var>${result}</var>
<arg>${BUILD_SCRIPT}</arg>
<arg>@{args}</arg>
<doc>Runs a process and waits for it to complete.</doc>
<status status="PASS" start="2025-06-13T15:02:24.473485" elapsed="9.244353"/>
</kw>
<kw name="Should Be Equal As Integers" owner="BuiltIn">
<msg time="2025-06-13T15:02:33.718495" level="INFO">Argument types are:
&lt;class 'int'&gt;
&lt;class 'str'&gt;</msg>
<arg>${result.rc}</arg>
<arg>0</arg>
<arg>Docker image build failed!</arg>
<doc>Fails if objects are unequal after converting them to integers.</doc>
<status status="PASS" start="2025-06-13T15:02:33.718017" elapsed="0.000527"/>
</kw>
<kw name="Create Docker Network" owner="MyDockerLibrary">
<arg>${NETWORK}</arg>
<status status="PASS" start="2025-06-13T15:02:33.718628" elapsed="0.007230"/>
</kw>
<kw name="Sleep" owner="BuiltIn">
<msg time="2025-06-13T15:02:35.726259" level="INFO">Slept 2 seconds.</msg>
<arg>2s</arg>
<doc>Pauses the test executed for the given time.</doc>
<status status="PASS" start="2025-06-13T15:02:33.725991" elapsed="2.000399"/>
</kw>
<status status="PASS" start="2025-06-13T15:02:24.472001" elapsed="11.254490"/>
</kw>
<test id="s1-s4-t1" name="Local communication survives Network crash" line="45">
<kw name="Run Network Crash Survival Test">
<kw name="Set Variable" owner="BuiltIn">
<msg time="2025-06-13T15:02:35.727570" level="INFO">${IMAGE} = network_crash_local_udp</msg>
<var>${IMAGE}</var>
<arg>${BASE_IMAGE}_local_udp</arg>
<doc>Returns the given values which can then be assigned to a variables.</doc>
<status status="PASS" start="2025-06-13T15:02:35.727367" elapsed="0.000224"/>
</kw>
<kw name="Set Variable" owner="BuiltIn">
<msg time="2025-06-13T15:02:35.728000" level="INFO">${TOPIC} = test_topic</msg>
<var>${TOPIC}</var>
<arg>test_topic</arg>
<doc>Returns the given values which can then be assigned to a variables.</doc>
<status status="PASS" start="2025-06-13T15:02:35.727666" elapsed="0.000354"/>
</kw>
<kw name="Set Variable" owner="BuiltIn">
<msg time="2025-06-13T15:02:35.728177" level="INFO">${NET_PUB} = udp_network_pub</msg>
<var>${NET_PUB}</var>
<arg>udp_network_pub</arg>
<doc>Returns the given values which can then be assigned to a variables.</doc>
<status status="PASS" start="2025-06-13T15:02:35.728093" elapsed="0.000102"/>
</kw>
<kw name="Set Variable" owner="BuiltIn">
<msg time="2025-06-13T15:02:35.728341" level="INFO">${LOCAL_ALL} = udp_local_all</msg>
<var>${LOCAL_ALL}</var>
<arg>udp_local_all</arg>
<doc>Returns the given values which can then be assigned to a variables.</doc>
<status status="PASS" start="2025-06-13T15:02:35.728262" elapsed="0.000095"/>
</kw>
<kw name="Log To Console" owner="BuiltIn">
<arg>\n\n[INFO] Starting "LOCAL UDP (PUB1 + SUB + PUB3)" in one container and "NETWORK UDP (PUB2)" separately...</arg>
<doc>Logs the given message to the console.</doc>
<status status="PASS" start="2025-06-13T15:02:35.728421" elapsed="0.000098"/>
</kw>
<kw name="Start Container" owner="MyDockerLibrary">
<arg>${LOCAL_ALL}</arg>
<arg>${IMAGE}</arg>
<arg>udp_local_all</arg>
<arg>${TOPIC}</arg>
<arg>${LOCAL_ALL}</arg>
<arg>network=${NETWORK}</arg>
<status status="PASS" start="2025-06-13T15:02:35.728597" elapsed="0.146054"/>
</kw>
<kw name="Start Container" owner="MyDockerLibrary">
<arg>${NET_PUB}</arg>
<arg>${IMAGE}</arg>
<arg>udp_network_pub</arg>
<arg>${TOPIC}</arg>
<arg>${NET_PUB}</arg>
<arg>network=${NETWORK}</arg>
<status status="PASS" start="2025-06-13T15:02:35.874883" elapsed="0.123299"/>
</kw>
<kw name="Log To Console" owner="BuiltIn">
<arg>\n[INFO] Letting PUB1 and PUB2 run in parallel for 7s...</arg>
<doc>Logs the given message to the console.</doc>
<status status="PASS" start="2025-06-13T15:02:35.998408" elapsed="0.000200"/>
</kw>
<kw name="Sleep" owner="BuiltIn">
<msg time="2025-06-13T15:02:42.998977" level="INFO">Slept 7 seconds.</msg>
<arg>7s</arg>
<doc>Pauses the test executed for the given time.</doc>
<status status="PASS" start="2025-06-13T15:02:35.998711" elapsed="7.000389"/>
</kw>
<kw name="Log To Console" owner="BuiltIn">
<arg>\n[SIMULATION] Disconnecting NETWORK UDP Publisher...</arg>
<doc>Logs the given message to the console.</doc>
<status status="PASS" start="2025-06-13T15:02:42.999278" elapsed="0.000191"/>
</kw>
<kw name="Disconnect Container From Network">
<kw name="Log To Console" owner="BuiltIn">
<arg>\n[SIMULATION] Disconnecting ${container} from ${network} (simulate network failure)...</arg>
<doc>Logs the given message to the console.</doc>
<status status="PASS" start="2025-06-13T15:02:43.000011" elapsed="0.000143"/>
</kw>
<kw name="Run Process" owner="Process">
<msg time="2025-06-13T15:02:43.000429" level="INFO">Starting process:
docker network disconnect ecal_test_net udp_network_pub</msg>
<msg time="2025-06-13T15:02:43.001145" level="INFO">Waiting for process to complete.</msg>
<msg time="2025-06-13T15:02:43.046286" level="INFO">Process completed.</msg>
<msg time="2025-06-13T15:02:43.046513" level="INFO">${result} = &lt;result object with rc 0&gt;</msg>
<var>${result}</var>
<arg>docker</arg>
<arg>network</arg>
<arg>disconnect</arg>
<arg>${network}</arg>
<arg>${container}</arg>
<doc>Runs a process and waits for it to complete.</doc>
<status status="PASS" start="2025-06-13T15:02:43.000248" elapsed="0.046304"/>
</kw>
<kw name="Should Be Equal As Integers" owner="BuiltIn">
<msg time="2025-06-13T15:02:43.047751" level="INFO">Argument types are:
&lt;class 'int'&gt;
&lt;class 'str'&gt;</msg>
<arg>${result.rc}</arg>
<arg>0</arg>
<arg>Failed to disconnect ${container} from ${network}</arg>
<doc>Fails if objects are unequal after converting them to integers.</doc>
<status status="PASS" start="2025-06-13T15:02:43.046763" elapsed="0.001065"/>
</kw>
<kw name="Sleep" owner="BuiltIn">
<msg time="2025-06-13T15:02:44.048242" level="INFO">Slept 1 second.</msg>
<arg>1s</arg>
<doc>Pauses the test executed for the given time.</doc>
<status status="PASS" start="2025-06-13T15:02:43.047974" elapsed="1.000378"/>
</kw>
<arg>${NET_PUB}</arg>
<arg>${NETWORK}</arg>
<status status="PASS" start="2025-06-13T15:02:42.999678" elapsed="1.048755"/>
</kw>
<kw name="Wait For Container Exit" owner="MyDockerLibrary">
<arg>${LOCAL_ALL}</arg>
<status status="PASS" start="2025-06-13T15:02:44.048562" elapsed="21.887693"/>
</kw>
<kw name="Get Container Logs" owner="MyDockerLibrary">
<msg time="2025-06-13T15:03:05.940212" level="INFO">${log_local} = [Entrypoint] Starting UDP subscriber, then UDP publisher...
[Publisher] Waiting for at least 1 subscriber(s) on topic: test_topic
[Publisher] Found 1 subscriber(s). Proceeding to send messages.
[Subsc...</msg>
<var>${log_local}</var>
<arg>${LOCAL_ALL}</arg>
<status status="PASS" start="2025-06-13T15:03:05.936464" elapsed="0.003776"/>
</kw>
<kw name="Log To Console" owner="BuiltIn">
<arg>\n[LOG: LOCAL UDP PUB + SUB + PUB3 CONTAINER]\n${log_local}</arg>
<doc>Logs the given message to the console.</doc>
<status status="PASS" start="2025-06-13T15:03:05.940341" elapsed="0.000176"/>
</kw>
<kw name="Wait For Container Exit" owner="MyDockerLibrary">
<msg time="2025-06-13T15:03:05.941542" level="INFO">${exit_code} = 0</msg>
<var>${exit_code}</var>
<arg>${LOCAL_ALL}</arg>
<status status="PASS" start="2025-06-13T15:03:05.940619" elapsed="0.000947"/>
</kw>
<kw name="Should Be Equal As Integers" owner="BuiltIn">
<msg time="2025-06-13T15:03:05.941786" level="INFO">Argument types are:
&lt;class 'int'&gt;
&lt;class 'str'&gt;</msg>
<arg>${exit_code}</arg>
<arg>0</arg>
<arg>LOCAL container (PUB + SUB + PUB3) failed unexpectedly!</arg>
<doc>Fails if objects are unequal after converting them to integers.</doc>
<status status="PASS" start="2025-06-13T15:03:05.941649" elapsed="0.000181"/>
</kw>
<kw name="Log Test Summary" owner="MyDockerLibrary">
<arg>Network Crash Test with Local Recovery Publisher</arg>
<arg>${True}</arg>
<status status="PASS" start="2025-06-13T15:03:05.941948" elapsed="0.000166"/>
</kw>
<status status="PASS" start="2025-06-13T15:02:35.727149" elapsed="30.215032"/>
</kw>
<tag>network_crash_test</tag>
<status status="PASS" start="2025-06-13T15:02:35.726568" elapsed="30.215719"/>
</test>
<status status="PASS" start="2025-06-13T15:02:24.469554" elapsed="41.473416"/>
</suite>
<suite id="s1-s5" name="Pub Crash" source="/home/runner/work/ECAL_Test_Framework/ECAL_Test_Framework/integration_tests/pub_crash/robottests/pub_crash.robot">
<kw name="Init Test Context" type="SETUP">
<kw name="Set Test Context" owner="GlobalPathsLibrary">
<arg>pub_crash</arg>
<arg>pub_crash</arg>
<doc>Sets the test folder (e.g. basic_pub_sub or message_validation) and tag prefix (e.g. basic_pub_sub).
Should be called once in Suite Setup if you're using non-default test cases.</doc>
<status status="PASS" start="2025-06-13T15:03:05.946040" elapsed="0.000104"/>
</kw>
<kw name="Get Build Script Path" owner="GlobalPathsLibrary">
<msg time="2025-06-13T15:03:05.946307" level="INFO">${build} = /home/runner/work/ECAL_Test_Framework/ECAL_Test_Framework/integration_tests/pub_crash/scripts/build_images.sh</msg>
<var>${build}</var>
<status status="PASS" start="2025-06-13T15:03:05.946221" elapsed="0.000106"/>
</kw>
<kw name="Get Network Name" owner="GlobalPathsLibrary">
<msg time="2025-06-13T15:03:05.946466" level="INFO">${net} = ecal_test_net</msg>
<var>${net}</var>
<status status="PASS" start="2025-06-13T15:03:05.946389" elapsed="0.000095"/>
</kw>
<kw name="Get Build Script Args" owner="GlobalPathsLibrary">
<msg time="2025-06-13T15:03:05.946625" level="INFO">${args} = ['pub_crash']</msg>
<var>${args}</var>
<status status="PASS" start="2025-06-13T15:03:05.946547" elapsed="0.000135"/>
</kw>
<kw name="Set Suite Variable" owner="BuiltIn">
<msg time="2025-06-13T15:03:05.946929" level="INFO">${BUILD_SCRIPT} = /home/runner/work/ECAL_Test_Framework/ECAL_Test_Framework/integration_tests/pub_crash/scripts/build_images.sh</msg>
<arg>${BUILD_SCRIPT}</arg>
<arg>${build}</arg>
<doc>Makes a variable available everywhere within the scope of the current suite.</doc>
<status status="PASS" start="2025-06-13T15:03:05.946762" elapsed="0.000201"/>
</kw>
<kw name="Set Suite Variable" owner="BuiltIn">
<msg time="2025-06-13T15:03:05.947158" level="INFO">${NETWORK} = ecal_test_net</msg>
<arg>${NETWORK}</arg>
<arg>${net}</arg>
<doc>Makes a variable available everywhere within the scope of the current suite.</doc>
<status status="PASS" start="2025-06-13T15:03:05.947040" elapsed="0.000146"/>
</kw>
<kw name="Log To Console" owner="BuiltIn">
<arg>[SETUP] Building Docker image...</arg>
<doc>Logs the given message to the console.</doc>
<status status="PASS" start="2025-06-13T15:03:05.947253" elapsed="0.000085"/>
</kw>
<kw name="Run Process" owner="Process">
<msg time="2025-06-13T15:03:05.947586" level="INFO">Starting process:
/home/runner/work/ECAL_Test_Framework/ECAL_Test_Framework/integration_tests/pub_crash/scripts/build_images.sh pub_crash</msg>
<msg time="2025-06-13T15:03:05.947958" level="INFO">Waiting for process to complete.</msg>
<msg time="2025-06-13T15:03:15.545446" level="INFO">Process completed.</msg>
<msg time="2025-06-13T15:03:15.545616" level="INFO">${result} = &lt;result object with rc 0&gt;</msg>
<var>${result}</var>
<arg>${BUILD_SCRIPT}</arg>
<arg>@{args}</arg>
<doc>Runs a process and waits for it to complete.</doc>
<status status="PASS" start="2025-06-13T15:03:05.947434" elapsed="9.598207"/>
</kw>
<kw name="Should Be Equal As Integers" owner="BuiltIn">
<msg time="2025-06-13T15:03:15.546317" level="INFO">Argument types are:
&lt;class 'int'&gt;
&lt;class 'str'&gt;</msg>
<arg>${result.rc}</arg>
<arg>0</arg>
<arg>Docker build failed!</arg>
<doc>Fails if objects are unequal after converting them to integers.</doc>
<status status="PASS" start="2025-06-13T15:03:15.545793" elapsed="0.000575"/>
</kw>
<kw name="Create Docker Network" owner="MyDockerLibrary">
<arg>${NETWORK}</arg>
<status status="PASS" start="2025-06-13T15:03:15.546454" elapsed="0.006955"/>
</kw>
<kw name="Sleep" owner="BuiltIn">
<msg time="2025-06-13T15:03:18.553749" level="INFO">Slept 3 seconds.</msg>
<arg>3s</arg>
<doc>Pauses the test executed for the given time.</doc>
<status status="PASS" start="2025-06-13T15:03:15.553522" elapsed="3.000331"/>
</kw>
<status status="PASS" start="2025-06-13T15:03:05.945870" elapsed="12.608089"/>
</kw>
<test id="s1-s5-t1" name="Communication Continues After Publisher Crash (UDP)" line="30">
<kw name="Run Network Communication Test">
<kw name="Set Variable" owner="BuiltIn">
<msg time="2025-06-13T15:03:18.555170" level="INFO">${IMAGE} = pub_crash_network_udp</msg>
<var>${IMAGE}</var>
<arg>${BASE_IMAGE}_${layer_tag}</arg>
<doc>Returns the given values which can then be assigned to a variables.</doc>
<status status="PASS" start="2025-06-13T15:03:18.554764" elapsed="0.000429"/>
</kw>
<kw name="Set Variable" owner="BuiltIn">
<msg time="2025-06-13T15:03:18.555363" level="INFO">${TOPIC} = test_topic</msg>
<var>${TOPIC}</var>
<arg>test_topic</arg>
<doc>Returns the given values which can then be assigned to a variables.</doc>
<status status="PASS" start="2025-06-13T15:03:18.555272" elapsed="0.000110"/>
</kw>
<kw name="Set Variable" owner="BuiltIn">
<msg time="2025-06-13T15:03:18.555562" level="INFO">${CRASH_PUB} = crash_pub_network_udp</msg>
<var>${CRASH_PUB}</var>
<arg>crash_pub_${layer_tag}</arg>
<doc>Returns the given values which can then be assigned to a variables.</doc>
<status status="PASS" start="2025-06-13T15:03:18.555453" elapsed="0.000127"/>
</kw>
<kw name="Set Variable" owner="BuiltIn">
<msg time="2025-06-13T15:03:18.555751" level="INFO">${TEST_PUB} = test_pub_network_udp</msg>
<var>${TEST_PUB}</var>
<arg>test_pub_${layer_tag}</arg>
<doc>Returns the given values which can then be assigned to a variables.</doc>
<status status="PASS" start="2025-06-13T15:03:18.555647" elapsed="0.000121"/>
</kw>
<kw name="Set Variable" owner="BuiltIn">
<msg time="2025-06-13T15:03:18.555954" level="INFO">${SUB_NAME} = sub_network_udp</msg>
<var>${SUB_NAME}</var>
<arg>sub_${layer_tag}</arg>
<doc>Returns the given values which can then be assigned to a variables.</doc>
<status status="PASS" start="2025-06-13T15:03:18.555833" elapsed="0.000139"/>
</kw>
<kw name="Log To Console" owner="BuiltIn">
<arg>\n[INFO] Starting communication continuity test with ${layer_tag}</arg>
<doc>Logs the given message to the console.</doc>
<status status="PASS" start="2025-06-13T15:03:18.556039" elapsed="0.000119"/>
</kw>
<kw name="Start Container" owner="MyDockerLibrary">
<arg>${SUB_NAME}</arg>
<arg>${IMAGE}</arg>
<arg>subscriber</arg>
<arg>${layer_tag}</arg>
<arg>${TOPIC}</arg>
<arg>network=${NETWORK}</arg>
<status status="PASS" start="2025-06-13T15:03:18.556251" elapsed="0.131846"/>
</kw>
<kw name="Start Container" owner="MyDockerLibrary">
<arg>${CRASH_PUB}</arg>
<arg>${IMAGE}</arg>
<arg>crash_publisher</arg>
<arg>${layer_tag}</arg>
<arg>${TOPIC}</arg>
<arg>network=${NETWORK}</arg>
<status status="PASS" start="2025-06-13T15:03:18.688285" elapsed="0.123877"/>
</kw>
<kw name="Start Container" owner="MyDockerLibrary">
<arg>${TEST_PUB}</arg>
<arg>${IMAGE}</arg>
<arg>test_publisher</arg>
<arg>${layer_tag}</arg>
<arg>${TOPIC}</arg>
<arg>${TEST_PUB}</arg>
<arg>network=${NETWORK}</arg>
<status status="PASS" start="2025-06-13T15:03:18.812371" elapsed="0.131821"/>
</kw>
<kw name="Wait For Container Exit" owner="MyDockerLibrary">
<arg>${SUB_NAME}</arg>
<status status="PASS" start="2025-06-13T15:03:18.944377" elapsed="34.809190"/>
</kw>
<kw name="Wait For Container Exit" owner="MyDockerLibrary">
<arg>${CRASH_PUB}</arg>
<status status="PASS" start="2025-06-13T15:03:53.753756" elapsed="0.001526"/>
</kw>
<kw name="Wait For Container Exit" owner="MyDockerLibrary">
<arg>${TEST_PUB}</arg>
<status status="PASS" start="2025-06-13T15:03:53.755370" elapsed="0.000996"/>
</kw>
<kw name="Get Container Logs" owner="MyDockerLibrary">
<msg time="2025-06-13T15:03:53.758945" level="INFO">${sub_logs} = [Entrypoint] Starting crash subscriber in mode network_udp

[...]
</kw>
<kw name="Log To Console" owner="BuiltIn">
<arg>\n[LOCAL TEST CONTAINER OUTPUT]\n${logs}</arg>
<doc>Logs the given message to the console.</doc>
<status status="PASS" start="2025-06-13T15:10:09.373952" elapsed="0.000161"/>
</kw>
<kw name="Wait For Container Exit" owner="MyDockerLibrary">
<msg time="2025-06-13T15:10:09.375389" level="INFO">${exit_code} = 0</msg>
<var>${exit_code}</var>
<arg>${CONTAINER}</arg>
<status status="PASS" start="2025-06-13T15:10:09.374219" elapsed="0.001193"/>
</kw>
<kw name="Should Be Equal As Integers" owner="BuiltIn">
<msg time="2025-06-13T15:10:09.375626" level="INFO">Argument types are:
&lt;class 'int'&gt;
&lt;class 'str'&gt;</msg>
<arg>${exit_code}</arg>
<arg>0</arg>
<arg>Local container failed!</arg>
<doc>Fails if objects are unequal after converting them to integers.</doc>
<status status="PASS" start="2025-06-13T15:10:09.375492" elapsed="0.000177"/>
</kw>
<kw name="Get Container Logs" owner="MyDockerLibrary">
<msg time="2025-06-13T15:10:09.377741" level="INFO">${logs} = [Entrypoint] Starting all processes locally in one container (mode local_tcp)
[Publisher] Prepared 100MB message.
[Publisher] Waiting for at least 2 subscriber(s) on topic: test_topic
1749827376372 ms...</msg>
<var>${logs}</var>
<arg>${CONTAINER}</arg>
<status status="PASS" start="2025-06-13T15:10:09.375745" elapsed="0.002020"/>
</kw>
<kw name="Log Test Summary" owner="MyDockerLibrary">
<arg>Local Crash Receive Test ${layer_tag}</arg>
<arg>${True}</arg>
<status status="PASS" start="2025-06-13T15:10:09.377843" elapsed="0.000180"/>
</kw>
<kw name="Stop Container" owner="MyDockerLibrary">
<arg>${CONTAINER}</arg>
<status status="PASS" start="2025-06-13T15:10:09.378121" elapsed="0.005435"/>
</kw>
<arg>local_tcp</arg>
<status status="PASS" start="2025-06-13T15:09:34.231397" elapsed="35.152217"/>
</kw>
<tag>crash_receive_local_tcp</tag>
<status status="PASS" start="2025-06-13T15:09:34.231068" elapsed="35.152633"/>
</test>
<test id="s1-s7-t4" name="Crash During Reception (Network UDP)" line="53">
<kw name="Run Network Crash Receive Test">
<kw name="Set Variable" owner="BuiltIn">
<msg time="2025-06-13T15:10:09.384942" level="INFO">${IMAGE} = sub_send_crash_network_udp</msg>
<var>${IMAGE}</var>
<arg>${BASE_IMAGE}_${layer_tag}</arg>
<doc>Returns the given values which can then be assigned to a variables.</doc>
<status status="PASS" start="2025-06-13T15:10:09.384780" elapsed="0.000184"/>
</kw>
<kw name="Set Variable" owner="BuiltIn">
<msg time="2025-06-13T15:10:09.385126" level="INFO">${TOPIC} = test_topic</msg>
<var>${TOPIC}</var>
<arg>test_topic</arg>
<doc>Returns the given values which can then be assigned to a variables.</doc>
<status status="PASS" start="2025-06-13T15:10:09.385040" elapsed="0.000104"/>
</kw>
<kw name="Set Variable" owner="BuiltIn">
<msg time="2025-06-13T15:10:09.385316" level="INFO">${SUB_OK} = sub_ok_network_udp</msg>
<var>${SUB_OK}</var>
<arg>sub_ok_${layer_tag}</arg>
<doc>Returns the given values which can then be assigned to a variables.</doc>
<status status="PASS" start="2025-06-13T15:10:09.385211" elapsed="0.000122"/>
</kw>
<kw name="Set Variable" owner="BuiltIn">
<msg time="2025-06-13T15:10:09.385498" level="INFO">${SUB_CRASH} = sub_crash_network_udp</msg>
<var>${SUB_CRASH}</var>
<arg>sub_crash_${layer_tag}</arg>
<doc>Returns the given values which can then be assigned to a variables.</doc>
<status status="PASS" start="2025-06-13T15:10:09.385397" elapsed="0.000157"/>
</kw>
<kw name="Set Variable" owner="BuiltIn">
<msg time="2025-06-13T15:10:09.385733" level="INFO">${PUBLISHER} = pub_network_udp</msg>
<var>${PUBLISHER}</var>
<arg>pub_${layer_tag}</arg>
<doc>Returns the given values which can then be assigned to a variables.</doc>
<status status="PASS" start="2025-06-13T15:10:09.385626" elapsed="0.000125"/>
</kw>
<kw name="Log To Console" owner="BuiltIn">
<arg>\n[INFO] Starting crash test in NETWORK mode: ${layer_tag}</arg>
<doc>Logs the given message to the console.</doc>
<status status="PASS" start="2025-06-13T15:10:09.385816" elapsed="0.000143"/>
</kw>
<kw name="Start Container" owner="MyDockerLibrary">
<arg>${SUB_OK}</arg>
<arg>${IMAGE}</arg>
<arg>test_subscriber</arg>
<arg>${layer_tag}</arg>
<arg>${TOPIC}</arg>
<arg>${SUB_OK}</arg>
<arg>network=${NETWORK}</arg>
<status status="PASS" start="2025-06-13T15:10:09.386059" elapsed="0.132683"/>
</kw>
<kw name="Start Container" owner="MyDockerLibrary">
<arg>${SUB_CRASH}</arg>
<arg>${IMAGE}</arg>
<arg>crash_subscriber</arg>
<arg>${layer_tag}</arg>
<arg>${TOPIC}</arg>
<arg>${SUB_CRASH}</arg>
<arg>network=${NETWORK}</arg>
<status status="PASS" start="2025-06-13T15:10:09.518949" elapsed="0.120664"/>
</kw>
<kw name="Start Container" owner="MyDockerLibrary">
<arg>${PUBLISHER}</arg>
<arg>${IMAGE}</arg>
<arg>large_publisher</arg>
<arg>${layer_tag}</arg>
<arg>${TOPIC}</arg>
<arg>${PUBLISHER}</arg>
<arg>network=${NETWORK}</arg>
<status status="PASS" start="2025-06-13T15:10:09.639800" elapsed="0.124794"/>
</kw>
<kw name="Wait For Container Exit" owner="MyDockerLibrary">
<arg>${SUB_OK}</arg>
<status status="PASS" start="2025-06-13T15:10:09.764810" elapsed="30.823317"/>
</kw>
<kw name="Wait For Container Exit" owner="MyDockerLibrary">
<arg>${SUB_CRASH}</arg>
<status status="PASS" start="2025-06-13T15:10:40.588289" elapsed="0.001579"/>
</kw>
<kw name="Wait For Container Exit" owner="MyDockerLibrary">
<arg>${PUBLISHER}</arg>
<status status="PASS" start="2025-06-13T15:10:40.589987" elapsed="0.000981"/>
</kw>
<kw name="Get Container Logs" owner="MyDockerLibrary">
<msg time="2025-06-13T15:10:40.593143" level="INFO">${log1} = [Entrypoint] Starting stable subscriber in mode network_udp
[Test_Sub] Ready and waiting...
[Test_Sub] Received 52428800 bytes (message 1)
[Test_Sub] Received 52428800 bytes (message 2)
[Test_Sub] Rec...</msg>
<var>${log1}</var>
<arg>${SUB_OK}</arg>
<status status="PASS" start="2025-06-13T15:10:40.591054" elapsed="0.002115"/>
</kw>
<kw name="Get Container Logs" owner="MyDockerLibrary">
<msg time="2025-06-13T15:10:40.595312" level="INFO">${log2} = [Entrypoint] Starting crashing subscriber in mode network_udp
[Crash_Sub] Listening to topic 'test_topic' in mode 'network_udp'
[Crash_Sub] Received 52428800 bytes
[Crash_Sub] Simulating crash after 2...</msg>
<var>${log2}</var>
<arg>${SUB_CRASH}</arg>
<status status="PASS" start="2025-06-13T15:10:40.593250" elapsed="0.002087"/>
</kw>
<kw name="Get Container Logs" owner="MyDockerLibrary">
<msg time="2025-06-13T15:10:40.597404" level="INFO">${log3} = [Entrypoint] Starting large publisher in mode network_udp
[Publisher] Prepared 100MB message.
[Publisher] Waiting for at least 2 subscriber(s) on topic: test_topic
[Publisher] Found 2 subscriber(s). P...</msg>
<var>${log3}</var>
<arg>${PUBLISHER}</arg>
<status status="PASS" start="2025-06-13T15:10:40.595418" elapsed="0.002009"/>
</kw>
<kw name="Log To Console" owner="BuiltIn">
<arg>\n[LOG: SUBSCRIBER]\n${log1}</arg>
<doc>Logs the given message to the console.</doc>
<status status="PASS" start="2025-06-13T15:10:40.597520" elapsed="0.000152"/>
</kw>
<kw name="Log To Console" owner="BuiltIn">
<arg>\n[LOG: CRASH_SUBSCRIBER]\n${log2}</arg>
<doc>Logs the given message to the console.</doc>
<status status="PASS" start="2025-06-13T15:10:40.597775" elapsed="0.000183"/>
</kw>
<kw name="Log To Console" owner="BuiltIn">
<arg>\n[LOG: PUBLISHER]\n${log3}</arg>
<doc>Logs the given message to the console.</doc>
<status status="PASS" start="2025-06-13T15:10:40.598070" elapsed="0.000167"/>
</kw>
<kw name="Wait For Container Exit" owner="MyDockerLibrary">
<msg time="2025-06-13T15:10:40.599533" level="INFO">${exit1} = 0</msg>
<var>${exit1}</var>
<arg>${SUB_OK}</arg>
<status status="PASS" start="2025-06-13T15:10:40.598345" elapsed="0.001211"/>
</kw>
<kw name="Should Be Equal As Integers" owner="BuiltIn">
<msg time="2025-06-13T15:10:40.599772" level="INFO">Argument types are:
&lt;class 'int'&gt;
&lt;class 'str'&gt;</msg>
<arg>${exit1}</arg>
<arg>0</arg>
<arg>Stable subscriber failed unexpectedly!</arg>
<doc>Fails if objects are unequal after converting them to integers.</doc>
<status status="PASS" start="2025-06-13T15:10:40.599636" elapsed="0.000181"/>
</kw>
<kw name="Log Test Summary" owner="MyDockerLibrary">
<arg>Network Crash Receive Test ${layer_tag}</arg>
<arg>${True}</arg>
<status status="PASS" start="2025-06-13T15:10:40.599917" elapsed="0.000155"/>
</kw>
<kw name="Stop Container" owner="MyDockerLibrary">
<arg>${SUB_OK}</arg>
<status status="PASS" start="2025-06-13T15:10:40.600173" elapsed="0.004961"/>
</kw>
<kw name="Stop Container" owner="MyDockerLibrary">
<arg>${SUB_CRASH}</arg>
<status status="PASS" start="2025-06-13T15:10:40.605217" elapsed="0.005143"/>
</kw>
<kw name="Stop Container" owner="MyDockerLibrary">
<arg>${PUBLISHER}</arg>
<status status="PASS" start="2025-06-13T15:10:40.610441" elapsed="0.005409"/>
</kw>
<arg>network_udp</arg>
<arg>network</arg>
<status status="PASS" start="2025-06-13T15:10:09.384582" elapsed="31.231353"/>
</kw>
<tag>crash_receive_network_udp</tag>
<status status="PASS" start="2025-06-13T15:10:09.384211" elapsed="31.231821"/>
</test>
<test id="s1-s7-t5" name="Crash During Reception (Network TCP)" line="57">
<kw name="Run Network Crash Receive Test">
<kw name="Set Variable" owner="BuiltIn">
<msg time="2025-06-13T15:10:40.617918" level="INFO">${IMAGE} = sub_send_crash_network_tcp</msg>
<var>${IMAGE}</var>
<arg>${BASE_IMAGE}_${layer_tag}</arg>
<doc>Returns the given values which can then be assigned to a variables.</doc>
<status status="PASS" start="2025-06-13T15:10:40.617758" elapsed="0.000185"/>
</kw>
<kw name="Set Variable" owner="BuiltIn">
<msg time="2025-06-13T15:10:40.618108" level="INFO">${TOPIC} = test_topic</msg>
<var>${TOPIC}</var>
<arg>test_topic</arg>
<doc>Returns the given values which can then be assigned to a variables.</doc>
<status status="PASS" start="2025-06-13T15:10:40.618020" elapsed="0.000106"/>
</kw>
<kw name="Set Variable" owner="BuiltIn">
<msg time="2025-06-13T15:10:40.618300" level="INFO">${SUB_OK} = sub_ok_network_tcp</msg>
<var>${SUB_OK}</var>
<arg>sub_ok_${layer_tag}</arg>
<doc>Returns the given values which can then be assigned to a variables.</doc>
<status status="PASS" start="2025-06-13T15:10:40.618192" elapsed="0.000134"/>
</kw>
<kw name="Set Variable" owner="BuiltIn">
<msg time="2025-06-13T15:10:40.618496" level="INFO">${SUB_CRASH} = sub_crash_network_tcp</msg>
<var>${SUB_CRASH}</var>
<arg>sub_crash_${layer_tag}</arg>
<doc>Returns the given values which can then be assigned to a variables.</doc>
<status status="PASS" start="2025-06-13T15:10:40.618393" elapsed="0.000120"/>
</kw>
<kw name="Set Variable" owner="BuiltIn">
<msg time="2025-06-13T15:10:40.618679" level="INFO">${PUBLISHER} = pub_network_tcp</msg>
<var>${PUBLISHER}</var>
<arg>pub_${layer_tag}</arg>
<doc>Returns the given values which can then be assigned to a variables.</doc>
<status status="PASS" start="2025-06-13T15:10:40.618578" elapsed="0.000118"/>
</kw>
<kw name="Log To Console" owner="BuiltIn">
<arg>\n[INFO] Starting crash test in NETWORK mode: ${layer_tag}</arg>
<doc>Logs the given message to the console.</doc>
<status status="PASS" start="2025-06-13T15:10:40.618759" elapsed="0.000122"/>
</kw>
<kw name="Start Container" owner="MyDockerLibrary">
<arg>${SUB_OK}</arg>
<arg>${IMAGE}</arg>
<arg>test_subscriber</arg>
<arg>${layer_tag}</arg>
<arg>${TOPIC}</arg>
<arg>${SUB_OK}</arg>
<arg>network=${NETWORK}</arg>
<status status="PASS" start="2025-06-13T15:10:40.619000" elapsed="0.128824"/>
</kw>
<kw name="Start Container" owner="MyDockerLibrary">
<arg>${SUB_CRASH}</arg>
<arg>${IMAGE}</arg>
<arg>crash_subscriber</arg>
<arg>${layer_tag}</arg>
<arg>${TOPIC}</arg>
<arg>${SUB_CRASH}</arg>
<arg>network=${NETWORK}</arg>
<status status="PASS" start="2025-06-13T15:10:40.748066" elapsed="0.124452"/>
</kw>
<kw name="Start Container" owner="MyDockerLibrary">
<arg>${PUBLISHER}</arg>
<arg>${IMAGE}</arg>
<arg>large_publisher</arg>
<arg>${layer_tag}</arg>
<arg>${TOPIC}</arg>
<arg>${PUBLISHER}</arg>
<arg>network=${NETWORK}</arg>
<status status="PASS" start="2025-06-13T15:10:40.872682" elapsed="0.123692"/>
</kw>
<kw name="Wait For Container Exit" owner="MyDockerLibrary">
<arg>${SUB_OK}</arg>
<status status="PASS" start="2025-06-13T15:10:40.996558" elapsed="30.816923"/>
</kw>
<kw name="Wait For Container Exit" owner="MyDockerLibrary">
<arg>${SUB_CRASH}</arg>
<status status="PASS" start="2025-06-13T15:11:11.813703" elapsed="0.002008"/>
</kw>
<kw name="Wait For Container Exit" owner="MyDockerLibrary">
<arg>${PUBLISHER}</arg>
<status status="PASS" start="2025-06-13T15:11:11.815922" elapsed="0.002173"/>
</kw>
<kw name="Get Container Logs" owner="MyDockerLibrary">
<msg time="2025-06-13T15:11:11.821310" level="INFO">${log1} = [Entrypoint] Starting stable subscriber in mode network_tcp
[Test_Sub] Ready and waiting...
[Test_Sub] Received 52428800 bytes (message 1)
[Test_Sub] Received 52428800 bytes (message 2)
[Test_Sub] Rec...</msg>
<var>${log1}</var>
<arg>${SUB_OK}</arg>
<status status="PASS" start="2025-06-13T15:11:11.818209" elapsed="0.003128"/>
</kw>
<kw name="Get Container Logs" owner="MyDockerLibrary">
<msg time="2025-06-13T15:11:11.823445" level="INFO">${log2} = [Entrypoint] Starting crashing subscriber in mode network_tcp
[Crash_Sub] Listening to topic 'test_topic' in mode 'network_tcp'
[Crash_Sub] Received 52428800 bytes
[Crash_Sub] Simulating crash after 2...</msg>
<var>${log2}</var>
<arg>${SUB_CRASH}</arg>
<status status="PASS" start="2025-06-13T15:11:11.821421" elapsed="0.002049"/>
</kw>
<kw name="Get Container Logs" owner="MyDockerLibrary">
<msg time="2025-06-13T15:11:11.825594" level="INFO">${log3} = [Entrypoint] Starting large publisher in mode network_tcp
[Publisher] Prepared 100MB message.
[Publisher] Waiting for at least 2 subscriber(s) on topic: test_topic
1749827441750 ms | 683fa94ae78e | la...</msg>
<var>${log3}</var>
<arg>${PUBLISHER}</arg>
<status status="PASS" start="2025-06-13T15:11:11.823552" elapsed="0.002068"/>
</kw>
<kw name="Log To Console" owner="BuiltIn">
<arg>\n[LOG: SUBSCRIBER]\n${log1}</arg>
<doc>Logs the given message to the console.</doc>
<status status="PASS" start="2025-06-13T15:11:11.825707" elapsed="0.000161"/>
</kw>
<kw name="Log To Console" owner="BuiltIn">
<arg>\n[LOG: CRASH_SUBSCRIBER]\n${log2}</arg>
<doc>Logs the given message to the console.</doc>
<status status="PASS" start="2025-06-13T15:11:11.825991" elapsed="0.000142"/>
</kw>
<kw name="Log To Console" owner="BuiltIn">
<arg>\n[LOG: PUBLISHER]\n${log3}</arg>
<doc>Logs the given message to the console.</doc>
<status status="PASS" start="2025-06-13T15:11:11.826237" elapsed="0.000131"/>
</kw>
<kw name="Wait For Container Exit" owner="MyDockerLibrary">
<msg time="2025-06-13T15:11:11.827446" level="INFO">${exit1} = 0</msg>
<var>${exit1}</var>
<arg>${SUB_OK}</arg>
<status status="PASS" start="2025-06-13T15:11:11.826467" elapsed="0.001010"/>
</kw>
<kw name="Should Be Equal As Integers" owner="BuiltIn">
<msg time="2025-06-13T15:11:11.827767" level="INFO">Argument types are:
&lt;class 'int'&gt;
&lt;class 'str'&gt;</msg>
<arg>${exit1}</arg>
<arg>0</arg>
<arg>Stable subscriber failed unexpectedly!</arg>
<doc>Fails if objects are unequal after converting them to integers.</doc>
<status status="PASS" start="2025-06-13T15:11:11.827585" elapsed="0.000241"/>
</kw>
<kw name="Log Test Summary" owner="MyDockerLibrary">
<arg>Network Crash Receive Test ${layer_tag}</arg>
<arg>${True}</arg>
<status status="PASS" start="2025-06-13T15:11:11.827955" elapsed="0.000186"/>
</kw>
<kw name="Stop Container" owner="MyDockerLibrary">
<arg>${SUB_OK}</arg>
<status status="PASS" start="2025-06-13T15:11:11.828239" elapsed="0.005298"/>
</kw>
<kw name="Stop Container" owner="MyDockerLibrary">
<arg>${SUB_CRASH}</arg>
<status status="PASS" start="2025-06-13T15:11:11.833617" elapsed="0.005263"/>
</kw>
<kw name="Stop Container" owner="MyDockerLibrary">
<arg>${PUBLISHER}</arg>
<status status="PASS" start="2025-06-13T15:11:11.838989" elapsed="0.004962"/>
</kw>
<arg>network_tcp</arg>
<arg>network</arg>
<status status="PASS" start="2025-06-13T15:10:40.617554" elapsed="31.226459"/>
</kw>
<tag>crash_receive_network_tcp</tag>
<status status="PASS" start="2025-06-13T15:10:40.617161" elapsed="31.226951"/>
</test>
<status status="FAIL" start="2025-06-13T15:08:11.192212" elapsed="180.653077"/>
</suite>
<status status="FAIL" start="2025-06-13T14:58:55.751069" elapsed="736.094891"/>
</suite>
<statistics>
<total>
<stat pass="19" fail="7" skip="0">All Tests</stat>
</total>
<tag>
<stat pass="0" fail="1" skip="0">basic_pub_sub_local_shm</stat>
<stat pass="1" fail="0" skip="0">basic_pub_sub_local_tcp</stat>
<stat pass="1" fail="0" skip="0">basic_pub_sub_local_udp</stat>
<stat pass="1" fail="0" skip="0">basic_pub_sub_network_tcp</stat>
<stat pass="1" fail="0" skip="0">basic_pub_sub_network_udp</stat>
<stat pass="1" fail="0" skip="0">crash_receive_local_shm</stat>
<stat pass="1" fail="0" skip="0">crash_receive_local_tcp</stat>
<stat pass="1" fail="0" skip="0">crash_receive_network_tcp</stat>
<stat pass="1" fail="0" skip="0">crash_receive_network_udp</stat>
<stat pass="0" fail="1" skip="0">message_validation_malformed</stat>
<stat pass="0" fail="1" skip="0">message_validation_valid</stat>
<stat pass="0" fail="1" skip="0">multi_pub_sub_local_shm</stat>
<stat pass="0" fail="1" skip="0">multi_pub_sub_local_tcp</stat>
<stat pass="1" fail="0" skip="0">multi_pub_sub_local_udp</stat>
<stat pass="1" fail="0" skip="0">multi_pub_sub_network_tcp</stat>
<stat pass="1" fail="0" skip="0">multi_pub_sub_network_udp</stat>
<stat pass="1" fail="0" skip="0">network_crash_test</stat>
<stat pass="0" fail="1" skip="0">pub_crash_local_shm</stat>
<stat pass="2" fail="0" skip="0">pub_crash_network_tcp</stat>
<stat pass="1" fail="0" skip="0">pub_crash_network_udp</stat>
<stat pass="1" fail="0" skip="0">sub_crash_local_shm</stat>
<stat pass="1" fail="0" skip="0">sub_crash_local_tcp</stat>
<stat pass="1" fail="0" skip="0">sub_crash_local_udp</stat>
<stat pass="1" fail="0" skip="0">sub_crash_network_udp</stat>
<stat pass="0" fail="1" skip="0">zero_copy_crash_receive_local_shm</stat>
</tag>
<suite>
<stat name="Basic Pub Sub &amp; Message Validation &amp; Multi Pub Sub &amp; Network Crash &amp; Pub Crash &amp; Sub Crash &amp; Sub Send Crash" id="s1" pass="19" fail="7" skip="0">Basic Pub Sub &amp; Message Validation &amp; Multi Pub Sub &amp; Network Crash &amp; Pub Crash &amp; Sub Crash &amp; Sub Send Crash</stat>
<stat name="Basic Pub Sub" id="s1-s1" pass="4" fail="1" skip="0">Basic Pub Sub &amp; Message Validation &amp; Multi Pub Sub &amp; Network Crash &amp; Pub Crash &amp; Sub Crash &amp; Sub Send Crash.Basic Pub Sub</stat>
<stat name="Message Validation" id="s1-s2" pass="0" fail="2" skip="0">Basic Pub Sub &amp; Message Validation &amp; Multi Pub Sub &amp; Network Crash &amp; Pub Crash &amp; Sub Crash &amp; Sub Send Crash.Message Validation</stat>
<stat name="Multi Pub Sub" id="s1-s3" pass="3" fail="2" skip="0">Basic Pub Sub &amp; Message Validation &amp; Multi Pub Sub &amp; Network Crash &amp; Pub Crash &amp; Sub Crash &amp; Sub Send Crash.Multi Pub Sub</stat>
<stat name="Network Crash" id="s1-s4" pass="1" fail="0" skip="0">Basic Pub Sub &amp; Message Validation &amp; Multi Pub Sub &amp; Network Crash &amp; Pub Crash &amp; Sub Crash &amp; Sub Send Crash.Network Crash</stat>
<stat name="Pub Crash" id="s1-s5" pass="2" fail="1" skip="0">Basic Pub Sub &amp; Message Validation &amp; Multi Pub Sub &amp; Network Crash &amp; Pub Crash &amp; Sub Crash &amp; Sub Send Crash.Pub Crash</stat>
<stat name="Sub Crash" id="s1-s6" pass="5" fail="0" skip="0">Basic Pub Sub &amp; Message Validation &amp; Multi Pub Sub &amp; Network Crash &amp; Pub Crash &amp; Sub Crash &amp; Sub Send Crash.Sub Crash</stat>
<stat name="Sub Send Crash" id="s1-s7" pass="4" fail="1" skip="0">Basic Pub Sub &amp; Message Validation &amp; Multi Pub Sub &amp; Network Crash &amp; Pub Crash &amp; Sub Crash &amp; Sub Send Crash.Sub Send Crash</stat>
</suite>
</statistics>
<errors>
</errors>
</robot>
