<?xml version="1.0" encoding="UTF-8"?>
<robot generator="Robot 7.3 (Python 3.12.3 on linux)" generated="2025-06-13T12:39:06.083553" rpa="false" schemaversion="5">
<suite id="s1" name="Basic Pub Sub &amp; Message Validation &amp; Multi Pub Sub &amp; Network Crash &amp; Pub Crash &amp; Sub Crash &amp; Sub Send Crash">
<suite id="s1-s1" name="Basic Pub Sub" source="/home/runner/work/ECAL_Test_Framework/ECAL_Test_Framework/integration_tests/basic_pub_sub/robottests/basic_pub_sub.robot">
<kw name="Init Test Context" type="SETUP">
<kw name="Set Test Context" owner="GlobalPathsLibrary">
<arg>basic_pub_sub</arg>
<arg>basic_pub_sub</arg>
<doc>Sets the test folder (e.g. basic_pub_sub or message_validation) and tag prefix (e.g. basic_pub_sub).
Should be called once in Suite Setup if you're using non-default test cases.</doc>
<status status="PASS" start="2025-06-13T12:39:06.199407" elapsed="0.000174"/>
</kw>
<kw name="Get Build Script Path" owner="GlobalPathsLibrary">
<msg time="2025-06-13T12:39:06.199842" level="INFO">${build} = /home/runner/work/ECAL_Test_Framework/ECAL_Test_Framework/integration_tests/basic_pub_sub/scripts/build_images.sh</msg>
<var>${build}</var>
<status status="PASS" start="2025-06-13T12:39:06.199726" elapsed="0.000143"/>
</kw>
<kw name="Get Network Name" owner="GlobalPathsLibrary">
<msg time="2025-06-13T12:39:06.200033" level="INFO">${net} = ecal_test_net</msg>
<var>${net}</var>
<status status="PASS" start="2025-06-13T12:39:06.199945" elapsed="0.000109"/>
</kw>
<kw name="Get Build Script Args" owner="GlobalPathsLibrary">
<msg time="2025-06-13T12:39:06.200208" level="INFO">${args} = ['basic_pub_sub']</msg>
<var>${args}</var>
<status status="PASS" start="2025-06-13T12:39:06.200121" elapsed="0.000106"/>
</kw>
<kw name="Set Suite Variable" owner="BuiltIn">
<msg time="2025-06-13T12:39:06.200515" level="INFO">${BUILD_SCRIPT} = /home/runner/work/ECAL_Test_Framework/ECAL_Test_Framework/integration_tests/basic_pub_sub/scripts/build_images.sh</msg>
<arg>${BUILD_SCRIPT}</arg>
<arg>${build}</arg>
<doc>Makes a variable available everywhere within the scope of the current suite.</doc>
<status status="PASS" start="2025-06-13T12:39:06.200307" elapsed="0.000257"/>
</kw>
<kw name="Set Suite Variable" owner="BuiltIn">
<msg time="2025-06-13T12:39:06.200938" level="INFO">${NETWORK} = ecal_test_net</msg>
<arg>${NETWORK}</arg>
<arg>${net}</arg>
<doc>Makes a variable available everywhere within the scope of the current suite.</doc>
<status status="PASS" start="2025-06-13T12:39:06.200718" elapsed="0.000271"/>
</kw>
<kw name="Log To Console" owner="BuiltIn">
<arg>[SETUP] Building Docker image...</arg>
<doc>Logs the given message to the console.</doc>
<status status="PASS" start="2025-06-13T12:39:06.201089" elapsed="0.000111"/>
</kw>
<kw name="Run Process" owner="Process">
<msg time="2025-06-13T12:39:06.201500" level="INFO">Starting process:
/home/runner/work/ECAL_Test_Framework/ECAL_Test_Framework/integration_tests/basic_pub_sub/scripts/build_images.sh basic_pub_sub</msg>
<msg time="2025-06-13T12:39:06.201919" level="INFO">Waiting for process to complete.</msg>
<msg time="2025-06-13T12:39:23.083577" level="INFO">Process completed.</msg>
<msg time="2025-06-13T12:39:23.083816" level="INFO">${result} = &lt;result object with rc 0&gt;</msg>
<var>${result}</var>
<arg>${BUILD_SCRIPT}</arg>
<arg>@{args}</arg>
<doc>Runs a process and waits for it to complete.</doc>
<status status="PASS" start="2025-06-13T12:39:06.201311" elapsed="16.882534"/>
</kw>
<kw name="Should Be Equal As Integers" owner="BuiltIn">
<msg time="2025-06-13T12:39:23.084507" level="INFO">Argument types are:
&lt;class 'int'&gt;
&lt;class 'str'&gt;</msg>
<arg>${result.rc}</arg>
<arg>0</arg>
<arg>Failed to build Docker image!</arg>
<doc>Fails if objects are unequal after converting them to integers.</doc>
<status status="PASS" start="2025-06-13T12:39:23.084001" elapsed="0.000568"/>
</kw>
<kw name="Create Docker Network" owner="MyDockerLibrary">
<arg>${NETWORK}</arg>
<status status="PASS" start="2025-06-13T12:39:23.084699" elapsed="0.046179"/>
</kw>
<kw name="Sleep" owner="BuiltIn">
<msg time="2025-06-13T12:39:26.131394" level="INFO">Slept 3 seconds.</msg>
<arg>3s</arg>
<doc>Pauses the test executed for the given time.</doc>
<status status="PASS" start="2025-06-13T12:39:23.131079" elapsed="3.000423"/>
</kw>
<status status="PASS" start="2025-06-13T12:39:06.198965" elapsed="19.932627"/>
</kw>
<test id="s1-s1-t1" name="Basic Pub/Sub Local SHM" line="26">
<kw name="Run Local Pub Sub Test">
<kw name="Set Variable" owner="BuiltIn">
<msg time="2025-06-13T12:39:26.132612" level="INFO">${IMAGE} = basic_pub_sub_local_shm</msg>
<var>${IMAGE}</var>
<arg>${BASE_IMAGE}_${layer_tag}</arg>
<doc>Returns the given values which can then be assigned to a variables.</doc>
<status status="PASS" start="2025-06-13T12:39:26.132453" elapsed="0.000197"/>
</kw>
<kw name="Set Variable" owner="BuiltIn">
<msg time="2025-06-13T12:39:26.132849" level="INFO">${CONTAINER} = basic_local_local_shm</msg>
<var>${CONTAINER}</var>
<arg>basic_local_${layer_tag}</arg>
<doc>Returns the given values which can then be assigned to a variables.</doc>
<status status="PASS" start="2025-06-13T12:39:26.132732" elapsed="0.000135"/>
</kw>
<kw name="Log To Console" owner="BuiltIn">
<arg>\n[INFO] Running local pub/sub test in mode: ${layer_tag}</arg>
<doc>Logs the given message to the console.</doc>
<status status="PASS" start="2025-06-13T12:39:26.132936" elapsed="0.000132"/>
</kw>
<kw name="Start Container" owner="MyDockerLibrary">
<arg>${CONTAINER}</arg>
<arg>${IMAGE}</arg>
<arg>local</arg>
<arg>${layer_tag}</arg>
<arg>test_topic</arg>
<arg>${CONTAINER}</arg>
<status status="PASS" start="2025-06-13T12:39:26.133154" elapsed="0.117918"/>
</kw>
<kw name="Wait For Container Exit" owner="MyDockerLibrary">
<msg time="2025-06-13T12:39:41.319574" level="INFO">${exit_code} = 1</msg>
<var>${exit_code}</var>
<arg>${CONTAINER}</arg>
<status status="PASS" start="2025-06-13T12:39:26.251288" elapsed="15.068327"/>
</kw>
<kw name="Should Be Equal As Integers" owner="BuiltIn">
<msg time="2025-06-13T12:39:41.320045" level="INFO">Argument types are:
&lt;class 'int'&gt;
&lt;class 'str'&gt;</msg>
<msg time="2025-06-13T12:39:41.320199" level="FAIL">Local communication test failed!: 1 != 0</msg>
<arg>${exit_code}</arg>
<arg>0</arg>
<arg>Local communication test failed!</arg>
<doc>Fails if objects are unequal after converting them to integers.</doc>
<status status="FAIL" start="2025-06-13T12:39:41.319815" elapsed="0.000726">Local communication test failed!: 1 != 0</status>
</kw>
<kw name="Get Container Logs" owner="MyDockerLibrary">
<var>${logs}</var>
<arg>${CONTAINER}</arg>
<status status="NOT RUN" start="2025-06-13T12:39:41.320734" elapsed="0.000020"/>
</kw>
<kw name="Log To Console" owner="BuiltIn">
<arg>\n[CONTAINER LOG: LOCAL PUB+SUB]\n${logs}</arg>
<doc>Logs the given message to the console.</doc>
<status status="NOT RUN" start="2025-06-13T12:39:41.320832" elapsed="0.000016"/>
</kw>
<kw name="Log Test Summary" owner="MyDockerLibrary">
<arg>Basic Pub/Sub Local ${layer_tag}</arg>
<arg>${True}</arg>
<status status="NOT RUN" start="2025-06-13T12:39:41.320912" elapsed="0.000015"/>
</kw>
<kw name="Stop Container" owner="MyDockerLibrary">
<arg>${CONTAINER}</arg>
<status status="NOT RUN" start="2025-06-13T12:39:41.320987" elapsed="0.000013"/>
</kw>
<kw name="Sleep" owner="BuiltIn">
<arg>1s</arg>
<doc>Pauses the test executed for the given time.</doc>
<status status="NOT RUN" start="2025-06-13T12:39:41.321056" elapsed="0.000013"/>
</kw>
<arg>local_shm</arg>
<status status="FAIL" start="2025-06-13T12:39:26.132199" elapsed="15.188964">Local communication test failed!: 1 != 0</status>
</kw>
<tag>basic_pub_sub_local_shm</tag>
<status status="FAIL" start="2025-06-13T12:39:26.131693" elapsed="15.189603">Local communication test failed!: 1 != 0</status>
</test>
<test id="s1-s1-t2" name="Basic Pub/Sub Local UDP" line="30">
<kw name="Run Local Pub Sub Test">
<kw name="Set Variable" owner="BuiltIn">
<msg time="2025-06-13T12:39:41.322470" level="INFO">${IMAGE} = basic_pub_sub_local_udp</msg>
<var>${IMAGE}</var>
<arg>${BASE_IMAGE}_${layer_tag}</arg>
<doc>Returns the given values which can then be assigned to a variables.</doc>
<status status="PASS" start="2025-06-13T12:39:41.322309" elapsed="0.000182"/>
</kw>
<kw name="Set Variable" owner="BuiltIn">
<msg time="2025-06-13T12:39:41.322781" level="INFO">${CONTAINER} = basic_local_local_udp</msg>
<var>${CONTAINER}</var>
<arg>basic_local_${layer_tag}</arg>
<doc>Returns the given values which can then be assigned to a variables.</doc>
<status status="PASS" start="2025-06-13T12:39:41.322607" elapsed="0.000195"/>
</kw>
<kw name="Log To Console" owner="BuiltIn">
<arg>\n[INFO] Running local pub/sub test in mode: ${layer_tag}</arg>
<doc>Logs the given message to the console.</doc>
<status status="PASS" start="2025-06-13T12:39:41.322877" elapsed="0.000137"/>
</kw>
<kw name="Start Container" owner="MyDockerLibrary">
<arg>${CONTAINER}</arg>
<arg>${IMAGE}</arg>
<arg>local</arg>
<arg>${layer_tag}</arg>
<arg>test_topic</arg>
<arg>${CONTAINER}</arg>
<status status="PASS" start="2025-06-13T12:39:41.323108" elapsed="0.116369"/>
</kw>
<kw name="Wait For Container Exit" owner="MyDockerLibrary">
<msg time="2025-06-13T12:39:56.505452" level="INFO">${exit_code} = 0</msg>
<var>${exit_code}</var>
<arg>${CONTAINER}</arg>
<status status="PASS" start="2025-06-13T12:39:41.439764" elapsed="15.065730"/>
</kw>
<kw name="Should Be Equal As Integers" owner="BuiltIn">
<msg time="2025-06-13T12:39:56.505968" level="INFO">Argument types are:
&lt;class 'int'&gt;
&lt;class 'str'&gt;</msg>
<arg>${exit_code}</arg>
<arg>0</arg>
<arg>Local communication test failed!</arg>
<doc>Fails if objects are unequal after converting them to integers.</doc>
<status status="PASS" start="2025-06-13T12:39:56.505706" elapsed="0.000327"/>
</kw>
<kw name="Get Container Logs" owner="MyDockerLibrary">
<msg time="2025-06-13T12:39:56.508740" level="INFO">${logs} = [Entrypoint] Starting subscriber and publisher in mode local_udp
[Publisher] Waiting for at least 1 subscriber(s) on topic: test_topic
[Subscriber] Registering callback and waiting for messages...
[Pu...</msg>
<var>${logs}</var>
<arg>${CONTAINER}</arg>
<status status="PASS" start="2025-06-13T12:39:56.506133" elapsed="0.002633"/>
</kw>
<kw name="Log To Console" owner="BuiltIn">
<arg>\n[CONTAINER LOG: LOCAL PUB+SUB]\n${logs}</arg>
<doc>Logs the given message to the console.</doc>
<status status="PASS" start="2025-06-13T12:39:56.508854" elapsed="0.000153"/>
</kw>
<kw name="Log Test Summary" owner="MyDockerLibrary">
<arg>Basic Pub/Sub Local ${layer_tag}</arg>
<arg>${True}</arg>
<status status="PASS" start="2025-06-13T12:39:56.509106" elapsed="0.000166"/>
</kw>
<kw name="Stop Container" owner="MyDockerLibrary">
<arg>${CONTAINER}</arg>
<status status="PASS" start="2025-06-13T12:39:56.509374" elapsed="0.005154"/>
</kw>
<kw name="Sleep" owner="BuiltIn">
<msg time="2025-06-13T12:39:57.514889" level="INFO">Slept 1 second.</msg>
<arg>1s</arg>
<doc>Pauses the test executed for the given time.</doc>
<status status="PASS" start="2025-06-13T12:39:56.514613" elapsed="1.000386"/>
</kw>
<arg>local_udp</arg>
<status status="PASS" start="2025-06-13T12:39:41.322112" elapsed="16.192967"/>
</kw>
<tag>basic_pub_sub_local_udp</tag>
<status status="PASS" start="2025-06-13T12:39:41.321768" elapsed="16.193436"/>
</test>
<test id="s1-s1-t3" name="Basic Pub/Sub Local TCP" line="34">
<kw name="Run Local Pub Sub Test">
<kw name="Set Variable" owner="BuiltIn">
<msg time="2025-06-13T12:39:57.516592" level="INFO">${IMAGE} = basic_pub_sub_local_tcp</msg>
<var>${IMAGE}</var>
<arg>${BASE_IMAGE}_${layer_tag}</arg>
<doc>Returns the given values which can then be assigned to a variables.</doc>
<status status="PASS" start="2025-06-13T12:39:57.516446" elapsed="0.000167"/>
</kw>
<kw name="Set Variable" owner="BuiltIn">
<msg time="2025-06-13T12:39:57.516832" level="INFO">${CONTAINER} = basic_local_local_tcp</msg>
<var>${CONTAINER}</var>
<arg>basic_local_${layer_tag}</arg>
<doc>Returns the given values which can then be assigned to a variables.</doc>
<status status="PASS" start="2025-06-13T12:39:57.516713" elapsed="0.000137"/>
</kw>
<kw name="Log To Console" owner="BuiltIn">
<arg>\n[INFO] Running local pub/sub test in mode: ${layer_tag}</arg>
<doc>Logs the given message to the console.</doc>
<status status="PASS" start="2025-06-13T12:39:57.516917" elapsed="0.000133"/>
</kw>
<kw name="Start Container" owner="MyDockerLibrary">
<arg>${CONTAINER}</arg>
<arg>${IMAGE}</arg>
<arg>local</arg>
<arg>${layer_tag}</arg>
<arg>test_topic</arg>
<arg>${CONTAINER}</arg>
<status status="PASS" start="2025-06-13T12:39:57.517150" elapsed="0.122813"/>
</kw>
<kw name="Wait For Container Exit" owner="MyDockerLibrary">
<msg time="2025-06-13T12:40:12.704551" level="INFO">${exit_code} = 0</msg>
<var>${exit_code}</var>
<arg>${CONTAINER}</arg>
<status status="PASS" start="2025-06-13T12:39:57.640181" elapsed="15.064412"/>
</kw>
<kw name="Should Be Equal As Integers" owner="BuiltIn">
<msg time="2025-06-13T12:40:12.705008" level="INFO">Argument types are:
&lt;class 'int'&gt;
&lt;class 'str'&gt;</msg>
<arg>${exit_code}</arg>
<arg>0</arg>
<arg>Local communication test failed!</arg>
<doc>Fails if objects are unequal after converting them to integers.</doc>
<status status="PASS" start="2025-06-13T12:40:12.704811" elapsed="0.000259"/>
</kw>
<kw name="Get Container Logs" owner="MyDockerLibrary">
<msg time="2025-06-13T12:40:12.707746" level="INFO">${logs} = [Entrypoint] Starting subscriber and publisher in mode local_tcp
[Publisher] Waiting for at least 1 subscriber(s) on topic: test_topic
[Subscriber] Registering callback and waiting for messages...
174...</msg>
<var>${logs}</var>
<arg>${CONTAINER}</arg>
<status status="PASS" start="2025-06-13T12:40:12.705192" elapsed="0.002581"/>
</kw>
<kw name="Log To Console" owner="BuiltIn">
<arg>\n[CONTAINER LOG: LOCAL PUB+SUB]\n${logs}</arg>
<doc>Logs the given message to the console.</doc>
<status status="PASS" start="2025-06-13T12:40:12.707860" elapsed="0.000153"/>
</kw>
<kw name="Log Test Summary" owner="MyDockerLibrary">
<arg>Basic Pub/Sub Local ${layer_tag}</arg>
<arg>${True}</arg>
<status status="PASS" start="2025-06-13T12:40:12.708108" elapsed="0.000171"/>
</kw>
<kw name="Stop Container" owner="MyDockerLibrary">
<arg>${CONTAINER}</arg>
<status status="PASS" start="2025-06-13T12:40:12.708393" elapsed="0.004990"/>
</kw>
<kw name="Sleep" owner="BuiltIn">
<msg time="2025-06-13T12:40:13.713716" level="INFO">Slept 1 second.</msg>
<arg>1s</arg>
<doc>Pauses the test executed for the given time.</doc>
<status status="PASS" start="2025-06-13T12:40:12.713472" elapsed="1.000372"/>
</kw>
<arg>local_tcp</arg>
<status status="PASS" start="2025-06-13T12:39:57.516223" elapsed="16.197703"/>
</kw>
<tag>basic_pub_sub_local_tcp</tag>
<status status="PASS" start="2025-06-13T12:39:57.515843" elapsed="16.198200"/>
</test>
<test id="s1-s1-t4" name="Basic Pub/Sub Network UDP" line="38">
<kw name="Run Network Pub Sub Test">
<kw name="Set Variable" owner="BuiltIn">
<msg time="2025-06-13T12:40:13.715458" level="INFO">${IMAGE} = basic_pub_sub_network_udp</msg>
<var>${IMAGE}</var>
<arg>${BASE_IMAGE}_${layer_tag}</arg>
<doc>Returns the given values which can then be assigned to a variables.</doc>
<status status="PASS" start="2025-06-13T12:40:13.715314" elapsed="0.000165"/>
</kw>
<kw name="Set Variable" owner="BuiltIn">
<msg time="2025-06-13T12:40:13.715686" level="INFO">${TOPIC} = topic_network_udp</msg>
<var>${TOPIC}</var>
<arg>topic_${layer_tag}</arg>
<doc>Returns the given values which can then be assigned to a variables.</doc>
<status status="PASS" start="2025-06-13T12:40:13.715552" elapsed="0.000153"/>
</kw>
<kw name="Set Variable" owner="BuiltIn">
<msg time="2025-06-13T12:40:13.715882" level="INFO">${SUB_NAME} = sub_network_udp</msg>
<var>${SUB_NAME}</var>
<arg>sub_${layer_tag}</arg>
<doc>Returns the given values which can then be assigned to a variables.</doc>
<status status="PASS" start="2025-06-13T12:40:13.715777" elapsed="0.000122"/>
</kw>
<kw name="Set Variable" owner="BuiltIn">
<msg time="2025-06-13T12:40:13.716070" level="INFO">${PUB_NAME} = pub_network_udp</msg>
<var>${PUB_NAME}</var>
<arg>pub_${layer_tag}</arg>
<doc>Returns the given values which can then be assigned to a variables.</doc>
<status status="PASS" start="2025-06-13T12:40:13.715969" elapsed="0.000118"/>
</kw>
<kw name="Log To Console" owner="BuiltIn">
<arg>\n[INFO] Running network pub/sub test in mode: ${layer_tag}</arg>
<doc>Logs the given message to the console.</doc>
<status status="PASS" start="2025-06-13T12:40:13.716210" elapsed="0.000125"/>
</kw>
<kw name="Start Container" owner="MyDockerLibrary">
<arg>${SUB_NAME}</arg>
<arg>${IMAGE}</arg>
<arg>subscriber</arg>
<arg>${layer_tag}</arg>
<arg>${TOPIC}</arg>
<arg>${SUB_NAME}</arg>
<arg>network=${NETWORK}</arg>
<status status="PASS" start="2025-06-13T12:40:13.716431" elapsed="0.136491"/>
</kw>
<kw name="Start Container" owner="MyDockerLibrary">
<arg>${PUB_NAME}</arg>
<arg>${IMAGE}</arg>
<arg>publisher</arg>
<arg>${layer_tag}</arg>
<arg>${TOPIC}</arg>
<arg>${PUB_NAME}</arg>
<arg>network=${NETWORK}</arg>
<status status="PASS" start="2025-06-13T12:40:13.853084" elapsed="0.138816"/>
</kw>
<kw name="Wait For Container Exit" owner="MyDockerLibrary">
<msg time="2025-06-13T12:40:28.916283" level="INFO">${exit_code} = 0</msg>
<var>${exit_code}</var>
<arg>${SUB_NAME}</arg>
<status status="PASS" start="2025-06-13T12:40:13.992089" elapsed="14.924241"/>
</kw>
<kw name="Should Be Equal As Integers" owner="BuiltIn">
<msg time="2025-06-13T12:40:28.916875" level="INFO">Argument types are:
&lt;class 'int'&gt;
&lt;class 'str'&gt;</msg>
<arg>${exit_code}</arg>
<arg>0</arg>
<arg>Subscriber failed in ${layer_tag}!</arg>
<doc>Fails if objects are unequal after converting them to integers.</doc>
<status status="PASS" start="2025-06-13T12:40:28.916502" elapsed="0.000436"/>
</kw>
<kw name="Get Container Logs" owner="MyDockerLibrary">
<msg time="2025-06-13T12:40:28.919537" level="INFO">${log_sub} = [Entrypoint] Starting subscriber in mode network_udp
[Subscriber] Registering callback and waiting for messages...
[Subscriber] Received value: 42
[Subscriber] Received value: 42
[Subscriber] Received...</msg>
<var>${log_sub}</var>
<arg>${SUB_NAME}</arg>
<status status="PASS" start="2025-06-13T12:40:28.917027" elapsed="0.002537"/>
</kw>
<kw name="Get Container Logs" owner="MyDockerLibrary">
<msg time="2025-06-13T12:40:28.921866" level="INFO">${log_pub} = [Entrypoint] Starting publisher in mode network_udp
[Publisher] Waiting for at least 1 subscriber(s) on topic: topic_network_udp
[Publisher] Found 1 subscriber(s). Proceeding to send messages.
[Publis...</msg>
<var>${log_pub}</var>
<arg>${PUB_NAME}</arg>
<status status="PASS" start="2025-06-13T12:40:28.919676" elapsed="0.002216"/>
</kw>
<kw name="Log To Console" owner="BuiltIn">
<arg>\n[CONTAINER LOG: SUBSCRIBER]\n${log_sub}</arg>
<doc>Logs the given message to the console.</doc>
<status status="PASS" start="2025-06-13T12:40:28.921977" elapsed="0.000161"/>
</kw>
<kw name="Log To Console" owner="BuiltIn">
<arg>\n[CONTAINER LOG: PUBLISHER]\n${log_pub}</arg>
<doc>Logs the given message to the console.</doc>
<status status="PASS" start="2025-06-13T12:40:28.922232" elapsed="0.000136"/>
</kw>
<kw name="Log Test Summary" owner="MyDockerLibrary">
<arg>Basic Pub/Sub Network ${layer_tag}</arg>
<arg>${True}</arg>
<status status="PASS" start="2025-06-13T12:40:28.922454" elapsed="0.000221"/>
</kw>
<kw name="Stop Container" owner="MyDockerLibrary">
<arg>${SUB_NAME}</arg>
<status status="PASS" start="2025-06-13T12:40:28.922782" elapsed="0.005701"/>
</kw>
<kw name="Stop Container" owner="MyDockerLibrary">
<arg>${PUB_NAME}</arg>
<status status="PASS" start="2025-06-13T12:40:28.928581" elapsed="0.005130"/>
</kw>
<kw name="Sleep" owner="BuiltIn">
<msg time="2025-06-13T12:40:29.934016" level="INFO">Slept 1 second.</msg>
<arg>1s</arg>
<doc>Pauses the test executed for the given time.</doc>
<status status="PASS" start="2025-06-13T12:40:28.933803" elapsed="1.000320"/>
</kw>
<arg>network_udp</arg>
<arg>network</arg>
<status status="PASS" start="2025-06-13T12:40:13.715072" elapsed="16.219132"/>
</kw>
<tag>basic_pub_sub_network_udp</tag>
<status status="PASS" start="2025-06-13T12:40:13.714624" elapsed="16.219691"/>
</test>
<test id="s1-s1-t5" name="Basic Pub/Sub Network TCP" line="42">
<kw name="Run Network Pub Sub Test">
<kw name="Set Variable" owner="BuiltIn">
<msg time="2025-06-13T12:40:29.935891" level="INFO">${IMAGE} = basic_pub_sub_network_tcp</msg>
<var>${IMAGE}</var>
<arg>${BASE_IMAGE}_${layer_tag}</arg>
<doc>Returns the given values which can then be assigned to a variables.</doc>
<status status="PASS" start="2025-06-13T12:40:29.935743" elapsed="0.000169"/>
</kw>
<kw name="Set Variable" owner="BuiltIn">
<msg time="2025-06-13T12:40:29.936098" level="INFO">${TOPIC} = topic_network_tcp</msg>
<var>${TOPIC}</var>
<arg>topic_${layer_tag}</arg>
<doc>Returns the given values which can then be assigned to a variables.</doc>
<status status="PASS" start="2025-06-13T12:40:29.935993" elapsed="0.000122"/>
</kw>
<kw name="Set Variable" owner="BuiltIn">
<msg time="2025-06-13T12:40:29.936281" level="INFO">${SUB_NAME} = sub_network_tcp</msg>
<var>${SUB_NAME}</var>
<arg>sub_${layer_tag}</arg>
<doc>Returns the given values which can then be assigned to a variables.</doc>
<status status="PASS" start="2025-06-13T12:40:29.936179" elapsed="0.000118"/>
</kw>
<kw name="Set Variable" owner="BuiltIn">
<msg time="2025-06-13T12:40:29.936458" level="INFO">${PUB_NAME} = pub_network_tcp</msg>
<var>${PUB_NAME}</var>
<arg>pub_${layer_tag}</arg>
<doc>Returns the given values which can then be assigned to a variables.</doc>
<status status="PASS" start="2025-06-13T12:40:29.936360" elapsed="0.000114"/>
</kw>
<kw name="Log To Console" owner="BuiltIn">
<arg>\n[INFO] Running network pub/sub test in mode: ${layer_tag}</arg>
<doc>Logs the given message to the console.</doc>
<status status="PASS" start="2025-06-13T12:40:29.936535" elapsed="0.000145"/>
</kw>
<kw name="Start Container" owner="MyDockerLibrary">
<arg>${SUB_NAME}</arg>
<arg>${IMAGE}</arg>
<arg>subscriber</arg>
<arg>${layer_tag}</arg>
<arg>${TOPIC}</arg>
<arg>${SUB_NAME}</arg>
<arg>network=${NETWORK}</arg>
<status status="PASS" start="2025-06-13T12:40:29.936781" elapsed="0.134507"/>
</kw>
<kw name="Start Container" owner="MyDockerLibrary">
<arg>${PUB_NAME}</arg>
<arg>${IMAGE}</arg>
<arg>publisher</arg>
<arg>${layer_tag}</arg>
<arg>${TOPIC}</arg>
<arg>${PUB_NAME}</arg>
<arg>network=${NETWORK}</arg>
<status status="PASS" start="2025-06-13T12:40:30.071473" elapsed="0.125381"/>
</kw>
<kw name="Wait For Container Exit" owner="MyDockerLibrary">
<msg time="2025-06-13T12:40:45.130867" level="INFO">${exit_code} = 0</msg>
<var>${exit_code}</var>
<arg>${SUB_NAME}</arg>
<status status="PASS" start="2025-06-13T12:40:30.197059" elapsed="14.933864"/>
</kw>
<kw name="Should Be Equal As Integers" owner="BuiltIn">
<msg time="2025-06-13T12:40:45.131401" level="INFO">Argument types are:
&lt;class 'int'&gt;
&lt;class 'str'&gt;</msg>
<arg>${exit_code}</arg>
<arg>0</arg>
<arg>Subscriber failed in ${layer_tag}!</arg>
<doc>Fails if objects are unequal after converting them to integers.</doc>
<status status="PASS" start="2025-06-13T12:40:45.131117" elapsed="0.000355"/>
</kw>
<kw name="Get Container Logs" owner="MyDockerLibrary">
<msg time="2025-06-13T12:40:45.134326" level="INFO">${log_sub} = [Entrypoint] Starting subscriber in mode network_tcp
[Subscriber] Registering callback and waiting for messages...
[Subscriber] Received value: 42
[Subscriber] Received value: 42
[Subscriber] Received...</msg>
<var>${log_sub}</var>
<arg>${SUB_NAME}</arg>
<status status="PASS" start="2025-06-13T12:40:45.131598" elapsed="0.002754"/>
</kw>
<kw name="Get Container Logs" owner="MyDockerLibrary">
<msg time="2025-06-13T12:40:45.136626" level="INFO">${log_pub} = [Entrypoint] Starting publisher in mode network_tcp
[Publisher] Waiting for at least 1 subscriber(s) on topic: topic_network_tcp
1749818431072 ms | 4a11d245c7ce | pub_network_tcp | 7 | info | CTCPRead...</msg>
<var>${log_pub}</var>
<arg>${PUB_NAME}</arg>
<status status="PASS" start="2025-06-13T12:40:45.134433" elapsed="0.002246"/>
</kw>
<kw name="Log To Console" owner="BuiltIn">
<arg>\n[CONTAINER LOG: SUBSCRIBER]\n${log_sub}</arg>
<doc>Logs the given message to the console.</doc>
<status status="PASS" start="2025-06-13T12:40:45.136772" elapsed="0.000153"/>
</kw>
<kw name="Log To Console" owner="BuiltIn">
<arg>\n[CONTAINER LOG: PUBLISHER]\n${log_pub}</arg>
<doc>Logs the given message to the console.</doc>
<status status="PASS" start="2025-06-13T12:40:45.137030" elapsed="0.000205"/>
</kw>
<kw name="Log Test Summary" owner="MyDockerLibrary">
<arg>Basic Pub/Sub Network ${layer_tag}</arg>
<arg>${True}</arg>
<status status="PASS" start="2025-06-13T12:40:45.137355" elapsed="0.000148"/>
</kw>
<kw name="Stop Container" owner="MyDockerLibrary">
<arg>${SUB_NAME}</arg>
<status status="PASS" start="2025-06-13T12:40:45.137604" elapsed="0.004802"/>
</kw>
<kw name="Stop Container" owner="MyDockerLibrary">
<arg>${PUB_NAME}</arg>
<status status="PASS" start="2025-06-13T12:40:45.142491" elapsed="0.005280"/>
</kw>
<kw name="Sleep" owner="BuiltIn">
<msg time="2025-06-13T12:40:46.148097" level="INFO">Slept 1 second.</msg>
<arg>1s</arg>
<doc>Pauses the test executed for the given time.</doc>
<status status="PASS" start="2025-06-13T12:40:45.147858" elapsed="1.000352"/>
</kw>
<arg>network_tcp</arg>
<arg>network</arg>
<status status="PASS" start="2025-06-13T12:40:29.935475" elapsed="16.212816"/>
</kw>
<tag>basic_pub_sub_network_tcp</tag>
<status status="PASS" start="2025-06-13T12:40:29.935089" elapsed="16.213317"/>
</test>
<status status="FAIL" start="2025-06-13T12:39:06.103499" elapsed="100.045970"/>
</suite>
<suite id="s1-s2" name="Message Validation" source="/home/runner/work/ECAL_Test_Framework/ECAL_Test_Framework/integration_tests/message_validation/robottests/message_validation.robot">
<kw name="Init Test Context" type="SETUP">
<kw name="Set Test Context" owner="GlobalPathsLibrary">
<arg>message_validation</arg>
<arg>message_validation</arg>
<doc>Sets the test folder (e.g. basic_pub_sub or message_validation) and tag prefix (e.g. basic_pub_sub).
Should be called once in Suite Setup if you're using non-default test cases.</doc>
<status status="PASS" start="2025-06-13T12:40:46.152879" elapsed="0.000111"/>
</kw>
<kw name="Get Build Script Path" owner="GlobalPathsLibrary">
<msg time="2025-06-13T12:40:46.153168" level="INFO">${build} = /home/runner/work/ECAL_Test_Framework/ECAL_Test_Framework/integration_tests/message_validation/scripts/build_images.sh</msg>
<var>${build}</var>
<status status="PASS" start="2025-06-13T12:40:46.153067" elapsed="0.000121"/>
</kw>
<kw name="Get Network Name" owner="GlobalPathsLibrary">
<msg time="2025-06-13T12:40:46.153332" level="INFO">${net} = ecal_test_net</msg>
<var>${net}</var>
<status status="PASS" start="2025-06-13T12:40:46.153252" elapsed="0.000099"/>
</kw>
<kw name="Get Build Script Args" owner="GlobalPathsLibrary">
<msg time="2025-06-13T12:40:46.153491" level="INFO">${args} = ['message_validation']</msg>
<var>${args}</var>
<status status="PASS" start="2025-06-13T12:40:46.153414" elapsed="0.000094"/>
</kw>
<kw name="Set Suite Variable" owner="BuiltIn">
<msg time="2025-06-13T12:40:46.153761" level="INFO">${BUILD_SCRIPT} = /home/runner/work/ECAL_Test_Framework/ECAL_Test_Framework/integration_tests/message_validation/scripts/build_images.sh</msg>
<arg>${BUILD_SCRIPT}</arg>
<arg>${build}</arg>
<doc>Makes a variable available everywhere within the scope of the current suite.</doc>
<status status="PASS" start="2025-06-13T12:40:46.153584" elapsed="0.000216"/>
</kw>
<kw name="Set Suite Variable" owner="BuiltIn">
<msg time="2025-06-13T12:40:46.154043" level="INFO">${NETWORK} = ecal_test_net</msg>
<arg>${NETWORK}</arg>
<arg>${net}</arg>
<doc>Makes a variable available everywhere within the scope of the current suite.</doc>
<status status="PASS" start="2025-06-13T12:40:46.153908" elapsed="0.000176"/>
</kw>
<kw name="Log To Console" owner="BuiltIn">
<arg>[SETUP] Building Docker images...</arg>
<doc>Logs the given message to the console.</doc>
<status status="PASS" start="2025-06-13T12:40:46.154186" elapsed="0.000128"/>
</kw>
<kw name="Run Process" owner="Process">
<msg time="2025-06-13T12:40:46.154600" level="INFO">Starting process:
/home/runner/work/ECAL_Test_Framework/ECAL_Test_Framework/integration_tests/message_validation/scripts/build_images.sh message_validation</msg>
<msg time="2025-06-13T12:40:46.155073" level="INFO">Waiting for process to complete.</msg>
<msg time="2025-06-13T12:40:46.818702" level="INFO">Process completed.</msg>
<msg time="2025-06-13T12:40:46.818861" level="INFO">${result} = &lt;result object with rc 1&gt;</msg>
<var>${result}</var>
<arg>${BUILD_SCRIPT}</arg>
<arg>@{args}</arg>
<doc>Runs a process and waits for it to complete.</doc>
<status status="PASS" start="2025-06-13T12:40:46.154420" elapsed="0.664466"/>
</kw>
<kw name="Should Be Equal As Integers" owner="BuiltIn">
<msg time="2025-06-13T12:40:46.819514" level="INFO">Argument types are:
&lt;class 'int'&gt;
&lt;class 'str'&gt;</msg>
<msg time="2025-06-13T12:40:46.819610" level="FAIL">Docker build failed!: 1 != 0</msg>
<arg>${result.rc}</arg>
<arg>0</arg>
<arg>Docker build failed!</arg>
<doc>Fails if objects are unequal after converting them to integers.</doc>
<status status="FAIL" start="2025-06-13T12:40:46.819040" elapsed="0.000678">Docker build failed!: 1 != 0</status>
</kw>
<kw name="Create Docker Network" owner="MyDockerLibrary">
<arg>${NETWORK}</arg>
<status status="NOT RUN" start="2025-06-13T12:40:46.819816" elapsed="0.000017"/>
</kw>
<kw name="Sleep" owner="BuiltIn">
<arg>3s</arg>
<doc>Pauses the test executed for the given time.</doc>
<status status="NOT RUN" start="2025-06-13T12:40:46.819900" elapsed="0.000014"/>
</kw>
<status status="FAIL" start="2025-06-13T12:40:46.152730" elapsed="0.667271">Docker build failed!: 1 != 0</status>
</kw>
<test id="s1-s2-t1" name="Valid Protobuf Transmission" line="14">
<tag>message_validation_valid</tag>
<status status="FAIL" start="2025-06-13T12:40:46.820070" elapsed="0.000295">Parent suite setup failed:
Docker build failed!: 1 != 0</status>
</test>
<test id="s1-s2-t2" name="Malformed Protobuf Transmission" line="19">
<tag>message_validation_malformed</tag>
<status status="FAIL" start="2025-06-13T12:40:46.820539" elapsed="0.000279">Parent suite setup failed:
Docker build failed!: 1 != 0</status>
</test>
<status status="FAIL" start="2025-06-13T12:40:46.150208" elapsed="0.670858">Suite setup failed:
Docker build failed!: 1 != 0</status>
</suite>
<suite id="s1-s3" name="Multi Pub Sub" source="/home/runner/work/ECAL_Test_Framework/ECAL_Test_Framework/integration_tests/multi_pub_sub/robottests/multi_pub_sub.robot">
<kw name="Init Test Context" type="SETUP">
<kw name="Set Test Context" owner="GlobalPathsLibrary">
<arg>multi_pub_sub</arg>
<arg>multi_pub_sub</arg>
<doc>Sets the test folder (e.g. basic_pub_sub or message_validation) and tag prefix (e.g. basic_pub_sub).
Should be called once in Suite Setup if you're using non-default test cases.</doc>
<status status="PASS" start="2025-06-13T12:40:46.824465" elapsed="0.000104"/>
</kw>
<kw name="Get Build Script Path" owner="GlobalPathsLibrary">
<msg time="2025-06-13T12:40:46.824753" level="INFO">${build} = /home/runner/work/ECAL_Test_Framework/ECAL_Test_Framework/integration_tests/multi_pub_sub/scripts/build_images.sh</msg>
<var>${build}</var>
<status status="PASS" start="2025-06-13T12:40:46.824663" elapsed="0.000110"/>
</kw>
<kw name="Get Network Name" owner="GlobalPathsLibrary">
<msg time="2025-06-13T12:40:46.824919" level="INFO">${net} = ecal_test_net</msg>
<var>${net}</var>
<status status="PASS" start="2025-06-13T12:40:46.824839" elapsed="0.000098"/>
</kw>
<kw name="Get Build Script Args" owner="GlobalPathsLibrary">
<msg time="2025-06-13T12:40:46.825077" level="INFO">${args} = ['multi_pub_sub']</msg>
<var>${args}</var>
<status status="PASS" start="2025-06-13T12:40:46.824999" elapsed="0.000095"/>
</kw>
<kw name="Set Suite Variable" owner="BuiltIn">
<msg time="2025-06-13T12:40:46.825306" level="INFO">${BUILD_SCRIPT} = /home/runner/work/ECAL_Test_Framework/ECAL_Test_Framework/integration_tests/multi_pub_sub/scripts/build_images.sh</msg>
<arg>${BUILD_SCRIPT}</arg>
<arg>${build}</arg>
<doc>Makes a variable available everywhere within the scope of the current suite.</doc>
<status status="PASS" start="2025-06-13T12:40:46.825170" elapsed="0.000165"/>
</kw>
<kw name="Set Suite Variable" owner="BuiltIn">
<msg time="2025-06-13T12:40:46.825523" level="INFO">${NETWORK} = ecal_test_net</msg>
<arg>${NETWORK}</arg>
<arg>${net}</arg>
<doc>Makes a variable available everywhere within the scope of the current suite.</doc>
<status status="PASS" start="2025-06-13T12:40:46.825406" elapsed="0.000181"/>
</kw>
<kw name="Log To Console" owner="BuiltIn">
<arg>[SETUP] Building Docker image...</arg>
<doc>Logs the given message to the console.</doc>
<status status="PASS" start="2025-06-13T12:40:46.825698" elapsed="0.000093"/>
</kw>
<kw name="Run Process" owner="Process">
<msg time="2025-06-13T12:40:46.826050" level="INFO">Starting process:
/home/runner/work/ECAL_Test_Framework/ECAL_Test_Framework/integration_tests/multi_pub_sub/scripts/build_images.sh multi_pub_sub</msg>
<msg time="2025-06-13T12:40:46.826414" level="INFO">Waiting for process to complete.</msg>
<msg time="2025-06-13T12:40:56.457030" level="INFO">Process completed.</msg>
<msg time="2025-06-13T12:40:56.457208" level="INFO">${result} = &lt;result object with rc 0&gt;</msg>
<var>${result}</var>
<arg>${BUILD_SCRIPT}</arg>
<arg>@{args}</arg>
<doc>Runs a process and waits for it to complete.</doc>
<status status="PASS" start="2025-06-13T12:40:46.825889" elapsed="9.631345"/>
</kw>
<kw name="Should Be Equal As Integers" owner="BuiltIn">
<msg time="2025-06-13T12:40:56.457898" level="INFO">Argument types are:
&lt;class 'int'&gt;
&lt;class 'str'&gt;</msg>
<arg>${result.rc}</arg>
<arg>0</arg>
<arg>Failed to build Docker image!</arg>
<doc>Fails if objects are unequal after converting them to integers.</doc>
<status status="PASS" start="2025-06-13T12:40:56.457384" elapsed="0.000565"/>
</kw>
<kw name="Create Docker Network" owner="MyDockerLibrary">
<arg>${NETWORK}</arg>
<status status="PASS" start="2025-06-13T12:40:56.458034" elapsed="0.007168"/>
</kw>
<kw name="Sleep" owner="BuiltIn">
<msg time="2025-06-13T12:40:59.465549" level="INFO">Slept 3 seconds.</msg>
<arg>3s</arg>
<doc>Pauses the test executed for the given time.</doc>
<status status="PASS" start="2025-06-13T12:40:56.465318" elapsed="3.000382"/>
</kw>
<status status="PASS" start="2025-06-13T12:40:46.824331" elapsed="12.641454"/>
</kw>
<test id="s1-s3-t1" name="Multi Pub/Sub Local UDP Test" line="26">
<kw name="Run Multi Pub Sub Test Local">
<kw name="Set Variable" owner="BuiltIn">
<msg time="2025-06-13T12:40:59.466682" level="INFO">${IMAGE} = multi_pub_sub_local_udp</msg>
<var>${IMAGE}</var>
<arg>${BASE_IMAGE}_${layer_tag}</arg>
<doc>Returns the given values which can then be assigned to a variables.</doc>
<status status="PASS" start="2025-06-13T12:40:59.466512" elapsed="0.000191"/>
</kw>
<kw name="Set Variable" owner="BuiltIn">
<msg time="2025-06-13T12:40:59.466886" level="INFO">${CONTAINER} = multi_locallocal_udp</msg>
<var>${CONTAINER}</var>
<arg>multi_local${layer_tag}</arg>
<doc>Returns the given values which can then be assigned to a variables.</doc>
<status status="PASS" start="2025-06-13T12:40:59.466777" elapsed="0.000126"/>
</kw>
<kw name="Log To Console" owner="BuiltIn">
<arg>\n[INFO] Running local multi pub/sub test (all binarys in same Container) with ${layer_tag}</arg>
<doc>Logs the given message to the console.</doc>
<status status="PASS" start="2025-06-13T12:40:59.466970" elapsed="0.000128"/>
</kw>
<kw name="Start Container" owner="MyDockerLibrary">
<arg>${CONTAINER}</arg>
<arg>${IMAGE}</arg>
<arg>local_multi</arg>
<arg>${layer_tag}</arg>
<status status="PASS" start="2025-06-13T12:40:59.467200" elapsed="0.116762"/>
</kw>
<kw name="Wait For Container Exit" owner="MyDockerLibrary">
<msg time="2025-06-13T12:41:17.647399" level="INFO">${exit_code} = 0</msg>
<var>${exit_code}</var>
<arg>${CONTAINER}</arg>
<status status="PASS" start="2025-06-13T12:40:59.584189" elapsed="18.063261"/>
</kw>
<kw name="Should Be Equal As Integers" owner="BuiltIn">
<msg time="2025-06-13T12:41:17.647919" level="INFO">Argument types are:
&lt;class 'int'&gt;
&lt;class 'str'&gt;</msg>
<arg>${exit_code}</arg>
<arg>0</arg>
<arg>Local Multi Pub/Sub Test test failed!</arg>
<doc>Fails if objects are unequal after converting them to integers.</doc>
<status status="PASS" start="2025-06-13T12:41:17.647679" elapsed="0.000294"/>
</kw>
<kw name="Get Container Logs" owner="MyDockerLibrary">
<msg time="2025-06-13T12:41:17.651512" level="INFO">${logs} = [Entrypoint] Starting local multi pub/sub test in mode local_udp
[Multi Subscriber] Waiting for messages...
[Multi Subscriber] Waiting for messages...
[Publisher] Waiting for at least 2 subscriber(s) ...</msg>
<var>${logs}</var>
<arg>${CONTAINER}</arg>
<status status="PASS" start="2025-06-13T12:41:17.648065" elapsed="0.003477"/>
</kw>
<kw name="Log To Console" owner="BuiltIn">
<arg>\n[CONTAINER LOG: All Local Binarys Multi Pub/Sub]\n${logs}</arg>
<doc>Logs the given message to the console.</doc>
<status status="PASS" start="2025-06-13T12:41:17.651657" elapsed="0.000192"/>
</kw>
<kw name="Stop Container" owner="MyDockerLibrary">
<arg>${CONTAINER}</arg>
<status status="PASS" start="2025-06-13T12:41:17.651953" elapsed="0.005162"/>
</kw>
<kw name="Sleep" owner="BuiltIn">
<msg time="2025-06-13T12:41:18.657517" level="INFO">Slept 1 second.</msg>
<arg>1s</arg>
<doc>Pauses the test executed for the given time.</doc>
<status status="PASS" start="2025-06-13T12:41:17.657235" elapsed="1.000391"/>
</kw>
<arg>local_udp</arg>
<status status="PASS" start="2025-06-13T12:40:59.466284" elapsed="19.191455"/>
</kw>
<tag>multi_pub_sub_local_udp</tag>
<status status="PASS" start="2025-06-13T12:40:59.465848" elapsed="19.192002"/>
</test>
<test id="s1-s3-t2" name="Multi Pub/Sub Local TCP Test" line="30">
<kw name="Run Multi Pub Sub Test Local">
<kw name="Set Variable" owner="BuiltIn">
<msg time="2025-06-13T12:41:18.659214" level="INFO">${IMAGE} = multi_pub_sub_local_tcp</msg>
<var>${IMAGE}</var>
<arg>${BASE_IMAGE}_${layer_tag}</arg>
<doc>Returns the given values which can then be assigned to a variables.</doc>
<status status="PASS" start="2025-06-13T12:41:18.659068" elapsed="0.000166"/>
</kw>
<kw name="Set Variable" owner="BuiltIn">
<msg time="2025-06-13T12:41:18.659414" level="INFO">${CONTAINER} = multi_locallocal_tcp</msg>
<var>${CONTAINER}</var>
<arg>multi_local${layer_tag}</arg>
<doc>Returns the given values which can then be assigned to a variables.</doc>
<status status="PASS" start="2025-06-13T12:41:18.659306" elapsed="0.000126"/>
</kw>
<kw name="Log To Console" owner="BuiltIn">
<arg>\n[INFO] Running local multi pub/sub test (all binarys in same Container) with ${layer_tag}</arg>
<doc>Logs the given message to the console.</doc>
<status status="PASS" start="2025-06-13T12:41:18.659496" elapsed="0.000148"/>
</kw>
<kw name="Start Container" owner="MyDockerLibrary">
<arg>${CONTAINER}</arg>
<arg>${IMAGE}</arg>
<arg>local_multi</arg>
<arg>${layer_tag}</arg>
<status status="PASS" start="2025-06-13T12:41:18.659747" elapsed="0.122424"/>
</kw>
<kw name="Wait For Container Exit" owner="MyDockerLibrary">
<msg time="2025-06-13T12:41:36.845735" level="INFO">${exit_code} = 1</msg>
<var>${exit_code}</var>
<arg>${CONTAINER}</arg>
<status status="PASS" start="2025-06-13T12:41:18.782378" elapsed="18.063401"/>
</kw>
<kw name="Should Be Equal As Integers" owner="BuiltIn">
<msg time="2025-06-13T12:41:36.846118" level="INFO">Argument types are:
&lt;class 'int'&gt;
&lt;class 'str'&gt;</msg>
<msg time="2025-06-13T12:41:36.846210" level="FAIL">Local Multi Pub/Sub Test test failed!: 1 != 0</msg>
<arg>${exit_code}</arg>
<arg>0</arg>
<arg>Local Multi Pub/Sub Test test failed!</arg>
<doc>Fails if objects are unequal after converting them to integers.</doc>
<status status="FAIL" start="2025-06-13T12:41:36.845930" elapsed="0.000359">Local Multi Pub/Sub Test test failed!: 1 != 0</status>
</kw>
<kw name="Get Container Logs" owner="MyDockerLibrary">
<var>${logs}</var>
<arg>${CONTAINER}</arg>
<status status="NOT RUN" start="2025-06-13T12:41:36.846420" elapsed="0.000019"/>
</kw>
<kw name="Log To Console" owner="BuiltIn">
<arg>\n[CONTAINER LOG: All Local Binarys Multi Pub/Sub]\n${logs}</arg>
<doc>Logs the given message to the console.</doc>
<status status="NOT RUN" start="2025-06-13T12:41:36.846525" elapsed="0.000018"/>
</kw>
<kw name="Stop Container" owner="MyDockerLibrary">
<arg>${CONTAINER}</arg>
<status status="NOT RUN" start="2025-06-13T12:41:36.846606" elapsed="0.000014"/>
</kw>
<kw name="Sleep" owner="BuiltIn">
<arg>1s</arg>
<doc>Pauses the test executed for the given time.</doc>
<status status="NOT RUN" start="2025-06-13T12:41:36.846756" elapsed="0.000016"/>
</kw>
<arg>local_tcp</arg>
<status status="FAIL" start="2025-06-13T12:41:18.658847" elapsed="18.188016">Local Multi Pub/Sub Test test failed!: 1 != 0</status>
</kw>
<tag>multi_pub_sub_local_tcp</tag>
<status status="FAIL" start="2025-06-13T12:41:18.658446" elapsed="18.188579">Local Multi Pub/Sub Test test failed!: 1 != 0</status>
</test>
<test id="s1-s3-t3" name="Multi Pub/Sub Local SHM Test" line="34">
<kw name="Run Multi Pub Sub Test Local">
<kw name="Set Variable" owner="BuiltIn">
<msg time="2025-06-13T12:41:36.848276" level="INFO">${IMAGE} = multi_pub_sub_local_shm</msg>
<var>${IMAGE}</var>
<arg>${BASE_IMAGE}_${layer_tag}</arg>
<doc>Returns the given values which can then be assigned to a variables.</doc>
<status status="PASS" start="2025-06-13T12:41:36.848139" elapsed="0.000157"/>
</kw>
<kw name="Set Variable" owner="BuiltIn">
<msg time="2025-06-13T12:41:36.848476" level="INFO">${CONTAINER} = multi_locallocal_shm</msg>
<var>${CONTAINER}</var>
<arg>multi_local${layer_tag}</arg>
<doc>Returns the given values which can then be assigned to a variables.</doc>
<status status="PASS" start="2025-06-13T12:41:36.848368" elapsed="0.000126"/>
</kw>
<kw name="Log To Console" owner="BuiltIn">
<arg>\n[INFO] Running local multi pub/sub test (all binarys in same Container) with ${layer_tag}</arg>
<doc>Logs the given message to the console.</doc>
<status status="PASS" start="2025-06-13T12:41:36.848560" elapsed="0.000157"/>
</kw>
<kw name="Start Container" owner="MyDockerLibrary">
<arg>${CONTAINER}</arg>
<arg>${IMAGE}</arg>
<arg>local_multi</arg>
<arg>${layer_tag}</arg>
<status status="PASS" start="2025-06-13T12:41:36.848824" elapsed="0.113953"/>
</kw>
<kw name="Wait For Container Exit" owner="MyDockerLibrary">
<msg time="2025-06-13T12:41:55.025038" level="INFO">${exit_code} = 0</msg>
<var>${exit_code}</var>
<arg>${CONTAINER}</arg>
<status status="PASS" start="2025-06-13T12:41:36.962998" elapsed="18.062116"/>
</kw>
<kw name="Should Be Equal As Integers" owner="BuiltIn">
<msg time="2025-06-13T12:41:55.025565" level="INFO">Argument types are:
&lt;class 'int'&gt;
&lt;class 'str'&gt;</msg>
<arg>${exit_code}</arg>
<arg>0</arg>
<arg>Local Multi Pub/Sub Test test failed!</arg>
<doc>Fails if objects are unequal after converting them to integers.</doc>
<status status="PASS" start="2025-06-13T12:41:55.025290" elapsed="0.000434"/>
</kw>
<kw name="Get Container Logs" owner="MyDockerLibrary">
<msg time="2025-06-13T12:41:55.028829" level="INFO">${logs} = [Entrypoint] Starting local multi pub/sub test in mode local_shm
Shared memory monitoring is enabled (domain: ecal_mon - queue size: 1024)
[Multi Subscriber] Waiting for messages...
Shared memory moni...</msg>
<var>${logs}</var>
<arg>${CONTAINER}</arg>
<status status="PASS" start="2025-06-13T12:41:55.025853" elapsed="0.003002"/>
</kw>
<kw name="Log To Console" owner="BuiltIn">
<arg>\n[CONTAINER LOG: All Local Binarys Multi Pub/Sub]\n${logs}</arg>
<doc>Logs the given message to the console.</doc>
<status status="PASS" start="2025-06-13T12:41:55.028943" elapsed="0.000175"/>
</kw>
<kw name="Stop Container" owner="MyDockerLibrary">
<arg>${CONTAINER}</arg>
<status status="PASS" start="2025-06-13T12:41:55.029219" elapsed="0.005099"/>
</kw>
<kw name="Sleep" owner="BuiltIn">
<msg time="2025-06-13T12:41:56.034686" level="INFO">Slept 1 second.</msg>
<arg>1s</arg>
<doc>Pauses the test executed for the given time.</doc>
<status status="PASS" start="2025-06-13T12:41:55.034404" elapsed="1.000403"/>
</kw>
<arg>local_shm</arg>
<status status="PASS" start="2025-06-13T12:41:36.847944" elapsed="19.186941"/>
</kw>
<tag>multi_pub_sub_local_shm</tag>
<status status="PASS" start="2025-06-13T12:41:36.847557" elapsed="19.187442"/>
</test>
<test id="s1-s3-t4" name="Multi Pub/Sub Network UDP Test" line="38">
<kw name="Run Multi Pub Sub Network Test">
<kw name="Set Variable" owner="BuiltIn">
<msg time="2025-06-13T12:41:56.036467" level="INFO">${IMAGE} = multi_pub_sub_network_udp</msg>
<var>${IMAGE}</var>
<arg>${BASE_IMAGE}_${layer_tag}</arg>
<doc>Returns the given values which can then be assigned to a variables.</doc>
<status status="PASS" start="2025-06-13T12:41:56.036321" elapsed="0.000166"/>
</kw>
<kw name="Set Variable" owner="BuiltIn">
<msg time="2025-06-13T12:41:56.036664" level="INFO">${TOPIC} = test_topic</msg>
<var>${TOPIC}</var>
<arg>test_topic</arg>
<doc>Returns the given values which can then be assigned to a variables.</doc>
<status status="PASS" start="2025-06-13T12:41:56.036559" elapsed="0.000125"/>
</kw>
<kw name="Set Variable" owner="BuiltIn">
<msg time="2025-06-13T12:41:56.036863" level="INFO">${PUB1} = pub1_network_udp</msg>
<var>${PUB1}</var>
<arg>pub1_${layer_tag}</arg>
<doc>Returns the given values which can then be assigned to a variables.</doc>
<status status="PASS" start="2025-06-13T12:41:56.036752" elapsed="0.000128"/>
</kw>
<kw name="Set Variable" owner="BuiltIn">
<msg time="2025-06-13T12:41:56.037044" level="INFO">${PUB2} = pub2_network_udp</msg>
<var>${PUB2}</var>
<arg>pub2_${layer_tag}</arg>
<doc>Returns the given values which can then be assigned to a variables.</doc>
<status status="PASS" start="2025-06-13T12:41:56.036945" elapsed="0.000115"/>
</kw>
<kw name="Set Variable" owner="BuiltIn">
<msg time="2025-06-13T12:41:56.037231" level="INFO">${SUB1} = sub1_network_udp</msg>
<var>${SUB1}</var>
<arg>sub1_${layer_tag}</arg>
<doc>Returns the given values which can then be assigned to a variables.</doc>
<status status="PASS" start="2025-06-13T12:41:56.037133" elapsed="0.000115"/>
</kw>
<kw name="Set Variable" owner="BuiltIn">
<msg time="2025-06-13T12:41:56.037407" level="INFO">${SUB2} = sub2_network_udp</msg>
<var>${SUB2}</var>
<arg>sub2_${layer_tag}</arg>
<doc>Returns the given values which can then be assigned to a variables.</doc>
<status status="PASS" start="2025-06-13T12:41:56.037310" elapsed="0.000113"/>
</kw>
<kw name="Log To Console" owner="BuiltIn">
<arg>\n[INFO] Starting multi pub/sub test with ${layer_tag}</arg>
<doc>Logs the given message to the console.</doc>
<status status="PASS" start="2025-06-13T12:41:56.037486" elapsed="0.000118"/>
</kw>
<kw name="Start Container" owner="MyDockerLibrary">
<arg>${SUB1}</arg>
<arg>${IMAGE}</arg>
<arg>multi_subscriber</arg>
<arg>${layer_tag}</arg>
<arg>${TOPIC}</arg>
<arg>network=${NETWORK}</arg>
<status status="PASS" start="2025-06-13T12:41:56.037710" elapsed="0.134466"/>
</kw>
<kw name="Start Container" owner="MyDockerLibrary">
<arg>${SUB2}</arg>
<arg>${IMAGE}</arg>
<arg>multi_subscriber2</arg>
<arg>${layer_tag}</arg>
<arg>${TOPIC}</arg>
<arg>network=${NETWORK}</arg>
<status status="PASS" start="2025-06-13T12:41:56.172358" elapsed="0.126198"/>
</kw>
<kw name="Start Container" owner="MyDockerLibrary">
<arg>${PUB1}</arg>
<arg>${IMAGE}</arg>
<arg>multi_publisher</arg>
<arg>${layer_tag}</arg>
<arg>${TOPIC}</arg>
<arg>network=${NETWORK}</arg>
<status status="PASS" start="2025-06-13T12:41:56.298788" elapsed="0.121571"/>
</kw>
<kw name="Start Container" owner="MyDockerLibrary">
<arg>${PUB2}</arg>
<arg>${IMAGE}</arg>
<arg>multi_publisher2</arg>
<arg>${layer_tag}</arg>
<arg>${TOPIC}</arg>
<arg>network=${NETWORK}</arg>
<status status="PASS" start="2025-06-13T12:41:56.420543" elapsed="0.129495"/>
</kw>
<kw name="Wait For Container Exit" owner="MyDockerLibrary">
<arg>${SUB1}</arg>
<status status="PASS" start="2025-06-13T12:41:56.550227" elapsed="17.690768"/>
</kw>
<kw name="Wait For Container Exit" owner="MyDockerLibrary">
<arg>${SUB2}</arg>
<status status="PASS" start="2025-06-13T12:42:14.241154" elapsed="0.117098"/>
</kw>
<kw name="Wait For Container Exit" owner="MyDockerLibrary">
<arg>${PUB1}</arg>
<status status="PASS" start="2025-06-13T12:42:14.358468" elapsed="0.001621"/>
</kw>
<kw name="Wait For Container Exit" owner="MyDockerLibrary">
<arg>${PUB2}</arg>
<status status="PASS" start="2025-06-13T12:42:14.360211" elapsed="0.001115"/>
</kw>
<kw name="Get Container Logs" owner="MyDockerLibrary">
<msg time="2025-06-13T12:42:14.363784" level="INFO">${log1} = [Entrypoint] Starting multi_subscriber in mode network_udp
[Multi Subscriber] Waiting for messages...
[Multi Subscriber] Received value: 43
[Multi Subscriber] Received value: 42
[Multi Subscriber] Rec...</msg>
<var>${log1}</var>
<arg>${SUB1}</arg>
<status status="PASS" start="2025-06-13T12:42:14.361416" elapsed="0.002396"/>
</kw>
<kw name="Log To Console" owner="BuiltIn">
<arg>\n[CONTAINER LOG: SUBSCRIBER 1]\n${log1}</arg>
<doc>Logs the given message to the console.</doc>
<status status="PASS" start="2025-06-13T12:42:14.363900" elapsed="0.000157"/>
</kw>
<kw name="Get Container Logs" owner="MyDockerLibrary">
<msg time="2025-06-13T12:42:14.366616" level="INFO">${log2} = [Entrypoint] Starting multi_subscriber2 in mode network_udp
[Multi Subscriber] Waiting for messages...
[Multi Subscriber] Received value: 43
[Multi Subscriber] Received value: 42
[Multi Subscriber] Re...</msg>
<var>${log2}</var>
<arg>${SUB2}</arg>
<status status="PASS" start="2025-06-13T12:42:14.364156" elapsed="0.002512"/>
</kw>
<kw name="Log To Console" owner="BuiltIn">
<arg>\n[CONTAINER LOG: SUBSCRIBER 2]\n${log2}</arg>
<doc>Logs the given message to the console.</doc>
<status status="PASS" start="2025-06-13T12:42:14.366757" elapsed="0.000152"/>
</kw>
<kw name="Wait For Container Exit" owner="MyDockerLibrary">
<msg time="2025-06-13T12:42:14.368064" level="INFO">${exit1} = 0</msg>
<var>${exit1}</var>
<arg>${SUB1}</arg>
<status status="PASS" start="2025-06-13T12:42:14.367022" elapsed="0.001067"/>
</kw>
<kw name="Wait For Container Exit" owner="MyDockerLibrary">
<msg time="2025-06-13T12:42:14.369041" level="INFO">${exit2} = 0</msg>
<var>${exit2}</var>
<arg>${SUB2}</arg>
<status status="PASS" start="2025-06-13T12:42:14.368171" elapsed="0.000893"/>
</kw>
<kw name="Should Be Equal As Integers" owner="BuiltIn">
<msg time="2025-06-13T12:42:14.369282" level="INFO">Argument types are:
&lt;class 'int'&gt;
&lt;class 'str'&gt;</msg>
<arg>${exit1}</arg>
<arg>0</arg>
<arg>Subscriber 1 failed!</arg>
<doc>Fails if objects are unequal after converting them to integers.</doc>
<status status="PASS" start="2025-06-13T12:42:14.369145" elapsed="0.000183"/>
</kw>
<kw name="Should Be Equal As Integers" owner="BuiltIn">
<msg time="2025-06-13T12:42:14.369513" level="INFO">Argument types are:
&lt;class 'int'&gt;
&lt;class 'str'&gt;</msg>
<arg>${exit2}</arg>
<arg>0</arg>
<arg>Subscriber 2 failed!</arg>
<doc>Fails if objects are unequal after converting them to integers.</doc>
<status status="PASS" start="2025-06-13T12:42:14.369404" elapsed="0.000149"/>
</kw>
<kw name="Log Test Summary" owner="MyDockerLibrary">
<arg>Multi Pub/Sub Test ${layer_tag}</arg>
<arg>${True}</arg>
<status status="PASS" start="2025-06-13T12:42:14.369625" elapsed="0.000288"/>
</kw>
<kw name="Stop Container" owner="MyDockerLibrary">
<arg>${SUB1}</arg>
<status status="PASS" start="2025-06-13T12:42:14.370008" elapsed="0.004968"/>
</kw>
<kw name="Stop Container" owner="MyDockerLibrary">
<arg>${SUB2}</arg>
<status status="PASS" start="2025-06-13T12:42:14.375057" elapsed="0.005061"/>
</kw>
<kw name="Stop Container" owner="MyDockerLibrary">
<arg>${PUB1}</arg>
<status status="PASS" start="2025-06-13T12:42:14.380200" elapsed="0.005011"/>
</kw>
<kw name="Stop Container" owner="MyDockerLibrary">
<arg>${PUB2}</arg>
<status status="PASS" start="2025-06-13T12:42:14.385293" elapsed="0.004853"/>
</kw>
<kw name="Sleep" owner="BuiltIn">
<msg time="2025-06-13T12:42:15.390473" level="INFO">Slept 1 second.</msg>
<arg>1s</arg>
<doc>Pauses the test executed for the given time.</doc>
<status status="PASS" start="2025-06-13T12:42:14.390234" elapsed="1.000351"/>
</kw>
<arg>network_udp</arg>
<arg>network</arg>
<status status="PASS" start="2025-06-13T12:41:56.036087" elapsed="19.354605"/>
</kw>
<tag>multi_pub_sub_network_udp</tag>
<status status="PASS" start="2025-06-13T12:41:56.035618" elapsed="19.355197"/>
</test>
<test id="s1-s3-t5" name="Multi Pub/Sub Network TCP Test" line="42">
<kw name="Run Multi Pub Sub Network Test">
<kw name="Set Variable" owner="BuiltIn">
<msg time="2025-06-13T12:42:15.392530" level="INFO">${IMAGE} = multi_pub_sub_network_tcp</msg>
<var>${IMAGE}</var>
<arg>${BASE_IMAGE}_${layer_tag}</arg>
<doc>Returns the given values which can then be assigned to a variables.</doc>
<status status="PASS" start="2025-06-13T12:42:15.392384" elapsed="0.000167"/>
</kw>
<kw name="Set Variable" owner="BuiltIn">
<msg time="2025-06-13T12:42:15.392726" level="INFO">${TOPIC} = test_topic</msg>
<var>${TOPIC}</var>
<arg>test_topic</arg>
<doc>Returns the given values which can then be assigned to a variables.</doc>
<status status="PASS" start="2025-06-13T12:42:15.392624" elapsed="0.000120"/>
</kw>
<kw name="Set Variable" owner="BuiltIn">
<msg time="2025-06-13T12:42:15.392912" level="INFO">${PUB1} = pub1_network_tcp</msg>
<var>${PUB1}</var>
<arg>pub1_${layer_tag}</arg>
<doc>Returns the given values which can then be assigned to a variables.</doc>
<status status="PASS" start="2025-06-13T12:42:15.392810" elapsed="0.000119"/>
</kw>
<kw name="Set Variable" owner="BuiltIn">
<msg time="2025-06-13T12:42:15.393089" level="INFO">${PUB2} = pub2_network_tcp</msg>
<var>${PUB2}</var>
<arg>pub2_${layer_tag}</arg>
<doc>Returns the given values which can then be assigned to a variables.</doc>
<status status="PASS" start="2025-06-13T12:42:15.392991" elapsed="0.000114"/>
</kw>
<kw name="Set Variable" owner="BuiltIn">
<msg time="2025-06-13T12:42:15.393264" level="INFO">${SUB1} = sub1_network_tcp</msg>
<var>${SUB1}</var>
<arg>sub1_${layer_tag}</arg>
<doc>Returns the given values which can then be assigned to a variables.</doc>
<status status="PASS" start="2025-06-13T12:42:15.393166" elapsed="0.000115"/>
</kw>
<kw name="Set Variable" owner="BuiltIn">
<msg time="2025-06-13T12:42:15.393440" level="INFO">${SUB2} = sub2_network_tcp</msg>
<var>${SUB2}</var>
<arg>sub2_${layer_tag}</arg>
<doc>Returns the given values which can then be assigned to a variables.</doc>
<status status="PASS" start="2025-06-13T12:42:15.393342" elapsed="0.000115"/>
</kw>
<kw name="Log To Console" owner="BuiltIn">
<arg>\n[INFO] Starting multi pub/sub test with ${layer_tag}</arg>
<doc>Logs the given message to the console.</doc>
<status status="PASS" start="2025-06-13T12:42:15.393518" elapsed="0.000131"/>
</kw>
<kw name="Start Container" owner="MyDockerLibrary">
<arg>${SUB1}</arg>
<arg>${IMAGE}</arg>
<arg>multi_subscriber</arg>
<arg>${layer_tag}</arg>
<arg>${TOPIC}</arg>
<arg>network=${NETWORK}</arg>
<status status="PASS" start="2025-06-13T12:42:15.393750" elapsed="0.129413"/>
</kw>
<kw name="Start Container" owner="MyDockerLibrary">
<arg>${SUB2}</arg>
<arg>${IMAGE}</arg>
<arg>multi_subscriber2</arg>
<arg>${layer_tag}</arg>
<arg>${TOPIC}</arg>
<arg>network=${NETWORK}</arg>
<status status="PASS" start="2025-06-13T12:42:15.523347" elapsed="0.128265"/>
</kw>
<kw name="Start Container" owner="MyDockerLibrary">
<arg>${PUB1}</arg>
<arg>${IMAGE}</arg>
<arg>multi_publisher</arg>
<arg>${layer_tag}</arg>
<arg>${TOPIC}</arg>
<arg>network=${NETWORK}</arg>
<status status="PASS" start="2025-06-13T12:42:15.651812" elapsed="0.127075"/>
</kw>
<kw name="Start Container" owner="MyDockerLibrary">
<arg>${PUB2}</arg>
<arg>${IMAGE}</arg>
<arg>multi_publisher2</arg>
<arg>${layer_tag}</arg>
<arg>${TOPIC}</arg>
<arg>network=${NETWORK}</arg>
<status status="PASS" start="2025-06-13T12:42:15.779095" elapsed="0.118067"/>
</kw>
<kw name="Wait For Container Exit" owner="MyDockerLibrary">
<arg>${SUB1}</arg>
<status status="PASS" start="2025-06-13T12:42:15.897325" elapsed="17.683417"/>
</kw>
<kw name="Wait For Container Exit" owner="MyDockerLibrary">
<arg>${SUB2}</arg>
<status status="PASS" start="2025-06-13T12:42:33.580949" elapsed="0.133496"/>
</kw>
<kw name="Wait For Container Exit" owner="MyDockerLibrary">
<arg>${PUB1}</arg>
<status status="PASS" start="2025-06-13T12:42:33.714670" elapsed="0.001615"/>
</kw>
<kw name="Wait For Container Exit" owner="MyDockerLibrary">
<arg>${PUB2}</arg>
<status status="PASS" start="2025-06-13T12:42:33.716406" elapsed="0.001373"/>
</kw>
<kw name="Get Container Logs" owner="MyDockerLibrary">
<msg time="2025-06-13T12:42:33.720238" level="INFO">${log1} = [Entrypoint] Starting multi_subscriber in mode network_tcp
[Multi Subscriber] Waiting for messages...
[Multi Subscriber] Received value: 43
[Multi Subscriber] Received value: 42
[Multi Subscriber] Rec...</msg>
<var>${log1}</var>
<arg>${SUB1}</arg>
<status status="PASS" start="2025-06-13T12:42:33.717903" elapsed="0.002408"/>
</kw>
<kw name="Log To Console" owner="BuiltIn">
<arg>\n[CONTAINER LOG: SUBSCRIBER 1]\n${log1}</arg>
<doc>Logs the given message to the console.</doc>
<status status="PASS" start="2025-06-13T12:42:33.720400" elapsed="0.000170"/>
</kw>
<kw name="Get Container Logs" owner="MyDockerLibrary">
<msg time="2025-06-13T12:42:33.723160" level="INFO">${log2} = [Entrypoint] Starting multi_subscriber2 in mode network_tcp
[Multi Subscriber] Waiting for messages...
[Multi Subscriber] Received value: 43
[Multi Subscriber] Received value: 42
[Multi Subscriber] Re...</msg>
<var>${log2}</var>
<arg>${SUB2}</arg>
<status status="PASS" start="2025-06-13T12:42:33.720688" elapsed="0.002511"/>
</kw>
<kw name="Log To Console" owner="BuiltIn">
<arg>\n[CONTAINER LOG: SUBSCRIBER 2]\n${log2}</arg>
<doc>Logs the given message to the console.</doc>
<status status="PASS" start="2025-06-13T12:42:33.723302" elapsed="0.000184"/>
</kw>
<kw name="Wait For Container Exit" owner="MyDockerLibrary">
<msg time="2025-06-13T12:42:33.724586" level="INFO">${exit1} = 0</msg>
<var>${exit1}</var>
<arg>${SUB1}</arg>
<status status="PASS" start="2025-06-13T12:42:33.723596" elapsed="0.001014"/>
</kw>
<kw name="Wait For Container Exit" owner="MyDockerLibrary">
<msg time="2025-06-13T12:42:33.725657" level="INFO">${exit2} = 0</msg>
<var>${exit2}</var>
<arg>${SUB2}</arg>
<status status="PASS" start="2025-06-13T12:42:33.724722" elapsed="0.000970"/>
</kw>
<kw name="Should Be Equal As Integers" owner="BuiltIn">
<msg time="2025-06-13T12:42:33.725934" level="INFO">Argument types are:
&lt;class 'int'&gt;
&lt;class 'str'&gt;</msg>
<arg>${exit1}</arg>
<arg>0</arg>
<arg>Subscriber 1 failed!</arg>
<doc>Fails if objects are unequal after converting them to integers.</doc>
<status status="PASS" start="2025-06-13T12:42:33.725786" elapsed="0.000194"/>
</kw>
<kw name="Should Be Equal As Integers" owner="BuiltIn">
<msg time="2025-06-13T12:42:33.726167" level="INFO">Argument types are:
&lt;class 'int'&gt;
&lt;class 'str'&gt;</msg>
<arg>${exit2}</arg>
<arg>0</arg>
<arg>Subscriber 2 failed!</arg>
<doc>Fails if objects are unequal after converting them to integers.</doc>
<status status="PASS" start="2025-06-13T12:42:33.726057" elapsed="0.000149"/>
</kw>
<kw name="Log Test Summary" owner="MyDockerLibrary">
<arg>Multi Pub/Sub Test ${layer_tag}</arg>
<arg>${True}</arg>
<status status="PASS" start="2025-06-13T12:42:33.726278" elapsed="0.000152"/>
</kw>
<kw name="Stop Container" owner="MyDockerLibrary">
<arg>${SUB1}</arg>
<status status="PASS" start="2025-06-13T12:42:33.726537" elapsed="0.005272"/>
</kw>
<kw name="Stop Container" owner="MyDockerLibrary">
<arg>${SUB2}</arg>
<status status="PASS" start="2025-06-13T12:42:33.731894" elapsed="0.005016"/>
</kw>
<kw name="Stop Container" owner="MyDockerLibrary">
<arg>${PUB1}</arg>
<status status="PASS" start="2025-06-13T12:42:33.736994" elapsed="0.005273"/>
</kw>
<kw name="Stop Container" owner="MyDockerLibrary">
<arg>${PUB2}</arg>
<status status="PASS" start="2025-06-13T12:42:33.742349" elapsed="0.005151"/>
</kw>
<kw name="Sleep" owner="BuiltIn">
<msg time="2025-06-13T12:42:34.747857" level="INFO">Slept 1 second.</msg>
<arg>1s</arg>
<doc>Pauses the test executed for the given time.</doc>
<status status="PASS" start="2025-06-13T12:42:33.747587" elapsed="1.000380"/>
</kw>
<arg>network_tcp</arg>
<arg>network</arg>
<status status="PASS" start="2025-06-13T12:42:15.392154" elapsed="19.355893"/>
</kw>
<tag>multi_pub_sub_network_tcp</tag>
<status status="PASS" start="2025-06-13T12:42:15.391734" elapsed="19.356427"/>
</test>
<status status="FAIL" start="2025-06-13T12:40:46.821539" elapsed="107.927737"/>
</suite>
<suite id="s1-s4" name="Network Crash" source="/home/runner/work/ECAL_Test_Framework/ECAL_Test_Framework/integration_tests/network_crash/robottests/network_crash.robot">
<kw name="Init Test Context" type="SETUP">
<kw name="Set Test Context" owner="GlobalPathsLibrary">
<arg>network_crash</arg>
<arg>network_crash</arg>
<doc>Sets the test folder (e.g. basic_pub_sub or message_validation) and tag prefix (e.g. basic_pub_sub).
Should be called once in Suite Setup if you're using non-default test cases.</doc>
<status status="PASS" start="2025-06-13T12:42:34.752547" elapsed="0.000156"/>
</kw>
<kw name="Get Build Script Path" owner="GlobalPathsLibrary">
<msg time="2025-06-13T12:42:34.752892" level="INFO">${build} = /home/runner/work/ECAL_Test_Framework/ECAL_Test_Framework/integration_tests/network_crash/scripts/build_images.sh</msg>
<var>${build}</var>
<status status="PASS" start="2025-06-13T12:42:34.752798" elapsed="0.000114"/>
</kw>
<kw name="Get Network Name" owner="GlobalPathsLibrary">
<msg time="2025-06-13T12:42:34.753054" level="INFO">${net} = ecal_test_net</msg>
<var>${net}</var>
<status status="PASS" start="2025-06-13T12:42:34.752976" elapsed="0.000095"/>
</kw>
<kw name="Get Build Script Args" owner="GlobalPathsLibrary">
<msg time="2025-06-13T12:42:34.753220" level="INFO">${args} = ['network_crash']</msg>
<var>${args}</var>
<status status="PASS" start="2025-06-13T12:42:34.753134" elapsed="0.000104"/>
</kw>
<kw name="Set Suite Variable" owner="BuiltIn">
<msg time="2025-06-13T12:42:34.753460" level="INFO">${BUILD_SCRIPT} = /home/runner/work/ECAL_Test_Framework/ECAL_Test_Framework/integration_tests/network_crash/scripts/build_images.sh</msg>
<arg>${BUILD_SCRIPT}</arg>
<arg>${build}</arg>
<doc>Makes a variable available everywhere within the scope of the current suite.</doc>
<status status="PASS" start="2025-06-13T12:42:34.753320" elapsed="0.000168"/>
</kw>
<kw name="Set Suite Variable" owner="BuiltIn">
<msg time="2025-06-13T12:42:34.753692" level="INFO">${NETWORK} = ecal_test_net</msg>
<arg>${NETWORK}</arg>
<arg>${net}</arg>
<doc>Makes a variable available everywhere within the scope of the current suite.</doc>
<status status="PASS" start="2025-06-13T12:42:34.753559" elapsed="0.000163"/>
</kw>
<kw name="Log To Console" owner="BuiltIn">
<arg>[SETUP] Building image...</arg>
<doc>Logs the given message to the console.</doc>
<status status="PASS" start="2025-06-13T12:42:34.753809" elapsed="0.000116"/>
</kw>
<kw name="Run Process" owner="Process">
<msg time="2025-06-13T12:42:34.754233" level="INFO">Starting process:
/home/runner/work/ECAL_Test_Framework/ECAL_Test_Framework/integration_tests/network_crash/scripts/build_images.sh network_crash</msg>
<msg time="2025-06-13T12:42:34.754705" level="INFO">Waiting for process to complete.</msg>
<msg time="2025-06-13T12:42:44.133848" level="INFO">Process completed.</msg>
<msg time="2025-06-13T12:42:44.134026" level="INFO">${result} = &lt;result object with rc 0&gt;</msg>
<var>${result}</var>
<arg>${BUILD_SCRIPT}</arg>
<arg>@{args}</arg>
<doc>Runs a process and waits for it to complete.</doc>
<status status="PASS" start="2025-06-13T12:42:34.754056" elapsed="9.379995"/>
</kw>
<kw name="Should Be Equal As Integers" owner="BuiltIn">
<msg time="2025-06-13T12:42:44.134735" level="INFO">Argument types are:
&lt;class 'int'&gt;
&lt;class 'str'&gt;</msg>
<arg>${result.rc}</arg>
<arg>0</arg>
<arg>Docker image build failed!</arg>
<doc>Fails if objects are unequal after converting them to integers.</doc>
<status status="PASS" start="2025-06-13T12:42:44.134203" elapsed="0.000584"/>
</kw>
<kw name="Create Docker Network" owner="MyDockerLibrary">
<arg>${NETWORK}</arg>
<status status="PASS" start="2025-06-13T12:42:44.134869" elapsed="0.007023"/>
</kw>
<kw name="Sleep" owner="BuiltIn">
<msg time="2025-06-13T12:42:46.142300" level="INFO">Slept 2 seconds.</msg>
<arg>2s</arg>
<doc>Pauses the test executed for the given time.</doc>
<status status="PASS" start="2025-06-13T12:42:44.142018" elapsed="2.000406"/>
</kw>
<status status="PASS" start="2025-06-13T12:42:34.752361" elapsed="11.390156"/>
</kw>
<test id="s1-s4-t1" name="Local communication survives Network crash" line="45">
<kw name="Run Network Crash Survival Test">
<kw name="Set Variable" owner="BuiltIn">
<msg time="2025-06-13T12:42:46.143617" level="INFO">${IMAGE} = network_crash_local_udp</msg>
<var>${IMAGE}</var>
<arg>${BASE_IMAGE}_local_udp</arg>
<doc>Returns the given values which can then be assigned to a variables.</doc>
<status status="PASS" start="2025-06-13T12:42:46.143474" elapsed="0.000181"/>
</kw>
<kw name="Set Variable" owner="BuiltIn">
<msg time="2025-06-13T12:42:46.144039" level="INFO">${TOPIC} = test_topic</msg>
<var>${TOPIC}</var>
<arg>test_topic</arg>
<doc>Returns the given values which can then be assigned to a variables.</doc>
<status status="PASS" start="2025-06-13T12:42:46.143734" elapsed="0.000324"/>
</kw>
<kw name="Set Variable" owner="BuiltIn">
<msg time="2025-06-13T12:42:46.144212" level="INFO">${NET_PUB} = udp_network_pub</msg>
<var>${NET_PUB}</var>
<arg>udp_network_pub</arg>
<doc>Returns the given values which can then be assigned to a variables.</doc>
<status status="PASS" start="2025-06-13T12:42:46.144129" elapsed="0.000100"/>
</kw>
<kw name="Set Variable" owner="BuiltIn">
<msg time="2025-06-13T12:42:46.144374" level="INFO">${LOCAL_ALL} = udp_local_all</msg>
<var>${LOCAL_ALL}</var>
<arg>udp_local_all</arg>
<doc>Returns the given values which can then be assigned to a variables.</doc>
<status status="PASS" start="2025-06-13T12:42:46.144296" elapsed="0.000095"/>
</kw>
<kw name="Log To Console" owner="BuiltIn">
<arg>\n\n[INFO] Starting "LOCAL UDP (PUB1 + SUB + PUB3)" in one container and "NETWORK UDP (PUB2)" separately...</arg>
<doc>Logs the given message to the console.</doc>
<status status="PASS" start="2025-06-13T12:42:46.144455" elapsed="0.000096"/>
</kw>
<kw name="Start Container" owner="MyDockerLibrary">
<arg>${LOCAL_ALL}</arg>
<arg>${IMAGE}</arg>
<arg>udp_local_all</arg>
<arg>${TOPIC}</arg>
<arg>${LOCAL_ALL}</arg>
<arg>network=${NETWORK}</arg>
<status status="PASS" start="2025-06-13T12:42:46.144645" elapsed="0.131226"/>
</kw>
<kw name="Start Container" owner="MyDockerLibrary">
<arg>${NET_PUB}</arg>
<arg>${IMAGE}</arg>
<arg>udp_network_pub</arg>
<arg>${TOPIC}</arg>
<arg>${NET_PUB}</arg>
<arg>network=${NETWORK}</arg>
<status status="PASS" start="2025-06-13T12:42:46.276086" elapsed="0.120383"/>
</kw>
<kw name="Log To Console" owner="BuiltIn">
<arg>\n[INFO] Letting PUB1 and PUB2 run in parallel for 7s...</arg>
<doc>Logs the given message to the console.</doc>
<status status="PASS" start="2025-06-13T12:42:46.396664" elapsed="0.000164"/>
</kw>
<kw name="Sleep" owner="BuiltIn">
<msg time="2025-06-13T12:42:53.397202" level="INFO">Slept 7 seconds.</msg>
<arg>7s</arg>
<doc>Pauses the test executed for the given time.</doc>
<status status="PASS" start="2025-06-13T12:42:46.396930" elapsed="7.000396"/>
</kw>
<kw name="Log To Console" owner="BuiltIn">
<arg>\n[SIMULATION] Disconnecting NETWORK UDP Publisher...</arg>
<doc>Logs the given message to the console.</doc>
<status status="PASS" start="2025-06-13T12:42:53.397503" elapsed="0.000211"/>
</kw>
<kw name="Disconnect Container From Network">
<kw name="Log To Console" owner="BuiltIn">
<arg>\n[SIMULATION] Disconnecting ${container} from ${network} (simulate network failure)...</arg>
<doc>Logs the given message to the console.</doc>
<status status="PASS" start="2025-06-13T12:42:53.398268" elapsed="0.000174"/>
</kw>
<kw name="Run Process" owner="Process">
<msg time="2025-06-13T12:42:53.398750" level="INFO">Starting process:
docker network disconnect ecal_test_net udp_network_pub</msg>
<msg time="2025-06-13T12:42:53.399356" level="INFO">Waiting for process to complete.</msg>
<msg time="2025-06-13T12:42:53.446867" level="INFO">Process completed.</msg>
<msg time="2025-06-13T12:42:53.447031" level="INFO">${result} = &lt;result object with rc 0&gt;</msg>
<var>${result}</var>
<arg>docker</arg>
<arg>network</arg>
<arg>disconnect</arg>
<arg>${network}</arg>
<arg>${container}</arg>
<doc>Runs a process and waits for it to complete.</doc>
<status status="PASS" start="2025-06-13T12:42:53.398548" elapsed="0.048508"/>
</kw>
<kw name="Should Be Equal As Integers" owner="BuiltIn">
<msg time="2025-06-13T12:42:53.447751" level="INFO">Argument types are:
&lt;class 'int'&gt;
&lt;class 'str'&gt;</msg>
<arg>${result.rc}</arg>
<arg>0</arg>
<arg>Failed to disconnect ${container} from ${network}</arg>
<doc>Fails if objects are unequal after converting them to integers.</doc>
<status status="PASS" start="2025-06-13T12:42:53.447208" elapsed="0.000595"/>
</kw>
<kw name="Sleep" owner="BuiltIn">
<msg time="2025-06-13T12:42:54.448118" level="INFO">Slept 1 second.</msg>
<arg>1s</arg>
<doc>Pauses the test executed for the given time.</doc>
<status status="PASS" start="2025-06-13T12:42:53.447887" elapsed="1.000341"/>
</kw>
<arg>${NET_PUB}</arg>
<arg>${NETWORK}</arg>
<status status="PASS" start="2025-06-13T12:42:53.397940" elapsed="1.050370"/>
</kw>
<kw name="Wait For Container Exit" owner="MyDockerLibrary">
<arg>${LOCAL_ALL}</arg>
<status status="PASS" start="2025-06-13T12:42:54.448435" elapsed="21.892110"/>
</kw>
<kw name="Get Container Logs" owner="MyDockerLibrary">
<msg time="2025-06-13T12:43:16.344283" level="INFO">${log_local} = [Entrypoint] Starting UDP subscriber, then UDP publisher...
[Publisher] Waiting for at least 1 subscriber(s) on topic: test_topic
[Publisher] Found 1 subscriber(s). Proceeding to send messages.
[Subsc...</msg>
<var>${log_local}</var>
<arg>${LOCAL_ALL}</arg>
<status status="PASS" start="2025-06-13T12:43:16.340813" elapsed="0.003499"/>
</kw>
<kw name="Log To Console" owner="BuiltIn">
<arg>\n[LOG: LOCAL UDP PUB + SUB + PUB3 CONTAINER]\n${log_local}</arg>
<doc>Logs the given message to the console.</doc>
<status status="PASS" start="2025-06-13T12:43:16.344409" elapsed="0.000181"/>
</kw>
<kw name="Wait For Container Exit" owner="MyDockerLibrary">
<msg time="2025-06-13T12:43:16.345726" level="INFO">${exit_code} = 0</msg>
<var>${exit_code}</var>
<arg>${LOCAL_ALL}</arg>
<status status="PASS" start="2025-06-13T12:43:16.344717" elapsed="0.001042"/>
</kw>
<kw name="Should Be Equal As Integers" owner="BuiltIn">
<msg time="2025-06-13T12:43:16.346059" level="INFO">Argument types are:
&lt;class 'int'&gt;
&lt;class 'str'&gt;</msg>
<arg>${exit_code}</arg>
<arg>0</arg>
<arg>LOCAL container (PUB + SUB + PUB3) failed unexpectedly!</arg>
<doc>Fails if objects are unequal after converting them to integers.</doc>
<status status="PASS" start="2025-06-13T12:43:16.345879" elapsed="0.000239"/>
</kw>
<kw name="Log Test Summary" owner="MyDockerLibrary">
<arg>Network Crash Test with Local Recovery Publisher</arg>
<arg>${True}</arg>
<status status="PASS" start="2025-06-13T12:43:16.346222" elapsed="0.000156"/>
</kw>
<status status="PASS" start="2025-06-13T12:42:46.143156" elapsed="30.203289"/>
</kw>
<tag>network_crash_test</tag>
<status status="PASS" start="2025-06-13T12:42:46.142589" elapsed="30.203959"/>
</test>
<status status="PASS" start="2025-06-13T12:42:34.749844" elapsed="41.597488"/>
</suite>
<suite id="s1-s5" name="Pub Crash" source="/home/runner/work/ECAL_Test_Framework/ECAL_Test_Framework/integration_tests/pub_crash/robottests/pub_crash.robot">
<kw name="Init Test Context" type="SETUP">
<kw name="Set Test Context" owner="GlobalPathsLibrary">
<arg>pub_crash</arg>
<arg>pub_crash</arg>
<doc>Sets the test folder (e.g. basic_pub_sub or message_validation) and tag prefix (e.g. basic_pub_sub).
Should be called once in Suite Setup if you're using non-default test cases.</doc>
<status status="PASS" start="2025-06-13T12:43:16.350470" elapsed="0.000101"/>
</kw>
<kw name="Get Build Script Path" owner="GlobalPathsLibrary">
<msg time="2025-06-13T12:43:16.350765" level="INFO">${build} = /home/runner/work/ECAL_Test_Framework/ECAL_Test_Framework/integration_tests/pub_crash/scripts/build_images.sh</msg>
<var>${build}</var>
<status status="PASS" start="2025-06-13T12:43:16.350674" elapsed="0.000111"/>
</kw>
<kw name="Get Network Name" owner="GlobalPathsLibrary">
<msg time="2025-06-13T12:43:16.350927" level="INFO">${net} = ecal_test_net</msg>
<var>${net}</var>
<status status="PASS" start="2025-06-13T12:43:16.350849" elapsed="0.000096"/>
</kw>
<kw name="Get Build Script Args" owner="GlobalPathsLibrary">
<msg time="2025-06-13T12:43:16.351100" level="INFO">${args} = ['pub_crash']</msg>
<var>${args}</var>
<status status="PASS" start="2025-06-13T12:43:16.351007" elapsed="0.000152"/>
</kw>
<kw name="Set Suite Variable" owner="BuiltIn">
<msg time="2025-06-13T12:43:16.351387" level="INFO">${BUILD_SCRIPT} = /home/runner/work/ECAL_Test_Framework/ECAL_Test_Framework/integration_tests/pub_crash/scripts/build_images.sh</msg>
<arg>${BUILD_SCRIPT}</arg>
<arg>${build}</arg>
<doc>Makes a variable available everywhere within the scope of the current suite.</doc>
<status status="PASS" start="2025-06-13T12:43:16.351252" elapsed="0.000164"/>
</kw>
<kw name="Set Suite Variable" owner="BuiltIn">
<msg time="2025-06-13T12:43:16.351603" level="INFO">${NETWORK} = ecal_test_net</msg>
<arg>${NETWORK}</arg>
<arg>${net}</arg>
<doc>Makes a variable available everywhere within the scope of the current suite.</doc>
<status status="PASS" start="2025-06-13T12:43:16.351488" elapsed="0.000168"/>
</kw>
<kw name="Log To Console" owner="BuiltIn">
<arg>[SETUP] Building Docker image...</arg>
<doc>Logs the given message to the console.</doc>
<status status="PASS" start="2025-06-13T12:43:16.351734" elapsed="0.000086"/>
</kw>
<kw name="Run Process" owner="Process">
<msg time="2025-06-13T12:43:16.352073" level="INFO">Starting process:
/home/runner/work/ECAL_Test_Framework/ECAL_Test_Framework/integration_tests/pub_crash/scripts/build_images.sh pub_crash</msg>
<msg time="2025-06-13T12:43:16.352464" level="INFO">Waiting for process to complete.</msg>
<msg time="2025-06-13T12:43:25.970609" level="INFO">Process completed.</msg>
<msg time="2025-06-13T12:43:25.970802" level="INFO">${result} = &lt;result object with rc 0&gt;</msg>
<var>${result}</var>
<arg>${BUILD_SCRIPT}</arg>
<arg>@{args}</arg>
<doc>Runs a process and waits for it to complete.</doc>
<status status="PASS" start="2025-06-13T12:43:16.351916" elapsed="9.618911"/>
</kw>
<kw name="Should Be Equal As Integers" owner="BuiltIn">
<msg time="2025-06-13T12:43:25.971452" level="INFO">Argument types are:
&lt;class 'int'&gt;
&lt;class 'str'&gt;</msg>
<arg>${result.rc}</arg>
<arg>0</arg>
<arg>Docker build failed!</arg>
<doc>Fails if objects are unequal after converting them to integers.</doc>
<status status="PASS" start="2025-06-13T12:43:25.970977" elapsed="0.000526"/>
</kw>
<kw name="Create Docker Network" owner="MyDockerLibrary">
<arg>${NETWORK}</arg>
<status status="PASS" start="2025-06-13T12:43:25.971587" elapsed="0.007092"/>
</kw>
<kw name="Sleep" owner="BuiltIn">
<msg time="2025-06-13T12:43:28.979031" level="INFO">Slept 3 seconds.</msg>
<arg>3s</arg>
<doc>Pauses the test executed for the given time.</doc>
<status status="PASS" start="2025-06-13T12:43:25.978795" elapsed="3.000352"/>
</kw>
<status status="PASS" start="2025-06-13T12:43:16.350338" elapsed="12.628897"/>
</kw>
<test id="s1-s5-t1" name="Communication Continues After Publisher Crash (UDP)" line="30">
<kw name="Run Network Communication Test">
<kw name="Set Variable" owner="BuiltIn">
<msg time="2025-06-13T12:43:28.980433" level="INFO">${IMAGE} = pub_crash_network_udp</msg>
<var>${IMAGE}</var>
<arg>${BASE_IMAGE}_${layer_tag}</arg>
<doc>Returns the given values which can then be assigned to a variables.</doc>
<status status="PASS" start="2025-06-13T12:43:28.980059" elapsed="0.000396"/>
</kw>
<kw name="Set Variable" owner="BuiltIn">
<msg time="2025-06-13T12:43:28.980619" level="INFO">${TOPIC} = test_topic</msg>
<var>${TOPIC}</var>
<arg>test_topic</arg>
<doc>Returns the given values which can then be assigned to a variables.</doc>
<status status="PASS" start="2025-06-13T12:43:28.980532" elapsed="0.000122"/>
</kw>
<kw name="Set Variable" owner="BuiltIn">
<msg time="2025-06-13T12:43:28.980831" level="INFO">${CRASH_PUB} = crash_pub_network_udp</msg>
<var>${CRASH_PUB}</var>
<arg>crash_pub_${layer_tag}</arg>
<doc>Returns the given values which can then be assigned to a variables.</doc>
<status status="PASS" start="2025-06-13T12:43:28.980725" elapsed="0.000123"/>
</kw>
<kw name="Set Variable" owner="BuiltIn">
<msg time="2025-06-13T12:43:28.981011" level="INFO">${TEST_PUB} = test_pub_network_udp</msg>
<var>${TEST_PUB}</var>
<arg>test_pub_${layer_tag}</arg>
<doc>Returns the given values which can then be assigned to a variables.</doc>
<status status="PASS" start="2025-06-13T12:43:28.980912" elapsed="0.000116"/>
</kw>
<kw name="Set Variable" owner="BuiltIn">
<msg time="2025-06-13T12:43:28.981190" level="INFO">${SUB_NAME} = sub_network_udp</msg>
<var>${SUB_NAME}</var>
<arg>sub_${layer_tag}</arg>
<doc>Returns the given values which can then be assigned to a variables.</doc>
<status status="PASS" start="2025-06-13T12:43:28.981092" elapsed="0.000114"/>
</kw>
<kw name="Log To Console" owner="BuiltIn">
<arg>\n[INFO] Starting communication continuity test with ${layer_tag}</arg>
<doc>Logs the given message to the console.</doc>
<status status="PASS" start="2025-06-13T12:43:28.981271" elapsed="0.000129"/>
</kw>
<kw name="Start Container" owner="MyDockerLibrary">
<arg>${SUB_NAME}</arg>
<arg>${IMAGE}</arg>
<arg>subscriber</arg>
<arg>${layer_tag}</arg>
<arg>${TOPIC}</arg>
<arg>network=${NETWORK}</arg>
<status status="PASS" start="2025-06-13T12:43:28.981499" elapsed="0.127654"/>
</kw>
<kw name="Start Container" owner="MyDockerLibrary">
<arg>${CRASH_PUB}</arg>
<arg>${IMAGE}</arg>
<arg>crash_publisher</arg>
<arg>${layer_tag}</arg>
<arg>${TOPIC}</arg>
<arg>network=${NETWORK}</arg>
<status status="PASS" start="2025-06-13T12:43:29.109363" elapsed="0.121146"/>
</kw>
<kw name="Start Container" owner="MyDockerLibrary">
<arg>${TEST_PUB}</arg>
<arg>${IMAGE}</arg>
<arg>test_publisher</arg>
<arg>${layer_tag}</arg>
<arg>${TOPIC}</arg>
<arg>${TEST_PUB}</arg>
<arg>network=${NETWORK}</arg>
<status status="PASS" start="2025-06-13T12:43:29.230712" elapsed="0.124998"/>
</kw>
<kw name="Wait For Container Exit" owner="MyDockerLibrary">
<arg>${SUB_NAME}</arg>
<status status="PASS" start="2025-06-13T12:43:29.355898" elapsed="34.815977"/>
</kw>
<kw name="Wait For Container Exit" owner="MyDockerLibrary">
<arg>${CRASH_PUB}</arg>
<status status="PASS" start="2025-06-13T12:44:04.172075" elapsed="0.001686"/>
</kw>
<kw name="Wait For Container Exit" owner="MyDockerLibrary">
<arg>${TEST_PUB}</arg>
<status status="PASS" start="2025-06-13T12:44:04.173873" elapsed="0.001275"/>
</kw>
<kw name="Get Container Logs" owner="MyDockerLibrary">
[...]
</kw>
<kw name="Log To Console" owner="BuiltIn">
<arg>\n[LOCAL TEST CONTAINER OUTPUT]\n${logs}</arg>
<doc>Logs the given message to the console.</doc>
<status status="PASS" start="2025-06-13T12:50:20.187565" elapsed="0.000205"/>
</kw>
<kw name="Wait For Container Exit" owner="MyDockerLibrary">
<msg time="2025-06-13T12:50:20.189088" level="INFO">${exit_code} = 0</msg>
<var>${exit_code}</var>
<arg>${CONTAINER}</arg>
<status status="PASS" start="2025-06-13T12:50:20.187877" elapsed="0.001235"/>
</kw>
<kw name="Should Be Equal As Integers" owner="BuiltIn">
<msg time="2025-06-13T12:50:20.189332" level="INFO">Argument types are:
&lt;class 'int'&gt;
&lt;class 'str'&gt;</msg>
<arg>${exit_code}</arg>
<arg>0</arg>
<arg>Local container failed!</arg>
<doc>Fails if objects are unequal after converting them to integers.</doc>
<status status="PASS" start="2025-06-13T12:50:20.189194" elapsed="0.000183"/>
</kw>
<kw name="Get Container Logs" owner="MyDockerLibrary">
<msg time="2025-06-13T12:50:20.191551" level="INFO">${logs} = [Entrypoint] Starting all processes locally in one container (mode local_tcp)
[Publisher] Prepared 100MB message.
[Publisher] Waiting for at least 2 subscriber(s) on topic: test_topic
1749818987187 ms...</msg>
<var>${logs}</var>
<arg>${CONTAINER}</arg>
<status status="PASS" start="2025-06-13T12:50:20.189455" elapsed="0.002122"/>
</kw>
<kw name="Log Test Summary" owner="MyDockerLibrary">
<arg>Local Crash Receive Test ${layer_tag}</arg>
<arg>${True}</arg>
<status status="PASS" start="2025-06-13T12:50:20.191687" elapsed="0.000170"/>
</kw>
<kw name="Stop Container" owner="MyDockerLibrary">
<arg>${CONTAINER}</arg>
<status status="PASS" start="2025-06-13T12:50:20.191947" elapsed="0.005326"/>
</kw>
<arg>local_tcp</arg>
<status status="PASS" start="2025-06-13T12:49:45.056686" elapsed="35.140648"/>
</kw>
<tag>crash_receive_local_tcp</tag>
<status status="PASS" start="2025-06-13T12:49:45.056329" elapsed="35.141093"/>
</test>
<test id="s1-s7-t4" name="Crash During Reception (Network UDP)" line="53">
<kw name="Run Network Crash Receive Test">
<kw name="Set Variable" owner="BuiltIn">
<msg time="2025-06-13T12:50:20.198762" level="INFO">${IMAGE} = sub_send_crash_network_udp</msg>
<var>${IMAGE}</var>
<arg>${BASE_IMAGE}_${layer_tag}</arg>
<doc>Returns the given values which can then be assigned to a variables.</doc>
<status status="PASS" start="2025-06-13T12:50:20.198591" elapsed="0.000193"/>
</kw>
<kw name="Set Variable" owner="BuiltIn">
<msg time="2025-06-13T12:50:20.198947" level="INFO">${TOPIC} = test_topic</msg>
<var>${TOPIC}</var>
<arg>test_topic</arg>
<doc>Returns the given values which can then be assigned to a variables.</doc>
<status status="PASS" start="2025-06-13T12:50:20.198861" elapsed="0.000103"/>
</kw>
<kw name="Set Variable" owner="BuiltIn">
<msg time="2025-06-13T12:50:20.199136" level="INFO">${SUB_OK} = sub_ok_network_udp</msg>
<var>${SUB_OK}</var>
<arg>sub_ok_${layer_tag}</arg>
<doc>Returns the given values which can then be assigned to a variables.</doc>
<status status="PASS" start="2025-06-13T12:50:20.199030" elapsed="0.000124"/>
</kw>
<kw name="Set Variable" owner="BuiltIn">
<msg time="2025-06-13T12:50:20.199373" level="INFO">${SUB_CRASH} = sub_crash_network_udp</msg>
<var>${SUB_CRASH}</var>
<arg>sub_crash_${layer_tag}</arg>
<doc>Returns the given values which can then be assigned to a variables.</doc>
<status status="PASS" start="2025-06-13T12:50:20.199264" elapsed="0.000126"/>
</kw>
<kw name="Set Variable" owner="BuiltIn">
<msg time="2025-06-13T12:50:20.199561" level="INFO">${PUBLISHER} = pub_network_udp</msg>
<var>${PUBLISHER}</var>
<arg>pub_${layer_tag}</arg>
<doc>Returns the given values which can then be assigned to a variables.</doc>
<status status="PASS" start="2025-06-13T12:50:20.199457" elapsed="0.000122"/>
</kw>
<kw name="Log To Console" owner="BuiltIn">
<arg>\n[INFO] Starting crash test in NETWORK mode: ${layer_tag}</arg>
<doc>Logs the given message to the console.</doc>
<status status="PASS" start="2025-06-13T12:50:20.199667" elapsed="0.000134"/>
</kw>
<kw name="Start Container" owner="MyDockerLibrary">
<arg>${SUB_OK}</arg>
<arg>${IMAGE}</arg>
<arg>test_subscriber</arg>
<arg>${layer_tag}</arg>
<arg>${TOPIC}</arg>
<arg>${SUB_OK}</arg>
<arg>network=${NETWORK}</arg>
<status status="PASS" start="2025-06-13T12:50:20.199892" elapsed="0.127179"/>
</kw>
<kw name="Start Container" owner="MyDockerLibrary">
<arg>${SUB_CRASH}</arg>
<arg>${IMAGE}</arg>
<arg>crash_subscriber</arg>
<arg>${layer_tag}</arg>
<arg>${TOPIC}</arg>
<arg>${SUB_CRASH}</arg>
<arg>network=${NETWORK}</arg>
<status status="PASS" start="2025-06-13T12:50:20.327274" elapsed="0.126204"/>
</kw>
<kw name="Start Container" owner="MyDockerLibrary">
<arg>${PUBLISHER}</arg>
<arg>${IMAGE}</arg>
<arg>large_publisher</arg>
<arg>${layer_tag}</arg>
<arg>${TOPIC}</arg>
<arg>${PUBLISHER}</arg>
<arg>network=${NETWORK}</arg>
<status status="PASS" start="2025-06-13T12:50:20.453697" elapsed="0.119761"/>
</kw>
<kw name="Wait For Container Exit" owner="MyDockerLibrary">
<arg>${SUB_OK}</arg>
<status status="PASS" start="2025-06-13T12:50:20.573658" elapsed="30.817070"/>
</kw>
<kw name="Wait For Container Exit" owner="MyDockerLibrary">
<arg>${SUB_CRASH}</arg>
<status status="PASS" start="2025-06-13T12:50:51.390941" elapsed="0.002019"/>
</kw>
<kw name="Wait For Container Exit" owner="MyDockerLibrary">
<arg>${PUBLISHER}</arg>
<status status="PASS" start="2025-06-13T12:50:51.393094" elapsed="0.001410"/>
</kw>
<kw name="Get Container Logs" owner="MyDockerLibrary">
<msg time="2025-06-13T12:50:51.396863" level="INFO">${log1} = [Entrypoint] Starting stable subscriber in mode network_udp
[Test_Sub] Ready and waiting...
[Test_Sub] Received 52428800 bytes (message 1)
[Test_Sub] Received 52428800 bytes (message 2)
[Test_Sub] Rec...</msg>
<var>${log1}</var>
<arg>${SUB_OK}</arg>
<status status="PASS" start="2025-06-13T12:50:51.394595" elapsed="0.002296"/>
</kw>
<kw name="Get Container Logs" owner="MyDockerLibrary">
<msg time="2025-06-13T12:50:51.399011" level="INFO">${log2} = [Entrypoint] Starting crashing subscriber in mode network_udp
[Crash_Sub] Listening to topic 'test_topic' in mode 'network_udp'
[Crash_Sub] Received 52428800 bytes
[Crash_Sub] Simulating crash after 2...</msg>
<var>${log2}</var>
<arg>${SUB_CRASH}</arg>
<status status="PASS" start="2025-06-13T12:50:51.396974" elapsed="0.002063"/>
</kw>
<kw name="Get Container Logs" owner="MyDockerLibrary">
<msg time="2025-06-13T12:50:51.401143" level="INFO">${log3} = [Entrypoint] Starting large publisher in mode network_udp
[Publisher] Prepared 100MB message.
[Publisher] Waiting for at least 2 subscriber(s) on topic: test_topic
[Publisher] Found 2 subscriber(s). P...</msg>
<var>${log3}</var>
<arg>${PUBLISHER}</arg>
<status status="PASS" start="2025-06-13T12:50:51.399120" elapsed="0.002048"/>
</kw>
<kw name="Log To Console" owner="BuiltIn">
<arg>\n[LOG: SUBSCRIBER]\n${log1}</arg>
<doc>Logs the given message to the console.</doc>
<status status="PASS" start="2025-06-13T12:50:51.401254" elapsed="0.000160"/>
</kw>
<kw name="Log To Console" owner="BuiltIn">
<arg>\n[LOG: CRASH_SUBSCRIBER]\n${log2}</arg>
<doc>Logs the given message to the console.</doc>
<status status="PASS" start="2025-06-13T12:50:51.401518" elapsed="0.000165"/>
</kw>
<kw name="Log To Console" owner="BuiltIn">
<arg>\n[LOG: PUBLISHER]\n${log3}</arg>
<doc>Logs the given message to the console.</doc>
<status status="PASS" start="2025-06-13T12:50:51.401791" elapsed="0.000188"/>
</kw>
<kw name="Wait For Container Exit" owner="MyDockerLibrary">
<msg time="2025-06-13T12:50:51.403266" level="INFO">${exit1} = 0</msg>
<var>${exit1}</var>
<arg>${SUB_OK}</arg>
<status status="PASS" start="2025-06-13T12:50:51.402090" elapsed="0.001200"/>
</kw>
<kw name="Should Be Equal As Integers" owner="BuiltIn">
<msg time="2025-06-13T12:50:51.403525" level="INFO">Argument types are:
&lt;class 'int'&gt;
&lt;class 'str'&gt;</msg>
<arg>${exit1}</arg>
<arg>0</arg>
<arg>Stable subscriber failed unexpectedly!</arg>
<doc>Fails if objects are unequal after converting them to integers.</doc>
<status status="PASS" start="2025-06-13T12:50:51.403372" elapsed="0.000199"/>
</kw>
<kw name="Log Test Summary" owner="MyDockerLibrary">
<arg>Network Crash Receive Test ${layer_tag}</arg>
<arg>${True}</arg>
<status status="PASS" start="2025-06-13T12:50:51.403678" elapsed="0.000157"/>
</kw>
<kw name="Stop Container" owner="MyDockerLibrary">
<arg>${SUB_OK}</arg>
<status status="PASS" start="2025-06-13T12:50:51.403938" elapsed="0.004910"/>
</kw>
<kw name="Stop Container" owner="MyDockerLibrary">
<arg>${SUB_CRASH}</arg>
<status status="PASS" start="2025-06-13T12:50:51.408930" elapsed="0.004848"/>
</kw>
<kw name="Stop Container" owner="MyDockerLibrary">
<arg>${PUBLISHER}</arg>
<status status="PASS" start="2025-06-13T12:50:51.413861" elapsed="0.004844"/>
</kw>
<arg>network_udp</arg>
<arg>network</arg>
<status status="PASS" start="2025-06-13T12:50:20.198388" elapsed="31.220380"/>
</kw>
<tag>crash_receive_network_udp</tag>
<status status="PASS" start="2025-06-13T12:50:20.198002" elapsed="31.220858"/>
</test>
<test id="s1-s7-t5" name="Crash During Reception (Network TCP)" line="57">
<kw name="Run Network Crash Receive Test">
<kw name="Set Variable" owner="BuiltIn">
<msg time="2025-06-13T12:50:51.420476" level="INFO">${IMAGE} = sub_send_crash_network_tcp</msg>
<var>${IMAGE}</var>
<arg>${BASE_IMAGE}_${layer_tag}</arg>
<doc>Returns the given values which can then be assigned to a variables.</doc>
<status status="PASS" start="2025-06-13T12:50:51.420340" elapsed="0.000157"/>
</kw>
<kw name="Set Variable" owner="BuiltIn">
<msg time="2025-06-13T12:50:51.420691" level="INFO">${TOPIC} = test_topic</msg>
<var>${TOPIC}</var>
<arg>test_topic</arg>
<doc>Returns the given values which can then be assigned to a variables.</doc>
<status status="PASS" start="2025-06-13T12:50:51.420572" elapsed="0.000139"/>
</kw>
<kw name="Set Variable" owner="BuiltIn">
<msg time="2025-06-13T12:50:51.420893" level="INFO">${SUB_OK} = sub_ok_network_tcp</msg>
<var>${SUB_OK}</var>
<arg>sub_ok_${layer_tag}</arg>
<doc>Returns the given values which can then be assigned to a variables.</doc>
<status status="PASS" start="2025-06-13T12:50:51.420783" elapsed="0.000128"/>
</kw>
<kw name="Set Variable" owner="BuiltIn">
<msg time="2025-06-13T12:50:51.421082" level="INFO">${SUB_CRASH} = sub_crash_network_tcp</msg>
<var>${SUB_CRASH}</var>
<arg>sub_crash_${layer_tag}</arg>
<doc>Returns the given values which can then be assigned to a variables.</doc>
<status status="PASS" start="2025-06-13T12:50:51.420978" elapsed="0.000121"/>
</kw>
<kw name="Set Variable" owner="BuiltIn">
<msg time="2025-06-13T12:50:51.421266" level="INFO">${PUBLISHER} = pub_network_tcp</msg>
<var>${PUBLISHER}</var>
<arg>pub_${layer_tag}</arg>
<doc>Returns the given values which can then be assigned to a variables.</doc>
<status status="PASS" start="2025-06-13T12:50:51.421164" elapsed="0.000119"/>
</kw>
<kw name="Log To Console" owner="BuiltIn">
<arg>\n[INFO] Starting crash test in NETWORK mode: ${layer_tag}</arg>
<doc>Logs the given message to the console.</doc>
<status status="PASS" start="2025-06-13T12:50:51.421346" elapsed="0.000118"/>
</kw>
<kw name="Start Container" owner="MyDockerLibrary">
<arg>${SUB_OK}</arg>
<arg>${IMAGE}</arg>
<arg>test_subscriber</arg>
<arg>${layer_tag}</arg>
<arg>${TOPIC}</arg>
<arg>${SUB_OK}</arg>
<arg>network=${NETWORK}</arg>
<status status="PASS" start="2025-06-13T12:50:51.421610" elapsed="0.126395"/>
</kw>
<kw name="Start Container" owner="MyDockerLibrary">
<arg>${SUB_CRASH}</arg>
<arg>${IMAGE}</arg>
<arg>crash_subscriber</arg>
<arg>${layer_tag}</arg>
<arg>${TOPIC}</arg>
<arg>${SUB_CRASH}</arg>
<arg>network=${NETWORK}</arg>
<status status="PASS" start="2025-06-13T12:50:51.548205" elapsed="0.121175"/>
</kw>
<kw name="Start Container" owner="MyDockerLibrary">
<arg>${PUBLISHER}</arg>
<arg>${IMAGE}</arg>
<arg>large_publisher</arg>
<arg>${layer_tag}</arg>
<arg>${TOPIC}</arg>
<arg>${PUBLISHER}</arg>
<arg>network=${NETWORK}</arg>
<status status="PASS" start="2025-06-13T12:50:51.669562" elapsed="0.117113"/>
</kw>
<kw name="Wait For Container Exit" owner="MyDockerLibrary">
<arg>${SUB_OK}</arg>
<status status="PASS" start="2025-06-13T12:50:51.786864" elapsed="30.828729"/>
</kw>
<kw name="Wait For Container Exit" owner="MyDockerLibrary">
<arg>${SUB_CRASH}</arg>
<status status="PASS" start="2025-06-13T12:51:22.615839" elapsed="0.002381"/>
</kw>
<kw name="Wait For Container Exit" owner="MyDockerLibrary">
<arg>${PUBLISHER}</arg>
<status status="PASS" start="2025-06-13T12:51:22.618336" elapsed="0.001106"/>
</kw>
<kw name="Get Container Logs" owner="MyDockerLibrary">
<msg time="2025-06-13T12:51:22.621727" level="INFO">${log1} = [Entrypoint] Starting stable subscriber in mode network_tcp
[Test_Sub] Ready and waiting...
[Test_Sub] Received 52428800 bytes (message 1)
[Test_Sub] Received 52428800 bytes (message 2)
[Test_Sub] Rec...</msg>
<var>${log1}</var>
<arg>${SUB_OK}</arg>
<status status="PASS" start="2025-06-13T12:51:22.619531" elapsed="0.002240"/>
</kw>
<kw name="Get Container Logs" owner="MyDockerLibrary">
<msg time="2025-06-13T12:51:22.623959" level="INFO">${log2} = [Entrypoint] Starting crashing subscriber in mode network_tcp
[Crash_Sub] Simulating crash after 2 seconds during active reception
[Crash_Sub] Listening to topic 'test_topic' in mode 'network_tcp'
[Cr...</msg>
<var>${log2}</var>
<arg>${SUB_CRASH}</arg>
<status status="PASS" start="2025-06-13T12:51:22.621868" elapsed="0.002116"/>
</kw>
<kw name="Get Container Logs" owner="MyDockerLibrary">
<msg time="2025-06-13T12:51:22.626110" level="INFO">${log3} = [Entrypoint] Starting large publisher in mode network_tcp
[Publisher] Prepared 100MB message.
[Publisher] Waiting for at least 2 subscriber(s) on topic: test_topic
1749819052550 ms | f8a2e7896bad | la...</msg>
<var>${log3}</var>
<arg>${PUBLISHER}</arg>
<status status="PASS" start="2025-06-13T12:51:22.624067" elapsed="0.002069"/>
</kw>
<kw name="Log To Console" owner="BuiltIn">
<arg>\n[LOG: SUBSCRIBER]\n${log1}</arg>
<doc>Logs the given message to the console.</doc>
<status status="PASS" start="2025-06-13T12:51:22.626223" elapsed="0.000168"/>
</kw>
<kw name="Log To Console" owner="BuiltIn">
<arg>\n[LOG: CRASH_SUBSCRIBER]\n${log2}</arg>
<doc>Logs the given message to the console.</doc>
<status status="PASS" start="2025-06-13T12:51:22.626501" elapsed="0.000163"/>
</kw>
<kw name="Log To Console" owner="BuiltIn">
<arg>\n[LOG: PUBLISHER]\n${log3}</arg>
<doc>Logs the given message to the console.</doc>
<status status="PASS" start="2025-06-13T12:51:22.626770" elapsed="0.000206"/>
</kw>
<kw name="Wait For Container Exit" owner="MyDockerLibrary">
<msg time="2025-06-13T12:51:22.628046" level="INFO">${exit1} = 0</msg>
<var>${exit1}</var>
<arg>${SUB_OK}</arg>
<status status="PASS" start="2025-06-13T12:51:22.627083" elapsed="0.000986"/>
</kw>
<kw name="Should Be Equal As Integers" owner="BuiltIn">
<msg time="2025-06-13T12:51:22.628292" level="INFO">Argument types are:
&lt;class 'int'&gt;
&lt;class 'str'&gt;</msg>
<arg>${exit1}</arg>
<arg>0</arg>
<arg>Stable subscriber failed unexpectedly!</arg>
<doc>Fails if objects are unequal after converting them to integers.</doc>
<status status="PASS" start="2025-06-13T12:51:22.628152" elapsed="0.000185"/>
</kw>
<kw name="Log Test Summary" owner="MyDockerLibrary">
<arg>Network Crash Receive Test ${layer_tag}</arg>
<arg>${True}</arg>
<status status="PASS" start="2025-06-13T12:51:22.628414" elapsed="0.000149"/>
</kw>
<kw name="Stop Container" owner="MyDockerLibrary">
<arg>${SUB_OK}</arg>
<status status="PASS" start="2025-06-13T12:51:22.628689" elapsed="0.005114"/>
</kw>
<kw name="Stop Container" owner="MyDockerLibrary">
<arg>${SUB_CRASH}</arg>
<status status="PASS" start="2025-06-13T12:51:22.633887" elapsed="0.004881"/>
</kw>
<kw name="Stop Container" owner="MyDockerLibrary">
<arg>${PUBLISHER}</arg>
<status status="PASS" start="2025-06-13T12:51:22.638854" elapsed="0.004906"/>
</kw>
<arg>network_tcp</arg>
<arg>network</arg>
<status status="PASS" start="2025-06-13T12:50:51.420138" elapsed="31.223683"/>
</kw>
<tag>crash_receive_network_tcp</tag>
<status status="PASS" start="2025-06-13T12:50:51.419761" elapsed="31.224152"/>
</test>
<status status="FAIL" start="2025-06-13T12:48:21.842666" elapsed="180.802224"/>
</suite>
<status status="FAIL" start="2025-06-13T12:39:06.084323" elapsed="736.561280"/>
</suite>
<statistics>
<total>
<stat pass="21" fail="5" skip="0">All Tests</stat>
</total>
<tag>
<stat pass="0" fail="1" skip="0">basic_pub_sub_local_shm</stat>
<stat pass="1" fail="0" skip="0">basic_pub_sub_local_tcp</stat>
<stat pass="1" fail="0" skip="0">basic_pub_sub_local_udp</stat>
<stat pass="1" fail="0" skip="0">basic_pub_sub_network_tcp</stat>
<stat pass="1" fail="0" skip="0">basic_pub_sub_network_udp</stat>
<stat pass="1" fail="0" skip="0">crash_receive_local_shm</stat>
<stat pass="1" fail="0" skip="0">crash_receive_local_tcp</stat>
<stat pass="1" fail="0" skip="0">crash_receive_network_tcp</stat>
<stat pass="1" fail="0" skip="0">crash_receive_network_udp</stat>
<stat pass="0" fail="1" skip="0">message_validation_malformed</stat>
<stat pass="0" fail="1" skip="0">message_validation_valid</stat>
<stat pass="1" fail="0" skip="0">multi_pub_sub_local_shm</stat>
<stat pass="0" fail="1" skip="0">multi_pub_sub_local_tcp</stat>
<stat pass="1" fail="0" skip="0">multi_pub_sub_local_udp</stat>
<stat pass="1" fail="0" skip="0">multi_pub_sub_network_tcp</stat>
<stat pass="1" fail="0" skip="0">multi_pub_sub_network_udp</stat>
<stat pass="1" fail="0" skip="0">network_crash_test</stat>
<stat pass="1" fail="0" skip="0">pub_crash_local_shm</stat>
<stat pass="2" fail="0" skip="0">pub_crash_network_tcp</stat>
<stat pass="1" fail="0" skip="0">pub_crash_network_udp</stat>
<stat pass="1" fail="0" skip="0">sub_crash_local_shm</stat>
<stat pass="1" fail="0" skip="0">sub_crash_local_tcp</stat>
<stat pass="1" fail="0" skip="0">sub_crash_local_udp</stat>
<stat pass="1" fail="0" skip="0">sub_crash_network_udp</stat>
<stat pass="0" fail="1" skip="0">zero_copy_crash_receive_local_shm</stat>
</tag>
<suite>
<stat name="Basic Pub Sub &amp; Message Validation &amp; Multi Pub Sub &amp; Network Crash &amp; Pub Crash &amp; Sub Crash &amp; Sub Send Crash" id="s1" pass="21" fail="5" skip="0">Basic Pub Sub &amp; Message Validation &amp; Multi Pub Sub &amp; Network Crash &amp; Pub Crash &amp; Sub Crash &amp; Sub Send Crash</stat>
<stat name="Basic Pub Sub" id="s1-s1" pass="4" fail="1" skip="0">Basic Pub Sub &amp; Message Validation &amp; Multi Pub Sub &amp; Network Crash &amp; Pub Crash &amp; Sub Crash &amp; Sub Send Crash.Basic Pub Sub</stat>
<stat name="Message Validation" id="s1-s2" pass="0" fail="2" skip="0">Basic Pub Sub &amp; Message Validation &amp; Multi Pub Sub &amp; Network Crash &amp; Pub Crash &amp; Sub Crash &amp; Sub Send Crash.Message Validation</stat>
<stat name="Multi Pub Sub" id="s1-s3" pass="4" fail="1" skip="0">Basic Pub Sub &amp; Message Validation &amp; Multi Pub Sub &amp; Network Crash &amp; Pub Crash &amp; Sub Crash &amp; Sub Send Crash.Multi Pub Sub</stat>
<stat name="Network Crash" id="s1-s4" pass="1" fail="0" skip="0">Basic Pub Sub &amp; Message Validation &amp; Multi Pub Sub &amp; Network Crash &amp; Pub Crash &amp; Sub Crash &amp; Sub Send Crash.Network Crash</stat>
<stat name="Pub Crash" id="s1-s5" pass="3" fail="0" skip="0">Basic Pub Sub &amp; Message Validation &amp; Multi Pub Sub &amp; Network Crash &amp; Pub Crash &amp; Sub Crash &amp; Sub Send Crash.Pub Crash</stat>
<stat name="Sub Crash" id="s1-s6" pass="5" fail="0" skip="0">Basic Pub Sub &amp; Message Validation &amp; Multi Pub Sub &amp; Network Crash &amp; Pub Crash &amp; Sub Crash &amp; Sub Send Crash.Sub Crash</stat>
<stat name="Sub Send Crash" id="s1-s7" pass="4" fail="1" skip="0">Basic Pub Sub &amp; Message Validation &amp; Multi Pub Sub &amp; Network Crash &amp; Pub Crash &amp; Sub Crash &amp; Sub Send Crash.Sub Send Crash</stat>
</suite>
</statistics>
<errors>
</errors>
</robot>
