<?xml version="1.0" encoding="UTF-8"?>
<robot generator="Robot 7.3.1 (Python 3.12.3 on linux)" generated="2025-06-24T12:56:32.471702" rpa="false" schemaversion="5">
<suite id="s1" name="Basic Pub Sub &amp; Message Validation &amp; Multi Pub Sub &amp; Network Crash &amp; Pub Crash &amp; Sub Crash &amp; Sub Send Crash">
<suite id="s1-s1" name="Basic Pub Sub" source="/home/runner/work/ECAL_Test_Framework/ECAL_Test_Framework/integration_tests/basic_pub_sub/robottests/basic_pub_sub.robot">
<kw name="Init Test Context" type="SETUP">
<kw name="Set Test Context" owner="GlobalPathsLibrary">
<arg>basic_pub_sub</arg>
<arg>basic_pub_sub</arg>
<doc>Sets the test folder (e.g. basic_pub_sub or message_validation) and tag prefix (e.g. basic_pub_sub).
Should be called once in Suite Setup if you're using non-default test cases.</doc>
<status status="PASS" start="2025-06-24T12:56:32.595023" elapsed="0.000172"/>
</kw>
<kw name="Get Build Script Path" owner="GlobalPathsLibrary">
<msg time="2025-06-24T12:56:32.595425" level="INFO">${build} = /home/runner/work/ECAL_Test_Framework/ECAL_Test_Framework/integration_tests/basic_pub_sub/scripts/build_images.sh</msg>
<var>${build}</var>
<status status="PASS" start="2025-06-24T12:56:32.595312" elapsed="0.000141"/>
</kw>
<kw name="Get Network Name" owner="GlobalPathsLibrary">
<msg time="2025-06-24T12:56:32.595613" level="INFO">${net} = ecal_test_net</msg>
<var>${net}</var>
<status status="PASS" start="2025-06-24T12:56:32.595526" elapsed="0.000108"/>
</kw>
<kw name="Get Build Script Args" owner="GlobalPathsLibrary">
<msg time="2025-06-24T12:56:32.595786" level="INFO">${args} = ['basic_pub_sub']</msg>
<var>${args}</var>
<status status="PASS" start="2025-06-24T12:56:32.595699" elapsed="0.000107"/>
</kw>
<kw name="Set Suite Variable" owner="BuiltIn">
<msg time="2025-06-24T12:56:32.596085" level="INFO">${BUILD_SCRIPT} = /home/runner/work/ECAL_Test_Framework/ECAL_Test_Framework/integration_tests/basic_pub_sub/scripts/build_images.sh</msg>
<arg>${BUILD_SCRIPT}</arg>
<arg>${build}</arg>
<doc>Makes a variable available everywhere within the scope of the current suite.</doc>
<status status="PASS" start="2025-06-24T12:56:32.595886" elapsed="0.000234"/>
</kw>
<kw name="Set Suite Variable" owner="BuiltIn">
<msg time="2025-06-24T12:56:32.596337" level="INFO">${NETWORK} = ecal_test_net</msg>
<arg>${NETWORK}</arg>
<arg>${net}</arg>
<doc>Makes a variable available everywhere within the scope of the current suite.</doc>
<status status="PASS" start="2025-06-24T12:56:32.596207" elapsed="0.000160"/>
</kw>
<kw name="Log To Console" owner="BuiltIn">
<arg>[SETUP] Building Docker image...</arg>
<doc>Logs the given message to the console.</doc>
<status status="PASS" start="2025-06-24T12:56:32.596435" elapsed="0.000115"/>
</kw>
<kw name="Run Process" owner="Process">
<msg time="2025-06-24T12:56:32.596808" level="INFO">Starting process:
/home/runner/work/ECAL_Test_Framework/ECAL_Test_Framework/integration_tests/basic_pub_sub/scripts/build_images.sh basic_pub_sub</msg>
<msg time="2025-06-24T12:56:32.597263" level="INFO">Waiting for process to complete.</msg>
<msg time="2025-06-24T12:56:47.437529" level="INFO">Process completed.</msg>
<msg time="2025-06-24T12:56:47.437722" level="INFO">${result} = &lt;result object with rc 0&gt;</msg>
<var>${result}</var>
<arg>${BUILD_SCRIPT}</arg>
<arg>@{args}</arg>
<doc>Runs a process and waits for it to complete.</doc>
<status status="PASS" start="2025-06-24T12:56:32.596640" elapsed="14.841108"/>
</kw>
<kw name="Should Be Equal As Integers" owner="BuiltIn">
<msg time="2025-06-24T12:56:47.438489" level="INFO">Argument types are:
&lt;class 'int'&gt;
&lt;class 'str'&gt;</msg>
<arg>${result.rc}</arg>
<arg>0</arg>
<arg>Failed to build Docker image!</arg>
<doc>Fails if objects are unequal after converting them to integers.</doc>
<status status="PASS" start="2025-06-24T12:56:47.437912" elapsed="0.000634"/>
</kw>
<kw name="Create Docker Network" owner="MyDockerLibrary">
<arg>${NETWORK}</arg>
<status status="PASS" start="2025-06-24T12:56:47.438639" elapsed="0.047101"/>
</kw>
<kw name="Sleep" owner="BuiltIn">
<msg time="2025-06-24T12:56:50.486296" level="INFO">Slept 3 seconds.</msg>
<arg>3s</arg>
<doc>Pauses the test executed for the given time.</doc>
<status status="PASS" start="2025-06-24T12:56:47.485970" elapsed="3.000444"/>
</kw>
<status status="PASS" start="2025-06-24T12:56:32.594523" elapsed="17.891994"/>
</kw>
<test id="s1-s1-t1" name="Basic Pub/Sub Local SHM" line="26">
<kw name="Run Local Pub Sub Test">
<kw name="Set Variable" owner="BuiltIn">
<msg time="2025-06-24T12:56:50.487731" level="INFO">${IMAGE} = basic_pub_sub_local_shm</msg>
<var>${IMAGE}</var>
<arg>${BASE_IMAGE}_${layer_tag}</arg>
<doc>Returns the given values which can then be assigned to a variables.</doc>
<status status="PASS" start="2025-06-24T12:56:50.487565" elapsed="0.000189"/>
</kw>
<kw name="Set Variable" owner="BuiltIn">
<msg time="2025-06-24T12:56:50.487972" level="INFO">${CONTAINER} = basic_local_local_shm</msg>
<var>${CONTAINER}</var>
<arg>basic_local_${layer_tag}</arg>
<doc>Returns the given values which can then be assigned to a variables.</doc>
<status status="PASS" start="2025-06-24T12:56:50.487834" elapsed="0.000158"/>
</kw>
<kw name="Log To Console" owner="BuiltIn">
<arg>\n[INFO] Running local pub/sub test in mode: ${layer_tag}</arg>
<doc>Logs the given message to the console.</doc>
<status status="PASS" start="2025-06-24T12:56:50.488072" elapsed="0.000141"/>
</kw>
<kw name="Start Container" owner="MyDockerLibrary">
<arg>${CONTAINER}</arg>
<arg>${IMAGE}</arg>
<arg>local</arg>
<arg>${layer_tag}</arg>
<arg>test_topic</arg>
<arg>${CONTAINER}</arg>
<status status="PASS" start="2025-06-24T12:56:50.488288" elapsed="0.126747"/>
</kw>
<kw name="Wait For Container Exit" owner="MyDockerLibrary">
<msg time="2025-06-24T12:57:05.677999" level="INFO">${exit_code} = 1</msg>
<var>${exit_code}</var>
<arg>${CONTAINER}</arg>
<status status="PASS" start="2025-06-24T12:56:50.615261" elapsed="15.062810"/>
</kw>
<kw name="Should Be Equal As Integers" owner="BuiltIn">
<msg time="2025-06-24T12:57:05.678530" level="INFO">Argument types are:
&lt;class 'int'&gt;
&lt;class 'str'&gt;</msg>
<msg time="2025-06-24T12:57:05.678681" level="FAIL">Local communication test failed!: 1 != 0</msg>
<arg>${exit_code}</arg>
<arg>0</arg>
<arg>Local communication test failed!</arg>
<doc>Fails if objects are unequal after converting them to integers.</doc>
<status status="FAIL" start="2025-06-24T12:57:05.678262" elapsed="0.000784">Local communication test failed!: 1 != 0</status>
</kw>
<kw name="Get Container Logs" owner="MyDockerLibrary">
<var>${logs}</var>
<arg>${CONTAINER}</arg>
<status status="NOT RUN" start="2025-06-24T12:57:05.679171" elapsed="0.000024"/>
</kw>
<kw name="Log To Console" owner="BuiltIn">
<arg>\n[CONTAINER LOG: LOCAL PUB+SUB]\n${logs}</arg>
<doc>Logs the given message to the console.</doc>
<status status="NOT RUN" start="2025-06-24T12:57:05.679278" elapsed="0.000022"/>
</kw>
<kw name="Log Test Summary" owner="MyDockerLibrary">
<arg>Basic Pub/Sub Local ${layer_tag}</arg>
<arg>${True}</arg>
<status status="NOT RUN" start="2025-06-24T12:57:05.679371" elapsed="0.000018"/>
</kw>
<kw name="Stop Container" owner="MyDockerLibrary">
<arg>${CONTAINER}</arg>
<status status="NOT RUN" start="2025-06-24T12:57:05.679460" elapsed="0.000017"/>
</kw>
<kw name="Sleep" owner="BuiltIn">
<arg>1s</arg>
<doc>Pauses the test executed for the given time.</doc>
<status status="NOT RUN" start="2025-06-24T12:57:05.679539" elapsed="0.000020"/>
</kw>
<arg>local_shm</arg>
<status status="FAIL" start="2025-06-24T12:56:50.487250" elapsed="15.192415">Local communication test failed!: 1 != 0</status>
</kw>
<tag>basic_pub_sub_local_shm</tag>
<status status="FAIL" start="2025-06-24T12:56:50.486610" elapsed="15.193212">Local communication test failed!: 1 != 0</status>
</test>
<test id="s1-s1-t2" name="Basic Pub/Sub Local UDP" line="30">
<kw name="Run Local Pub Sub Test">
<kw name="Set Variable" owner="BuiltIn">
<msg time="2025-06-24T12:57:05.681062" level="INFO">${IMAGE} = basic_pub_sub_local_udp</msg>
<var>${IMAGE}</var>
<arg>${BASE_IMAGE}_${layer_tag}</arg>
<doc>Returns the given values which can then be assigned to a variables.</doc>
<status status="PASS" start="2025-06-24T12:57:05.680880" elapsed="0.000212"/>
</kw>
<kw name="Set Variable" owner="BuiltIn">
<msg time="2025-06-24T12:57:05.681331" level="INFO">${CONTAINER} = basic_local_local_udp</msg>
<var>${CONTAINER}</var>
<arg>basic_local_${layer_tag}</arg>
<doc>Returns the given values which can then be assigned to a variables.</doc>
<status status="PASS" start="2025-06-24T12:57:05.681212" elapsed="0.000137"/>
</kw>
<kw name="Log To Console" owner="BuiltIn">
<arg>\n[INFO] Running local pub/sub test in mode: ${layer_tag}</arg>
<doc>Logs the given message to the console.</doc>
<status status="PASS" start="2025-06-24T12:57:05.681419" elapsed="0.000129"/>
</kw>
<kw name="Start Container" owner="MyDockerLibrary">
<arg>${CONTAINER}</arg>
<arg>${IMAGE}</arg>
<arg>local</arg>
<arg>${layer_tag}</arg>
<arg>test_topic</arg>
<arg>${CONTAINER}</arg>
<status status="PASS" start="2025-06-24T12:57:05.681646" elapsed="0.123372"/>
</kw>
<kw name="Wait For Container Exit" owner="MyDockerLibrary">
<msg time="2025-06-24T12:57:20.868183" level="INFO">${exit_code} = 0</msg>
<var>${exit_code}</var>
<arg>${CONTAINER}</arg>
<status status="PASS" start="2025-06-24T12:57:05.805221" elapsed="15.063021"/>
</kw>
<kw name="Should Be Equal As Integers" owner="BuiltIn">
<msg time="2025-06-24T12:57:20.868718" level="INFO">Argument types are:
&lt;class 'int'&gt;
&lt;class 'str'&gt;</msg>
<arg>${exit_code}</arg>
<arg>0</arg>
<arg>Local communication test failed!</arg>
<doc>Fails if objects are unequal after converting them to integers.</doc>
<status status="PASS" start="2025-06-24T12:57:20.868451" elapsed="0.000348"/>
</kw>
<kw name="Get Container Logs" owner="MyDockerLibrary">
<msg time="2025-06-24T12:57:20.872054" level="INFO">${logs} = [Entrypoint] Starting subscriber and publisher in mode local_udp
[Publisher] Waiting for at least 1 subscriber(s) on topic: test_topic
[Subscriber] Registering callback and waiting for messages...
[Pu...</msg>
<var>${logs}</var>
<arg>${CONTAINER}</arg>
<status status="PASS" start="2025-06-24T12:57:20.868942" elapsed="0.003139"/>
</kw>
<kw name="Log To Console" owner="BuiltIn">
<arg>\n[CONTAINER LOG: LOCAL PUB+SUB]\n${logs}</arg>
<doc>Logs the given message to the console.</doc>
<status status="PASS" start="2025-06-24T12:57:20.872171" elapsed="0.000156"/>
</kw>
<kw name="Log Test Summary" owner="MyDockerLibrary">
<arg>Basic Pub/Sub Local ${layer_tag}</arg>
<arg>${True}</arg>
<status status="PASS" start="2025-06-24T12:57:20.872420" elapsed="0.000167"/>
</kw>
<kw name="Stop Container" owner="MyDockerLibrary">
<arg>${CONTAINER}</arg>
<status status="PASS" start="2025-06-24T12:57:20.872688" elapsed="0.005590"/>
</kw>
<kw name="Sleep" owner="BuiltIn">
<msg time="2025-06-24T12:57:21.878690" level="INFO">Slept 1 second.</msg>
<arg>1s</arg>
<doc>Pauses the test executed for the given time.</doc>
<status status="PASS" start="2025-06-24T12:57:20.878400" elapsed="1.000416"/>
</kw>
<arg>local_udp</arg>
<status status="PASS" start="2025-06-24T12:57:05.680679" elapsed="16.198270"/>
</kw>
<tag>basic_pub_sub_local_udp</tag>
<status status="PASS" start="2025-06-24T12:57:05.680314" elapsed="16.198815"/>
</test>
<test id="s1-s1-t3" name="Basic Pub/Sub Local TCP" line="34">
<kw name="Run Local Pub Sub Test">
<kw name="Set Variable" owner="BuiltIn">
<msg time="2025-06-24T12:57:21.880623" level="INFO">${IMAGE} = basic_pub_sub_local_tcp</msg>
<var>${IMAGE}</var>
<arg>${BASE_IMAGE}_${layer_tag}</arg>
<doc>Returns the given values which can then be assigned to a variables.</doc>
<status status="PASS" start="2025-06-24T12:57:21.880470" elapsed="0.000174"/>
</kw>
<kw name="Set Variable" owner="BuiltIn">
<msg time="2025-06-24T12:57:21.880827" level="INFO">${CONTAINER} = basic_local_local_tcp</msg>
<var>${CONTAINER}</var>
<arg>basic_local_${layer_tag}</arg>
<doc>Returns the given values which can then be assigned to a variables.</doc>
<status status="PASS" start="2025-06-24T12:57:21.880716" elapsed="0.000128"/>
</kw>
<kw name="Log To Console" owner="BuiltIn">
<arg>\n[INFO] Running local pub/sub test in mode: ${layer_tag}</arg>
<doc>Logs the given message to the console.</doc>
<status status="PASS" start="2025-06-24T12:57:21.880912" elapsed="0.000165"/>
</kw>
<kw name="Start Container" owner="MyDockerLibrary">
<arg>${CONTAINER}</arg>
<arg>${IMAGE}</arg>
<arg>local</arg>
<arg>${layer_tag}</arg>
<arg>test_topic</arg>
<arg>${CONTAINER}</arg>
<status status="PASS" start="2025-06-24T12:57:21.881191" elapsed="0.119105"/>
</kw>
<kw name="Wait For Container Exit" owner="MyDockerLibrary">
<msg time="2025-06-24T12:57:37.061259" level="INFO">${exit_code} = 0</msg>
<var>${exit_code}</var>
<arg>${CONTAINER}</arg>
<status status="PASS" start="2025-06-24T12:57:22.000518" elapsed="15.060797"/>
</kw>
<kw name="Should Be Equal As Integers" owner="BuiltIn">
<msg time="2025-06-24T12:57:37.061802" level="INFO">Argument types are:
&lt;class 'int'&gt;
&lt;class 'str'&gt;</msg>
<arg>${exit_code}</arg>
<arg>0</arg>
<arg>Local communication test failed!</arg>
<doc>Fails if objects are unequal after converting them to integers.</doc>
<status status="PASS" start="2025-06-24T12:57:37.061511" elapsed="0.000368"/>
</kw>
<kw name="Get Container Logs" owner="MyDockerLibrary">
<msg time="2025-06-24T12:57:37.065418" level="INFO">${logs} = [Entrypoint] Starting subscriber and publisher in mode local_tcp
[Publisher] Waiting for at least 1 subscriber(s) on topic: test_topic
[Subscriber] Registering callback and waiting for messages...
175...</msg>
<var>${logs}</var>
<arg>${CONTAINER}</arg>
<status status="PASS" start="2025-06-24T12:57:37.062033" elapsed="0.003410"/>
</kw>
<kw name="Log To Console" owner="BuiltIn">
<arg>\n[CONTAINER LOG: LOCAL PUB+SUB]\n${logs}</arg>
<doc>Logs the given message to the console.</doc>
<status status="PASS" start="2025-06-24T12:57:37.065543" elapsed="0.000167"/>
</kw>
<kw name="Log Test Summary" owner="MyDockerLibrary">
<arg>Basic Pub/Sub Local ${layer_tag}</arg>
<arg>${True}</arg>
<status status="PASS" start="2025-06-24T12:57:37.065814" elapsed="0.000221"/>
</kw>
<kw name="Stop Container" owner="MyDockerLibrary">
<arg>${CONTAINER}</arg>
<status status="PASS" start="2025-06-24T12:57:37.066136" elapsed="0.006061"/>
</kw>
<kw name="Sleep" owner="BuiltIn">
<msg time="2025-06-24T12:57:38.072582" level="INFO">Slept 1 second.</msg>
<arg>1s</arg>
<doc>Pauses the test executed for the given time.</doc>
<status status="PASS" start="2025-06-24T12:57:37.072315" elapsed="1.000384"/>
</kw>
<arg>local_tcp</arg>
<status status="PASS" start="2025-06-24T12:57:21.880234" elapsed="16.192551"/>
</kw>
<tag>basic_pub_sub_local_tcp</tag>
<status status="PASS" start="2025-06-24T12:57:21.879799" elapsed="16.193114"/>
</test>
<test id="s1-s1-t4" name="Basic Pub/Sub Network UDP" line="38">
<kw name="Run Network Pub Sub Test">
<kw name="Set Variable" owner="BuiltIn">
<msg time="2025-06-24T12:57:38.074466" level="INFO">${IMAGE} = basic_pub_sub_network_udp</msg>
<var>${IMAGE}</var>
<arg>${BASE_IMAGE}_${layer_tag}</arg>
<doc>Returns the given values which can then be assigned to a variables.</doc>
<status status="PASS" start="2025-06-24T12:57:38.074311" elapsed="0.000176"/>
</kw>
<kw name="Set Variable" owner="BuiltIn">
<msg time="2025-06-24T12:57:38.074675" level="INFO">${TOPIC} = topic_network_udp</msg>
<var>${TOPIC}</var>
<arg>topic_${layer_tag}</arg>
<doc>Returns the given values which can then be assigned to a variables.</doc>
<status status="PASS" start="2025-06-24T12:57:38.074565" elapsed="0.000129"/>
</kw>
<kw name="Set Variable" owner="BuiltIn">
<msg time="2025-06-24T12:57:38.074872" level="INFO">${SUB_NAME} = sub_network_udp</msg>
<var>${SUB_NAME}</var>
<arg>sub_${layer_tag}</arg>
<doc>Returns the given values which can then be assigned to a variables.</doc>
<status status="PASS" start="2025-06-24T12:57:38.074765" elapsed="0.000124"/>
</kw>
<kw name="Set Variable" owner="BuiltIn">
<msg time="2025-06-24T12:57:38.075101" level="INFO">${PUB_NAME} = pub_network_udp</msg>
<var>${PUB_NAME}</var>
<arg>pub_${layer_tag}</arg>
<doc>Returns the given values which can then be assigned to a variables.</doc>
<status status="PASS" start="2025-06-24T12:57:38.074987" elapsed="0.000133"/>
</kw>
<kw name="Log To Console" owner="BuiltIn">
<arg>\n[INFO] Running network pub/sub test in mode: ${layer_tag}</arg>
<doc>Logs the given message to the console.</doc>
<status status="PASS" start="2025-06-24T12:57:38.075261" elapsed="0.000134"/>
</kw>
<kw name="Start Container" owner="MyDockerLibrary">
<arg>${SUB_NAME}</arg>
<arg>${IMAGE}</arg>
<arg>subscriber</arg>
<arg>${layer_tag}</arg>
<arg>${TOPIC}</arg>
<arg>${SUB_NAME}</arg>
<arg>network=${NETWORK}</arg>
<status status="PASS" start="2025-06-24T12:57:38.075484" elapsed="0.145769"/>
</kw>
<kw name="Start Container" owner="MyDockerLibrary">
<arg>${PUB_NAME}</arg>
<arg>${IMAGE}</arg>
<arg>publisher</arg>
<arg>${layer_tag}</arg>
<arg>${TOPIC}</arg>
<arg>${PUB_NAME}</arg>
<arg>network=${NETWORK}</arg>
<status status="PASS" start="2025-06-24T12:57:38.221432" elapsed="0.130769"/>
</kw>
<kw name="Wait For Container Exit" owner="MyDockerLibrary">
<msg time="2025-06-24T12:57:53.288323" level="INFO">${exit_code} = 0</msg>
<var>${exit_code}</var>
<arg>${SUB_NAME}</arg>
<status status="PASS" start="2025-06-24T12:57:38.352385" elapsed="14.935996"/>
</kw>
<kw name="Should Be Equal As Integers" owner="BuiltIn">
<msg time="2025-06-24T12:57:53.288881" level="INFO">Argument types are:
&lt;class 'int'&gt;
&lt;class 'str'&gt;</msg>
<arg>${exit_code}</arg>
<arg>0</arg>
<arg>Subscriber failed in ${layer_tag}!</arg>
<doc>Fails if objects are unequal after converting them to integers.</doc>
<status status="PASS" start="2025-06-24T12:57:53.288588" elapsed="0.000388"/>
</kw>
<kw name="Get Container Logs" owner="MyDockerLibrary">
<msg time="2025-06-24T12:57:53.291480" level="INFO">${log_sub} = [Entrypoint] Starting subscriber in mode network_udp
[Subscriber] Registering callback and waiting for messages...
[Subscriber] Received value: 42
[Subscriber] Received value: 42
[Subscriber] Received...</msg>
<var>${log_sub}</var>
<arg>${SUB_NAME}</arg>
<status status="PASS" start="2025-06-24T12:57:53.289098" elapsed="0.002408"/>
</kw>
<kw name="Get Container Logs" owner="MyDockerLibrary">
<msg time="2025-06-24T12:57:53.293738" level="INFO">${log_pub} = [Entrypoint] Starting publisher in mode network_udp
[Publisher] Waiting for at least 1 subscriber(s) on topic: topic_network_udp
[Publisher] Found 1 subscriber(s). Proceeding to send messages.
[Publis...</msg>
<var>${log_pub}</var>
<arg>${PUB_NAME}</arg>
<status status="PASS" start="2025-06-24T12:57:53.291589" elapsed="0.002175"/>
</kw>
<kw name="Log To Console" owner="BuiltIn">
<arg>\n[CONTAINER LOG: SUBSCRIBER]\n${log_sub}</arg>
<doc>Logs the given message to the console.</doc>
<status status="PASS" start="2025-06-24T12:57:53.293850" elapsed="0.000183"/>
</kw>
<kw name="Log To Console" owner="BuiltIn">
<arg>\n[CONTAINER LOG: PUBLISHER]\n${log_pub}</arg>
<doc>Logs the given message to the console.</doc>
<status status="PASS" start="2025-06-24T12:57:53.294154" elapsed="0.000142"/>
</kw>
<kw name="Log Test Summary" owner="MyDockerLibrary">
<arg>Basic Pub/Sub Network ${layer_tag}</arg>
<arg>${True}</arg>
<status status="PASS" start="2025-06-24T12:57:53.294390" elapsed="0.000182"/>
</kw>
<kw name="Stop Container" owner="MyDockerLibrary">
<arg>${SUB_NAME}</arg>
<status status="PASS" start="2025-06-24T12:57:53.294682" elapsed="0.004863"/>
</kw>
<kw name="Stop Container" owner="MyDockerLibrary">
<arg>${PUB_NAME}</arg>
<status status="PASS" start="2025-06-24T12:57:53.299629" elapsed="0.004994"/>
</kw>
<kw name="Sleep" owner="BuiltIn">
<msg time="2025-06-24T12:57:54.304975" level="INFO">Slept 1 second.</msg>
<arg>1s</arg>
<doc>Pauses the test executed for the given time.</doc>
<status status="PASS" start="2025-06-24T12:57:53.304709" elapsed="1.000390"/>
</kw>
<arg>network_udp</arg>
<arg>network</arg>
<status status="PASS" start="2025-06-24T12:57:38.074049" elapsed="16.231140"/>
</kw>
<tag>basic_pub_sub_network_udp</tag>
<status status="PASS" start="2025-06-24T12:57:38.073564" elapsed="16.231754"/>
</test>
<test id="s1-s1-t5" name="Basic Pub/Sub Network TCP" line="42">
<kw name="Run Network Pub Sub Test">
<kw name="Set Variable" owner="BuiltIn">
<msg time="2025-06-24T12:57:54.307093" level="INFO">${IMAGE} = basic_pub_sub_network_tcp</msg>
<var>${IMAGE}</var>
<arg>${BASE_IMAGE}_${layer_tag}</arg>
<doc>Returns the given values which can then be assigned to a variables.</doc>
<status status="PASS" start="2025-06-24T12:57:54.306911" elapsed="0.000204"/>
</kw>
<kw name="Set Variable" owner="BuiltIn">
<msg time="2025-06-24T12:57:54.307292" level="INFO">${TOPIC} = topic_network_tcp</msg>
<var>${TOPIC}</var>
<arg>topic_${layer_tag}</arg>
<doc>Returns the given values which can then be assigned to a variables.</doc>
<status status="PASS" start="2025-06-24T12:57:54.307187" elapsed="0.000122"/>
</kw>
<kw name="Set Variable" owner="BuiltIn">
<msg time="2025-06-24T12:57:54.307479" level="INFO">${SUB_NAME} = sub_network_tcp</msg>
<var>${SUB_NAME}</var>
<arg>sub_${layer_tag}</arg>
<doc>Returns the given values which can then be assigned to a variables.</doc>
<status status="PASS" start="2025-06-24T12:57:54.307375" elapsed="0.000121"/>
</kw>
<kw name="Set Variable" owner="BuiltIn">
<msg time="2025-06-24T12:57:54.307654" level="INFO">${PUB_NAME} = pub_network_tcp</msg>
<var>${PUB_NAME}</var>
<arg>pub_${layer_tag}</arg>
<doc>Returns the given values which can then be assigned to a variables.</doc>
<status status="PASS" start="2025-06-24T12:57:54.307557" elapsed="0.000114"/>
</kw>
<kw name="Log To Console" owner="BuiltIn">
<arg>\n[INFO] Running network pub/sub test in mode: ${layer_tag}</arg>
<doc>Logs the given message to the console.</doc>
<status status="PASS" start="2025-06-24T12:57:54.307735" elapsed="0.000124"/>
</kw>
<kw name="Start Container" owner="MyDockerLibrary">
<arg>${SUB_NAME}</arg>
<arg>${IMAGE}</arg>
<arg>subscriber</arg>
<arg>${layer_tag}</arg>
<arg>${TOPIC}</arg>
<arg>${SUB_NAME}</arg>
<arg>network=${NETWORK}</arg>
<status status="PASS" start="2025-06-24T12:57:54.307968" elapsed="0.137832"/>
</kw>
<kw name="Start Container" owner="MyDockerLibrary">
<arg>${PUB_NAME}</arg>
<arg>${IMAGE}</arg>
<arg>publisher</arg>
<arg>${layer_tag}</arg>
<arg>${TOPIC}</arg>
<arg>${PUB_NAME}</arg>
<arg>network=${NETWORK}</arg>
<status status="PASS" start="2025-06-24T12:57:54.446053" elapsed="0.130612"/>
</kw>
<kw name="Wait For Container Exit" owner="MyDockerLibrary">
<msg time="2025-06-24T12:58:09.513862" level="INFO">${exit_code} = 0</msg>
<var>${exit_code}</var>
<arg>${SUB_NAME}</arg>
<status status="PASS" start="2025-06-24T12:57:54.576851" elapsed="14.937056"/>
</kw>
<kw name="Should Be Equal As Integers" owner="BuiltIn">
<msg time="2025-06-24T12:58:09.514377" level="INFO">Argument types are:
&lt;class 'int'&gt;
&lt;class 'str'&gt;</msg>
<arg>${exit_code}</arg>
<arg>0</arg>
<arg>Subscriber failed in ${layer_tag}!</arg>
<doc>Fails if objects are unequal after converting them to integers.</doc>
<status status="PASS" start="2025-06-24T12:58:09.514112" elapsed="0.000318"/>
</kw>
<kw name="Get Container Logs" owner="MyDockerLibrary">
<msg time="2025-06-24T12:58:09.517239" level="INFO">${log_sub} = [Entrypoint] Starting subscriber in mode network_tcp
[Subscriber] Registering callback and waiting for messages...
[Subscriber] Received value: 42
[Subscriber] Received value: 42
[Subscriber] Received...</msg>
<var>${log_sub}</var>
<arg>${SUB_NAME}</arg>
<status status="PASS" start="2025-06-24T12:58:09.514517" elapsed="0.002750"/>
</kw>
<kw name="Get Container Logs" owner="MyDockerLibrary">
<msg time="2025-06-24T12:58:09.519579" level="INFO">${log_pub} = [Entrypoint] Starting publisher in mode network_tcp
[Publisher] Waiting for at least 1 subscriber(s) on topic: topic_network_tcp
1750769875447 ms | 82056105f59e | pub_network_tcp | 7 | info | CTCPRead...</msg>
<var>${log_pub}</var>
<arg>${PUB_NAME}</arg>
<status status="PASS" start="2025-06-24T12:58:09.517362" elapsed="0.002243"/>
</kw>
<kw name="Log To Console" owner="BuiltIn">
<arg>\n[CONTAINER LOG: SUBSCRIBER]\n${log_sub}</arg>
<doc>Logs the given message to the console.</doc>
<status status="PASS" start="2025-06-24T12:58:09.519699" elapsed="0.000171"/>
</kw>
<kw name="Log To Console" owner="BuiltIn">
<arg>\n[CONTAINER LOG: PUBLISHER]\n${log_pub}</arg>
<doc>Logs the given message to the console.</doc>
<status status="PASS" start="2025-06-24T12:58:09.520011" elapsed="0.000201"/>
</kw>
<kw name="Log Test Summary" owner="MyDockerLibrary">
<arg>Basic Pub/Sub Network ${layer_tag}</arg>
<arg>${True}</arg>
<status status="PASS" start="2025-06-24T12:58:09.520304" elapsed="0.000160"/>
</kw>
<kw name="Stop Container" owner="MyDockerLibrary">
<arg>${SUB_NAME}</arg>
<status status="PASS" start="2025-06-24T12:58:09.520551" elapsed="0.005075"/>
</kw>
<kw name="Stop Container" owner="MyDockerLibrary">
<arg>${PUB_NAME}</arg>
<status status="PASS" start="2025-06-24T12:58:09.525725" elapsed="0.005289"/>
</kw>
<kw name="Sleep" owner="BuiltIn">
<msg time="2025-06-24T12:58:10.531481" level="INFO">Slept 1 second.</msg>
<arg>1s</arg>
<doc>Pauses the test executed for the given time.</doc>
<status status="PASS" start="2025-06-24T12:58:09.531137" elapsed="1.000486"/>
</kw>
<arg>network_tcp</arg>
<arg>network</arg>
<status status="PASS" start="2025-06-24T12:57:54.306662" elapsed="16.225065"/>
</kw>
<tag>basic_pub_sub_network_tcp</tag>
<status status="PASS" start="2025-06-24T12:57:54.306220" elapsed="16.225659"/>
</test>
<status status="FAIL" start="2025-06-24T12:56:32.493029" elapsed="98.040005"/>
</suite>
<suite id="s1-s2" name="Message Validation" source="/home/runner/work/ECAL_Test_Framework/ECAL_Test_Framework/integration_tests/message_validation/robottests/message_validation.robot">
<kw name="Init Test Context" type="SETUP">
<kw name="Set Test Context" owner="GlobalPathsLibrary">
<arg>message_validation</arg>
<arg>message_validation</arg>
<doc>Sets the test folder (e.g. basic_pub_sub or message_validation) and tag prefix (e.g. basic_pub_sub).
Should be called once in Suite Setup if you're using non-default test cases.</doc>
<status status="PASS" start="2025-06-24T12:58:10.536603" elapsed="0.000131"/>
</kw>
<kw name="Get Build Script Path" owner="GlobalPathsLibrary">
<msg time="2025-06-24T12:58:10.536913" level="INFO">${build} = /home/runner/work/ECAL_Test_Framework/ECAL_Test_Framework/integration_tests/message_validation/scripts/build_images.sh</msg>
<var>${build}</var>
<status status="PASS" start="2025-06-24T12:58:10.536819" elapsed="0.000191"/>
</kw>
<kw name="Get Network Name" owner="GlobalPathsLibrary">
<msg time="2025-06-24T12:58:10.537214" level="INFO">${net} = ecal_test_net</msg>
<var>${net}</var>
<status status="PASS" start="2025-06-24T12:58:10.537092" elapsed="0.000151"/>
</kw>
<kw name="Get Build Script Args" owner="GlobalPathsLibrary">
<msg time="2025-06-24T12:58:10.537454" level="INFO">${args} = ['message_validation']</msg>
<var>${args}</var>
<status status="PASS" start="2025-06-24T12:58:10.537335" elapsed="0.000145"/>
</kw>
<kw name="Set Suite Variable" owner="BuiltIn">
<msg time="2025-06-24T12:58:10.537815" level="INFO">${BUILD_SCRIPT} = /home/runner/work/ECAL_Test_Framework/ECAL_Test_Framework/integration_tests/message_validation/scripts/build_images.sh</msg>
<arg>${BUILD_SCRIPT}</arg>
<arg>${build}</arg>
<doc>Makes a variable available everywhere within the scope of the current suite.</doc>
<status status="PASS" start="2025-06-24T12:58:10.537598" elapsed="0.000268"/>
</kw>
<kw name="Set Suite Variable" owner="BuiltIn">
<msg time="2025-06-24T12:58:10.538129" level="INFO">${NETWORK} = ecal_test_net</msg>
<arg>${NETWORK}</arg>
<arg>${net}</arg>
<doc>Makes a variable available everywhere within the scope of the current suite.</doc>
<status status="PASS" start="2025-06-24T12:58:10.538005" elapsed="0.000154"/>
</kw>
<kw name="Log To Console" owner="BuiltIn">
<arg>[SETUP] Building Docker images...</arg>
<doc>Logs the given message to the console.</doc>
<status status="PASS" start="2025-06-24T12:58:10.538229" elapsed="0.000106"/>
</kw>
<kw name="Run Process" owner="Process">
<msg time="2025-06-24T12:58:10.538580" level="INFO">Starting process:
/home/runner/work/ECAL_Test_Framework/ECAL_Test_Framework/integration_tests/message_validation/scripts/build_images.sh message_validation</msg>
<msg time="2025-06-24T12:58:10.539105" level="INFO">Waiting for process to complete.</msg>
<msg time="2025-06-24T12:58:11.226133" level="INFO">Process completed.</msg>
<msg time="2025-06-24T12:58:11.226308" level="INFO">${result} = &lt;result object with rc 1&gt;</msg>
<var>${result}</var>
<arg>${BUILD_SCRIPT}</arg>
<arg>@{args}</arg>
<doc>Runs a process and waits for it to complete.</doc>
<status status="PASS" start="2025-06-24T12:58:10.538423" elapsed="0.687912"/>
</kw>
<kw name="Should Be Equal As Integers" owner="BuiltIn">
<msg time="2025-06-24T12:58:11.227032" level="INFO">Argument types are:
&lt;class 'int'&gt;
&lt;class 'str'&gt;</msg>
<msg time="2025-06-24T12:58:11.227130" level="FAIL">Docker build failed!: 1 != 0</msg>
<arg>${result.rc}</arg>
<arg>0</arg>
<arg>Docker build failed!</arg>
<doc>Fails if objects are unequal after converting them to integers.</doc>
<status status="FAIL" start="2025-06-24T12:58:11.226495" elapsed="0.000710">Docker build failed!: 1 != 0</status>
</kw>
<kw name="Create Docker Network" owner="MyDockerLibrary">
<arg>${NETWORK}</arg>
<status status="NOT RUN" start="2025-06-24T12:58:11.227305" elapsed="0.000017"/>
</kw>
<kw name="Sleep" owner="BuiltIn">
<arg>3s</arg>
<doc>Pauses the test executed for the given time.</doc>
<status status="NOT RUN" start="2025-06-24T12:58:11.227388" elapsed="0.000014"/>
</kw>
<status status="FAIL" start="2025-06-24T12:58:10.536442" elapsed="0.691050">Docker build failed!: 1 != 0</status>
</kw>
<test id="s1-s2-t1" name="Valid Protobuf Transmission" line="14">
<tag>message_validation_valid</tag>
<status status="FAIL" start="2025-06-24T12:58:11.227560" elapsed="0.000307">Parent suite setup failed:
Docker build failed!: 1 != 0</status>
</test>
<test id="s1-s2-t2" name="Malformed Protobuf Transmission" line="19">
<tag>message_validation_malformed</tag>
<status status="FAIL" start="2025-06-24T12:58:11.228074" elapsed="0.000315">Parent suite setup failed:
Docker build failed!: 1 != 0</status>
</test>
<status status="FAIL" start="2025-06-24T12:58:10.533803" elapsed="0.694894">Suite setup failed:
Docker build failed!: 1 != 0</status>
</suite>
<suite id="s1-s3" name="Multi Pub Sub" source="/home/runner/work/ECAL_Test_Framework/ECAL_Test_Framework/integration_tests/multi_pub_sub/robottests/multi_pub_sub.robot">
<kw name="Init Test Context" type="SETUP">
<kw name="Set Test Context" owner="GlobalPathsLibrary">
<arg>multi_pub_sub</arg>
<arg>multi_pub_sub</arg>
<doc>Sets the test folder (e.g. basic_pub_sub or message_validation) and tag prefix (e.g. basic_pub_sub).
Should be called once in Suite Setup if you're using non-default test cases.</doc>
<status status="PASS" start="2025-06-24T12:58:11.232343" elapsed="0.000113"/>
</kw>
<kw name="Get Build Script Path" owner="GlobalPathsLibrary">
<msg time="2025-06-24T12:58:11.232626" level="INFO">${build} = /home/runner/work/ECAL_Test_Framework/ECAL_Test_Framework/integration_tests/multi_pub_sub/scripts/build_images.sh</msg>
<var>${build}</var>
<status status="PASS" start="2025-06-24T12:58:11.232536" elapsed="0.000111"/>
</kw>
<kw name="Get Network Name" owner="GlobalPathsLibrary">
<msg time="2025-06-24T12:58:11.232791" level="INFO">${net} = ecal_test_net</msg>
<var>${net}</var>
<status status="PASS" start="2025-06-24T12:58:11.232713" elapsed="0.000095"/>
</kw>
<kw name="Get Build Script Args" owner="GlobalPathsLibrary">
<msg time="2025-06-24T12:58:11.232979" level="INFO">${args} = ['multi_pub_sub']</msg>
<var>${args}</var>
<status status="PASS" start="2025-06-24T12:58:11.232870" elapsed="0.000129"/>
</kw>
<kw name="Set Suite Variable" owner="BuiltIn">
<msg time="2025-06-24T12:58:11.233217" level="INFO">${BUILD_SCRIPT} = /home/runner/work/ECAL_Test_Framework/ECAL_Test_Framework/integration_tests/multi_pub_sub/scripts/build_images.sh</msg>
<arg>${BUILD_SCRIPT}</arg>
<arg>${build}</arg>
<doc>Makes a variable available everywhere within the scope of the current suite.</doc>
<status status="PASS" start="2025-06-24T12:58:11.233079" elapsed="0.000168"/>
</kw>
<kw name="Set Suite Variable" owner="BuiltIn">
<msg time="2025-06-24T12:58:11.233436" level="INFO">${NETWORK} = ecal_test_net</msg>
<arg>${NETWORK}</arg>
<arg>${net}</arg>
<doc>Makes a variable available everywhere within the scope of the current suite.</doc>
<status status="PASS" start="2025-06-24T12:58:11.233320" elapsed="0.000184"/>
</kw>
<kw name="Log To Console" owner="BuiltIn">
<arg>[SETUP] Building Docker image...</arg>
<doc>Logs the given message to the console.</doc>
<status status="PASS" start="2025-06-24T12:58:11.233577" elapsed="0.000097"/>
</kw>
<kw name="Run Process" owner="Process">
<msg time="2025-06-24T12:58:11.234024" level="INFO">Starting process:
/home/runner/work/ECAL_Test_Framework/ECAL_Test_Framework/integration_tests/multi_pub_sub/scripts/build_images.sh multi_pub_sub</msg>
<msg time="2025-06-24T12:58:11.234469" level="INFO">Waiting for process to complete.</msg>
<msg time="2025-06-24T12:58:20.637014" level="INFO">Process completed.</msg>
<msg time="2025-06-24T12:58:20.637193" level="INFO">${result} = &lt;result object with rc 0&gt;</msg>
<var>${result}</var>
<arg>${BUILD_SCRIPT}</arg>
<arg>@{args}</arg>
<doc>Runs a process and waits for it to complete.</doc>
<status status="PASS" start="2025-06-24T12:58:11.233784" elapsed="9.403434"/>
</kw>
<kw name="Should Be Equal As Integers" owner="BuiltIn">
<msg time="2025-06-24T12:58:20.637860" level="INFO">Argument types are:
&lt;class 'int'&gt;
&lt;class 'str'&gt;</msg>
<arg>${result.rc}</arg>
<arg>0</arg>
<arg>Failed to build Docker image!</arg>
<doc>Fails if objects are unequal after converting them to integers.</doc>
<status status="PASS" start="2025-06-24T12:58:20.637372" elapsed="0.000539"/>
</kw>
<kw name="Create Docker Network" owner="MyDockerLibrary">
<arg>${NETWORK}</arg>
<status status="PASS" start="2025-06-24T12:58:20.638024" elapsed="0.007626"/>
</kw>
<kw name="Sleep" owner="BuiltIn">
<msg time="2025-06-24T12:58:23.646025" level="INFO">Slept 3 seconds.</msg>
<arg>3s</arg>
<doc>Pauses the test executed for the given time.</doc>
<status status="PASS" start="2025-06-24T12:58:20.645775" elapsed="3.000381"/>
</kw>
<status status="PASS" start="2025-06-24T12:58:11.232181" elapsed="12.414074"/>
</kw>
<test id="s1-s3-t1" name="Multi Pub/Sub Local UDP Test" line="26">
<kw name="Run Multi Pub Sub Test Local">
<kw name="Set Variable" owner="BuiltIn">
<msg time="2025-06-24T12:58:23.647364" level="INFO">${IMAGE} = multi_pub_sub_local_udp</msg>
<var>${IMAGE}</var>
<arg>${BASE_IMAGE}_${layer_tag}</arg>
<doc>Returns the given values which can then be assigned to a variables.</doc>
<status status="PASS" start="2025-06-24T12:58:23.647194" elapsed="0.000194"/>
</kw>
<kw name="Set Variable" owner="BuiltIn">
<msg time="2025-06-24T12:58:23.647604" level="INFO">${CONTAINER} = multi_locallocal_udp</msg>
<var>${CONTAINER}</var>
<arg>multi_local${layer_tag}</arg>
<doc>Returns the given values which can then be assigned to a variables.</doc>
<status status="PASS" start="2025-06-24T12:58:23.647476" elapsed="0.000149"/>
</kw>
<kw name="Log To Console" owner="BuiltIn">
<arg>\n[INFO] Running local multi pub/sub test (all binarys in same Container) with ${layer_tag}</arg>
<doc>Logs the given message to the console.</doc>
<status status="PASS" start="2025-06-24T12:58:23.647707" elapsed="0.000152"/>
</kw>
<kw name="Start Container" owner="MyDockerLibrary">
<arg>${CONTAINER}</arg>
<arg>${IMAGE}</arg>
<arg>local_multi</arg>
<arg>${layer_tag}</arg>
<status status="PASS" start="2025-06-24T12:58:23.647979" elapsed="0.123256"/>
</kw>
<kw name="Wait For Container Exit" owner="MyDockerLibrary">
<msg time="2025-06-24T12:58:41.835005" level="INFO">${exit_code} = 0</msg>
<var>${exit_code}</var>
<arg>${CONTAINER}</arg>
<status status="PASS" start="2025-06-24T12:58:23.771472" elapsed="18.063596"/>
</kw>
<kw name="Should Be Equal As Integers" owner="BuiltIn">
<msg time="2025-06-24T12:58:41.835533" level="INFO">Argument types are:
&lt;class 'int'&gt;
&lt;class 'str'&gt;</msg>
<arg>${exit_code}</arg>
<arg>0</arg>
<arg>Local Multi Pub/Sub Test test failed!</arg>
<doc>Fails if objects are unequal after converting them to integers.</doc>
<status status="PASS" start="2025-06-24T12:58:41.835238" elapsed="0.000364"/>
</kw>
<kw name="Get Container Logs" owner="MyDockerLibrary">
<msg time="2025-06-24T12:58:41.845950" level="INFO">${logs} = [Entrypoint] Starting local multi pub/sub test in mode local_udp
[Multi Subscriber] Waiting for messages...
[Publisher] Waiting for at least 2 subscriber(s) on topic: test_topic
[Multi Subscriber] Wai...</msg>
<var>${logs}</var>
<arg>${CONTAINER}</arg>
<status status="PASS" start="2025-06-24T12:58:41.835737" elapsed="0.010283"/>
</kw>
<kw name="Log To Console" owner="BuiltIn">
<arg>\n[CONTAINER LOG: All Local Binarys Multi Pub/Sub]\n${logs}</arg>
<doc>Logs the given message to the console.</doc>
<status status="PASS" start="2025-06-24T12:58:41.846181" elapsed="0.000267"/>
</kw>
<kw name="Stop Container" owner="MyDockerLibrary">
<arg>${CONTAINER}</arg>
<status status="PASS" start="2025-06-24T12:58:41.846561" elapsed="0.006799"/>
</kw>
<kw name="Sleep" owner="BuiltIn">
<msg time="2025-06-24T12:58:42.854053" level="INFO">Slept 1 second.</msg>
<arg>1s</arg>
<doc>Pauses the test executed for the given time.</doc>
<status status="PASS" start="2025-06-24T12:58:41.853619" elapsed="1.000563"/>
</kw>
<arg>local_udp</arg>
<status status="PASS" start="2025-06-24T12:58:23.646901" elapsed="19.207380"/>
</kw>
<tag>multi_pub_sub_local_udp</tag>
<status status="PASS" start="2025-06-24T12:58:23.646336" elapsed="19.208089"/>
</test>
<test id="s1-s3-t2" name="Multi Pub/Sub Local TCP Test" line="30">
<kw name="Run Multi Pub Sub Test Local">
<kw name="Set Variable" owner="BuiltIn">
<msg time="2025-06-24T12:58:42.855958" level="INFO">${IMAGE} = multi_pub_sub_local_tcp</msg>
<var>${IMAGE}</var>
<arg>${BASE_IMAGE}_${layer_tag}</arg>
<doc>Returns the given values which can then be assigned to a variables.</doc>
<status status="PASS" start="2025-06-24T12:58:42.855780" elapsed="0.000203"/>
</kw>
<kw name="Set Variable" owner="BuiltIn">
<msg time="2025-06-24T12:58:42.856177" level="INFO">${CONTAINER} = multi_locallocal_tcp</msg>
<var>${CONTAINER}</var>
<arg>multi_local${layer_tag}</arg>
<doc>Returns the given values which can then be assigned to a variables.</doc>
<status status="PASS" start="2025-06-24T12:58:42.856064" elapsed="0.000132"/>
</kw>
<kw name="Log To Console" owner="BuiltIn">
<arg>\n[INFO] Running local multi pub/sub test (all binarys in same Container) with ${layer_tag}</arg>
<doc>Logs the given message to the console.</doc>
<status status="PASS" start="2025-06-24T12:58:42.856264" elapsed="0.000131"/>
</kw>
<kw name="Start Container" owner="MyDockerLibrary">
<arg>${CONTAINER}</arg>
<arg>${IMAGE}</arg>
<arg>local_multi</arg>
<arg>${layer_tag}</arg>
<status status="PASS" start="2025-06-24T12:58:42.856486" elapsed="0.120499"/>
</kw>
<kw name="Wait For Container Exit" owner="MyDockerLibrary">
<msg time="2025-06-24T12:59:01.042630" level="INFO">${exit_code} = 0</msg>
<var>${exit_code}</var>
<arg>${CONTAINER}</arg>
<status status="PASS" start="2025-06-24T12:58:42.977224" elapsed="18.065464"/>
</kw>
<kw name="Should Be Equal As Integers" owner="BuiltIn">
<msg time="2025-06-24T12:59:01.043192" level="INFO">Argument types are:
&lt;class 'int'&gt;
&lt;class 'str'&gt;</msg>
<arg>${exit_code}</arg>
<arg>0</arg>
<arg>Local Multi Pub/Sub Test test failed!</arg>
<doc>Fails if objects are unequal after converting them to integers.</doc>
<status status="PASS" start="2025-06-24T12:59:01.042894" elapsed="0.000381"/>
</kw>
<kw name="Get Container Logs" owner="MyDockerLibrary">
<msg time="2025-06-24T12:59:01.048162" level="INFO">${logs} = [Entrypoint] Starting local multi pub/sub test in mode local_tcp
[Publisher] Waiting for at least 2 subscriber(s) on topic: test_topic
[Multi Subscriber] Waiting for messages...
[Multi Subscriber] Wai...</msg>
<var>${logs}</var>
<arg>${CONTAINER}</arg>
<status status="PASS" start="2025-06-24T12:59:01.043408" elapsed="0.004787"/>
</kw>
<kw name="Log To Console" owner="BuiltIn">
<arg>\n[CONTAINER LOG: All Local Binarys Multi Pub/Sub]\n${logs}</arg>
<doc>Logs the given message to the console.</doc>
<status status="PASS" start="2025-06-24T12:59:01.048313" elapsed="0.000248"/>
</kw>
<kw name="Stop Container" owner="MyDockerLibrary">
<arg>${CONTAINER}</arg>
<status status="PASS" start="2025-06-24T12:59:01.048717" elapsed="0.005268"/>
</kw>
<kw name="Sleep" owner="BuiltIn">
<msg time="2025-06-24T12:59:02.054347" level="INFO">Slept 1 second.</msg>
<arg>1s</arg>
<doc>Pauses the test executed for the given time.</doc>
<status status="PASS" start="2025-06-24T12:59:01.054078" elapsed="1.000399"/>
</kw>
<arg>local_tcp</arg>
<status status="PASS" start="2025-06-24T12:58:42.855544" elapsed="19.199029"/>
</kw>
<tag>multi_pub_sub_local_tcp</tag>
<status status="PASS" start="2025-06-24T12:58:42.855119" elapsed="19.199586"/>
</test>
<test id="s1-s3-t3" name="Multi Pub/Sub Local SHM Test" line="34">
<kw name="Run Multi Pub Sub Test Local">
<kw name="Set Variable" owner="BuiltIn">
<msg time="2025-06-24T12:59:02.056288" level="INFO">${IMAGE} = multi_pub_sub_local_shm</msg>
<var>${IMAGE}</var>
<arg>${BASE_IMAGE}_${layer_tag}</arg>
<doc>Returns the given values which can then be assigned to a variables.</doc>
<status status="PASS" start="2025-06-24T12:59:02.056126" elapsed="0.000184"/>
</kw>
<kw name="Set Variable" owner="BuiltIn">
<msg time="2025-06-24T12:59:02.056499" level="INFO">${CONTAINER} = multi_locallocal_shm</msg>
<var>${CONTAINER}</var>
<arg>multi_local${layer_tag}</arg>
<doc>Returns the given values which can then be assigned to a variables.</doc>
<status status="PASS" start="2025-06-24T12:59:02.056386" elapsed="0.000131"/>
</kw>
<kw name="Log To Console" owner="BuiltIn">
<arg>\n[INFO] Running local multi pub/sub test (all binarys in same Container) with ${layer_tag}</arg>
<doc>Logs the given message to the console.</doc>
<status status="PASS" start="2025-06-24T12:59:02.056585" elapsed="0.000137"/>
</kw>
<kw name="Start Container" owner="MyDockerLibrary">
<arg>${CONTAINER}</arg>
<arg>${IMAGE}</arg>
<arg>local_multi</arg>
<arg>${layer_tag}</arg>
<status status="PASS" start="2025-06-24T12:59:02.056820" elapsed="0.123630"/>
</kw>
<kw name="Wait For Container Exit" owner="MyDockerLibrary">
<msg time="2025-06-24T12:59:22.261061" level="INFO">${exit_code} = 1</msg>
<var>${exit_code}</var>
<arg>${CONTAINER}</arg>
<status status="PASS" start="2025-06-24T12:59:02.180704" elapsed="20.080428"/>
</kw>
<kw name="Should Be Equal As Integers" owner="BuiltIn">
<msg time="2025-06-24T12:59:22.261624" level="INFO">Argument types are:
&lt;class 'int'&gt;
&lt;class 'str'&gt;</msg>
<msg time="2025-06-24T12:59:22.261721" level="FAIL">Local Multi Pub/Sub Test test failed!: 1 != 0</msg>
<arg>${exit_code}</arg>
<arg>0</arg>
<arg>Local Multi Pub/Sub Test test failed!</arg>
<doc>Fails if objects are unequal after converting them to integers.</doc>
<status status="FAIL" start="2025-06-24T12:59:22.261343" elapsed="0.000452">Local Multi Pub/Sub Test test failed!: 1 != 0</status>
</kw>
<kw name="Get Container Logs" owner="MyDockerLibrary">
<var>${logs}</var>
<arg>${CONTAINER}</arg>
<status status="NOT RUN" start="2025-06-24T12:59:22.261995" elapsed="0.000025"/>
</kw>
<kw name="Log To Console" owner="BuiltIn">
<arg>\n[CONTAINER LOG: All Local Binarys Multi Pub/Sub]\n${logs}</arg>
<doc>Logs the given message to the console.</doc>
<status status="NOT RUN" start="2025-06-24T12:59:22.262116" elapsed="0.000016"/>
</kw>
<kw name="Stop Container" owner="MyDockerLibrary">
<arg>${CONTAINER}</arg>
<status status="NOT RUN" start="2025-06-24T12:59:22.262197" elapsed="0.000015"/>
</kw>
<kw name="Sleep" owner="BuiltIn">
<arg>1s</arg>
<doc>Pauses the test executed for the given time.</doc>
<status status="NOT RUN" start="2025-06-24T12:59:22.262268" elapsed="0.000014"/>
</kw>
<arg>local_shm</arg>
<status status="FAIL" start="2025-06-24T12:59:02.055848" elapsed="20.206519">Local Multi Pub/Sub Test test failed!: 1 != 0</status>
</kw>
<tag>multi_pub_sub_local_shm</tag>
<status status="FAIL" start="2025-06-24T12:59:02.055417" elapsed="20.207071">Local Multi Pub/Sub Test test failed!: 1 != 0</status>
</test>
<test id="s1-s3-t4" name="Multi Pub/Sub Network UDP Test" line="38">
<kw name="Run Multi Pub Sub Network Test">
<kw name="Set Variable" owner="BuiltIn">
<msg time="2025-06-24T12:59:22.263881" level="INFO">${IMAGE} = multi_pub_sub_network_udp</msg>
<var>${IMAGE}</var>
<arg>${BASE_IMAGE}_${layer_tag}</arg>
<doc>Returns the given values which can then be assigned to a variables.</doc>
<status status="PASS" start="2025-06-24T12:59:22.263717" elapsed="0.000185"/>
</kw>
<kw name="Set Variable" owner="BuiltIn">
<msg time="2025-06-24T12:59:22.264122" level="INFO">${TOPIC} = test_topic</msg>
<var>${TOPIC}</var>
<arg>test_topic</arg>
<doc>Returns the given values which can then be assigned to a variables.</doc>
<status status="PASS" start="2025-06-24T12:59:22.264028" elapsed="0.000112"/>
</kw>
<kw name="Set Variable" owner="BuiltIn">
<msg time="2025-06-24T12:59:22.264318" level="INFO">${PUB1} = pub1_network_udp</msg>
<var>${PUB1}</var>
<arg>pub1_${layer_tag}</arg>
<doc>Returns the given values which can then be assigned to a variables.</doc>
<status status="PASS" start="2025-06-24T12:59:22.264209" elapsed="0.000127"/>
</kw>
<kw name="Set Variable" owner="BuiltIn">
<msg time="2025-06-24T12:59:22.264506" level="INFO">${PUB2} = pub2_network_udp</msg>
<var>${PUB2}</var>
<arg>pub2_${layer_tag}</arg>
<doc>Returns the given values which can then be assigned to a variables.</doc>
<status status="PASS" start="2025-06-24T12:59:22.264404" elapsed="0.000119"/>
</kw>
<kw name="Set Variable" owner="BuiltIn">
<msg time="2025-06-24T12:59:22.264687" level="INFO">${SUB1} = sub1_network_udp</msg>
<var>${SUB1}</var>
<arg>sub1_${layer_tag}</arg>
<doc>Returns the given values which can then be assigned to a variables.</doc>
<status status="PASS" start="2025-06-24T12:59:22.264588" elapsed="0.000115"/>
</kw>
<kw name="Set Variable" owner="BuiltIn">
<msg time="2025-06-24T12:59:22.264864" level="INFO">${SUB2} = sub2_network_udp</msg>
<var>${SUB2}</var>
<arg>sub2_${layer_tag}</arg>
<doc>Returns the given values which can then be assigned to a variables.</doc>
<status status="PASS" start="2025-06-24T12:59:22.264766" elapsed="0.000114"/>
</kw>
<kw name="Log To Console" owner="BuiltIn">
<arg>\n[INFO] Starting multi pub/sub test with ${layer_tag}</arg>
<doc>Logs the given message to the console.</doc>
<status status="PASS" start="2025-06-24T12:59:22.264970" elapsed="0.000181"/>
</kw>
<kw name="Start Container" owner="MyDockerLibrary">
<arg>${SUB1}</arg>
<arg>${IMAGE}</arg>
<arg>multi_subscriber</arg>
<arg>${layer_tag}</arg>
<arg>${TOPIC}</arg>
<arg>network=${NETWORK}</arg>
<status status="PASS" start="2025-06-24T12:59:22.265254" elapsed="0.128012"/>
</kw>
<kw name="Start Container" owner="MyDockerLibrary">
<arg>${SUB2}</arg>
<arg>${IMAGE}</arg>
<arg>multi_subscriber2</arg>
<arg>${layer_tag}</arg>
<arg>${TOPIC}</arg>
<arg>network=${NETWORK}</arg>
<status status="PASS" start="2025-06-24T12:59:22.393456" elapsed="0.139714"/>
</kw>
<kw name="Start Container" owner="MyDockerLibrary">
<arg>${PUB1}</arg>
<arg>${IMAGE}</arg>
<arg>multi_publisher</arg>
<arg>${layer_tag}</arg>
<arg>${TOPIC}</arg>
<arg>network=${NETWORK}</arg>
<status status="PASS" start="2025-06-24T12:59:22.533340" elapsed="0.138264"/>
</kw>
<kw name="Start Container" owner="MyDockerLibrary">
<arg>${PUB2}</arg>
<arg>${IMAGE}</arg>
<arg>multi_publisher2</arg>
<arg>${layer_tag}</arg>
<arg>${TOPIC}</arg>
<arg>network=${NETWORK}</arg>
<status status="PASS" start="2025-06-24T12:59:22.671774" elapsed="0.123363"/>
</kw>
<kw name="Wait For Container Exit" owner="MyDockerLibrary">
<arg>${SUB1}</arg>
<status status="PASS" start="2025-06-24T12:59:22.795311" elapsed="17.658283"/>
</kw>
<kw name="Wait For Container Exit" owner="MyDockerLibrary">
<arg>${SUB2}</arg>
<status status="PASS" start="2025-06-24T12:59:40.453806" elapsed="0.141517"/>
</kw>
<kw name="Wait For Container Exit" owner="MyDockerLibrary">
<arg>${PUB1}</arg>
<status status="PASS" start="2025-06-24T12:59:40.595584" elapsed="0.001867"/>
</kw>
<kw name="Wait For Container Exit" owner="MyDockerLibrary">
<arg>${PUB2}</arg>
<status status="PASS" start="2025-06-24T12:59:40.597553" elapsed="0.001157"/>
</kw>
<kw name="Get Container Logs" owner="MyDockerLibrary">
<msg time="2025-06-24T12:59:40.601299" level="INFO">${log1} = [Entrypoint] Starting multi_subscriber in mode network_udp
[Multi Subscriber] Waiting for messages...
[Multi Subscriber] Received value: 43
[Multi Subscriber] Received value: 42
[Multi Subscriber] Rec...</msg>
<var>${log1}</var>
<arg>${SUB1}</arg>
<status status="PASS" start="2025-06-24T12:59:40.598826" elapsed="0.002501"/>
</kw>
<kw name="Log To Console" owner="BuiltIn">
<arg>\n[CONTAINER LOG: SUBSCRIBER 1]\n${log1}</arg>
<doc>Logs the given message to the console.</doc>
<status status="PASS" start="2025-06-24T12:59:40.601414" elapsed="0.000172"/>
</kw>
<kw name="Get Container Logs" owner="MyDockerLibrary">
<msg time="2025-06-24T12:59:40.604428" level="INFO">${log2} = [Entrypoint] Starting multi_subscriber2 in mode network_udp
[Multi Subscriber] Waiting for messages...
[Multi Subscriber] Received value: 43
[Multi Subscriber] Received value: 42
[Multi Subscriber] Re...</msg>
<var>${log2}</var>
<arg>${SUB2}</arg>
<status status="PASS" start="2025-06-24T12:59:40.601703" elapsed="0.002752"/>
</kw>
<kw name="Log To Console" owner="BuiltIn">
<arg>\n[CONTAINER LOG: SUBSCRIBER 2]\n${log2}</arg>
<doc>Logs the given message to the console.</doc>
<status status="PASS" start="2025-06-24T12:59:40.604542" elapsed="0.000166"/>
</kw>
<kw name="Wait For Container Exit" owner="MyDockerLibrary">
<msg time="2025-06-24T12:59:40.605786" level="INFO">${exit1} = 0</msg>
<var>${exit1}</var>
<arg>${SUB1}</arg>
<status status="PASS" start="2025-06-24T12:59:40.604812" elapsed="0.000999"/>
</kw>
<kw name="Wait For Container Exit" owner="MyDockerLibrary">
<msg time="2025-06-24T12:59:40.606953" level="INFO">${exit2} = 0</msg>
<var>${exit2}</var>
<arg>${SUB2}</arg>
<status status="PASS" start="2025-06-24T12:59:40.605893" elapsed="0.001086"/>
</kw>
<kw name="Should Be Equal As Integers" owner="BuiltIn">
<msg time="2025-06-24T12:59:40.607212" level="INFO">Argument types are:
&lt;class 'int'&gt;
&lt;class 'str'&gt;</msg>
<arg>${exit1}</arg>
<arg>0</arg>
<arg>Subscriber 1 failed!</arg>
<doc>Fails if objects are unequal after converting them to integers.</doc>
<status status="PASS" start="2025-06-24T12:59:40.607065" elapsed="0.000193"/>
</kw>
<kw name="Should Be Equal As Integers" owner="BuiltIn">
<msg time="2025-06-24T12:59:40.607445" level="INFO">Argument types are:
&lt;class 'int'&gt;
&lt;class 'str'&gt;</msg>
<arg>${exit2}</arg>
<arg>0</arg>
<arg>Subscriber 2 failed!</arg>
<doc>Fails if objects are unequal after converting them to integers.</doc>
<status status="PASS" start="2025-06-24T12:59:40.607337" elapsed="0.000146"/>
</kw>
<kw name="Log Test Summary" owner="MyDockerLibrary">
<arg>Multi Pub/Sub Test ${layer_tag}</arg>
<arg>${True}</arg>
<status status="PASS" start="2025-06-24T12:59:40.607554" elapsed="0.000144"/>
</kw>
<kw name="Stop Container" owner="MyDockerLibrary">
<arg>${SUB1}</arg>
<status status="PASS" start="2025-06-24T12:59:40.607781" elapsed="0.005779"/>
</kw>
<kw name="Stop Container" owner="MyDockerLibrary">
<arg>${SUB2}</arg>
<status status="PASS" start="2025-06-24T12:59:40.613671" elapsed="0.005385"/>
</kw>
<kw name="Stop Container" owner="MyDockerLibrary">
<arg>${PUB1}</arg>
<status status="PASS" start="2025-06-24T12:59:40.619164" elapsed="0.005826"/>
</kw>
<kw name="Stop Container" owner="MyDockerLibrary">
<arg>${PUB2}</arg>
<status status="PASS" start="2025-06-24T12:59:40.625124" elapsed="0.005033"/>
</kw>
<kw name="Sleep" owner="BuiltIn">
<msg time="2025-06-24T12:59:41.630539" level="INFO">Slept 1 second.</msg>
<arg>1s</arg>
<doc>Pauses the test executed for the given time.</doc>
<status status="PASS" start="2025-06-24T12:59:40.630265" elapsed="1.000407"/>
</kw>
<arg>network_udp</arg>
<arg>network</arg>
<status status="PASS" start="2025-06-24T12:59:22.263499" elapsed="19.367265"/>
</kw>
<tag>multi_pub_sub_network_udp</tag>
<status status="PASS" start="2025-06-24T12:59:22.263063" elapsed="19.367826"/>
</test>
<test id="s1-s3-t5" name="Multi Pub/Sub Network TCP Test" line="42">
<kw name="Run Multi Pub Sub Network Test">
<kw name="Set Variable" owner="BuiltIn">
<msg time="2025-06-24T12:59:41.632996" level="INFO">${IMAGE} = multi_pub_sub_network_tcp</msg>
<var>${IMAGE}</var>
<arg>${BASE_IMAGE}_${layer_tag}</arg>
<doc>Returns the given values which can then be assigned to a variables.</doc>
<status status="PASS" start="2025-06-24T12:59:41.632805" elapsed="0.000213"/>
</kw>
<kw name="Set Variable" owner="BuiltIn">
<msg time="2025-06-24T12:59:41.633181" level="INFO">${TOPIC} = test_topic</msg>
<var>${TOPIC}</var>
<arg>test_topic</arg>
<doc>Returns the given values which can then be assigned to a variables.</doc>
<status status="PASS" start="2025-06-24T12:59:41.633094" elapsed="0.000105"/>
</kw>
<kw name="Set Variable" owner="BuiltIn">
<msg time="2025-06-24T12:59:41.633369" level="INFO">${PUB1} = pub1_network_tcp</msg>
<var>${PUB1}</var>
<arg>pub1_${layer_tag}</arg>
<doc>Returns the given values which can then be assigned to a variables.</doc>
<status status="PASS" start="2025-06-24T12:59:41.633266" elapsed="0.000120"/>
</kw>
<kw name="Set Variable" owner="BuiltIn">
<msg time="2025-06-24T12:59:41.633548" level="INFO">${PUB2} = pub2_network_tcp</msg>
<var>${PUB2}</var>
<arg>pub2_${layer_tag}</arg>
<doc>Returns the given values which can then be assigned to a variables.</doc>
<status status="PASS" start="2025-06-24T12:59:41.633450" elapsed="0.000115"/>
</kw>
<kw name="Set Variable" owner="BuiltIn">
<msg time="2025-06-24T12:59:41.633727" level="INFO">${SUB1} = sub1_network_tcp</msg>
<var>${SUB1}</var>
<arg>sub1_${layer_tag}</arg>
<doc>Returns the given values which can then be assigned to a variables.</doc>
<status status="PASS" start="2025-06-24T12:59:41.633628" elapsed="0.000115"/>
</kw>
<kw name="Set Variable" owner="BuiltIn">
<msg time="2025-06-24T12:59:41.633902" level="INFO">${SUB2} = sub2_network_tcp</msg>
<var>${SUB2}</var>
<arg>sub2_${layer_tag}</arg>
<doc>Returns the given values which can then be assigned to a variables.</doc>
<status status="PASS" start="2025-06-24T12:59:41.633804" elapsed="0.000139"/>
</kw>
<kw name="Log To Console" owner="BuiltIn">
<arg>\n[INFO] Starting multi pub/sub test with ${layer_tag}</arg>
<doc>Logs the given message to the console.</doc>
<status status="PASS" start="2025-06-24T12:59:41.634014" elapsed="0.000135"/>
</kw>
<kw name="Start Container" owner="MyDockerLibrary">
<arg>${SUB1}</arg>
<arg>${IMAGE}</arg>
<arg>multi_subscriber</arg>
<arg>${layer_tag}</arg>
<arg>${TOPIC}</arg>
<arg>network=${NETWORK}</arg>
<status status="PASS" start="2025-06-24T12:59:41.634228" elapsed="0.135568"/>
</kw>
<kw name="Start Container" owner="MyDockerLibrary">
<arg>${SUB2}</arg>
<arg>${IMAGE}</arg>
<arg>multi_subscriber2</arg>
<arg>${layer_tag}</arg>
<arg>${TOPIC}</arg>
<arg>network=${NETWORK}</arg>
<status status="PASS" start="2025-06-24T12:59:41.770004" elapsed="0.125342"/>
</kw>
<kw name="Start Container" owner="MyDockerLibrary">
<arg>${PUB1}</arg>
<arg>${IMAGE}</arg>
<arg>multi_publisher</arg>
<arg>${layer_tag}</arg>
<arg>${TOPIC}</arg>
<arg>network=${NETWORK}</arg>
<status status="PASS" start="2025-06-24T12:59:41.895576" elapsed="0.130972"/>
</kw>
<kw name="Start Container" owner="MyDockerLibrary">
<arg>${PUB2}</arg>
<arg>${IMAGE}</arg>
<arg>multi_publisher2</arg>
<arg>${layer_tag}</arg>
<arg>${TOPIC}</arg>
<arg>network=${NETWORK}</arg>
<status status="PASS" start="2025-06-24T12:59:42.026777" elapsed="0.130187"/>
</kw>
<kw name="Wait For Container Exit" owner="MyDockerLibrary">
<arg>${SUB1}</arg>
<status status="PASS" start="2025-06-24T12:59:42.157164" elapsed="17.675651"/>
</kw>
<kw name="Wait For Container Exit" owner="MyDockerLibrary">
<arg>${SUB2}</arg>
<status status="PASS" start="2025-06-24T12:59:59.833045" elapsed="0.127785"/>
</kw>
<kw name="Wait For Container Exit" owner="MyDockerLibrary">
<arg>${PUB1}</arg>
<status status="PASS" start="2025-06-24T12:59:59.961203" elapsed="0.001800"/>
</kw>
<kw name="Wait For Container Exit" owner="MyDockerLibrary">
<arg>${PUB2}</arg>
<status status="PASS" start="2025-06-24T12:59:59.963136" elapsed="0.001118"/>
</kw>
<kw name="Get Container Logs" owner="MyDockerLibrary">
<msg time="2025-06-24T12:59:59.966671" level="INFO">${log1} = [Entrypoint] Starting multi_subscriber in mode network_tcp
[Multi Subscriber] Waiting for messages...
[Multi Subscriber] Received value: 43
[Multi Subscriber] Received value: 42
[Multi Subscriber] Rec...</msg>
<var>${log1}</var>
<arg>${SUB1}</arg>
<status status="PASS" start="2025-06-24T12:59:59.964345" elapsed="0.002403"/>
</kw>
<kw name="Log To Console" owner="BuiltIn">
<arg>\n[CONTAINER LOG: SUBSCRIBER 1]\n${log1}</arg>
<doc>Logs the given message to the console.</doc>
<status status="PASS" start="2025-06-24T12:59:59.966838" elapsed="0.000209"/>
</kw>
<kw name="Get Container Logs" owner="MyDockerLibrary">
<msg time="2025-06-24T12:59:59.969893" level="INFO">${log2} = [Entrypoint] Starting multi_subscriber2 in mode network_tcp
[Multi Subscriber] Waiting for messages...
[Multi Subscriber] Received value: 43
[Multi Subscriber] Received value: 42
[Multi Subscriber] Re...</msg>
<var>${log2}</var>
<arg>${SUB2}</arg>
<status status="PASS" start="2025-06-24T12:59:59.967152" elapsed="0.002799"/>
</kw>
<kw name="Log To Console" owner="BuiltIn">
<arg>\n[CONTAINER LOG: SUBSCRIBER 2]\n${log2}</arg>
<doc>Logs the given message to the console.</doc>
<status status="PASS" start="2025-06-24T12:59:59.970044" elapsed="0.000175"/>
</kw>
<kw name="Wait For Container Exit" owner="MyDockerLibrary">
<msg time="2025-06-24T12:59:59.971443" level="INFO">${exit1} = 0</msg>
<var>${exit1}</var>
<arg>${SUB1}</arg>
<status status="PASS" start="2025-06-24T12:59:59.970333" elapsed="0.001134"/>
</kw>
<kw name="Wait For Container Exit" owner="MyDockerLibrary">
<msg time="2025-06-24T12:59:59.972458" level="INFO">${exit2} = 0</msg>
<var>${exit2}</var>
<arg>${SUB2}</arg>
<status status="PASS" start="2025-06-24T12:59:59.971548" elapsed="0.000934"/>
</kw>
<kw name="Should Be Equal As Integers" owner="BuiltIn">
<msg time="2025-06-24T12:59:59.972705" level="INFO">Argument types are:
&lt;class 'int'&gt;
&lt;class 'str'&gt;</msg>
<arg>${exit1}</arg>
<arg>0</arg>
<arg>Subscriber 1 failed!</arg>
<doc>Fails if objects are unequal after converting them to integers.</doc>
<status status="PASS" start="2025-06-24T12:59:59.972566" elapsed="0.000186"/>
</kw>
<kw name="Should Be Equal As Integers" owner="BuiltIn">
<msg time="2025-06-24T12:59:59.972969" level="INFO">Argument types are:
&lt;class 'int'&gt;
&lt;class 'str'&gt;</msg>
<arg>${exit2}</arg>
<arg>0</arg>
<arg>Subscriber 2 failed!</arg>
<doc>Fails if objects are unequal after converting them to integers.</doc>
<status status="PASS" start="2025-06-24T12:59:59.972831" elapsed="0.000180"/>
</kw>
<kw name="Log Test Summary" owner="MyDockerLibrary">
<arg>Multi Pub/Sub Test ${layer_tag}</arg>
<arg>${True}</arg>
<status status="PASS" start="2025-06-24T12:59:59.973086" elapsed="0.000149"/>
</kw>
<kw name="Stop Container" owner="MyDockerLibrary">
<arg>${SUB1}</arg>
<status status="PASS" start="2025-06-24T12:59:59.973319" elapsed="0.005300"/>
</kw>
<kw name="Stop Container" owner="MyDockerLibrary">
<arg>${SUB2}</arg>
<status status="PASS" start="2025-06-24T12:59:59.978704" elapsed="0.005027"/>
</kw>
<kw name="Stop Container" owner="MyDockerLibrary">
<arg>${PUB1}</arg>
<status status="PASS" start="2025-06-24T12:59:59.983818" elapsed="0.006138"/>
</kw>
<kw name="Stop Container" owner="MyDockerLibrary">
<arg>${PUB2}</arg>
<status status="PASS" start="2025-06-24T12:59:59.990094" elapsed="0.005359"/>
</kw>
<kw name="Sleep" owner="BuiltIn">
<msg time="2025-06-24T13:00:00.995860" level="INFO">Slept 1 second.</msg>
<arg>1s</arg>
<doc>Pauses the test executed for the given time.</doc>
<status status="PASS" start="2025-06-24T12:59:59.995578" elapsed="1.000443"/>
</kw>
<arg>network_tcp</arg>
<arg>network</arg>
<status status="PASS" start="2025-06-24T12:59:41.632567" elapsed="19.363545"/>
</kw>
<tag>multi_pub_sub_network_tcp</tag>
<status status="PASS" start="2025-06-24T12:59:41.632085" elapsed="19.364157"/>
</test>
<status status="FAIL" start="2025-06-24T12:58:11.229210" elapsed="109.768255"/>
</suite>
<suite id="s1-s4" name="Network Crash" source="/home/runner/work/ECAL_Test_Framework/ECAL_Test_Framework/integration_tests/network_crash/robottests/network_crash.robot">
<kw name="Init Test Context" type="SETUP">
<kw name="Set Test Context" owner="GlobalPathsLibrary">
<arg>network_crash</arg>
<arg>network_crash</arg>
<doc>Sets the test folder (e.g. basic_pub_sub or message_validation) and tag prefix (e.g. basic_pub_sub).
Should be called once in Suite Setup if you're using non-default test cases.</doc>
<status status="PASS" start="2025-06-24T13:00:01.000853" elapsed="0.000145"/>
</kw>
<kw name="Get Build Script Path" owner="GlobalPathsLibrary">
<msg time="2025-06-24T13:00:01.001173" level="INFO">${build} = /home/runner/work/ECAL_Test_Framework/ECAL_Test_Framework/integration_tests/network_crash/scripts/build_images.sh</msg>
<var>${build}</var>
<status status="PASS" start="2025-06-24T13:00:01.001081" elapsed="0.000112"/>
</kw>
<kw name="Get Network Name" owner="GlobalPathsLibrary">
<msg time="2025-06-24T13:00:01.001332" level="INFO">${net} = ecal_test_net</msg>
<var>${net}</var>
<status status="PASS" start="2025-06-24T13:00:01.001256" elapsed="0.000093"/>
</kw>
<kw name="Get Build Script Args" owner="GlobalPathsLibrary">
<msg time="2025-06-24T13:00:01.001481" level="INFO">${args} = ['network_crash']</msg>
<var>${args}</var>
<status status="PASS" start="2025-06-24T13:00:01.001407" elapsed="0.000091"/>
</kw>
<kw name="Set Suite Variable" owner="BuiltIn">
<msg time="2025-06-24T13:00:01.001706" level="INFO">${BUILD_SCRIPT} = /home/runner/work/ECAL_Test_Framework/ECAL_Test_Framework/integration_tests/network_crash/scripts/build_images.sh</msg>
<arg>${BUILD_SCRIPT}</arg>
<arg>${build}</arg>
<doc>Makes a variable available everywhere within the scope of the current suite.</doc>
<status status="PASS" start="2025-06-24T13:00:01.001572" elapsed="0.000163"/>
</kw>
<kw name="Set Suite Variable" owner="BuiltIn">
<msg time="2025-06-24T13:00:01.001949" level="INFO">${NETWORK} = ecal_test_net</msg>
<arg>${NETWORK}</arg>
<arg>${net}</arg>
<doc>Makes a variable available everywhere within the scope of the current suite.</doc>
<status status="PASS" start="2025-06-24T13:00:01.001807" elapsed="0.000177"/>
</kw>
<kw name="Log To Console" owner="BuiltIn">
<arg>[SETUP] Building image...</arg>
<doc>Logs the given message to the console.</doc>
<status status="PASS" start="2025-06-24T13:00:01.002056" elapsed="0.000107"/>
</kw>
<kw name="Run Process" owner="Process">
<msg time="2025-06-24T13:00:01.002406" level="INFO">Starting process:
/home/runner/work/ECAL_Test_Framework/ECAL_Test_Framework/integration_tests/network_crash/scripts/build_images.sh network_crash</msg>
<msg time="2025-06-24T13:00:01.002941" level="INFO">Waiting for process to complete.</msg>
<msg time="2025-06-24T13:00:10.021484" level="INFO">Process completed.</msg>
<msg time="2025-06-24T13:00:10.021662" level="INFO">${result} = &lt;result object with rc 0&gt;</msg>
<var>${result}</var>
<arg>${BUILD_SCRIPT}</arg>
<arg>@{args}</arg>
<doc>Runs a process and waits for it to complete.</doc>
<status status="PASS" start="2025-06-24T13:00:01.002256" elapsed="9.019433"/>
</kw>
<kw name="Should Be Equal As Integers" owner="BuiltIn">
<msg time="2025-06-24T13:00:10.022373" level="INFO">Argument types are:
&lt;class 'int'&gt;
&lt;class 'str'&gt;</msg>
<arg>${result.rc}</arg>
<arg>0</arg>
<arg>Docker image build failed!</arg>
<doc>Fails if objects are unequal after converting them to integers.</doc>
<status status="PASS" start="2025-06-24T13:00:10.021848" elapsed="0.000577"/>
</kw>
<kw name="Create Docker Network" owner="MyDockerLibrary">
<arg>${NETWORK}</arg>
<status status="PASS" start="2025-06-24T13:00:10.022512" elapsed="0.007564"/>
</kw>
<kw name="Sleep" owner="BuiltIn">
<msg time="2025-06-24T13:00:12.030503" level="INFO">Slept 2 seconds.</msg>
<arg>2s</arg>
<doc>Pauses the test executed for the given time.</doc>
<status status="PASS" start="2025-06-24T13:00:10.030215" elapsed="2.000419"/>
</kw>
<status status="PASS" start="2025-06-24T13:00:01.000701" elapsed="11.030025"/>
</kw>
<test id="s1-s4-t1" name="Local communication survives Network crash" line="45">
<kw name="Run Network Crash Survival Test">
<kw name="Set Variable" owner="BuiltIn">
<msg time="2025-06-24T13:00:12.031790" level="INFO">${IMAGE} = network_crash_local_udp</msg>
<var>${IMAGE}</var>
<arg>${BASE_IMAGE}_local_udp</arg>
<doc>Returns the given values which can then be assigned to a variables.</doc>
<status status="PASS" start="2025-06-24T13:00:12.031648" elapsed="0.000164"/>
</kw>
<kw name="Set Variable" owner="BuiltIn">
<msg time="2025-06-24T13:00:12.032232" level="INFO">${TOPIC} = test_topic</msg>
<var>${TOPIC}</var>
<arg>test_topic</arg>
<doc>Returns the given values which can then be assigned to a variables.</doc>
<status status="PASS" start="2025-06-24T13:00:12.031887" elapsed="0.000365"/>
</kw>
<kw name="Set Variable" owner="BuiltIn">
<msg time="2025-06-24T13:00:12.032410" level="INFO">${NET_PUB} = udp_network_pub</msg>
<var>${NET_PUB}</var>
<arg>udp_network_pub</arg>
<doc>Returns the given values which can then be assigned to a variables.</doc>
<status status="PASS" start="2025-06-24T13:00:12.032327" elapsed="0.000100"/>
</kw>
<kw name="Set Variable" owner="BuiltIn">
<msg time="2025-06-24T13:00:12.032576" level="INFO">${LOCAL_ALL} = udp_local_all</msg>
<var>${LOCAL_ALL}</var>
<arg>udp_local_all</arg>
<doc>Returns the given values which can then be assigned to a variables.</doc>
<status status="PASS" start="2025-06-24T13:00:12.032495" elapsed="0.000098"/>
</kw>
<kw name="Log To Console" owner="BuiltIn">
<arg>\n\n[INFO] Starting "LOCAL UDP (PUB1 + SUB + PUB3)" in one container and "NETWORK UDP (PUB2)" separately...</arg>
<doc>Logs the given message to the console.</doc>
<status status="PASS" start="2025-06-24T13:00:12.032660" elapsed="0.000110"/>
</kw>
<kw name="Start Container" owner="MyDockerLibrary">
<arg>${LOCAL_ALL}</arg>
<arg>${IMAGE}</arg>
<arg>udp_local_all</arg>
<arg>${TOPIC}</arg>
<arg>${LOCAL_ALL}</arg>
<arg>network=${NETWORK}</arg>
<status status="PASS" start="2025-06-24T13:00:12.032868" elapsed="0.131111"/>
</kw>
<kw name="Start Container" owner="MyDockerLibrary">
<arg>${NET_PUB}</arg>
<arg>${IMAGE}</arg>
<arg>udp_network_pub</arg>
<arg>${TOPIC}</arg>
<arg>${NET_PUB}</arg>
<arg>network=${NETWORK}</arg>
<status status="PASS" start="2025-06-24T13:00:12.164219" elapsed="0.128463"/>
</kw>
<kw name="Log To Console" owner="BuiltIn">
<arg>\n[INFO] Letting PUB1 and PUB2 run in parallel for 7s...</arg>
<doc>Logs the given message to the console.</doc>
<status status="PASS" start="2025-06-24T13:00:12.292889" elapsed="0.000219"/>
</kw>
<kw name="Sleep" owner="BuiltIn">
<msg time="2025-06-24T13:00:19.293505" level="INFO">Slept 7 seconds.</msg>
<arg>7s</arg>
<doc>Pauses the test executed for the given time.</doc>
<status status="PASS" start="2025-06-24T13:00:12.293214" elapsed="7.000425"/>
</kw>
<kw name="Log To Console" owner="BuiltIn">
<arg>\n[SIMULATION] Disconnecting NETWORK UDP Publisher...</arg>
<doc>Logs the given message to the console.</doc>
<status status="PASS" start="2025-06-24T13:00:19.293836" elapsed="0.000257"/>
</kw>
<kw name="Disconnect Container From Network">
<kw name="Log To Console" owner="BuiltIn">
<arg>\n[SIMULATION] Disconnecting ${container} from ${network} (simulate network failure)...</arg>
<doc>Logs the given message to the console.</doc>
<status status="PASS" start="2025-06-24T13:00:19.294625" elapsed="0.000159"/>
</kw>
<kw name="Run Process" owner="Process">
<msg time="2025-06-24T13:00:19.295097" level="INFO">Starting process:
docker network disconnect ecal_test_net udp_network_pub</msg>
<msg time="2025-06-24T13:00:19.295849" level="INFO">Waiting for process to complete.</msg>
<msg time="2025-06-24T13:00:19.336570" level="INFO">Process completed.</msg>
<msg time="2025-06-24T13:00:19.336776" level="INFO">${result} = &lt;result object with rc 0&gt;</msg>
<var>${result}</var>
<arg>docker</arg>
<arg>network</arg>
<arg>disconnect</arg>
<arg>${network}</arg>
<arg>${container}</arg>
<doc>Runs a process and waits for it to complete.</doc>
<status status="PASS" start="2025-06-24T13:00:19.294897" elapsed="0.041914"/>
</kw>
<kw name="Should Be Equal As Integers" owner="BuiltIn">
<msg time="2025-06-24T13:00:19.337536" level="INFO">Argument types are:
&lt;class 'int'&gt;
&lt;class 'str'&gt;</msg>
<arg>${result.rc}</arg>
<arg>0</arg>
<arg>Failed to disconnect ${container} from ${network}</arg>
<doc>Fails if objects are unequal after converting them to integers.</doc>
<status status="PASS" start="2025-06-24T13:00:19.337019" elapsed="0.000567"/>
</kw>
<kw name="Sleep" owner="BuiltIn">
<msg time="2025-06-24T13:00:20.337914" level="INFO">Slept 1 second.</msg>
<arg>1s</arg>
<doc>Pauses the test executed for the given time.</doc>
<status status="PASS" start="2025-06-24T13:00:19.337668" elapsed="1.000418"/>
</kw>
<arg>${NET_PUB}</arg>
<arg>${NETWORK}</arg>
<status status="PASS" start="2025-06-24T13:00:19.294320" elapsed="1.043868"/>
</kw>
<kw name="Wait For Container Exit" owner="MyDockerLibrary">
<arg>${LOCAL_ALL}</arg>
<status status="PASS" start="2025-06-24T13:00:20.338329" elapsed="21.886481"/>
</kw>
<kw name="Get Container Logs" owner="MyDockerLibrary">
<msg time="2025-06-24T13:00:42.230595" level="INFO">${log_local} = [Entrypoint] Starting UDP subscriber, then UDP publisher...
[Publisher] Waiting for at least 1 subscriber(s) on topic: test_topic
[Publisher] Found 1 subscriber(s). Proceeding to send messages.
[Subsc...</msg>
<var>${log_local}</var>
<arg>${LOCAL_ALL}</arg>
<status status="PASS" start="2025-06-24T13:00:42.225468" elapsed="0.005159"/>
</kw>
<kw name="Log To Console" owner="BuiltIn">
<arg>\n[LOG: LOCAL UDP PUB + SUB + PUB3 CONTAINER]\n${log_local}</arg>
<doc>Logs the given message to the console.</doc>
<status status="PASS" start="2025-06-24T13:00:42.230745" elapsed="0.000234"/>
</kw>
<kw name="Wait For Container Exit" owner="MyDockerLibrary">
<msg time="2025-06-24T13:00:42.232097" level="INFO">${exit_code} = 0</msg>
<var>${exit_code}</var>
<arg>${LOCAL_ALL}</arg>
<status status="PASS" start="2025-06-24T13:00:42.231093" elapsed="0.001028"/>
</kw>
<kw name="Should Be Equal As Integers" owner="BuiltIn">
<msg time="2025-06-24T13:00:42.232348" level="INFO">Argument types are:
&lt;class 'int'&gt;
&lt;class 'str'&gt;</msg>
<arg>${exit_code}</arg>
<arg>0</arg>
<arg>LOCAL container (PUB + SUB + PUB3) failed unexpectedly!</arg>
<doc>Fails if objects are unequal after converting them to integers.</doc>
<status status="PASS" start="2025-06-24T13:00:42.232205" elapsed="0.000188"/>
</kw>
<kw name="Log Test Summary" owner="MyDockerLibrary">
<arg>Network Crash Test with Local Recovery Publisher</arg>
<arg>${True}</arg>
<status status="PASS" start="2025-06-24T13:00:42.232471" elapsed="0.000127"/>
</kw>
<status status="PASS" start="2025-06-24T13:00:12.031357" elapsed="30.201308"/>
</kw>
<tag>network_crash_test</tag>
<status status="PASS" start="2025-06-24T13:00:12.030799" elapsed="30.201954"/>
</test>
<status status="PASS" start="2025-06-24T13:00:00.998096" elapsed="41.235420"/>
</suite>
<suite id="s1-s5" name="Pub Crash" source="/home/runner/work/ECAL_Test_Framework/ECAL_Test_Framework/integration_tests/pub_crash/robottests/pub_crash.robot">
<kw name="Init Test Context" type="SETUP">
<kw name="Set Test Context" owner="GlobalPathsLibrary">
<arg>pub_crash</arg>
<arg>pub_crash</arg>
<doc>Sets the test folder (e.g. basic_pub_sub or message_validation) and tag prefix (e.g. basic_pub_sub).
Should be called once in Suite Setup if you're using non-default test cases.</doc>
<status status="PASS" start="2025-06-24T13:00:42.236672" elapsed="0.000104"/>
</kw>
<kw name="Get Build Script Path" owner="GlobalPathsLibrary">
<msg time="2025-06-24T13:00:42.236968" level="INFO">${build} = /home/runner/work/ECAL_Test_Framework/ECAL_Test_Framework/integration_tests/pub_crash/scripts/build_images.sh</msg>
<var>${build}</var>
<status status="PASS" start="2025-06-24T13:00:42.236854" elapsed="0.000137"/>
</kw>
<kw name="Get Network Name" owner="GlobalPathsLibrary">
<msg time="2025-06-24T13:00:42.237141" level="INFO">${net} = ecal_test_net</msg>
<var>${net}</var>
<status status="PASS" start="2025-06-24T13:00:42.237061" elapsed="0.000099"/>
</kw>
<kw name="Get Build Script Args" owner="GlobalPathsLibrary">
<msg time="2025-06-24T13:00:42.237302" level="INFO">${args} = ['pub_crash']</msg>
<var>${args}</var>
<status status="PASS" start="2025-06-24T13:00:42.237223" elapsed="0.000138"/>
</kw>
<kw name="Set Suite Variable" owner="BuiltIn">
<msg time="2025-06-24T13:00:42.237580" level="INFO">${BUILD_SCRIPT} = /home/runner/work/ECAL_Test_Framework/ECAL_Test_Framework/integration_tests/pub_crash/scripts/build_images.sh</msg>
<arg>${BUILD_SCRIPT}</arg>
<arg>${build}</arg>
<doc>Makes a variable available everywhere within the scope of the current suite.</doc>
<status status="PASS" start="2025-06-24T13:00:42.237443" elapsed="0.000167"/>
</kw>
<kw name="Set Suite Variable" owner="BuiltIn">
<msg time="2025-06-24T13:00:42.237798" level="INFO">${NETWORK} = ecal_test_net</msg>
<arg>${NETWORK}</arg>
<arg>${net}</arg>
<doc>Makes a variable available everywhere within the scope of the current suite.</doc>
<status status="PASS" start="2025-06-24T13:00:42.237683" elapsed="0.000143"/>
</kw>
<kw name="Log To Console" owner="BuiltIn">
<arg>[SETUP] Building Docker image...</arg>
<doc>Logs the given message to the console.</doc>
<status status="PASS" start="2025-06-24T13:00:42.237890" elapsed="0.000127"/>
</kw>
<kw name="Run Process" owner="Process">
<msg time="2025-06-24T13:00:42.238259" level="INFO">Starting process:
/home/runner/work/ECAL_Test_Framework/ECAL_Test_Framework/integration_tests/pub_crash/scripts/build_images.sh pub_crash</msg>
<msg time="2025-06-24T13:00:42.238617" level="INFO">Waiting for process to complete.</msg>
<msg time="2025-06-24T13:00:51.433466" level="INFO">Process completed.</msg>
<msg time="2025-06-24T13:00:51.433655" level="INFO">${result} = &lt;result object with rc 0&gt;</msg>
<var>${result}</var>
<arg>${BUILD_SCRIPT}</arg>
<arg>@{args}</arg>
<doc>Runs a process and waits for it to complete.</doc>
<status status="PASS" start="2025-06-24T13:00:42.238106" elapsed="9.195576"/>
</kw>
<kw name="Should Be Equal As Integers" owner="BuiltIn">
<msg time="2025-06-24T13:00:51.434373" level="INFO">Argument types are:
&lt;class 'int'&gt;
&lt;class 'str'&gt;</msg>
<arg>${result.rc}</arg>
<arg>0</arg>
<arg>Docker build failed!</arg>
<doc>Fails if objects are unequal after converting them to integers.</doc>
<status status="PASS" start="2025-06-24T13:00:51.433847" elapsed="0.000577"/>
</kw>
<kw name="Create Docker Network" owner="MyDockerLibrary">
<arg>${NETWORK}</arg>
<status status="PASS" start="2025-06-24T13:00:51.434511" elapsed="0.008195"/>
</kw>
<kw name="Sleep" owner="BuiltIn">
<msg time="2025-06-24T13:00:54.443169" level="INFO">Slept 3 seconds.</msg>
<arg>3s</arg>
<doc>Pauses the test executed for the given time.</doc>
<status status="PASS" start="2025-06-24T13:00:51.442869" elapsed="3.000426"/>
</kw>
<status status="PASS" start="2025-06-24T13:00:42.236542" elapsed="12.206843"/>
</kw>
<test id="s1-s5-t1" name="Communication Continues After Publisher Crash (UDP)" line="30">
<kw name="Run Network Communication Test">
<kw name="Set Variable" owner="BuiltIn">
<msg time="2025-06-24T13:00:54.444793" level="INFO">${IMAGE} = pub_crash_network_udp</msg>
<var>${IMAGE}</var>
<arg>${BASE_IMAGE}_${layer_tag}</arg>
<doc>Returns the given values which can then be assigned to a variables.</doc>
<status status="PASS" start="2025-06-24T13:00:54.444349" elapsed="0.000471"/>
</kw>
<kw name="Set Variable" owner="BuiltIn">
<msg time="2025-06-24T13:00:54.445050" level="INFO">${TOPIC} = test_topic</msg>
<var>${TOPIC}</var>
<arg>test_topic</arg>
<doc>Returns the given values which can then be assigned to a variables.</doc>
<status status="PASS" start="2025-06-24T13:00:54.444909" elapsed="0.000162"/>
</kw>
<kw name="Set Variable" owner="BuiltIn">
<msg time="2025-06-24T13:00:54.445275" level="INFO">${CRASH_PUB} = crash_pub_network_udp</msg>
<var>${CRASH_PUB}</var>
<arg>crash_pub_${layer_tag}</arg>
<doc>Returns the given values which can then be assigned to a variables.</doc>
<status status="PASS" start="2025-06-24T13:00:54.445154" elapsed="0.000142"/>
</kw>
<kw name="Set Variable" owner="BuiltIn">
<msg time="2025-06-24T13:00:54.445473" level="INFO">${TEST_PUB} = test_pub_network_udp</msg>
<var>${TEST_PUB}</var>
<arg>test_pub_${layer_tag}</arg>
<doc>Returns the given values which can then be assigned to a variables.</doc>
<status status="PASS" start="2025-06-24T13:00:54.445369" elapsed="0.000121"/>
</kw>
<kw name="Set Variable" owner="BuiltIn">
<msg time="2025-06-24T13:00:54.445663" level="INFO">${SUB_NAME} = sub_network_udp</msg>
<var>${SUB_NAME}</var>
<arg>sub_${layer_tag}</arg>
<doc>Returns the given values which can then be assigned to a variables.</doc>
<status status="PASS" start="2025-06-24T13:00:54.445558" elapsed="0.000123"/>
</kw>
<kw name="Log To Console" owner="BuiltIn">
<arg>\n[INFO] Starting communication continuity test with ${layer_tag}</arg>
<doc>Logs the given message to the console.</doc>
<status status="PASS" start="2025-06-24T13:00:54.445749" elapsed="0.000130"/>
</kw>
<kw name="Start Container" owner="MyDockerLibrary">
<arg>${SUB_NAME}</arg>
<arg>${IMAGE}</arg>
<arg>subscriber</arg>
<arg>${layer_tag}</arg>
<arg>${TOPIC}</arg>
<arg>network=${NETWORK}</arg>
<status status="PASS" start="2025-06-24T13:00:54.445990" elapsed="0.140487"/>
</kw>
<kw name="Start Container" owner="MyDockerLibrary">
<arg>${CRASH_PUB}</arg>
<arg>${IMAGE}</arg>
<arg>crash_publisher</arg>
<arg>${layer_tag}</arg>
<arg>${TOPIC}</arg>
<arg>network=${NETWORK}</arg>
<status status="PASS" start="2025-06-24T13:00:54.586672" elapsed="0.132886"/>
</kw>
<kw name="Start Container" owner="MyDockerLibrary">
<arg>${TEST_PUB}</arg>
<arg>${IMAGE}</arg>
<arg>test_publisher</arg>
<arg>${layer_tag}</arg>
<arg>${TOPIC}</arg>
<arg>${TEST_PUB}</arg>
<arg>network=${NETWORK}</arg>
<status status="PASS" start="2025-06-24T13:00:54.719766" elapsed="0.130539"/>
</kw>
<kw name="Wait For Container Exit" owner="MyDockerLibrary">
<arg>${SUB_NAME}</arg>
<status status="PASS" start="2025-06-24T13:00:54.850522" elapsed="34.801248"/>
</kw>
<kw name="Wait For Container Exit" owner="MyDockerLibrary">
<arg>${CRASH_PUB}</arg>
<status status="PASS" start="2025-06-24T13:01:29.652064" elapsed="0.001638"/>
</kw>
<kw name="Wait For Container Exit" owner="MyDockerLibrary">
<arg>${TEST_PUB}</arg>
<status status="PASS" start="2025-06-24T13:01:29.653850" elapsed="0.001266"/>
</kw>
<kw name="Get Container Logs" owner="MyDockerLibrary">
[...]
</kw>
<kw name="Log To Console" owner="BuiltIn">
<arg>\n[LOCAL TEST CONTAINER OUTPUT]\n${logs}</arg>
<doc>Logs the given message to the console.</doc>
<status status="PASS" start="2025-06-24T13:07:44.958778" elapsed="0.000212"/>
</kw>
<kw name="Wait For Container Exit" owner="MyDockerLibrary">
<msg time="2025-06-24T13:07:44.960433" level="INFO">${exit_code} = 0</msg>
<var>${exit_code}</var>
<arg>${CONTAINER}</arg>
<status status="PASS" start="2025-06-24T13:07:44.959102" elapsed="0.001361"/>
</kw>
<kw name="Should Be Equal As Integers" owner="BuiltIn">
<msg time="2025-06-24T13:07:44.960757" level="INFO">Argument types are:
&lt;class 'int'&gt;
&lt;class 'str'&gt;</msg>
<arg>${exit_code}</arg>
<arg>0</arg>
<arg>Local container failed!</arg>
<doc>Fails if objects are unequal after converting them to integers.</doc>
<status status="PASS" start="2025-06-24T13:07:44.960570" elapsed="0.000250"/>
</kw>
<kw name="Get Container Logs" owner="MyDockerLibrary">
<msg time="2025-06-24T13:07:44.963371" level="INFO">${logs} = [Entrypoint] Starting all processes locally in one container (mode local_tcp)
[Publisher] Prepared 100MB message.
[Publisher] Waiting for at least 2 subscriber(s) on topic: test_topic
1750770431958 ms...</msg>
<var>${logs}</var>
<arg>${CONTAINER}</arg>
<status status="PASS" start="2025-06-24T13:07:44.960961" elapsed="0.002436"/>
</kw>
<kw name="Log Test Summary" owner="MyDockerLibrary">
<arg>Local Crash Receive Test ${layer_tag}</arg>
<arg>${True}</arg>
<status status="PASS" start="2025-06-24T13:07:44.963477" elapsed="0.000160"/>
</kw>
<kw name="Stop Container" owner="MyDockerLibrary">
<arg>${CONTAINER}</arg>
<status status="PASS" start="2025-06-24T13:07:44.963748" elapsed="0.005288"/>
</kw>
<arg>local_tcp</arg>
<status status="PASS" start="2025-06-24T13:07:09.818712" elapsed="35.150389"/>
</kw>
<tag>crash_receive_local_tcp</tag>
<status status="PASS" start="2025-06-24T13:07:09.818367" elapsed="35.150834"/>
</test>
<test id="s1-s7-t4" name="Crash During Reception (Network UDP)" line="53">
<kw name="Run Network Crash Receive Test">
<kw name="Set Variable" owner="BuiltIn">
<msg time="2025-06-24T13:07:44.970597" level="INFO">${IMAGE} = sub_send_crash_network_udp</msg>
<var>${IMAGE}</var>
<arg>${BASE_IMAGE}_${layer_tag}</arg>
<doc>Returns the given values which can then be assigned to a variables.</doc>
<status status="PASS" start="2025-06-24T13:07:44.970458" elapsed="0.000160"/>
</kw>
<kw name="Set Variable" owner="BuiltIn">
<msg time="2025-06-24T13:07:44.970777" level="INFO">${TOPIC} = test_topic</msg>
<var>${TOPIC}</var>
<arg>test_topic</arg>
<doc>Returns the given values which can then be assigned to a variables.</doc>
<status status="PASS" start="2025-06-24T13:07:44.970693" elapsed="0.000101"/>
</kw>
<kw name="Set Variable" owner="BuiltIn">
<msg time="2025-06-24T13:07:44.971002" level="INFO">${SUB_OK} = sub_ok_network_udp</msg>
<var>${SUB_OK}</var>
<arg>sub_ok_${layer_tag}</arg>
<doc>Returns the given values which can then be assigned to a variables.</doc>
<status status="PASS" start="2025-06-24T13:07:44.970862" elapsed="0.000160"/>
</kw>
<kw name="Set Variable" owner="BuiltIn">
<msg time="2025-06-24T13:07:44.971197" level="INFO">${SUB_CRASH} = sub_crash_network_udp</msg>
<var>${SUB_CRASH}</var>
<arg>sub_crash_${layer_tag}</arg>
<doc>Returns the given values which can then be assigned to a variables.</doc>
<status status="PASS" start="2025-06-24T13:07:44.971092" elapsed="0.000165"/>
</kw>
<kw name="Set Variable" owner="BuiltIn">
<msg time="2025-06-24T13:07:44.971448" level="INFO">${PUBLISHER} = pub_network_udp</msg>
<var>${PUBLISHER}</var>
<arg>pub_${layer_tag}</arg>
<doc>Returns the given values which can then be assigned to a variables.</doc>
<status status="PASS" start="2025-06-24T13:07:44.971341" elapsed="0.000124"/>
</kw>
<kw name="Log To Console" owner="BuiltIn">
<arg>\n[INFO] Starting crash test in NETWORK mode: ${layer_tag}</arg>
<doc>Logs the given message to the console.</doc>
<status status="PASS" start="2025-06-24T13:07:44.971532" elapsed="0.000130"/>
</kw>
<kw name="Start Container" owner="MyDockerLibrary">
<arg>${SUB_OK}</arg>
<arg>${IMAGE}</arg>
<arg>test_subscriber</arg>
<arg>${layer_tag}</arg>
<arg>${TOPIC}</arg>
<arg>${SUB_OK}</arg>
<arg>network=${NETWORK}</arg>
<status status="PASS" start="2025-06-24T13:07:44.971753" elapsed="0.137997"/>
</kw>
<kw name="Start Container" owner="MyDockerLibrary">
<arg>${SUB_CRASH}</arg>
<arg>${IMAGE}</arg>
<arg>crash_subscriber</arg>
<arg>${layer_tag}</arg>
<arg>${TOPIC}</arg>
<arg>${SUB_CRASH}</arg>
<arg>network=${NETWORK}</arg>
<status status="PASS" start="2025-06-24T13:07:45.109976" elapsed="0.143086"/>
</kw>
<kw name="Start Container" owner="MyDockerLibrary">
<arg>${PUBLISHER}</arg>
<arg>${IMAGE}</arg>
<arg>large_publisher</arg>
<arg>${layer_tag}</arg>
<arg>${TOPIC}</arg>
<arg>${PUBLISHER}</arg>
<arg>network=${NETWORK}</arg>
<status status="PASS" start="2025-06-24T13:07:45.253295" elapsed="0.126474"/>
</kw>
<kw name="Wait For Container Exit" owner="MyDockerLibrary">
<arg>${SUB_OK}</arg>
<status status="PASS" start="2025-06-24T13:07:45.380014" elapsed="30.796515"/>
</kw>
<kw name="Wait For Container Exit" owner="MyDockerLibrary">
<arg>${SUB_CRASH}</arg>
<status status="PASS" start="2025-06-24T13:08:16.176765" elapsed="0.002490"/>
</kw>
<kw name="Wait For Container Exit" owner="MyDockerLibrary">
<arg>${PUBLISHER}</arg>
<status status="PASS" start="2025-06-24T13:08:16.179399" elapsed="0.001108"/>
</kw>
<kw name="Get Container Logs" owner="MyDockerLibrary">
<msg time="2025-06-24T13:08:16.182812" level="INFO">${log1} = [Entrypoint] Starting stable subscriber in mode network_udp
[Test_Sub] Ready and waiting...
[Test_Sub] Received 52428800 bytes (message 1)
[Test_Sub] Received 52428800 bytes (message 2)
[Test_Sub] Rec...</msg>
<var>${log1}</var>
<arg>${SUB_OK}</arg>
<status status="PASS" start="2025-06-24T13:08:16.180600" elapsed="0.002242"/>
</kw>
<kw name="Get Container Logs" owner="MyDockerLibrary">
<msg time="2025-06-24T13:08:16.184998" level="INFO">${log2} = [Entrypoint] Starting crashing subscriber in mode network_udp
[Crash_Sub] Listening to topic 'test_topic' in mode 'network_udp'
[Crash_Sub] Received 52428800 bytes
[Crash_Sub] Simulating crash after 2...</msg>
<var>${log2}</var>
<arg>${SUB_CRASH}</arg>
<status status="PASS" start="2025-06-24T13:08:16.182983" elapsed="0.002042"/>
</kw>
<kw name="Get Container Logs" owner="MyDockerLibrary">
<msg time="2025-06-24T13:08:16.187128" level="INFO">${log3} = [Entrypoint] Starting large publisher in mode network_udp
[Publisher] Prepared 100MB message.
[Publisher] Waiting for at least 2 subscriber(s) on topic: test_topic
[Publisher] Found 2 subscriber(s). P...</msg>
<var>${log3}</var>
<arg>${PUBLISHER}</arg>
<status status="PASS" start="2025-06-24T13:08:16.185108" elapsed="0.002046"/>
</kw>
<kw name="Log To Console" owner="BuiltIn">
<arg>\n[LOG: SUBSCRIBER]\n${log1}</arg>
<doc>Logs the given message to the console.</doc>
<status status="PASS" start="2025-06-24T13:08:16.187242" elapsed="0.000157"/>
</kw>
<kw name="Log To Console" owner="BuiltIn">
<arg>\n[LOG: CRASH_SUBSCRIBER]\n${log2}</arg>
<doc>Logs the given message to the console.</doc>
<status status="PASS" start="2025-06-24T13:08:16.187495" elapsed="0.000173"/>
</kw>
<kw name="Log To Console" owner="BuiltIn">
<arg>\n[LOG: PUBLISHER]\n${log3}</arg>
<doc>Logs the given message to the console.</doc>
<status status="PASS" start="2025-06-24T13:08:16.187787" elapsed="0.000214"/>
</kw>
<kw name="Wait For Container Exit" owner="MyDockerLibrary">
<msg time="2025-06-24T13:08:16.189218" level="INFO">${exit1} = 0</msg>
<var>${exit1}</var>
<arg>${SUB_OK}</arg>
<status status="PASS" start="2025-06-24T13:08:16.188110" elapsed="0.001132"/>
</kw>
<kw name="Should Be Equal As Integers" owner="BuiltIn">
<msg time="2025-06-24T13:08:16.189463" level="INFO">Argument types are:
&lt;class 'int'&gt;
&lt;class 'str'&gt;</msg>
<arg>${exit1}</arg>
<arg>0</arg>
<arg>Stable subscriber failed unexpectedly!</arg>
<doc>Fails if objects are unequal after converting them to integers.</doc>
<status status="PASS" start="2025-06-24T13:08:16.189323" elapsed="0.000185"/>
</kw>
<kw name="Log Test Summary" owner="MyDockerLibrary">
<arg>Network Crash Receive Test ${layer_tag}</arg>
<arg>${True}</arg>
<status status="PASS" start="2025-06-24T13:08:16.189584" elapsed="0.000140"/>
</kw>
<kw name="Stop Container" owner="MyDockerLibrary">
<arg>${SUB_OK}</arg>
<status status="PASS" start="2025-06-24T13:08:16.189823" elapsed="0.004830"/>
</kw>
<kw name="Stop Container" owner="MyDockerLibrary">
<arg>${SUB_CRASH}</arg>
<status status="PASS" start="2025-06-24T13:08:16.194740" elapsed="0.004815"/>
</kw>
<kw name="Stop Container" owner="MyDockerLibrary">
<arg>${PUBLISHER}</arg>
<status status="PASS" start="2025-06-24T13:08:16.199645" elapsed="0.004841"/>
</kw>
<arg>network_udp</arg>
<arg>network</arg>
<status status="PASS" start="2025-06-24T13:07:44.970251" elapsed="31.234301"/>
</kw>
<tag>crash_receive_network_udp</tag>
<status status="PASS" start="2025-06-24T13:07:44.969789" elapsed="31.234864"/>
</test>
<test id="s1-s7-t5" name="Crash During Reception (Network TCP)" line="57">
<kw name="Run Network Crash Receive Test">
<kw name="Set Variable" owner="BuiltIn">
<msg time="2025-06-24T13:08:16.206333" level="INFO">${IMAGE} = sub_send_crash_network_tcp</msg>
<var>${IMAGE}</var>
<arg>${BASE_IMAGE}_${layer_tag}</arg>
<doc>Returns the given values which can then be assigned to a variables.</doc>
<status status="PASS" start="2025-06-24T13:08:16.206187" elapsed="0.000168"/>
</kw>
<kw name="Set Variable" owner="BuiltIn">
<msg time="2025-06-24T13:08:16.206515" level="INFO">${TOPIC} = test_topic</msg>
<var>${TOPIC}</var>
<arg>test_topic</arg>
<doc>Returns the given values which can then be assigned to a variables.</doc>
<status status="PASS" start="2025-06-24T13:08:16.206430" elapsed="0.000103"/>
</kw>
<kw name="Set Variable" owner="BuiltIn">
<msg time="2025-06-24T13:08:16.206711" level="INFO">${SUB_OK} = sub_ok_network_tcp</msg>
<var>${SUB_OK}</var>
<arg>sub_ok_${layer_tag}</arg>
<doc>Returns the given values which can then be assigned to a variables.</doc>
<status status="PASS" start="2025-06-24T13:08:16.206602" elapsed="0.000126"/>
</kw>
<kw name="Set Variable" owner="BuiltIn">
<msg time="2025-06-24T13:08:16.206900" level="INFO">${SUB_CRASH} = sub_crash_network_tcp</msg>
<var>${SUB_CRASH}</var>
<arg>sub_crash_${layer_tag}</arg>
<doc>Returns the given values which can then be assigned to a variables.</doc>
<status status="PASS" start="2025-06-24T13:08:16.206795" elapsed="0.000150"/>
</kw>
<kw name="Set Variable" owner="BuiltIn">
<msg time="2025-06-24T13:08:16.207130" level="INFO">${PUBLISHER} = pub_network_tcp</msg>
<var>${PUBLISHER}</var>
<arg>pub_${layer_tag}</arg>
<doc>Returns the given values which can then be assigned to a variables.</doc>
<status status="PASS" start="2025-06-24T13:08:16.207021" elapsed="0.000125"/>
</kw>
<kw name="Log To Console" owner="BuiltIn">
<arg>\n[INFO] Starting crash test in NETWORK mode: ${layer_tag}</arg>
<doc>Logs the given message to the console.</doc>
<status status="PASS" start="2025-06-24T13:08:16.207212" elapsed="0.000126"/>
</kw>
<kw name="Start Container" owner="MyDockerLibrary">
<arg>${SUB_OK}</arg>
<arg>${IMAGE}</arg>
<arg>test_subscriber</arg>
<arg>${layer_tag}</arg>
<arg>${TOPIC}</arg>
<arg>${SUB_OK}</arg>
<arg>network=${NETWORK}</arg>
<status status="PASS" start="2025-06-24T13:08:16.207440" elapsed="0.142665"/>
</kw>
<kw name="Start Container" owner="MyDockerLibrary">
<arg>${SUB_CRASH}</arg>
<arg>${IMAGE}</arg>
<arg>crash_subscriber</arg>
<arg>${layer_tag}</arg>
<arg>${TOPIC}</arg>
<arg>${SUB_CRASH}</arg>
<arg>network=${NETWORK}</arg>
<status status="PASS" start="2025-06-24T13:08:16.350372" elapsed="0.138391"/>
</kw>
<kw name="Start Container" owner="MyDockerLibrary">
<arg>${PUBLISHER}</arg>
<arg>${IMAGE}</arg>
<arg>large_publisher</arg>
<arg>${layer_tag}</arg>
<arg>${TOPIC}</arg>
<arg>${PUBLISHER}</arg>
<arg>network=${NETWORK}</arg>
<status status="PASS" start="2025-06-24T13:08:16.488974" elapsed="0.132934"/>
</kw>
<kw name="Wait For Container Exit" owner="MyDockerLibrary">
<arg>${SUB_OK}</arg>
<status status="PASS" start="2025-06-24T13:08:16.622172" elapsed="30.791867"/>
</kw>
<kw name="Wait For Container Exit" owner="MyDockerLibrary">
<arg>${SUB_CRASH}</arg>
<status status="PASS" start="2025-06-24T13:08:47.414235" elapsed="0.001422"/>
</kw>
<kw name="Wait For Container Exit" owner="MyDockerLibrary">
<arg>${PUBLISHER}</arg>
<status status="PASS" start="2025-06-24T13:08:47.415749" elapsed="0.001028"/>
</kw>
<kw name="Get Container Logs" owner="MyDockerLibrary">
<msg time="2025-06-24T13:08:47.419193" level="INFO">${log1} = [Entrypoint] Starting stable subscriber in mode network_tcp
[Test_Sub] Ready and waiting...
[Test_Sub] Received 52428800 bytes (message 1)
[Test_Sub] Received 52428800 bytes (message 2)
[Test_Sub] Rec...</msg>
<var>${log1}</var>
<arg>${SUB_OK}</arg>
<status status="PASS" start="2025-06-24T13:08:47.416867" elapsed="0.002354"/>
</kw>
<kw name="Get Container Logs" owner="MyDockerLibrary">
<msg time="2025-06-24T13:08:47.421373" level="INFO">${log2} = [Entrypoint] Starting crashing subscriber in mode network_tcp
[Crash_Sub] Listening to topic 'test_topic' in mode 'network_tcp'
[Crash_Sub] Received 52428800 bytes
[Crash_Sub] Simulating crash after 2...</msg>
<var>${log2}</var>
<arg>${SUB_CRASH}</arg>
<status status="PASS" start="2025-06-24T13:08:47.419308" elapsed="0.002091"/>
</kw>
<kw name="Get Container Logs" owner="MyDockerLibrary">
<msg time="2025-06-24T13:08:47.426432" level="INFO">${log3} = [Entrypoint] Starting large publisher in mode network_tcp
[Publisher] Prepared 100MB message.
[Publisher] Waiting for at least 2 subscriber(s) on topic: test_topic
1750770497352 ms | b4cb35547c32 | la...</msg>
<var>${log3}</var>
<arg>${PUBLISHER}</arg>
<status status="PASS" start="2025-06-24T13:08:47.421483" elapsed="0.004985"/>
</kw>
<kw name="Log To Console" owner="BuiltIn">
<arg>\n[LOG: SUBSCRIBER]\n${log1}</arg>
<doc>Logs the given message to the console.</doc>
<status status="PASS" start="2025-06-24T13:08:47.426600" elapsed="0.000215"/>
</kw>
<kw name="Log To Console" owner="BuiltIn">
<arg>\n[LOG: CRASH_SUBSCRIBER]\n${log2}</arg>
<doc>Logs the given message to the console.</doc>
<status status="PASS" start="2025-06-24T13:08:47.426957" elapsed="0.000178"/>
</kw>
<kw name="Log To Console" owner="BuiltIn">
<arg>\n[LOG: PUBLISHER]\n${log3}</arg>
<doc>Logs the given message to the console.</doc>
<status status="PASS" start="2025-06-24T13:08:47.427240" elapsed="0.000164"/>
</kw>
<kw name="Wait For Container Exit" owner="MyDockerLibrary">
<msg time="2025-06-24T13:08:47.428819" level="INFO">${exit1} = 0</msg>
<var>${exit1}</var>
<arg>${SUB_OK}</arg>
<status status="PASS" start="2025-06-24T13:08:47.427509" elapsed="0.001341"/>
</kw>
<kw name="Should Be Equal As Integers" owner="BuiltIn">
<msg time="2025-06-24T13:08:47.429182" level="INFO">Argument types are:
&lt;class 'int'&gt;
&lt;class 'str'&gt;</msg>
<arg>${exit1}</arg>
<arg>0</arg>
<arg>Stable subscriber failed unexpectedly!</arg>
<doc>Fails if objects are unequal after converting them to integers.</doc>
<status status="PASS" start="2025-06-24T13:08:47.428990" elapsed="0.000259"/>
</kw>
<kw name="Log Test Summary" owner="MyDockerLibrary">
<arg>Network Crash Receive Test ${layer_tag}</arg>
<arg>${True}</arg>
<status status="PASS" start="2025-06-24T13:08:47.429357" elapsed="0.000190"/>
</kw>
<kw name="Stop Container" owner="MyDockerLibrary">
<arg>${SUB_OK}</arg>
<status status="PASS" start="2025-06-24T13:08:47.429643" elapsed="0.005543"/>
</kw>
<kw name="Stop Container" owner="MyDockerLibrary">
<arg>${SUB_CRASH}</arg>
<status status="PASS" start="2025-06-24T13:08:47.435281" elapsed="0.005148"/>
</kw>
<kw name="Stop Container" owner="MyDockerLibrary">
<arg>${PUBLISHER}</arg>
<status status="PASS" start="2025-06-24T13:08:47.440526" elapsed="0.004973"/>
</kw>
<arg>network_tcp</arg>
<arg>network</arg>
<status status="PASS" start="2025-06-24T13:08:16.205968" elapsed="31.239597"/>
</kw>
<tag>crash_receive_network_tcp</tag>
<status status="PASS" start="2025-06-24T13:08:16.205525" elapsed="31.240143"/>
</test>
<status status="FAIL" start="2025-06-24T13:05:46.985320" elapsed="180.461661"/>
</suite>
<status status="FAIL" start="2025-06-24T12:56:32.472534" elapsed="734.975171"/>
</suite>
<statistics>
<total>
<stat pass="20" fail="6" skip="0">All Tests</stat>
</total>
<tag>
<stat pass="0" fail="1" skip="0">basic_pub_sub_local_shm</stat>
<stat pass="1" fail="0" skip="0">basic_pub_sub_local_tcp</stat>
<stat pass="1" fail="0" skip="0">basic_pub_sub_local_udp</stat>
<stat pass="1" fail="0" skip="0">basic_pub_sub_network_tcp</stat>
<stat pass="1" fail="0" skip="0">basic_pub_sub_network_udp</stat>
<stat pass="1" fail="0" skip="0">crash_receive_local_shm</stat>
<stat pass="1" fail="0" skip="0">crash_receive_local_tcp</stat>
<stat pass="1" fail="0" skip="0">crash_receive_network_tcp</stat>
<stat pass="1" fail="0" skip="0">crash_receive_network_udp</stat>
<stat pass="0" fail="1" skip="0">message_validation_malformed</stat>
<stat pass="0" fail="1" skip="0">message_validation_valid</stat>
<stat pass="0" fail="1" skip="0">multi_pub_sub_local_shm</stat>
<stat pass="1" fail="0" skip="0">multi_pub_sub_local_tcp</stat>
<stat pass="1" fail="0" skip="0">multi_pub_sub_local_udp</stat>
<stat pass="1" fail="0" skip="0">multi_pub_sub_network_tcp</stat>
<stat pass="1" fail="0" skip="0">multi_pub_sub_network_udp</stat>
<stat pass="1" fail="0" skip="0">network_crash_test</stat>
<stat pass="0" fail="1" skip="0">pub_crash_local_shm</stat>
<stat pass="2" fail="0" skip="0">pub_crash_network_tcp</stat>
<stat pass="1" fail="0" skip="0">pub_crash_network_udp</stat>
<stat pass="1" fail="0" skip="0">sub_crash_local_shm</stat>
<stat pass="1" fail="0" skip="0">sub_crash_local_tcp</stat>
<stat pass="1" fail="0" skip="0">sub_crash_local_udp</stat>
<stat pass="1" fail="0" skip="0">sub_crash_network_udp</stat>
<stat pass="0" fail="1" skip="0">zero_copy_crash_receive_local_shm</stat>
</tag>
<suite>
<stat name="Basic Pub Sub &amp; Message Validation &amp; Multi Pub Sub &amp; Network Crash &amp; Pub Crash &amp; Sub Crash &amp; Sub Send Crash" id="s1" pass="20" fail="6" skip="0">Basic Pub Sub &amp; Message Validation &amp; Multi Pub Sub &amp; Network Crash &amp; Pub Crash &amp; Sub Crash &amp; Sub Send Crash</stat>
<stat name="Basic Pub Sub" id="s1-s1" pass="4" fail="1" skip="0">Basic Pub Sub &amp; Message Validation &amp; Multi Pub Sub &amp; Network Crash &amp; Pub Crash &amp; Sub Crash &amp; Sub Send Crash.Basic Pub Sub</stat>
<stat name="Message Validation" id="s1-s2" pass="0" fail="2" skip="0">Basic Pub Sub &amp; Message Validation &amp; Multi Pub Sub &amp; Network Crash &amp; Pub Crash &amp; Sub Crash &amp; Sub Send Crash.Message Validation</stat>
<stat name="Multi Pub Sub" id="s1-s3" pass="4" fail="1" skip="0">Basic Pub Sub &amp; Message Validation &amp; Multi Pub Sub &amp; Network Crash &amp; Pub Crash &amp; Sub Crash &amp; Sub Send Crash.Multi Pub Sub</stat>
<stat name="Network Crash" id="s1-s4" pass="1" fail="0" skip="0">Basic Pub Sub &amp; Message Validation &amp; Multi Pub Sub &amp; Network Crash &amp; Pub Crash &amp; Sub Crash &amp; Sub Send Crash.Network Crash</stat>
<stat name="Pub Crash" id="s1-s5" pass="2" fail="1" skip="0">Basic Pub Sub &amp; Message Validation &amp; Multi Pub Sub &amp; Network Crash &amp; Pub Crash &amp; Sub Crash &amp; Sub Send Crash.Pub Crash</stat>
<stat name="Sub Crash" id="s1-s6" pass="5" fail="0" skip="0">Basic Pub Sub &amp; Message Validation &amp; Multi Pub Sub &amp; Network Crash &amp; Pub Crash &amp; Sub Crash &amp; Sub Send Crash.Sub Crash</stat>
<stat name="Sub Send Crash" id="s1-s7" pass="4" fail="1" skip="0">Basic Pub Sub &amp; Message Validation &amp; Multi Pub Sub &amp; Network Crash &amp; Pub Crash &amp; Sub Crash &amp; Sub Send Crash.Sub Send Crash</stat>
</suite>
</statistics>
<errors>
</errors>
</robot>
