<?xml version="1.0" encoding="UTF-8"?>
<robot generator="Robot 7.3 (Python 3.12.3 on linux)" generated="2025-06-11T15:06:53.627822" rpa="false" schemaversion="5">
<suite id="s1" name="Pub Crash" source="/home/runner/work/ECAL_Test_Framework/ECAL_Test_Framework/integration_tests/pub_crash/robottests/pub_crash.robot">
<kw name="Init Test Context" type="SETUP">
<kw name="Set Test Context" owner="GlobalPathsLibrary">
<arg>pub_crash</arg>
<arg>pub_crash</arg>
<doc>Sets the test folder (e.g. basic_pub_sub or message_validation) and tag prefix (e.g. basic_pub_sub).
Should be called once in Suite Setup if you're using non-default test cases.</doc>
<status status="PASS" start="2025-06-11T15:06:53.720527" elapsed="0.000168"/>
</kw>
<kw name="Get Build Script Path" owner="GlobalPathsLibrary">
<msg time="2025-06-11T15:06:53.720937" level="INFO">${build} = /home/runner/work/ECAL_Test_Framework/ECAL_Test_Framework/integration_tests/pub_crash/scripts/build_images.sh</msg>
<var>${build}</var>
<status status="PASS" start="2025-06-11T15:06:53.720807" elapsed="0.000160"/>
</kw>
<kw name="Get Network Name" owner="GlobalPathsLibrary">
<msg time="2025-06-11T15:06:53.721132" level="INFO">${net} = ecal_test_net</msg>
<var>${net}</var>
<status status="PASS" start="2025-06-11T15:06:53.721043" elapsed="0.000110"/>
</kw>
<kw name="Get Build Script Args" owner="GlobalPathsLibrary">
<msg time="2025-06-11T15:06:53.721306" level="INFO">${args} = ['pub_crash']</msg>
<var>${args}</var>
<status status="PASS" start="2025-06-11T15:06:53.721219" elapsed="0.000106"/>
</kw>
<kw name="Set Suite Variable" owner="BuiltIn">
<msg time="2025-06-11T15:06:53.721608" level="INFO">${BUILD_SCRIPT} = /home/runner/work/ECAL_Test_Framework/ECAL_Test_Framework/integration_tests/pub_crash/scripts/build_images.sh</msg>
<arg>${BUILD_SCRIPT}</arg>
<arg>${build}</arg>
<doc>Makes a variable available everywhere within the scope of the current suite.</doc>
<status status="PASS" start="2025-06-11T15:06:53.721411" elapsed="0.000230"/>
</kw>
<kw name="Set Suite Variable" owner="BuiltIn">
<msg time="2025-06-11T15:06:53.721852" level="INFO">${NETWORK} = ecal_test_net</msg>
<arg>${NETWORK}</arg>
<arg>${net}</arg>
<doc>Makes a variable available everywhere within the scope of the current suite.</doc>
<status status="PASS" start="2025-06-11T15:06:53.721722" elapsed="0.000160"/>
</kw>
<kw name="Log To Console" owner="BuiltIn">
<arg>[SETUP] Building Docker image...</arg>
<doc>Logs the given message to the console.</doc>
<status status="PASS" start="2025-06-11T15:06:53.721950" elapsed="0.000101"/>
</kw>
<kw name="Run Process" owner="Process">
<msg time="2025-06-11T15:06:53.722350" level="INFO">Starting process:
/home/runner/work/ECAL_Test_Framework/ECAL_Test_Framework/integration_tests/pub_crash/scripts/build_images.sh pub_crash</msg>
<msg time="2025-06-11T15:06:53.722794" level="INFO">Waiting for process to complete.</msg>
<msg time="2025-06-11T15:07:03.395475" level="INFO">Process completed.</msg>
<msg time="2025-06-11T15:07:03.395638" level="INFO">${result} = &lt;result object with rc 0&gt;</msg>
<var>${result}</var>
<arg>${BUILD_SCRIPT}</arg>
<arg>@{args}</arg>
<doc>Runs a process and waits for it to complete.</doc>
<status status="PASS" start="2025-06-11T15:06:53.722161" elapsed="9.673506"/>
</kw>
<kw name="Should Be Equal As Integers" owner="BuiltIn">
<msg time="2025-06-11T15:07:03.396315" level="INFO">Argument types are:
&lt;class 'int'&gt;
&lt;class 'str'&gt;</msg>
<arg>${result.rc}</arg>
<arg>0</arg>
<arg>Docker build failed!</arg>
<doc>Fails if objects are unequal after converting them to integers.</doc>
<status status="PASS" start="2025-06-11T15:07:03.395825" elapsed="0.000545"/>
</kw>
<kw name="Create Docker Network" owner="MyDockerLibrary">
<arg>${NETWORK}</arg>
<status status="PASS" start="2025-06-11T15:07:03.396494" elapsed="0.007234"/>
</kw>
<kw name="Sleep" owner="BuiltIn">
<msg time="2025-06-11T15:07:06.404075" level="INFO">Slept 3 seconds.</msg>
<arg>3s</arg>
<doc>Pauses the test executed for the given time.</doc>
<status status="PASS" start="2025-06-11T15:07:03.403836" elapsed="3.000369"/>
</kw>
<status status="PASS" start="2025-06-11T15:06:53.720036" elapsed="12.684269"/>
</kw>
<test id="s1-t1" name="Communication Continues After Publisher Crash (UDP)" line="30">
<kw name="Run Network Communication Test">
<kw name="Set Variable" owner="BuiltIn">
<msg time="2025-06-11T15:07:06.405645" level="INFO">${IMAGE} = pub_crash_network_udp</msg>
<var>${IMAGE}</var>
<arg>${BASE_IMAGE}_${layer_tag}</arg>
<doc>Returns the given values which can then be assigned to a variables.</doc>
<status status="PASS" start="2025-06-11T15:07:06.405482" elapsed="0.000185"/>
</kw>
<kw name="Set Variable" owner="BuiltIn">
<msg time="2025-06-11T15:07:06.405831" level="INFO">${TOPIC} = test_topic</msg>
<var>${TOPIC}</var>
<arg>test_topic</arg>
<doc>Returns the given values which can then be assigned to a variables.</doc>
<status status="PASS" start="2025-06-11T15:07:06.405744" elapsed="0.000105"/>
</kw>
<kw name="Set Variable" owner="BuiltIn">
<msg time="2025-06-11T15:07:06.406029" level="INFO">${CRASH_PUB} = crash_pub_network_udp</msg>
<var>${CRASH_PUB}</var>
<arg>crash_pub_${layer_tag}</arg>
<doc>Returns the given values which can then be assigned to a variables.</doc>
<status status="PASS" start="2025-06-11T15:07:06.405919" elapsed="0.000127"/>
</kw>
<kw name="Set Variable" owner="BuiltIn">
<msg time="2025-06-11T15:07:06.406216" level="INFO">${TEST_PUB} = test_pub_network_udp</msg>
<var>${TEST_PUB}</var>
<arg>test_pub_${layer_tag}</arg>
<doc>Returns the given values which can then be assigned to a variables.</doc>
<status status="PASS" start="2025-06-11T15:07:06.406113" elapsed="0.000120"/>
</kw>
<kw name="Set Variable" owner="BuiltIn">
<msg time="2025-06-11T15:07:06.406427" level="INFO">${SUB_NAME} = sub_network_udp</msg>
<var>${SUB_NAME}</var>
<arg>sub_${layer_tag}</arg>
<doc>Returns the given values which can then be assigned to a variables.</doc>
<status status="PASS" start="2025-06-11T15:07:06.406298" elapsed="0.000149"/>
</kw>
<kw name="Log To Console" owner="BuiltIn">
<arg>\n[INFO] Starting communication continuity test with ${layer_tag}</arg>
<doc>Logs the given message to the console.</doc>
<status status="PASS" start="2025-06-11T15:07:06.406514" elapsed="0.000138"/>
</kw>
<kw name="Start Container" owner="MyDockerLibrary">
<arg>${SUB_NAME}</arg>
<arg>${IMAGE}</arg>
<arg>subscriber</arg>
<arg>${layer_tag}</arg>
<arg>${TOPIC}</arg>
<arg>network=${NETWORK}</arg>
<status status="PASS" start="2025-06-11T15:07:06.406752" elapsed="0.140127"/>
</kw>
<kw name="Start Container" owner="MyDockerLibrary">
<arg>${CRASH_PUB}</arg>
<arg>${IMAGE}</arg>
<arg>crash_publisher</arg>
<arg>${layer_tag}</arg>
<arg>${TOPIC}</arg>
<arg>network=${NETWORK}</arg>
<status status="PASS" start="2025-06-11T15:07:06.547063" elapsed="0.125002"/>
</kw>
<kw name="Start Container" owner="MyDockerLibrary">
<arg>${TEST_PUB}</arg>
<arg>${IMAGE}</arg>
<arg>test_publisher</arg>
<arg>${layer_tag}</arg>
<arg>${TOPIC}</arg>
<arg>${TEST_PUB}</arg>
<arg>network=${NETWORK}</arg>
<status status="PASS" start="2025-06-11T15:07:06.672221" elapsed="0.123953"/>
</kw>
<kw name="Wait For Container Exit" owner="MyDockerLibrary">
<arg>${SUB_NAME}</arg>
<status status="PASS" start="2025-06-11T15:07:06.796375" elapsed="34.813268"/>
</kw>
<kw name="Wait For Container Exit" owner="MyDockerLibrary">
<arg>${CRASH_PUB}</arg>
<status status="PASS" start="2025-06-11T15:07:41.609831" elapsed="0.001664"/>
</kw>
<kw name="Wait For Container Exit" owner="MyDockerLibrary">
<arg>${TEST_PUB}</arg>
<status status="PASS" start="2025-06-11T15:07:41.611597" elapsed="0.001015"/>
</kw>
<kw name="Get Container Logs" owner="MyDockerLibrary">
<msg time="2025-06-11T15:07:41.615088" level="INFO">${sub_logs} = [Entrypoint] Starting crash subscriber in mode network_udp

[Subscriber] Registering callback and waiting for messages...

[Subscriber] Received value: 42
[Subscriber] Received value: 43
[Subscriber] ...</msg>
<var>${sub_logs}</var>
<arg>${SUB_NAME}</arg>
<status status="PASS" start="2025-06-11T15:07:41.612701" elapsed="0.002416"/>
</kw>
<kw name="Log To Console" owner="BuiltIn">
<arg>\n[SUBSCRIBER CONTAINER OUTPUT]\n${sub_logs}</arg>
<doc>Logs the given message to the console.</doc>
<status status="PASS" start="2025-06-11T15:07:41.615206" elapsed="0.000175"/>
</kw>
<kw name="Get Container Logs" owner="MyDockerLibrary">
<msg time="2025-06-11T15:07:41.617986" level="INFO">${crash_logs} = [Entrypoint] Starting crash publisher in mode network_udp
[Publisher] Waiting for at least 1 subscriber(s) on topic: test_topic
[Publisher] Found 1 subscriber(s). Proceeding to send messages.
[Crash P...</msg>
<var>${crash_logs}</var>
<arg>${CRASH_PUB}</arg>
<status status="PASS" start="2025-06-11T15:07:41.615560" elapsed="0.002454"/>
</kw>
<kw name="Log To Console" owner="BuiltIn">
<arg>\n[CRASH PUBLISHER OUTPUT]\n${crash_logs}</arg>
<doc>Logs the given message to the console.</doc>
<status status="PASS" start="2025-06-11T15:07:41.618103" elapsed="0.000158"/>
</kw>
<kw name="Wait For Container Exit" owner="MyDockerLibrary">
<msg time="2025-06-11T15:07:41.619548" level="INFO">${exit_code} = 0</msg>
<var>${exit_code}</var>
<arg>${SUB_NAME}</arg>
<status status="PASS" start="2025-06-11T15:07:41.618376" elapsed="0.001200"/>
</kw>
<kw name="Should Be Equal As Integers" owner="BuiltIn">
<msg time="2025-06-11T15:07:41.619804" level="INFO">Argument types are:
&lt;class 'int'&gt;
&lt;class 'str'&gt;</msg>
<arg>${exit_code}</arg>
<arg>0</arg>
<arg>Communication failed!</arg>
<doc>Fails if objects are unequal after converting them to integers.</doc>
<status status="PASS" start="2025-06-11T15:07:41.619662" elapsed="0.000190"/>
</kw>
<kw name="Log Test Summary" owner="MyDockerLibrary">
<arg>Network Communication after one Publisher crash ${layer_tag}</arg>
<arg>${True}</arg>
<status status="PASS" start="2025-06-11T15:07:41.619928" elapsed="0.000148"/>
</kw>
<kw name="Stop Container" owner="MyDockerLibrary">
<arg>${SUB_NAME}</arg>
<status status="PASS" start="2025-06-11T15:07:41.620183" elapsed="0.005077"/>
</kw>
<kw name="Stop Container" owner="MyDockerLibrary">
<arg>${CRASH_PUB}</arg>
<status status="PASS" start="2025-06-11T15:07:41.625344" elapsed="0.004726"/>
</kw>
<kw name="Stop Container" owner="MyDockerLibrary">
<arg>${TEST_PUB}</arg>
<status status="PASS" start="2025-06-11T15:07:41.630152" elapsed="0.004846"/>
</kw>
<kw name="Sleep" owner="BuiltIn">
<msg time="2025-06-11T15:07:42.635331" level="INFO">Slept 1 second.</msg>
<arg>1s</arg>
<doc>Pauses the test executed for the given time.</doc>
<status status="PASS" start="2025-06-11T15:07:41.635085" elapsed="1.000369"/>
</kw>
<arg>network_udp</arg>
<arg>network</arg>
<status status="PASS" start="2025-06-11T15:07:06.405204" elapsed="36.230338"/>
</kw>
<tag>pub_crash_network_udp</tag>
<status status="PASS" start="2025-06-11T15:07:06.404394" elapsed="36.231278"/>
</test>
<test id="s1-t2" name="Communication Continues After Publisher Crash (TCP)" line="34">
<kw name="Run Network Communication Test">
<kw name="Set Variable" owner="BuiltIn">
<msg time="2025-06-11T15:07:42.637489" level="INFO">${IMAGE} = pub_crash_network_tcp</msg>
<var>${IMAGE}</var>
<arg>${BASE_IMAGE}_${layer_tag}</arg>
<doc>Returns the given values which can then be assigned to a variables.</doc>
<status status="PASS" start="2025-06-11T15:07:42.637319" elapsed="0.000191"/>
</kw>
<kw name="Set Variable" owner="BuiltIn">
<msg time="2025-06-11T15:07:42.637669" level="INFO">${TOPIC} = test_topic</msg>
<var>${TOPIC}</var>
<arg>test_topic</arg>
<doc>Returns the given values which can then be assigned to a variables.</doc>
<status status="PASS" start="2025-06-11T15:07:42.637583" elapsed="0.000104"/>
</kw>
<kw name="Set Variable" owner="BuiltIn">
<msg time="2025-06-11T15:07:42.637857" level="INFO">${CRASH_PUB} = crash_pub_network_tcp</msg>
<var>${CRASH_PUB}</var>
<arg>crash_pub_${layer_tag}</arg>
<doc>Returns the given values which can then be assigned to a variables.</doc>
<status status="PASS" start="2025-06-11T15:07:42.637753" elapsed="0.000122"/>
</kw>
<kw name="Set Variable" owner="BuiltIn">
<msg time="2025-06-11T15:07:42.638039" level="INFO">${TEST_PUB} = test_pub_network_tcp</msg>
<var>${TEST_PUB}</var>
<arg>test_pub_${layer_tag}</arg>
<doc>Returns the given values which can then be assigned to a variables.</doc>
<status status="PASS" start="2025-06-11T15:07:42.637938" elapsed="0.000119"/>
</kw>
<kw name="Set Variable" owner="BuiltIn">
<msg time="2025-06-11T15:07:42.638217" level="INFO">${SUB_NAME} = sub_network_tcp</msg>
<var>${SUB_NAME}</var>
<arg>sub_${layer_tag}</arg>
<doc>Returns the given values which can then be assigned to a variables.</doc>
<status status="PASS" start="2025-06-11T15:07:42.638120" elapsed="0.000114"/>
</kw>
<kw name="Log To Console" owner="BuiltIn">
<arg>\n[INFO] Starting communication continuity test with ${layer_tag}</arg>
<doc>Logs the given message to the console.</doc>
<status status="PASS" start="2025-06-11T15:07:42.638296" elapsed="0.000137"/>
</kw>
<kw name="Start Container" owner="MyDockerLibrary">
<arg>${SUB_NAME}</arg>
<arg>${IMAGE}</arg>
<arg>subscriber</arg>
<arg>${layer_tag}</arg>
<arg>${TOPIC}</arg>
<arg>network=${NETWORK}</arg>
<status status="PASS" start="2025-06-11T15:07:42.638535" elapsed="0.133498"/>
</kw>
<kw name="Start Container" owner="MyDockerLibrary">
<arg>${CRASH_PUB}</arg>
<arg>${IMAGE}</arg>
<arg>crash_publisher</arg>
<arg>${layer_tag}</arg>
<arg>${TOPIC}</arg>
<arg>network=${NETWORK}</arg>
<status status="PASS" start="2025-06-11T15:07:42.772233" elapsed="0.117868"/>
</kw>
<kw name="Start Container" owner="MyDockerLibrary">
<arg>${TEST_PUB}</arg>
<arg>${IMAGE}</arg>
<arg>test_publisher</arg>
<arg>${layer_tag}</arg>
<arg>${TOPIC}</arg>
<arg>${TEST_PUB}</arg>
<arg>network=${NETWORK}</arg>
<status status="PASS" start="2025-06-11T15:07:42.890324" elapsed="0.119743"/>
</kw>
<kw name="Wait For Container Exit" owner="MyDockerLibrary">
<arg>${SUB_NAME}</arg>
<status status="PASS" start="2025-06-11T15:07:43.010270" elapsed="34.826394"/>
</kw>
<kw name="Wait For Container Exit" owner="MyDockerLibrary">
<arg>${CRASH_PUB}</arg>
<status status="PASS" start="2025-06-11T15:08:17.836840" elapsed="0.001348"/>
</kw>
<kw name="Wait For Container Exit" owner="MyDockerLibrary">
<arg>${TEST_PUB}</arg>
<status status="PASS" start="2025-06-11T15:08:17.838272" elapsed="0.000973"/>
</kw>
<kw name="Get Container Logs" owner="MyDockerLibrary">
<msg time="2025-06-11T15:08:17.841840" level="INFO">${sub_logs} = [Entrypoint] Starting crash subscriber in mode network_tcp

[Subscriber] Registering callback and waiting for messages...

[Subscriber] Received value: 42
[Subscriber] Received value: 43
[Subscriber] ...</msg>
<var>${sub_logs}</var>
<arg>${SUB_NAME}</arg>
<status status="PASS" start="2025-06-11T15:08:17.839331" elapsed="0.002536"/>
</kw>
<kw name="Log To Console" owner="BuiltIn">
<arg>\n[SUBSCRIBER CONTAINER OUTPUT]\n${sub_logs}</arg>
<doc>Logs the given message to the console.</doc>
<status status="PASS" start="2025-06-11T15:08:17.841954" elapsed="0.000180"/>
</kw>
<kw name="Get Container Logs" owner="MyDockerLibrary">
<msg time="2025-06-11T15:08:17.844657" level="INFO">${crash_logs} = [Entrypoint] Starting crash publisher in mode network_tcp
[Publisher] Waiting for at least 1 subscriber(s) on topic: test_topic
1749654463774 ms | 148a92c41a5b | ./crash_publisher | 7 | info | CTCPRea...</msg>
<var>${crash_logs}</var>
<arg>${CRASH_PUB}</arg>
<status status="PASS" start="2025-06-11T15:08:17.842240" elapsed="0.002444"/>
</kw>
<kw name="Log To Console" owner="BuiltIn">
<arg>\n[CRASH PUBLISHER OUTPUT]\n${crash_logs}</arg>
<doc>Logs the given message to the console.</doc>
<status status="PASS" start="2025-06-11T15:08:17.844769" elapsed="0.000160"/>
</kw>
<kw name="Wait For Container Exit" owner="MyDockerLibrary">
<msg time="2025-06-11T15:08:17.846077" level="INFO">${exit_code} = 0</msg>
<var>${exit_code}</var>
<arg>${SUB_NAME}</arg>
<status status="PASS" start="2025-06-11T15:08:17.845044" elapsed="0.001057"/>
</kw>
<kw name="Should Be Equal As Integers" owner="BuiltIn">
<msg time="2025-06-11T15:08:17.846323" level="INFO">Argument types are:
&lt;class 'int'&gt;
&lt;class 'str'&gt;</msg>
<arg>${exit_code}</arg>
<arg>0</arg>
<arg>Communication failed!</arg>
<doc>Fails if objects are unequal after converting them to integers.</doc>
<status status="PASS" start="2025-06-11T15:08:17.846184" elapsed="0.000185"/>
</kw>
<kw name="Log Test Summary" owner="MyDockerLibrary">
<arg>Network Communication after one Publisher crash ${layer_tag}</arg>
<arg>${True}</arg>
<status status="PASS" start="2025-06-11T15:08:17.846552" elapsed="0.000164"/>
</kw>
<kw name="Stop Container" owner="MyDockerLibrary">
<arg>${SUB_NAME}</arg>
<status status="PASS" start="2025-06-11T15:08:17.846830" elapsed="0.004690"/>
</kw>
<kw name="Stop Container" owner="MyDockerLibrary">
<arg>${CRASH_PUB}</arg>
<status status="PASS" start="2025-06-11T15:08:17.851606" elapsed="0.004896"/>
</kw>
<kw name="Stop Container" owner="MyDockerLibrary">
<arg>${TEST_PUB}</arg>
<status status="PASS" start="2025-06-11T15:08:17.856587" elapsed="0.004761"/>
</kw>
<kw name="Sleep" owner="BuiltIn">
<msg time="2025-06-11T15:08:18.861708" level="INFO">Slept 1 second.</msg>
<arg>1s</arg>
<doc>Pauses the test executed for the given time.</doc>
<status status="PASS" start="2025-06-11T15:08:17.861455" elapsed="1.000368"/>
</kw>
<arg>network_tcp</arg>
<arg>network</arg>
<status status="PASS" start="2025-06-11T15:07:42.637086" elapsed="36.224820"/>
</kw>
<tag>pub_crash_network_tcp</tag>
<status status="PASS" start="2025-06-11T15:07:42.636649" elapsed="36.225382"/>
</test>
<test id="s1-t3" name="Communication Continues After Publisher Crash (SHM)" line="38">
<kw name="Run Local Communication Test">
<kw name="Set Variable" owner="BuiltIn">
<msg time="2025-06-11T15:08:18.863716" level="INFO">${IMAGE} = pub_crash_local_shm</msg>
<var>${IMAGE}</var>
<arg>${BASE_IMAGE}_${layer_tag}</arg>
<doc>Returns the given values which can then be assigned to a variables.</doc>
<status status="PASS" start="2025-06-11T15:08:18.863565" elapsed="0.000172"/>
</kw>
<kw name="Set Variable" owner="BuiltIn">
<msg time="2025-06-11T15:08:18.863918" level="INFO">${CONTAINER} = local_all_local_shm</msg>
<var>${CONTAINER}</var>
<arg>local_all_${layer_tag}</arg>
<doc>Returns the given values which can then be assigned to a variables.</doc>
<status status="PASS" start="2025-06-11T15:08:18.863811" elapsed="0.000125"/>
</kw>
<kw name="Log To Console" owner="BuiltIn">
<arg>\nStarting local test container with ${layer_tag}</arg>
<doc>Logs the given message to the console.</doc>
<status status="PASS" start="2025-06-11T15:08:18.864002" elapsed="0.000122"/>
</kw>
<kw name="Start Container" owner="MyDockerLibrary">
<arg>${CONTAINER}</arg>
<arg>${IMAGE}</arg>
<arg>local_all</arg>
<arg>${layer_tag}</arg>
<status status="PASS" start="2025-06-11T15:08:18.864224" elapsed="0.115377"/>
</kw>
<kw name="Wait For Container Exit" owner="MyDockerLibrary">
<msg time="2025-06-11T15:08:54.043574" level="INFO">${exit_code} = 0</msg>
<var>${exit_code}</var>
<arg>${CONTAINER}</arg>
<status status="PASS" start="2025-06-11T15:08:18.979821" elapsed="35.063809"/>
</kw>
<kw name="Should Be Equal As Integers" owner="BuiltIn">
<msg time="2025-06-11T15:08:54.044098" level="INFO">Argument types are:
&lt;class 'int'&gt;
&lt;class 'str'&gt;</msg>
<arg>${exit_code}</arg>
<arg>0</arg>
<arg>Local test failed!</arg>
<doc>Fails if objects are unequal after converting them to integers.</doc>
<status status="PASS" start="2025-06-11T15:08:54.043840" elapsed="0.000327"/>
</kw>
<kw name="Get Container Logs" owner="MyDockerLibrary">
<msg time="2025-06-11T15:08:54.047796" level="INFO">${logs} = [Entrypoint] Starting local test (pub/sub/monitor) in mode local_shm
Shared memory monitoring is enabled (domain: ecal_mon - queue size: 1024)

[Subscriber] Registering callback and waiting for messag...</msg>
<var>${logs}</var>
<arg>${CONTAINER}</arg>
<status status="PASS" start="2025-06-11T15:08:54.044293" elapsed="0.003529"/>
</kw>
<kw name="Log To Console" owner="BuiltIn">
<arg>\n\n[CONTAINER LOG: LOCAL PUB+SUB]\n\n${logs}</arg>
<doc>Logs the given message to the console.</doc>
<status status="PASS" start="2025-06-11T15:08:54.047908" elapsed="0.000182"/>
</kw>
<kw name="Log Test Summary" owner="MyDockerLibrary">
<arg>Local Communication after one Publisher crash ${layer_tag}</arg>
<arg>${True}</arg>
<status status="PASS" start="2025-06-11T15:08:54.048194" elapsed="0.000196"/>
</kw>
<kw name="Stop Container" owner="MyDockerLibrary">
<arg>${CONTAINER}</arg>
<status status="PASS" start="2025-06-11T15:08:54.048514" elapsed="0.004891"/>
</kw>
<kw name="Sleep" owner="BuiltIn">
<msg time="2025-06-11T15:08:55.053788" level="INFO">Slept 1 second.</msg>
<arg>1s</arg>
<doc>Pauses the test executed for the given time.</doc>
<status status="PASS" start="2025-06-11T15:08:54.053534" elapsed="1.000375"/>
</kw>
<arg>local_shm</arg>
<status status="PASS" start="2025-06-11T15:08:18.863310" elapsed="36.190689"/>
</kw>
<tag>pub_crash_local_shm</tag>
<status status="PASS" start="2025-06-11T15:08:18.862941" elapsed="36.191166"/>
</test>
<status status="PASS" start="2025-06-11T15:06:53.628580" elapsed="121.426283"/>
</suite>
<statistics>
<total>
<stat pass="3" fail="0" skip="0">All Tests</stat>
</total>
<tag>
<stat pass="1" fail="0" skip="0">pub_crash_local_shm</stat>
<stat pass="1" fail="0" skip="0">pub_crash_network_tcp</stat>
<stat pass="1" fail="0" skip="0">pub_crash_network_udp</stat>
</tag>
<suite>
<stat name="Pub Crash" id="s1" pass="3" fail="0" skip="0">Pub Crash</stat>
</suite>
</statistics>
<errors>
</errors>
</robot>
